syg_rsp.exe: 00000BB4: 05:53:43 [TUniServerModule]:Shutting Down Server.
syg_rsp.exe: 00000BB4: 05:53:43 [TUniServerModule]:Stopping HTTP Server.
syg_rsp.exe: 00000BB4: 05:53:44 [TUniServerModule]:HTTP Server Stopped.
syg_rsp.exe: 00000BB4: 05:53:44 [TUniGUISessionManager]:Terminating Session manager.
syg_rsp.exe: 00000BB4: 05:53:44 [TUniGUISessionManager]:Stopping Cache Eraser...
syg_rsp.exe: 00000BB4: 05:53:44 [TUniGUISessionManager]:Cache Eraser Stopped.
syg_rsp.exe: 00000BB4: 05:53:44 [TUniGUISessionManager]:Destroying Worker Threads.
syg_rsp.exe: 00000BB4: 05:53:44 [TUniGUISessionManager]:Session manager terminated.
syg_rsp.exe: 00000BB4: 05:53:44 [TUniServerModule]:Server Shutdown Completed.
syg_rsp.exe: 00000BB4: 05:53:44 []:<-------------------------------------------------------------->
syg_rsp.exe: 00000BB4: 05:53:44 [Terminated]:Exit Code: 0
syg_rsp.exe: 00004C40: 05:53:53 []:>--------------------------------------------------------------<
syg_rsp.exe: 00004C40: 05:53:53 [TUniServerModule]:Server First Init.
syg_rsp.exe: 00004C40: 05:53:53 [TUniServerModule]:Starting HTTP Server on Port: 8077...
syg_rsp.exe: 00004C40: 05:53:53 [TUniServerModule]:HTTP Server Started on Port: 8077
syg_rsp.exe: 00005650: 05:53:55 [127.0.0.1]:EUniSessionException : Invalid session or session Timeout. (Session not found: bWpI79NhkI10B835751 ) : Addr: $0082D9FE
syg_rsp.exe: 00004BCC: 05:53:55 [127.0.0.1]:EUniSessionException : Invalid session or session Timeout. (Session not found: bWpI79NhkI10B835751 ) : Addr: $0082D9FE
syg_rsp.exe: 00004C40: 05:58:48 [TUniServerModule]:Shutting Down Server.
syg_rsp.exe: 00004C40: 05:58:48 [TUniServerModule]:Stopping HTTP Server.
syg_rsp.exe: 00004C40: 05:58:48 [TUniServerModule]:HTTP Server Stopped.
syg_rsp.exe: 00004C40: 05:58:48 [TUniGUISessionManager]:Terminating Session manager.
syg_rsp.exe: 00004C40: 05:58:48 [TUniGUISessionManager]:Stopping Cache Eraser...
syg_rsp.exe: 00004C40: 05:58:48 [TUniGUISessionManager]:Cache Eraser Stopped.
syg_rsp.exe: 00004C40: 05:58:48 [TUniGUISessionManager]:Destroying Worker Threads.
syg_rsp.exe: 00004C40: 05:58:48 [TUniGUISessionManager]:Session manager terminated.
syg_rsp.exe: 00004C40: 05:58:48 [TUniServerModule]:Server Shutdown Completed.
syg_rsp.exe: 00004C40: 05:58:48 []:<-------------------------------------------------------------->
syg_rsp.exe: 00004C40: 05:58:48 [Terminated]:Exit Code: 0
syg_rsp.exe: 00001F00: 05:59:32 []:>--------------------------------------------------------------<
syg_rsp.exe: 00001F00: 05:59:32 [TUniServerModule]:Server First Init.
syg_rsp.exe: 00001F00: 05:59:32 [TUniServerModule]:Starting HTTP Server on Port: 8077...
syg_rsp.exe: 00001F00: 05:59:32 [TUniServerModule]:HTTP Server Started on Port: 8077
syg_rsp.exe: 000038CC: 05:59:34 [127.0.0.1]:EUniSessionException : Invalid session or session Timeout. (Session not found: AIkO4clFUX10B8358A2 ) : Addr: $0082D9FE
syg_rsp.exe: 00002230: 05:59:34 [127.0.0.1]:EUniSessionException : Invalid session or session Timeout. (Session not found: AIkO4clFUX10B8358A2 ) : Addr: $0082D9FE
syg_rsp.exe: 00001F00: 06:03:41 [TUniServerModule]:Shutting Down Server.
syg_rsp.exe: 00001F00: 06:03:41 [TUniServerModule]:Stopping HTTP Server.
syg_rsp.exe: 00001F00: 06:03:41 [TUniServerModule]:HTTP Server Stopped.
syg_rsp.exe: 00001F00: 06:03:41 [TUniGUISessionManager]:Terminating Session manager.
syg_rsp.exe: 00001F00: 06:03:41 [TUniGUISessionManager]:Stopping Cache Eraser...
syg_rsp.exe: 00001F00: 06:03:41 [TUniGUISessionManager]:Cache Eraser Stopped.
syg_rsp.exe: 00001F00: 06:03:41 [TUniGUISessionManager]:Destroying Worker Threads.
syg_rsp.exe: 00001F00: 06:03:41 [TUniGUISessionManager]:Session manager terminated.
syg_rsp.exe: 00001F00: 06:03:42 [TUniServerModule]:Server Shutdown Completed.
syg_rsp.exe: 00001F00: 06:03:42 []:<-------------------------------------------------------------->
syg_rsp.exe: 00001F00: 06:03:42 [Terminated]:Exit Code: 0
syg_rsp.exe: 00004998: 06:03:51 []:>--------------------------------------------------------------<
syg_rsp.exe: 00004998: 06:03:51 [TUniServerModule]:Server First Init.
syg_rsp.exe: 00004998: 06:03:51 [TUniServerModule]:Starting HTTP Server on Port: 8077...
syg_rsp.exe: 00004998: 06:03:51 [TUniServerModule]:HTTP Server Started on Port: 8077
syg_rsp.exe: 0000513C: 06:03:52 [127.0.0.1]:EUniSessionException : Invalid session or session Timeout. (Session not found: T8kDjwlmFp10B835A2B ) : Addr: $0082D9FE
syg_rsp.exe: 00003AB8: 06:03:52 [127.0.0.1]:EUniSessionException : Invalid session or session Timeout. (Session not found: T8kDjwlmFp10B835A2B ) : Addr: $0082D9FE
syg_rsp.exe: 00004998: 06:09:21 [TUniServerModule]:Shutting Down Server.
syg_rsp.exe: 00004998: 06:09:21 [TUniServerModule]:Stopping HTTP Server.
syg_rsp.exe: 00004998: 06:09:21 [TUniServerModule]:HTTP Server Stopped.
syg_rsp.exe: 00004998: 06:09:21 [TUniGUISessionManager]:Terminating Session manager.
syg_rsp.exe: 00004998: 06:09:21 [TUniGUISessionManager]:Stopping Cache Eraser...
syg_rsp.exe: 00004998: 06:09:21 [TUniGUISessionManager]:Cache Eraser Stopped.
syg_rsp.exe: 00004998: 06:09:21 [TUniGUISessionManager]:Destroying Worker Threads.
syg_rsp.exe: 00004998: 06:09:21 [TUniGUISessionManager]:Session manager terminated.
syg_rsp.exe: 00004998: 06:09:21 [TUniServerModule]:Server Shutdown Completed.
syg_rsp.exe: 00004998: 06:09:21 []:<-------------------------------------------------------------->
syg_rsp.exe: 00004998: 06:09:21 [Terminated]:Exit Code: 0
syg_rsp.exe: 00000884: 06:09:27 []:>--------------------------------------------------------------<
syg_rsp.exe: 00000884: 06:09:27 [TUniServerModule]:Server First Init.
syg_rsp.exe: 00000884: 06:09:28 [TUniServerModule]:Starting HTTP Server on Port: 8077...
syg_rsp.exe: 00000884: 06:09:28 [TUniServerModule]:HTTP Server Started on Port: 8077
syg_rsp.exe: 00004960: 06:09:29 [127.0.0.1]:EUniSessionException : Invalid session or session Timeout. (Session not found: wCtDTbKIUr10B835B55 ) : Addr: $0082D9FE
syg_rsp.exe: 000054B8: 06:09:29 [127.0.0.1]:EUniSessionException : Invalid session or session Timeout. (Session not found: wCtDTbKIUr10B835B55 ) : Addr: $0082D9FE
syg_rsp.exe: 00000884: 06:10:44 [TUniServerModule]:Shutting Down Server.
syg_rsp.exe: 00000884: 06:10:44 [TUniServerModule]:Stopping HTTP Server.
syg_rsp.exe: 00000884: 06:10:45 [TUniServerModule]:HTTP Server Stopped.
syg_rsp.exe: 00000884: 06:10:45 [TUniGUISessionManager]:Terminating Session manager.
syg_rsp.exe: 00000884: 06:10:45 [TUniGUISessionManager]:Stopping Cache Eraser...
syg_rsp.exe: 00000884: 06:10:45 [TUniGUISessionManager]:Cache Eraser Stopped.
syg_rsp.exe: 00000884: 06:10:45 [TUniGUISessionManager]:Destroying Worker Threads.
syg_rsp.exe: 00000884: 06:10:45 [TUniGUISessionManager]:Session manager terminated.
syg_rsp.exe: 00000884: 06:10:45 [TUniServerModule]:Server Shutdown Completed.
syg_rsp.exe: 00000884: 06:10:45 []:<-------------------------------------------------------------->
syg_rsp.exe: 00000884: 06:10:45 [Terminated]:Exit Code: 0
syg_rsp.exe: 00004774: 06:10:49 []:>--------------------------------------------------------------<
syg_rsp.exe: 00004774: 06:10:49 [TUniServerModule]:Server First Init.
syg_rsp.exe: 00004774: 06:10:49 [TUniServerModule]:Starting HTTP Server on Port: 8077...
syg_rsp.exe: 00004774: 06:10:49 [TUniServerModule]:HTTP Server Started on Port: 8077
syg_rsp.exe: 000053F4: 06:10:51 [127.0.0.1]:EUniSessionException : Invalid session or session Timeout. (Session not found: CBpZo9qGZv10B835CDB ) : Addr: $0082D9FE
syg_rsp.exe: 0000544C: 06:10:51 [127.0.0.1]:EUniSessionException : Invalid session or session Timeout. (Session not found: CBpZo9qGZv10B835CDB ) : Addr: $0082D9FE
syg_rsp.exe: 00004774: 06:15:17 [TUniServerModule]:Shutting Down Server.
syg_rsp.exe: 00004774: 06:15:17 [TUniServerModule]:Stopping HTTP Server.
syg_rsp.exe: 00004774: 06:15:17 [TUniServerModule]:HTTP Server Stopped.
syg_rsp.exe: 00004774: 06:15:17 [TUniGUISessionManager]:Terminating Session manager.
syg_rsp.exe: 00004774: 06:15:17 [TUniGUISessionManager]:Stopping Cache Eraser...
syg_rsp.exe: 00004774: 06:15:17 [TUniGUISessionManager]:Cache Eraser Stopped.
syg_rsp.exe: 00004774: 06:15:17 [TUniGUISessionManager]:Destroying Worker Threads.
syg_rsp.exe: 00004774: 06:15:17 [TUniGUISessionManager]:Session manager terminated.
syg_rsp.exe: 00004774: 06:15:18 [TUniServerModule]:Server Shutdown Completed.
syg_rsp.exe: 00004774: 06:15:18 []:<-------------------------------------------------------------->
syg_rsp.exe: 00004774: 06:15:18 [Terminated]:Exit Code: 0
syg_rsp.exe: 00004A20: 06:15:24 []:>--------------------------------------------------------------<
syg_rsp.exe: 00004A20: 06:15:24 [TUniServerModule]:Server First Init.
syg_rsp.exe: 00004A20: 06:15:24 [TUniServerModule]:Starting HTTP Server on Port: 8077...
syg_rsp.exe: 00004A20: 06:15:24 [TUniServerModule]:HTTP Server Started on Port: 8077
syg_rsp.exe: 000046D4: 06:15:26 [127.0.0.1]:EUniSessionException : Invalid session or session Timeout. (Session not found: INw7wbpLTx10B835D39 ) : Addr: $0082D9FE
syg_rsp.exe: 000046D4: 06:15:26 [127.0.0.1]:EUniSessionException : Invalid session or session Timeout. (Session not found: INw7wbpLTx10B835D39 ) : Addr: $0082D9FE
syg_rsp.exe: 0000402C: 08:26:38 [127.0.0.1]:EUniSessionException : Invalid session or session Timeout. (Session not found: dnWefMj9Be10B835E78 ) : Addr: $0082D9FE
syg_rsp.exe: 00005010: 09:02:52 [127.0.0.1]:EUniSessionException : Invalid session or session Timeout. (Session not found: 2WTjhHE62O10B838215 ) : Addr: $0082D9FE
syg_rsp.exe: 00004A20: 09:25:09 [TUniServerModule]:Shutting Down Server.
syg_rsp.exe: 00004A20: 09:25:09 [TUniServerModule]:Stopping HTTP Server.
syg_rsp.exe: 00004A20: 09:25:10 [TUniServerModule]:HTTP Server Stopped.
syg_rsp.exe: 00004A20: 09:25:10 [TUniGUISessionManager]:Terminating Session manager.
syg_rsp.exe: 00004A20: 09:25:10 [TUniGUISessionManager]:Stopping Cache Eraser...
syg_rsp.exe: 00004A20: 09:25:10 [TUniGUISessionManager]:Cache Eraser Stopped.
syg_rsp.exe: 00004A20: 09:25:10 [TUniGUISessionManager]:Destroying Worker Threads.
syg_rsp.exe: 00004A20: 09:25:10 [TUniGUISessionManager]:Session manager terminated.
syg_rsp.exe: 00004A20: 09:25:10 [TUniServerModule]:Server Shutdown Completed.
syg_rsp.exe: 00004A20: 09:25:10 []:<-------------------------------------------------------------->
syg_rsp.exe: 00004A20: 09:25:10 [Terminated]:Exit Code: 0
syg_rsp.exe: 0000535C: 09:25:14 []:>--------------------------------------------------------------<
syg_rsp.exe: 0000535C: 09:25:14 [TUniServerModule]:Server First Init.
syg_rsp.exe: 0000535C: 09:25:15 [TUniServerModule]:Starting HTTP Server on Port: 8077...
syg_rsp.exe: 0000535C: 09:25:15 [TUniServerModule]:HTTP Server Started on Port: 8077
syg_rsp.exe: 000009E0: 09:25:17 [127.0.0.1]:EUniSessionException : Invalid session or session Timeout. (Session not found: YhhoBMZlSk10B838BE6 ) : Addr: $0082D9FE
syg_rsp.exe: 00004680: 09:25:17 [127.0.0.1]:EUniSessionException : Invalid session or session Timeout. (Session not found: YhhoBMZlSk10B838BE6 ) : Addr: $0082D9FE
syg_rsp.exe: 0000535C: 09:30:11 [TUniServerModule]:Shutting Down Server.
syg_rsp.exe: 0000535C: 09:30:11 [TUniServerModule]:Stopping HTTP Server.
syg_rsp.exe: 0000535C: 09:30:11 [TUniServerModule]:HTTP Server Stopped.
syg_rsp.exe: 0000535C: 09:30:11 [TUniGUISessionManager]:Terminating Session manager.
syg_rsp.exe: 0000535C: 09:30:11 [TUniGUISessionManager]:Stopping Cache Eraser...
syg_rsp.exe: 0000535C: 09:30:11 [TUniGUISessionManager]:Cache Eraser Stopped.
syg_rsp.exe: 0000535C: 09:30:11 [TUniGUISessionManager]:Destroying Worker Threads.
syg_rsp.exe: 0000535C: 09:30:11 [TUniGUISessionManager]:Session manager terminated.
syg_rsp.exe: 0000535C: 09:30:11 [TUniServerModule]:Server Shutdown Completed.
syg_rsp.exe: 0000535C: 09:30:11 []:<-------------------------------------------------------------->
syg_rsp.exe: 0000535C: 09:30:11 [Terminated]:Exit Code: 0
syg_rsp.exe: 00004670: 09:30:16 []:>--------------------------------------------------------------<
syg_rsp.exe: 00004670: 09:30:16 [TUniServerModule]:Server First Init.
syg_rsp.exe: 00004670: 09:30:16 [TUniServerModule]:Starting HTTP Server on Port: 8077...
syg_rsp.exe: 00004670: 09:30:16 [TUniServerModule]:HTTP Server Started on Port: 8077
syg_rsp.exe: 00001D48: 09:30:20 [127.0.0.1]:EUniSessionException : Invalid session or session Timeout. (Session not found: AqJy93iYgM10B8391F8 ) : Addr: $0082D9FE
syg_rsp.exe: 00001D48: 09:30:20 [127.0.0.1]:EUniSessionException : Invalid session or session Timeout. (Session not found: AqJy93iYgM10B8391F8 ) : Addr: $0082D9FE
syg_rsp.exe: 00004670: 09:35:47 [TUniServerModule]:Shutting Down Server.
syg_rsp.exe: 00004670: 09:35:47 [TUniServerModule]:Stopping HTTP Server.
syg_rsp.exe: 00004670: 09:35:48 [TUniServerModule]:HTTP Server Stopped.
syg_rsp.exe: 00004670: 09:35:48 [TUniGUISessionManager]:Terminating Session manager.
syg_rsp.exe: 00004670: 09:35:48 [TUniGUISessionManager]:Stopping Cache Eraser...
syg_rsp.exe: 00004670: 09:35:48 [TUniGUISessionManager]:Cache Eraser Stopped.
syg_rsp.exe: 00004670: 09:35:48 [TUniGUISessionManager]:Destroying Worker Threads.
syg_rsp.exe: 00004670: 09:35:48 [TUniGUISessionManager]:Session manager terminated.
syg_rsp.exe: 00004670: 09:35:48 [TUniServerModule]:Server Shutdown Completed.
syg_rsp.exe: 00004670: 09:35:48 []:<-------------------------------------------------------------->
syg_rsp.exe: 00004670: 09:35:48 [Terminated]:Exit Code: 0
syg_rsp.exe: 00001830: 09:35:51 []:>--------------------------------------------------------------<
syg_rsp.exe: 00001830: 09:35:51 [TUniServerModule]:Server First Init.
syg_rsp.exe: 00001830: 09:35:51 [TUniServerModule]:Starting HTTP Server on Port: 8077...
syg_rsp.exe: 00001830: 09:35:51 [TUniServerModule]:HTTP Server Started on Port: 8077
syg_rsp.exe: 00003154: 09:35:52 [127.0.0.1]:EUniSessionException : Invalid session or session Timeout. (Session not found: XimFgaHg3c10B839357 ) : Addr: $0082D9FE
syg_rsp.exe: 0000495C: 09:35:52 [127.0.0.1]:EUniSessionException : Invalid session or session Timeout. (Session not found: XimFgaHg3c10B839357 ) : Addr: $0082D9FE
syg_rsp.exe: 0000116C: 18:11:36 [127.0.0.1]:EUniSessionException : Invalid session or session Timeout. (Session not found: 4j8nPb1UKK10B8394D7 ) : Addr: $0082D9FE
syg_rsp.exe: 0000116C: 18:11:38 [127.0.0.1]:EUniSessionException : Invalid session or session Timeout. (Session not found: 4j8nPb1UKK10B8394D7 ) : Addr: $0082D9FE
