syg_rsp.exe: 00003084: 07:49:08 [TUniServerModule]:Shutting Down Server.
syg_rsp.exe: 00003084: 07:49:08 [TUniServerModule]:Stopping HTTP Server.
syg_rsp.exe: 00003084: 07:49:09 [TUniServerModule]:HTTP Server Stopped.
syg_rsp.exe: 00003084: 07:49:09 [TUniGUISessionManager]:Terminating Session manager.
syg_rsp.exe: 00003084: 07:49:09 [TUniGUISessionManager]:Stopping Cache Eraser...
syg_rsp.exe: 00003084: 07:49:09 [TUniGUISessionManager]:Cache Eraser Stopped.
syg_rsp.exe: 00003084: 07:49:09 [TUniGUISessionManager]:Destroying Worker Threads.
syg_rsp.exe: 00003084: 07:49:09 [TUniGUISessionManager]:Session manager terminated.
syg_rsp.exe: 00003084: 07:49:09 [TUniServerModule]:Server Shutdown Completed.
syg_rsp.exe: 00003084: 07:49:09 []:<-------------------------------------------------------------->
syg_rsp.exe: 00003084: 07:49:09 [Terminated]:Exit Code: 0
syg_rsp.exe: 00002E74: 07:50:10 []:>--------------------------------------------------------------<
syg_rsp.exe: 00002E74: 07:50:10 [TUniServerModule]:Server First Init.
syg_rsp.exe: 00002E74: 07:50:10 [TUniServerModule]:Starting HTTP Server on Port: 8077...
syg_rsp.exe: 00002E74: 07:50:10 [TUniServerModule]:HTTP Server Started on Port: 8077
syg_rsp.exe: 00002E74: 08:03:59 [TUniServerModule]:Shutting Down Server.
syg_rsp.exe: 00002E74: 08:03:59 [TUniServerModule]:Stopping HTTP Server.
syg_rsp.exe: 00002E74: 08:04:00 [TUniServerModule]:HTTP Server Stopped.
syg_rsp.exe: 00002E74: 08:04:00 [TUniGUISessionManager]:Terminating Session manager.
syg_rsp.exe: 00002E74: 08:04:00 [TUniGUISessionManager]:Stopping Cache Eraser...
syg_rsp.exe: 00002E74: 08:04:00 [TUniGUISessionManager]:Cache Eraser Stopped.
syg_rsp.exe: 00002E74: 08:04:00 [TUniGUISessionManager]:Destroying Worker Threads.
syg_rsp.exe: 00002E74: 08:04:00 [TUniGUISessionManager]:Session manager terminated.
syg_rsp.exe: 00002E74: 08:04:00 [TUniServerModule]:Server Shutdown Completed.
syg_rsp.exe: 00002E74: 08:04:00 []:<-------------------------------------------------------------->
syg_rsp.exe: 00002E74: 08:04:00 [Terminated]:Exit Code: 0
syg_rsp.exe: 00004860: 08:04:19 []:>--------------------------------------------------------------<
syg_rsp.exe: 00004860: 08:04:19 [TUniServerModule]:Server First Init.
syg_rsp.exe: 00004860: 08:04:19 [TUniServerModule]:Starting HTTP Server on Port: 8077...
syg_rsp.exe: 00004860: 08:04:19 [TUniServerModule]:HTTP Server Started on Port: 8077
syg_rsp.exe: 00001BAC: 08:04:24 [127.0.0.1]:EUniSessionException : Invalid session or session Timeout. (Session not found: mhQTByGD6a10B8E268C ) : Addr: $0082D9FE
syg_rsp.exe: 00001BAC: 08:04:24 [127.0.0.1]:EUniSessionException : Invalid session or session Timeout. (Session not found: mhQTByGD6a10B8E268C ) : Addr: $0082D9FE
syg_rsp.exe: 00004860: 09:49:16 [TUniServerModule]:Shutting Down Server.
syg_rsp.exe: 00004860: 09:49:16 [TUniServerModule]:Stopping HTTP Server.
syg_rsp.exe: 00004860: 09:49:17 [TUniServerModule]:HTTP Server Stopped.
syg_rsp.exe: 00004860: 09:49:17 [TUniGUISessionManager]:Terminating Session manager.
syg_rsp.exe: 00004860: 09:49:17 [TUniGUISessionManager]:Stopping Cache Eraser...
syg_rsp.exe: 00004860: 09:49:17 [TUniGUISessionManager]:Cache Eraser Stopped.
syg_rsp.exe: 00004860: 09:49:17 [TUniGUISessionManager]:Destroying Worker Threads.
syg_rsp.exe: 00004860: 09:49:17 [TUniGUISessionManager]:Session manager terminated.
syg_rsp.exe: 00004860: 09:49:17 [TUniServerModule]:Server Shutdown Completed.
syg_rsp.exe: 00004860: 09:49:17 []:<-------------------------------------------------------------->
syg_rsp.exe: 00004860: 09:49:17 [Terminated]:Exit Code: 0
syg_rsp.exe: 00004B50: 09:49:22 []:>--------------------------------------------------------------<
syg_rsp.exe: 00004B50: 09:49:22 [TUniServerModule]:Server First Init.
syg_rsp.exe: 00004B50: 09:49:22 [TUniServerModule]:Starting HTTP Server on Port: 8077...
syg_rsp.exe: 00004B50: 09:49:22 [TUniServerModule]:HTTP Server Started on Port: 8077
syg_rsp.exe: 000056E4: 09:49:23 [127.0.0.1]:EUniSessionException : Invalid session or session Timeout. (Session not found: 6gbV6k8WtF10B8E2A67 ) : Addr: $0082D9FE
syg_rsp.exe: 00003F78: 09:49:23 [127.0.0.1]:EUniSessionException : Invalid session or session Timeout. (Session not found: 6gbV6k8WtF10B8E2A67 ) : Addr: $0082D9FE
syg_rsp.exe: 00004B50: 09:59:32 [TUniServerModule]:Shutting Down Server.
syg_rsp.exe: 00004B50: 09:59:32 [TUniServerModule]:Stopping HTTP Server.
syg_rsp.exe: 00004B50: 09:59:33 [TUniServerModule]:HTTP Server Stopped.
syg_rsp.exe: 00004B50: 09:59:33 [TUniGUISessionManager]:Terminating Session manager.
syg_rsp.exe: 00004B50: 09:59:33 [TUniGUISessionManager]:Stopping Cache Eraser...
syg_rsp.exe: 00004B50: 09:59:33 [TUniGUISessionManager]:Cache Eraser Stopped.
syg_rsp.exe: 00004B50: 09:59:33 [TUniGUISessionManager]:Destroying Worker Threads.
syg_rsp.exe: 00004B50: 09:59:33 [TUniGUISessionManager]:Session manager terminated.
syg_rsp.exe: 00004B50: 09:59:33 [TUniServerModule]:Server Shutdown Completed.
syg_rsp.exe: 00004B50: 09:59:33 []:<-------------------------------------------------------------->
syg_rsp.exe: 00004B50: 09:59:33 [Terminated]:Exit Code: 0
syg_rsp.exe: 00001DB8: 09:59:36 []:>--------------------------------------------------------------<
syg_rsp.exe: 00001DB8: 09:59:36 [TUniServerModule]:Server First Init.
syg_rsp.exe: 00001DB8: 09:59:36 [TUniServerModule]:Starting HTTP Server on Port: 8077...
syg_rsp.exe: 00001DB8: 09:59:36 [TUniServerModule]:HTTP Server Started on Port: 8077
syg_rsp.exe: 000052C0: 09:59:38 [127.0.0.1]:EUniSessionException : Invalid session or session Timeout. (Session not found: NhMWW6FmEC10B8E46E2 ) : Addr: $0082D9FE
syg_rsp.exe: 00005BE0: 09:59:38 [127.0.0.1]:EUniSessionException : Invalid session or session Timeout. (Session not found: NhMWW6FmEC10B8E46E2 ) : Addr: $0082D9FE
syg_rsp.exe: 00001DB8: 10:00:57 [TUniServerModule]:Shutting Down Server.
syg_rsp.exe: 00001DB8: 10:00:57 [TUniServerModule]:Stopping HTTP Server.
syg_rsp.exe: 00001DB8: 10:00:58 [TUniServerModule]:HTTP Server Stopped.
syg_rsp.exe: 00001DB8: 10:00:58 [TUniGUISessionManager]:Terminating Session manager.
syg_rsp.exe: 00001DB8: 10:00:58 [TUniGUISessionManager]:Stopping Cache Eraser...
syg_rsp.exe: 00001DB8: 10:00:58 [TUniGUISessionManager]:Cache Eraser Stopped.
syg_rsp.exe: 00001DB8: 10:00:58 [TUniGUISessionManager]:Destroying Worker Threads.
syg_rsp.exe: 00001DB8: 10:00:59 [TUniGUISessionManager]:Session manager terminated.
syg_rsp.exe: 00001DB8: 10:00:59 [TUniServerModule]:Server Shutdown Completed.
syg_rsp.exe: 00001DB8: 10:00:59 []:<-------------------------------------------------------------->
syg_rsp.exe: 00001DB8: 10:00:59 [Terminated]:Exit Code: 0
syg_rsp.exe: 0000471C: 10:01:03 []:>--------------------------------------------------------------<
syg_rsp.exe: 0000471C: 10:01:03 [TUniServerModule]:Server First Init.
syg_rsp.exe: 0000471C: 10:01:03 [TUniServerModule]:Starting HTTP Server on Port: 8077...
syg_rsp.exe: 0000471C: 10:01:03 [TUniServerModule]:HTTP Server Started on Port: 8077
syg_rsp.exe: 000028DC: 10:01:06 [127.0.0.1]:EUniSessionException : Invalid session or session Timeout. (Session not found: Von4ZJ66bG10B8E49AA ) : Addr: $0082D9FE
syg_rsp.exe: 00000D90: 10:01:06 [127.0.0.1]:EUniSessionException : Invalid session or session Timeout. (Session not found: Von4ZJ66bG10B8E49AA ) : Addr: $0082D9FE
syg_rsp.exe: 000051C0: 11:22:04 [127.0.0.1]:EUniSessionException : Invalid session or session Timeout. (Session not found: FFkr2gklmt10B8E4A10 ) : Addr: $0082D9FE
syg_rsp.exe: 0000471C: 11:26:13 [TUniServerModule]:Shutting Down Server.
syg_rsp.exe: 0000471C: 11:26:13 [TUniServerModule]:Stopping HTTP Server.
syg_rsp.exe: 0000471C: 11:26:13 [TUniServerModule]:HTTP Server Stopped.
syg_rsp.exe: 0000471C: 11:26:13 [TUniGUISessionManager]:Terminating Session manager.
syg_rsp.exe: 0000471C: 11:26:13 [TUniGUISessionManager]:Stopping Cache Eraser...
syg_rsp.exe: 0000471C: 11:26:13 [TUniGUISessionManager]:Cache Eraser Stopped.
syg_rsp.exe: 0000471C: 11:26:13 [TUniGUISessionManager]:Destroying Worker Threads.
syg_rsp.exe: 0000471C: 11:26:13 [TUniGUISessionManager]:Session manager terminated.
syg_rsp.exe: 0000471C: 11:26:13 [TUniServerModule]:Server Shutdown Completed.
syg_rsp.exe: 0000471C: 11:26:13 []:<-------------------------------------------------------------->
syg_rsp.exe: 0000471C: 11:26:13 [Terminated]:Exit Code: 0
syg_rsp.exe: 00005954: 11:26:22 []:>--------------------------------------------------------------<
syg_rsp.exe: 00005954: 11:26:22 [TUniServerModule]:Server First Init.
syg_rsp.exe: 00005954: 11:26:22 [TUniServerModule]:Starting HTTP Server on Port: 8077...
syg_rsp.exe: 00005954: 11:26:22 [TUniServerModule]:HTTP Server Started on Port: 8077
syg_rsp.exe: 00004F38: 11:26:24 [127.0.0.1]:EUniSessionException : Invalid session or session Timeout. (Session not found: giVQFuJAjq10B8E600E ) : Addr: $0082D9FE
syg_rsp.exe: 00004F38: 11:26:24 [127.0.0.1]:EUniSessionException : Invalid session or session Timeout. (Session not found: giVQFuJAjq10B8E600E ) : Addr: $0082D9FE
syg_rsp.exe: 00005954: 11:34:21 [TUniServerModule]:Shutting Down Server.
syg_rsp.exe: 00005954: 11:34:21 [TUniServerModule]:Stopping HTTP Server.
syg_rsp.exe: 00005954: 11:34:22 [TUniServerModule]:HTTP Server Stopped.
syg_rsp.exe: 00005954: 11:34:22 [TUniGUISessionManager]:Terminating Session manager.
syg_rsp.exe: 00005954: 11:34:22 [TUniGUISessionManager]:Stopping Cache Eraser...
syg_rsp.exe: 00005954: 11:34:22 [TUniGUISessionManager]:Cache Eraser Stopped.
syg_rsp.exe: 00005954: 11:34:22 [TUniGUISessionManager]:Destroying Worker Threads.
syg_rsp.exe: 00005954: 11:34:22 [TUniGUISessionManager]:Session manager terminated.
syg_rsp.exe: 00005954: 11:34:22 [TUniServerModule]:Server Shutdown Completed.
syg_rsp.exe: 00005954: 11:34:22 []:<-------------------------------------------------------------->
syg_rsp.exe: 00005954: 11:34:22 [Terminated]:Exit Code: 0
syg_rsp.exe: 000049F4: 11:34:25 []:>--------------------------------------------------------------<
syg_rsp.exe: 000049F4: 11:34:25 [TUniServerModule]:Server First Init.
syg_rsp.exe: 000049F4: 11:34:25 [TUniServerModule]:Starting HTTP Server on Port: 8077...
syg_rsp.exe: 000049F4: 11:34:25 [TUniServerModule]:HTTP Server Started on Port: 8077
syg_rsp.exe: 000006AC: 11:34:26 [127.0.0.1]:EUniSessionException : Invalid session or session Timeout. (Session not found: 1KXGWjxiJK10B8E6133 ) : Addr: $0082D9FE
syg_rsp.exe: 000006AC: 11:34:26 [127.0.0.1]:EUniSessionException : Invalid session or session Timeout. (Session not found: 1KXGWjxiJK10B8E6133 ) : Addr: $0082D9FE
syg_rsp.exe: 00004730: 11:47:48 [127.0.0.1]:EUniSessionException : Invalid session or session Timeout. (Session not found: YCHmfCcHfM10B8E6361 ) : Addr: $0082D9FE
syg_rsp.exe: 00004888: 14:44:01 [127.0.0.1]:EUniSessionException : Invalid session or session Timeout. (Session not found: lsRWMYAptO10B8E681B ) : Addr: $0082D9FE
syg_rsp.exe: 00004960: 15:27:08 [127.0.0.1]:EUniSessionException : Invalid session or session Timeout. (Session not found: gwioyi2MQB10B8E96EB ) : Addr: $0082D9FE
syg_rsp.exe: 000049F4: 15:36:25 [TUniServerModule]:Shutting Down Server.
syg_rsp.exe: 000049F4: 15:36:25 [TUniServerModule]:Stopping HTTP Server.
syg_rsp.exe: 000049F4: 15:36:25 [TUniServerModule]:HTTP Server Stopped.
syg_rsp.exe: 000049F4: 15:36:25 [TUniGUISessionManager]:Terminating Session manager.
syg_rsp.exe: 000049F4: 15:36:25 [TUniGUISessionManager]:Stopping Cache Eraser...
syg_rsp.exe: 000049F4: 15:36:25 [TUniGUISessionManager]:Cache Eraser Stopped.
syg_rsp.exe: 000049F4: 15:36:25 [TUniGUISessionManager]:Destroying Worker Threads.
syg_rsp.exe: 000049F4: 15:36:25 [TUniGUISessionManager]:Session manager terminated.
syg_rsp.exe: 000049F4: 15:36:25 [TUniServerModule]:Server Shutdown Completed.
syg_rsp.exe: 000049F4: 15:36:25 []:<-------------------------------------------------------------->
syg_rsp.exe: 000049F4: 15:36:25 [Terminated]:Exit Code: 0
syg_rsp.exe: 00003F84: 15:36:29 []:>--------------------------------------------------------------<
syg_rsp.exe: 00003F84: 15:36:29 [TUniServerModule]:Server First Init.
syg_rsp.exe: 00003F84: 15:36:29 [TUniServerModule]:Starting HTTP Server on Port: 8077...
syg_rsp.exe: 00003F84: 15:36:29 [TUniServerModule]:HTTP Server Started on Port: 8077
syg_rsp.exe: 00003F84: 15:37:19 [TUniServerModule]:Shutting Down Server.
syg_rsp.exe: 00003F84: 15:37:19 [TUniServerModule]:Stopping HTTP Server.
syg_rsp.exe: 00003F84: 15:37:20 [TUniServerModule]:HTTP Server Stopped.
syg_rsp.exe: 00003F84: 15:37:20 [TUniGUISessionManager]:Terminating Session manager.
syg_rsp.exe: 00003F84: 15:37:20 [TUniGUISessionManager]:Stopping Cache Eraser...
syg_rsp.exe: 00003F84: 15:37:20 [TUniGUISessionManager]:Cache Eraser Stopped.
syg_rsp.exe: 00003F84: 15:37:20 [TUniGUISessionManager]:Destroying Worker Threads.
syg_rsp.exe: 00003F84: 15:37:20 [TUniGUISessionManager]:Session manager terminated.
syg_rsp.exe: 00003F84: 15:37:20 [TUniServerModule]:Server Shutdown Completed.
syg_rsp.exe: 00003F84: 15:37:20 []:<-------------------------------------------------------------->
syg_rsp.exe: 00003F84: 15:37:20 [Terminated]:Exit Code: 0
syg_rsp.exe: 0000559C: 15:37:22 []:>--------------------------------------------------------------<
syg_rsp.exe: 0000559C: 15:37:22 [TUniServerModule]:Server First Init.
syg_rsp.exe: 0000559C: 15:37:22 [TUniServerModule]:Starting HTTP Server on Port: 8077...
syg_rsp.exe: 0000559C: 15:37:23 [TUniServerModule]:HTTP Server Started on Port: 8077
syg_rsp.exe: 00004BD0: 15:37:25 [127.0.0.1]:EUniSessionException : Invalid session or session Timeout. (Session not found: 2DwdhRDejG10B8EA50C ) : Addr: $0082D9FE
syg_rsp.exe: 00003494: 15:37:25 [127.0.0.1]:EUniSessionException : Invalid session or session Timeout. (Session not found: 2DwdhRDejG10B8EA50C ) : Addr: $0082D9FE
syg_rsp.exe: 0000559C: 15:39:38 [TUniServerModule]:Shutting Down Server.
syg_rsp.exe: 0000559C: 15:39:38 [TUniServerModule]:Stopping HTTP Server.
syg_rsp.exe: 0000559C: 15:39:39 [TUniServerModule]:HTTP Server Stopped.
syg_rsp.exe: 0000559C: 15:39:39 [TUniGUISessionManager]:Terminating Session manager.
syg_rsp.exe: 0000559C: 15:39:39 [TUniGUISessionManager]:Stopping Cache Eraser...
syg_rsp.exe: 0000559C: 15:39:39 [TUniGUISessionManager]:Cache Eraser Stopped.
syg_rsp.exe: 0000559C: 15:39:39 [TUniGUISessionManager]:Destroying Worker Threads.
syg_rsp.exe: 0000559C: 15:39:39 [TUniGUISessionManager]:Session manager terminated.
syg_rsp.exe: 0000559C: 15:39:39 [TUniServerModule]:Server Shutdown Completed.
syg_rsp.exe: 0000559C: 15:39:39 []:<-------------------------------------------------------------->
syg_rsp.exe: 0000559C: 15:39:39 [Terminated]:Exit Code: 0
syg_rsp.exe: 00000B70: 15:39:42 []:>--------------------------------------------------------------<
syg_rsp.exe: 00000B70: 15:39:42 [TUniServerModule]:Server First Init.
syg_rsp.exe: 00000B70: 15:39:42 [TUniServerModule]:Starting HTTP Server on Port: 8077...
syg_rsp.exe: 00000B70: 15:39:42 [TUniServerModule]:HTTP Server Started on Port: 8077
syg_rsp.exe: 00004E9C: 15:39:43 [127.0.0.1]:EUniSessionException : Invalid session or session Timeout. (Session not found: TaqdM3S4Fh10B8EA54B ) : Addr: $0082D9FE
syg_rsp.exe: 000050C0: 15:39:43 [127.0.0.1]:EUniSessionException : Invalid session or session Timeout. (Session not found: TaqdM3S4Fh10B8EA54B ) : Addr: $0082D9FE
syg_rsp.exe: 00000B70: 15:50:44 [TUniServerModule]:Shutting Down Server.
syg_rsp.exe: 00000B70: 15:50:44 [TUniServerModule]:Stopping HTTP Server.
syg_rsp.exe: 00000B70: 15:50:45 [TUniServerModule]:HTTP Server Stopped.
syg_rsp.exe: 00000B70: 15:50:45 [TUniGUISessionManager]:Terminating Session manager.
syg_rsp.exe: 00000B70: 15:50:45 [TUniGUISessionManager]:Stopping Cache Eraser...
syg_rsp.exe: 00000B70: 15:50:45 [TUniGUISessionManager]:Cache Eraser Stopped.
syg_rsp.exe: 00000B70: 15:50:45 [TUniGUISessionManager]:Destroying Worker Threads.
syg_rsp.exe: 00000B70: 15:50:45 [TUniGUISessionManager]:Session manager terminated.
syg_rsp.exe: 00000B70: 15:50:45 [TUniServerModule]:Server Shutdown Completed.
syg_rsp.exe: 00000B70: 15:50:45 []:<-------------------------------------------------------------->
syg_rsp.exe: 00000B70: 15:50:45 [Terminated]:Exit Code: 0
syg_rsp.exe: 00003C34: 15:55:17 []:>--------------------------------------------------------------<
syg_rsp.exe: 00003C34: 15:55:17 [TUniServerModule]:Server First Init.
syg_rsp.exe: 00003C34: 15:55:18 [TUniServerModule]:Starting HTTP Server on Port: 8077...
syg_rsp.exe: 00003C34: 15:55:18 [TUniServerModule]:HTTP Server Started on Port: 8077
syg_rsp.exe: 00005554: 15:55:19 [127.0.0.1]:EUniSessionException : Invalid session or session Timeout. (Session not found: QB3dZld4xR10B8EA860 ) : Addr: $0082D9FE
syg_rsp.exe: 00005554: 15:55:19 [127.0.0.1]:EUniSessionException : Invalid session or session Timeout. (Session not found: QB3dZld4xR10B8EA860 ) : Addr: $0082D9FE
syg_rsp.exe: 00003C34: 15:56:41 [TUniServerModule]:Shutting Down Server.
syg_rsp.exe: 00003C34: 15:56:41 [TUniServerModule]:Stopping HTTP Server.
syg_rsp.exe: 00003C34: 15:56:42 [TUniServerModule]:HTTP Server Stopped.
syg_rsp.exe: 00003C34: 15:56:42 [TUniGUISessionManager]:Terminating Session manager.
syg_rsp.exe: 00003C34: 15:56:42 [TUniGUISessionManager]:Stopping Cache Eraser...
syg_rsp.exe: 00003C34: 15:56:42 [TUniGUISessionManager]:Cache Eraser Stopped.
syg_rsp.exe: 00003C34: 15:56:42 [TUniGUISessionManager]:Destroying Worker Threads.
syg_rsp.exe: 00003C34: 15:56:42 [TUniGUISessionManager]:Session manager terminated.
syg_rsp.exe: 00003C34: 15:56:42 [TUniServerModule]:Server Shutdown Completed.
syg_rsp.exe: 00003C34: 15:56:42 []:<-------------------------------------------------------------->
syg_rsp.exe: 00003C34: 15:56:42 [Terminated]:Exit Code: 0
syg_rsp.exe: 0000201C: 15:56:46 []:>--------------------------------------------------------------<
syg_rsp.exe: 0000201C: 15:56:46 [TUniServerModule]:Server First Init.
syg_rsp.exe: 0000201C: 15:56:46 [TUniServerModule]:Starting HTTP Server on Port: 8077...
syg_rsp.exe: 0000201C: 15:56:46 [TUniServerModule]:HTTP Server Started on Port: 8077
syg_rsp.exe: 0000359C: 16:32:27 [127.0.0.1]:EUniSessionException : Invalid session or session Timeout. (Session not found: EImFLLmLjW10B8EAA26 ) : Addr: $0082D9FE
syg_rsp.exe: 0000201C: 16:34:18 [TUniServerModule]:Shutting Down Server.
syg_rsp.exe: 0000201C: 16:34:18 [TUniServerModule]:Stopping HTTP Server.
syg_rsp.exe: 0000201C: 16:34:19 [TUniServerModule]:HTTP Server Stopped.
syg_rsp.exe: 0000201C: 16:34:19 [TUniGUISessionManager]:Terminating Session manager.
syg_rsp.exe: 0000201C: 16:34:19 [TUniGUISessionManager]:Stopping Cache Eraser...
syg_rsp.exe: 0000201C: 16:34:19 [TUniGUISessionManager]:Cache Eraser Stopped.
syg_rsp.exe: 0000201C: 16:34:19 [TUniGUISessionManager]:Destroying Worker Threads.
syg_rsp.exe: 0000201C: 16:34:19 [TUniGUISessionManager]:Session manager terminated.
syg_rsp.exe: 0000201C: 16:34:19 [TUniServerModule]:Server Shutdown Completed.
syg_rsp.exe: 0000201C: 16:34:19 []:<-------------------------------------------------------------->
syg_rsp.exe: 0000201C: 16:34:19 [Terminated]:Exit Code: 0
syg_rsp.exe: 00000588: 16:34:22 []:>--------------------------------------------------------------<
syg_rsp.exe: 00000588: 16:34:22 [TUniServerModule]:Server First Init.
syg_rsp.exe: 00000588: 16:34:22 [TUniServerModule]:Starting HTTP Server on Port: 8077...
syg_rsp.exe: 00000588: 16:34:22 [TUniServerModule]:HTTP Server Started on Port: 8077
syg_rsp.exe: 00004FD0: 16:39:56 [127.0.0.1]:EUniSessionException : Invalid session or session Timeout. (Session not found: CVluDI16ka10B8EB43A ) : Addr: $0082D9FE
syg_rsp.exe: 0000423C: 19:42:53 [127.0.0.1]:EUniSessionException : Invalid session or session Timeout. (Session not found: m4aXj5fwxd10B8EB642 ) : Addr: $0082D9FE
