syg_rsp.exe: 000014EC: 16:13:00 []:>--------------------------------------------------------------<
syg_rsp.exe: 000014EC: 16:13:00 [TUniServerModule]:Server First Init.
syg_rsp.exe: 000014EC: 16:13:00 [TUniServerModule]:Global Cache Folder Erased. <45> Files deleted.
syg_rsp.exe: 000014EC: 16:13:00 [TUniServerModule]:Starting HTTP Server on Port: 8077...
syg_rsp.exe: 000014EC: 16:13:00 [TUniServerModule]:HTTP Server Started on Port: 8077
syg_rsp.exe: 000014EC: 16:16:21 [TUniServerModule]:Shutting Down Server.
syg_rsp.exe: 000014EC: 16:16:21 [TUniServerModule]:Stopping HTTP Server.
syg_rsp.exe: 000014EC: 16:16:22 [TUniServerModule]:HTTP Server Stopped.
syg_rsp.exe: 000014EC: 16:16:22 [TUniGUISessionManager]:Terminating Session manager.
syg_rsp.exe: 000014EC: 16:16:22 [TUniGUISessionManager]:Stopping Cache Eraser...
syg_rsp.exe: 000014EC: 16:16:22 [TUniGUISessionManager]:Cache Eraser Stopped.
syg_rsp.exe: 000014EC: 16:16:22 [TUniGUISessionManager]:Destroying Worker Threads.
syg_rsp.exe: 000014EC: 16:16:22 [TUniGUISessionManager]:Session manager terminated.
syg_rsp.exe: 000014EC: 16:16:23 [TUniServerModule]:Server Shutdown Completed.
syg_rsp.exe: 000014EC: 16:16:23 []:<-------------------------------------------------------------->
syg_rsp.exe: 000014EC: 16:16:23 [Terminated]:Exit Code: 0
syg_rsp.exe: 00002F24: 16:16:25 []:>--------------------------------------------------------------<
syg_rsp.exe: 00002F24: 16:16:25 [TUniServerModule]:Server First Init.
syg_rsp.exe: 00002F24: 16:16:25 [TUniServerModule]:Starting HTTP Server on Port: 8077...
syg_rsp.exe: 00002F24: 16:16:25 [TUniServerModule]:HTTP Server Started on Port: 8077
syg_rsp.exe: 00003FC4: 16:16:30 [127.0.0.1]:EUniSessionException : Invalid session or session Timeout. (Session not found: ChFEZ9iwwx10B2E8D94 ) : Addr: $00804502
syg_rsp.exe: 00001AA0: 16:35:06 [127.0.0.1]:EUniSessionException : Invalid session or session Timeout. (Session not found: inanwPXYqw10B2E8E85 ) : Addr: $00804502
syg_rsp.exe: 00001AA0: 16:35:06 [127.0.0.1]:EUniSessionException : Invalid session or session Timeout. (Session not found: inanwPXYqw10B2E8E85 ) : Addr: $00804502
syg_rsp.exe: 00002F24: 16:37:40 [TUniServerModule]:Shutting Down Server.
syg_rsp.exe: 00002F24: 16:37:40 [TUniServerModule]:Stopping HTTP Server.
syg_rsp.exe: 00002F24: 16:37:41 [TUniServerModule]:HTTP Server Stopped.
syg_rsp.exe: 00002F24: 16:37:41 [TUniGUISessionManager]:Terminating Session manager.
syg_rsp.exe: 00002F24: 16:37:41 [TUniGUISessionManager]:Stopping Cache Eraser...
syg_rsp.exe: 00002F24: 16:37:41 [TUniGUISessionManager]:Cache Eraser Stopped.
syg_rsp.exe: 00002F24: 16:37:41 [TUniGUISessionManager]:Destroying Worker Threads.
syg_rsp.exe: 00002F24: 16:37:41 [TUniGUISessionManager]:Session manager terminated.
syg_rsp.exe: 00002F24: 16:37:41 [TUniServerModule]:Server Shutdown Completed.
syg_rsp.exe: 00002F24: 16:37:41 []:<-------------------------------------------------------------->
syg_rsp.exe: 00002F24: 16:37:41 [Terminated]:Exit Code: 0
syg_rsp.exe: 00001DEC: 16:37:46 []:>--------------------------------------------------------------<
syg_rsp.exe: 00001DEC: 16:37:46 [TUniServerModule]:Server First Init.
syg_rsp.exe: 00001DEC: 16:37:46 [TUniServerModule]:Starting HTTP Server on Port: 8077...
syg_rsp.exe: 00001DEC: 16:37:46 [TUniServerModule]:HTTP Server Started on Port: 8077
syg_rsp.exe: 000033A8: 16:37:47 [127.0.0.1]:EUniSessionException : Invalid session or session Timeout. (Session not found: vwzigHFBv510B2E9393 ) : Addr: $00804502
syg_rsp.exe: 00001DEC: 16:39:53 [TUniServerModule]:Shutting Down Server.
syg_rsp.exe: 00001DEC: 16:39:53 [TUniServerModule]:Stopping HTTP Server.
syg_rsp.exe: 00001DEC: 16:39:54 [TUniServerModule]:HTTP Server Stopped.
syg_rsp.exe: 00001DEC: 16:39:54 [TUniGUISessionManager]:Terminating Session manager.
syg_rsp.exe: 00001DEC: 16:39:54 [TUniGUISessionManager]:Stopping Cache Eraser...
syg_rsp.exe: 00001DEC: 16:39:54 [TUniGUISessionManager]:Cache Eraser Stopped.
syg_rsp.exe: 00001DEC: 16:39:54 [TUniGUISessionManager]:Destroying Worker Threads.
syg_rsp.exe: 00001DEC: 16:39:54 [TUniGUISessionManager]:Session manager terminated.
syg_rsp.exe: 00001DEC: 16:39:55 [TUniServerModule]:Server Shutdown Completed.
syg_rsp.exe: 00001DEC: 16:39:55 []:<-------------------------------------------------------------->
syg_rsp.exe: 00001DEC: 16:39:55 [Terminated]:Exit Code: 0
syg_rsp.exe: 00001B54: 16:49:57 []:>--------------------------------------------------------------<
syg_rsp.exe: 00001B54: 16:49:57 [TUniServerModule]:Server First Init.
syg_rsp.exe: 00001B54: 16:49:58 [TUniServerModule]:Starting HTTP Server on Port: 8077...
syg_rsp.exe: 00001B54: 16:49:58 [TUniServerModule]:HTTP Server Started on Port: 8077
syg_rsp.exe: 00002CE4: 16:49:59 [127.0.0.1]:EUniSessionException : Invalid session or session Timeout. (Session not found: okSvH58Bn410B2E944B ) : Addr: $00804502
syg_rsp.exe: 00001B54: 16:52:53 [TUniServerModule]:Shutting Down Server.
syg_rsp.exe: 00001B54: 16:52:53 [TUniServerModule]:Stopping HTTP Server.
syg_rsp.exe: 00001B54: 16:52:54 [TUniServerModule]:HTTP Server Stopped.
syg_rsp.exe: 00001B54: 16:52:54 [TUniGUISessionManager]:Terminating Session manager.
syg_rsp.exe: 00001B54: 16:52:54 [TUniGUISessionManager]:Stopping Cache Eraser...
syg_rsp.exe: 00001B54: 16:52:54 [TUniGUISessionManager]:Cache Eraser Stopped.
syg_rsp.exe: 00001B54: 16:52:54 [TUniGUISessionManager]:Destroying Worker Threads.
syg_rsp.exe: 00001B54: 16:52:54 [TUniGUISessionManager]:Session manager terminated.
syg_rsp.exe: 00001B54: 16:52:54 [TUniServerModule]:Server Shutdown Completed.
syg_rsp.exe: 00001B54: 16:52:54 []:<-------------------------------------------------------------->
syg_rsp.exe: 00001B54: 16:52:54 [Terminated]:Exit Code: 0
syg_rsp.exe: 00000110: 16:52:58 []:>--------------------------------------------------------------<
syg_rsp.exe: 00000110: 16:52:58 [TUniServerModule]:Server First Init.
syg_rsp.exe: 00000110: 16:52:58 [TUniServerModule]:Starting HTTP Server on Port: 8077...
syg_rsp.exe: 00000110: 16:52:58 [TUniServerModule]:HTTP Server Started on Port: 8077
syg_rsp.exe: 00003764: 16:53:00 [127.0.0.1]:EUniSessionException : Invalid session or session Timeout. (Session not found: drBTtesdGC10B2E979A ) : Addr: $00804502
syg_rsp.exe: 00000110: 16:54:56 [TUniServerModule]:Shutting Down Server.
syg_rsp.exe: 00000110: 16:54:56 [TUniServerModule]:Stopping HTTP Server.
syg_rsp.exe: 00000110: 16:54:57 [TUniServerModule]:HTTP Server Stopped.
syg_rsp.exe: 00000110: 16:54:57 [TUniGUISessionManager]:Terminating Session manager.
syg_rsp.exe: 00000110: 16:54:57 [TUniGUISessionManager]:Stopping Cache Eraser...
syg_rsp.exe: 00000110: 16:54:57 [TUniGUISessionManager]:Cache Eraser Stopped.
syg_rsp.exe: 00000110: 16:54:57 [TUniGUISessionManager]:Destroying Worker Threads.
syg_rsp.exe: 00000110: 16:54:57 [TUniGUISessionManager]:Session manager terminated.
syg_rsp.exe: 00000110: 16:54:57 [TUniServerModule]:Server Shutdown Completed.
syg_rsp.exe: 00000110: 16:54:57 []:<-------------------------------------------------------------->
syg_rsp.exe: 00000110: 16:54:57 [Terminated]:Exit Code: 0
syg_rsp.exe: 00003094: 16:55:06 []:>--------------------------------------------------------------<
syg_rsp.exe: 00003094: 16:55:06 [TUniServerModule]:Server First Init.
syg_rsp.exe: 00003094: 16:55:06 [TUniServerModule]:Starting HTTP Server on Port: 8077...
syg_rsp.exe: 00003094: 16:55:06 [TUniServerModule]:HTTP Server Started on Port: 8077
syg_rsp.exe: 00003094: 16:58:04 [TUniServerModule]:Shutting Down Server.
syg_rsp.exe: 00003094: 16:58:04 [TUniServerModule]:Stopping HTTP Server.
syg_rsp.exe: 00003094: 16:58:05 [TUniServerModule]:HTTP Server Stopped.
syg_rsp.exe: 00003094: 16:58:05 [TUniGUISessionManager]:Terminating Session manager.
syg_rsp.exe: 00003094: 16:58:05 [TUniGUISessionManager]:Stopping Cache Eraser...
syg_rsp.exe: 00003094: 16:58:05 [TUniGUISessionManager]:Cache Eraser Stopped.
syg_rsp.exe: 00003094: 16:58:05 [TUniGUISessionManager]:Destroying Worker Threads.
syg_rsp.exe: 00003094: 16:58:05 [TUniGUISessionManager]:Session manager terminated.
syg_rsp.exe: 00003094: 16:58:05 [TUniServerModule]:Server Shutdown Completed.
syg_rsp.exe: 00003094: 16:58:05 []:<-------------------------------------------------------------->
syg_rsp.exe: 00003094: 16:58:05 [Terminated]:Exit Code: 0
syg_rsp.exe: 000036E0: 16:58:07 []:>--------------------------------------------------------------<
syg_rsp.exe: 000036E0: 16:58:07 [TUniServerModule]:Server First Init.
syg_rsp.exe: 000036E0: 16:58:07 [TUniServerModule]:Starting HTTP Server on Port: 8077...
syg_rsp.exe: 000036E0: 16:58:07 [TUniServerModule]:HTTP Server Started on Port: 8077
syg_rsp.exe: 000036E0: 16:58:30 [TUniServerModule]:Shutting Down Server.
syg_rsp.exe: 000036E0: 16:58:30 [TUniServerModule]:Stopping HTTP Server.
syg_rsp.exe: 000036E0: 16:58:31 [TUniServerModule]:HTTP Server Stopped.
syg_rsp.exe: 000036E0: 16:58:31 [TUniGUISessionManager]:Terminating Session manager.
syg_rsp.exe: 000036E0: 16:58:31 [TUniGUISessionManager]:Stopping Cache Eraser...
syg_rsp.exe: 000036E0: 16:58:31 [TUniGUISessionManager]:Cache Eraser Stopped.
syg_rsp.exe: 000036E0: 16:58:31 [TUniGUISessionManager]:Destroying Worker Threads.
syg_rsp.exe: 000036E0: 16:58:31 [TUniGUISessionManager]:Session manager terminated.
syg_rsp.exe: 000036E0: 16:58:31 [TUniServerModule]:Server Shutdown Completed.
syg_rsp.exe: 000036E0: 16:58:31 []:<-------------------------------------------------------------->
syg_rsp.exe: 000036E0: 16:58:31 [Terminated]:Exit Code: 0
syg_rsp.exe: 00003294: 16:58:34 []:>--------------------------------------------------------------<
syg_rsp.exe: 00003294: 16:58:34 [TUniServerModule]:Server First Init.
syg_rsp.exe: 00003294: 16:58:34 [TUniServerModule]:Starting HTTP Server on Port: 8077...
syg_rsp.exe: 00003294: 16:58:34 [TUniServerModule]:HTTP Server Started on Port: 8077
syg_rsp.exe: 00003AAC: 16:58:35 [127.0.0.1]:EUniSessionException : Invalid session or session Timeout. (Session not found: L6gkLXbigf10B2E98FF ) : Addr: $00804502
syg_rsp.exe: 00003294: 17:02:42 [TUniServerModule]:Shutting Down Server.
syg_rsp.exe: 00003294: 17:02:42 [TUniServerModule]:Stopping HTTP Server.
syg_rsp.exe: 00003294: 17:02:42 [TUniServerModule]:HTTP Server Stopped.
syg_rsp.exe: 00003294: 17:02:42 [TUniGUISessionManager]:Terminating Session manager.
syg_rsp.exe: 00003294: 17:02:42 [TUniGUISessionManager]:Stopping Cache Eraser...
syg_rsp.exe: 00003294: 17:02:42 [TUniGUISessionManager]:Cache Eraser Stopped.
syg_rsp.exe: 00003294: 17:02:42 [TUniGUISessionManager]:Destroying Worker Threads.
syg_rsp.exe: 00003294: 17:02:42 [TUniGUISessionManager]:Session manager terminated.
syg_rsp.exe: 00003294: 17:02:42 [TUniServerModule]:Server Shutdown Completed.
syg_rsp.exe: 00003294: 17:02:42 []:<-------------------------------------------------------------->
syg_rsp.exe: 00003294: 17:02:42 [Terminated]:Exit Code: 0
syg_rsp.exe: 00002EE4: 17:02:45 []:>--------------------------------------------------------------<
syg_rsp.exe: 00002EE4: 17:02:45 [TUniServerModule]:Server First Init.
syg_rsp.exe: 00002EE4: 17:02:45 [TUniServerModule]:Starting HTTP Server on Port: 8077...
syg_rsp.exe: 00002EE4: 17:02:45 [TUniServerModule]:HTTP Server Started on Port: 8077
syg_rsp.exe: 00002BDC: 17:02:47 [127.0.0.1]:EUniSessionException : Invalid session or session Timeout. (Session not found: b64NKaB7t210B2E99EF ) : Addr: $0080492E
syg_rsp.exe: 00002EE4: 17:15:35 [TUniServerModule]:Shutting Down Server.
syg_rsp.exe: 00002EE4: 17:15:35 [TUniServerModule]:Stopping HTTP Server.
syg_rsp.exe: 00002EE4: 17:15:37 [TUniServerModule]:HTTP Server Stopped.
syg_rsp.exe: 00002EE4: 17:15:37 [TUniGUISessionManager]:Terminating Session manager.
syg_rsp.exe: 00002EE4: 17:15:37 [TUniGUISessionManager]:Stopping Cache Eraser...
syg_rsp.exe: 00002EE4: 17:15:37 [TUniGUISessionManager]:Cache Eraser Stopped.
syg_rsp.exe: 00002EE4: 17:15:37 [TUniGUISessionManager]:Destroying Worker Threads.
syg_rsp.exe: 00002EE4: 17:15:37 [TUniGUISessionManager]:Session manager terminated.
syg_rsp.exe: 00002EE4: 17:15:37 [TUniServerModule]:Server Shutdown Completed.
syg_rsp.exe: 00002EE4: 17:15:37 []:<-------------------------------------------------------------->
syg_rsp.exe: 00002EE4: 17:15:37 [Terminated]:Exit Code: 0
syg_rsp.exe: 00000FBC: 17:15:39 []:>--------------------------------------------------------------<
syg_rsp.exe: 00000FBC: 17:15:39 [TUniServerModule]:Server First Init.
syg_rsp.exe: 00000FBC: 17:15:39 [TUniServerModule]:Starting HTTP Server on Port: 8077...
syg_rsp.exe: 00000FBC: 17:15:39 [TUniServerModule]:HTTP Server Started on Port: 8077
syg_rsp.exe: 000033B4: 17:15:53 [127.0.0.1]:EUniSessionException : Invalid session or session Timeout. (Session not found: IpjScbOe6D10B2E9BC5 ) : Addr: $0080492E
syg_rsp.exe: 00000FBC: 17:36:08 [TUniServerModule]:Shutting Down Server.
syg_rsp.exe: 00000FBC: 17:36:08 [TUniServerModule]:Stopping HTTP Server.
syg_rsp.exe: 00000FBC: 17:36:09 [TUniServerModule]:HTTP Server Stopped.
syg_rsp.exe: 00000FBC: 17:36:09 [TUniGUISessionManager]:Terminating Session manager.
syg_rsp.exe: 00000FBC: 17:36:09 [TUniGUISessionManager]:Stopping Cache Eraser...
syg_rsp.exe: 00000FBC: 17:36:09 [TUniGUISessionManager]:Cache Eraser Stopped.
syg_rsp.exe: 00000FBC: 17:36:09 [TUniGUISessionManager]:Destroying Worker Threads.
syg_rsp.exe: 00000FBC: 17:36:09 [TUniGUISessionManager]:Session manager terminated.
syg_rsp.exe: 00000FBC: 17:36:09 [TUniServerModule]:Server Shutdown Completed.
syg_rsp.exe: 00000FBC: 17:36:09 []:<-------------------------------------------------------------->
syg_rsp.exe: 00000FBC: 17:36:09 [Terminated]:Exit Code: 0
syg_rsp.exe: 000026C8: 17:36:50 []:>--------------------------------------------------------------<
syg_rsp.exe: 000026C8: 17:36:50 [TUniServerModule]:Server First Init.
syg_rsp.exe: 000026C8: 17:36:51 [TUniServerModule]:Starting HTTP Server on Port: 8077...
syg_rsp.exe: 000026C8: 17:36:51 [TUniServerModule]:HTTP Server Started on Port: 8077
syg_rsp.exe: 00002504: 17:36:54 [127.0.0.1]:EUniSessionException : Invalid session or session Timeout. (Session not found: zTmE91Sapy10B2E9EA1 ) : Addr: $0080492E
syg_rsp.exe: 000026C8: 17:37:38 [TUniServerModule]:Shutting Down Server.
syg_rsp.exe: 000026C8: 17:37:38 [TUniServerModule]:Stopping HTTP Server.
syg_rsp.exe: 000026C8: 17:37:39 [TUniServerModule]:HTTP Server Stopped.
syg_rsp.exe: 000026C8: 17:37:39 [TUniGUISessionManager]:Terminating Session manager.
syg_rsp.exe: 000026C8: 17:37:40 [TUniGUISessionManager]:Stopping Cache Eraser...
syg_rsp.exe: 000026C8: 17:37:40 [TUniGUISessionManager]:Cache Eraser Stopped.
syg_rsp.exe: 000026C8: 17:37:40 [TUniGUISessionManager]:Destroying Worker Threads.
syg_rsp.exe: 000026C8: 17:37:40 [TUniGUISessionManager]:Session manager terminated.
syg_rsp.exe: 000026C8: 17:37:40 [TUniServerModule]:Server Shutdown Completed.
syg_rsp.exe: 000026C8: 17:37:40 []:<-------------------------------------------------------------->
syg_rsp.exe: 000026C8: 17:37:40 [Terminated]:Exit Code: 0
syg_rsp.exe: 00000C28: 17:37:42 []:>--------------------------------------------------------------<
syg_rsp.exe: 00000C28: 17:37:42 [TUniServerModule]:Server First Init.
syg_rsp.exe: 00000C28: 17:37:42 [TUniServerModule]:Starting HTTP Server on Port: 8077...
syg_rsp.exe: 00000C28: 17:37:42 [TUniServerModule]:HTTP Server Started on Port: 8077
syg_rsp.exe: 0000318C: 17:37:45 [127.0.0.1]:EUniSessionException : Invalid session or session Timeout. (Session not found: YKiLEYh9X810B2EA454 ) : Addr: $0080492E
syg_rsp.exe: 00000C28: 17:38:45 [TUniServerModule]:Shutting Down Server.
syg_rsp.exe: 00000C28: 17:38:45 [TUniServerModule]:Stopping HTTP Server.
syg_rsp.exe: 00000C28: 17:38:46 [TUniServerModule]:HTTP Server Stopped.
syg_rsp.exe: 00000C28: 17:38:46 [TUniGUISessionManager]:Terminating Session manager.
syg_rsp.exe: 00000C28: 17:38:46 [TUniGUISessionManager]:Stopping Cache Eraser...
syg_rsp.exe: 00000C28: 17:38:46 [TUniGUISessionManager]:Cache Eraser Stopped.
syg_rsp.exe: 00000C28: 17:38:46 [TUniGUISessionManager]:Destroying Worker Threads.
syg_rsp.exe: 00000C28: 17:38:46 [TUniGUISessionManager]:Session manager terminated.
syg_rsp.exe: 00000C28: 17:38:46 [TUniServerModule]:Server Shutdown Completed.
syg_rsp.exe: 00000C28: 17:38:46 []:<-------------------------------------------------------------->
syg_rsp.exe: 00000C28: 17:38:46 [Terminated]:Exit Code: 0
syg_rsp.exe: 00001434: 17:38:49 []:>--------------------------------------------------------------<
syg_rsp.exe: 00001434: 17:38:49 [TUniServerModule]:Server First Init.
syg_rsp.exe: 00001434: 17:38:49 [TUniServerModule]:Starting HTTP Server on Port: 8077...
syg_rsp.exe: 00001434: 17:38:49 [TUniServerModule]:HTTP Server Started on Port: 8077
syg_rsp.exe: 00002AB8: 17:38:56 [127.0.0.1]:EUniSessionException : Invalid session or session Timeout. (Session not found: pSUL4zb26W10B2EA490 ) : Addr: $0080492E
syg_rsp.exe: 00001434: 17:41:20 [TUniServerModule]:Shutting Down Server.
syg_rsp.exe: 00001434: 17:41:20 [TUniServerModule]:Stopping HTTP Server.
syg_rsp.exe: 00001434: 17:41:21 [TUniServerModule]:HTTP Server Stopped.
syg_rsp.exe: 00001434: 17:41:21 [TUniGUISessionManager]:Terminating Session manager.
syg_rsp.exe: 00001434: 17:41:21 [TUniGUISessionManager]:Stopping Cache Eraser...
syg_rsp.exe: 00001434: 17:41:21 [TUniGUISessionManager]:Cache Eraser Stopped.
syg_rsp.exe: 00001434: 17:41:22 [TUniGUISessionManager]:Destroying Worker Threads.
syg_rsp.exe: 00001434: 17:41:22 [TUniGUISessionManager]:Session manager terminated.
syg_rsp.exe: 00001434: 17:41:22 [TUniServerModule]:Server Shutdown Completed.
syg_rsp.exe: 00001434: 17:41:22 []:<-------------------------------------------------------------->
syg_rsp.exe: 00001434: 17:41:22 [Terminated]:Exit Code: 0
syg_rsp.exe: 00000634: 17:42:28 []:>--------------------------------------------------------------<
syg_rsp.exe: 00000634: 17:42:28 [TUniServerModule]:Server First Init.
syg_rsp.exe: 00000634: 17:42:28 [TUniServerModule]:Starting HTTP Server on Port: 8077...
syg_rsp.exe: 00000634: 17:42:28 [TUniServerModule]:HTTP Server Started on Port: 8077
syg_rsp.exe: 0000263C: 17:42:29 [127.0.0.1]:EUniSessionException : Invalid session or session Timeout. (Session not found: wuRP4oXLgp10B2EA4E1 ) : Addr: $0080492E
syg_rsp.exe: 00000634: 18:03:05 [TUniServerModule]:Shutting Down Server.
syg_rsp.exe: 00000634: 18:03:05 [TUniServerModule]:Stopping HTTP Server.
syg_rsp.exe: 00000634: 18:03:06 [TUniServerModule]:HTTP Server Stopped.
syg_rsp.exe: 00000634: 18:03:06 [TUniGUISessionManager]:Terminating Session manager.
syg_rsp.exe: 00000634: 18:03:06 [TUniGUISessionManager]:Stopping Cache Eraser...
syg_rsp.exe: 00000634: 18:03:06 [TUniGUISessionManager]:Cache Eraser Stopped.
syg_rsp.exe: 00000634: 18:03:06 [TUniGUISessionManager]:Destroying Worker Threads.
syg_rsp.exe: 00000634: 18:03:06 [TUniGUISessionManager]:Session manager terminated.
syg_rsp.exe: 00000634: 18:03:06 [TUniServerModule]:Server Shutdown Completed.
syg_rsp.exe: 00000634: 18:03:06 []:<-------------------------------------------------------------->
syg_rsp.exe: 00000634: 18:03:06 [Terminated]:Exit Code: 0
syg_rsp.exe: 000023B0: 18:03:09 []:>--------------------------------------------------------------<
syg_rsp.exe: 000023B0: 18:03:09 [TUniServerModule]:Server First Init.
syg_rsp.exe: 000023B0: 18:03:09 [TUniServerModule]:Starting HTTP Server on Port: 8077...
syg_rsp.exe: 000023B0: 18:03:09 [TUniServerModule]:HTTP Server Started on Port: 8077
syg_rsp.exe: 00003A90: 18:03:11 [127.0.0.1]:EUniSessionException : Invalid session or session Timeout. (Session not found: KuKbvm4oHV10B2EA5D8 ) : Addr: $0080492E
