syg_rsp.exe: 00003120: 06:56:38 [127.0.0.1]:EUniSessionException : Invalid session or session Timeout. (Session not found: imQjt2KgPG10B05C2FD ) : Addr: $00804502
syg_rsp.exe: 00004040: 07:42:26 [TUniServerModule]:Shutting Down Server.
syg_rsp.exe: 00004040: 07:42:26 [TUniServerModule]:Stopping HTTP Server.
syg_rsp.exe: 00004040: 07:42:27 [TUniServerModule]:HTTP Server Stopped.
syg_rsp.exe: 00004040: 07:42:27 [TUniGUISessionManager]:Terminating Session manager.
syg_rsp.exe: 00004040: 07:42:27 [TUniGUISessionManager]:Stopping Cache Eraser...
syg_rsp.exe: 00004040: 07:42:27 [TUniGUISessionManager]:Cache Eraser Stopped.
syg_rsp.exe: 00004040: 07:42:27 [TUniGUISessionManager]:Destroying Worker Threads.
syg_rsp.exe: 00004040: 07:42:27 [TUniGUISessionManager]:Session manager terminated.
syg_rsp.exe: 00004040: 07:42:27 [TUniServerModule]:Server Shutdown Completed.
syg_rsp.exe: 00004040: 07:42:27 []:<-------------------------------------------------------------->
syg_rsp.exe: 00004040: 07:42:27 [Terminated]:Exit Code: 0
syg_rsp.exe: 00004A2C: 07:42:33 []:>--------------------------------------------------------------<
syg_rsp.exe: 00004A2C: 07:42:33 [TUniServerModule]:Server First Init.
syg_rsp.exe: 00004A2C: 07:42:33 [TUniServerModule]:Starting HTTP Server on Port: 8077...
syg_rsp.exe: 00004A2C: 07:42:33 [TUniServerModule]:HTTP Server Started on Port: 8077
syg_rsp.exe: 00003470: 07:42:36 [127.0.0.1]:EUniSessionException : Invalid session or session Timeout. (Session not found: 6bR1WFn4Ac10B09625C ) : Addr: $00804502
syg_rsp.exe: 00004050: 07:42:44 [127.0.0.1]:EOleException : [MySQL][ODBC 8.0(a) Driver][mysqld-8.0.29]Unknown column 'perms' in 'where clause' : Addr: $00817EF2
syg_rsp.exe: 00004A2C: 07:43:06 [TUniServerModule]:Shutting Down Server.
syg_rsp.exe: 00004A2C: 07:43:06 [TUniServerModule]:Stopping HTTP Server.
syg_rsp.exe: 00004A2C: 07:43:07 [TUniServerModule]:HTTP Server Stopped.
syg_rsp.exe: 00004A2C: 07:43:07 [TUniGUISessionManager]:Terminating Session manager.
syg_rsp.exe: 00004A2C: 07:43:07 [TUniGUISessionManager]:Stopping Cache Eraser...
syg_rsp.exe: 00004A2C: 07:43:07 [TUniGUISessionManager]:Cache Eraser Stopped.
syg_rsp.exe: 00004A2C: 07:43:07 [TUniGUISessionManager]:Destroying Worker Threads.
syg_rsp.exe: 00004A2C: 07:43:07 [TUniGUISessionManager]:Session manager terminated.
syg_rsp.exe: 00004A2C: 07:43:07 [TUniServerModule]:Server Shutdown Completed.
syg_rsp.exe: 00004A2C: 07:43:07 []:<-------------------------------------------------------------->
syg_rsp.exe: 00004A2C: 07:43:07 [Terminated]:Exit Code: 0
syg_rsp.exe: 000004D8: 07:43:09 []:>--------------------------------------------------------------<
syg_rsp.exe: 000004D8: 07:43:09 [TUniServerModule]:Server First Init.
syg_rsp.exe: 000004D8: 07:43:09 [TUniServerModule]:Starting HTTP Server on Port: 8077...
syg_rsp.exe: 000004D8: 07:43:09 [TUniServerModule]:HTTP Server Started on Port: 8077
syg_rsp.exe: 000027B0: 07:43:11 [127.0.0.1]:EUniSessionException : Invalid session or session Timeout. (Session not found: WOzLD2cTga10B09641D ) : Addr: $00804502
syg_rsp.exe: 000004D8: 07:44:15 [TUniServerModule]:Shutting Down Server.
syg_rsp.exe: 000004D8: 07:44:15 [TUniServerModule]:Stopping HTTP Server.
syg_rsp.exe: 000004D8: 07:44:16 [TUniServerModule]:HTTP Server Stopped.
syg_rsp.exe: 000004D8: 07:44:16 [TUniGUISessionManager]:Terminating Session manager.
syg_rsp.exe: 000004D8: 07:44:16 [TUniGUISessionManager]:Stopping Cache Eraser...
syg_rsp.exe: 000004D8: 07:44:16 [TUniGUISessionManager]:Cache Eraser Stopped.
syg_rsp.exe: 000004D8: 07:44:16 [TUniGUISessionManager]:Destroying Worker Threads.
syg_rsp.exe: 000004D8: 07:44:16 [TUniGUISessionManager]:Session manager terminated.
syg_rsp.exe: 000004D8: 07:44:16 [TUniServerModule]:Server Shutdown Completed.
syg_rsp.exe: 000004D8: 07:44:16 []:<-------------------------------------------------------------->
syg_rsp.exe: 000004D8: 07:44:16 [Terminated]:Exit Code: 0
syg_rsp.exe: 00003EC8: 07:44:23 []:>--------------------------------------------------------------<
syg_rsp.exe: 00003EC8: 07:44:23 [TUniServerModule]:Server First Init.
syg_rsp.exe: 00003EC8: 07:44:23 [TUniServerModule]:Starting HTTP Server on Port: 8077...
syg_rsp.exe: 00003EC8: 07:44:23 [TUniServerModule]:HTTP Server Started on Port: 8077
syg_rsp.exe: 000002D0: 07:45:33 [127.0.0.1]:EUniSessionException : Invalid session or session Timeout. (Session not found: KApblNl4rx10B096446 ) : Addr: $00804502
syg_rsp.exe: 00003720: 07:45:33 [127.0.0.1]:EUniSessionException : Invalid session or session Timeout. (Session not found: KApblNl4rx10B096446 ) : Addr: $00804502
syg_rsp.exe: 00003EC8: 07:46:59 [TUniServerModule]:Shutting Down Server.
syg_rsp.exe: 00003EC8: 07:46:59 [TUniServerModule]:Stopping HTTP Server.
syg_rsp.exe: 00003EC8: 07:47:00 [TUniServerModule]:HTTP Server Stopped.
syg_rsp.exe: 00003EC8: 07:47:00 [TUniGUISessionManager]:Terminating Session manager.
syg_rsp.exe: 00003EC8: 07:47:00 [TUniGUISessionManager]:Stopping Cache Eraser...
syg_rsp.exe: 00003EC8: 07:47:00 [TUniGUISessionManager]:Cache Eraser Stopped.
syg_rsp.exe: 00003EC8: 07:47:00 [TUniGUISessionManager]:Destroying Worker Threads.
syg_rsp.exe: 00003EC8: 07:47:00 [TUniGUISessionManager]:Session manager terminated.
syg_rsp.exe: 00003EC8: 07:47:00 [TUniServerModule]:Server Shutdown Completed.
syg_rsp.exe: 00003EC8: 07:47:00 []:<-------------------------------------------------------------->
syg_rsp.exe: 00003EC8: 07:47:00 [Terminated]:Exit Code: 0
syg_rsp.exe: 00004D74: 07:47:03 []:>--------------------------------------------------------------<
syg_rsp.exe: 00004D74: 07:47:03 [TUniServerModule]:Server First Init.
syg_rsp.exe: 00004D74: 07:47:03 [TUniServerModule]:Starting HTTP Server on Port: 8077...
syg_rsp.exe: 00004D74: 07:47:03 [TUniServerModule]:HTTP Server Started on Port: 8077
syg_rsp.exe: 00004D74: 07:47:15 [TUniServerModule]:Shutting Down Server.
syg_rsp.exe: 00004D74: 07:47:15 [TUniServerModule]:Stopping HTTP Server.
syg_rsp.exe: 00004D74: 07:47:16 [TUniServerModule]:HTTP Server Stopped.
syg_rsp.exe: 00004D74: 07:47:16 [TUniGUISessionManager]:Terminating Session manager.
syg_rsp.exe: 00004D74: 07:47:16 [TUniGUISessionManager]:Stopping Cache Eraser...
syg_rsp.exe: 00004D74: 07:47:16 [TUniGUISessionManager]:Cache Eraser Stopped.
syg_rsp.exe: 00004D74: 07:47:16 [TUniGUISessionManager]:Destroying Worker Threads.
syg_rsp.exe: 00004D74: 07:47:16 [TUniGUISessionManager]:Session manager terminated.
syg_rsp.exe: 00004D74: 07:47:16 [TUniServerModule]:Server Shutdown Completed.
syg_rsp.exe: 00004D74: 07:47:16 []:<-------------------------------------------------------------->
syg_rsp.exe: 00004D74: 07:47:16 [Terminated]:Exit Code: 0
syg_rsp.exe: 00000D38: 07:47:25 []:>--------------------------------------------------------------<
syg_rsp.exe: 00000D38: 07:47:25 [TUniServerModule]:Server First Init.
syg_rsp.exe: 00000D38: 07:47:25 [TUniServerModule]:Starting HTTP Server on Port: 8077...
syg_rsp.exe: 00000D38: 07:47:25 [TUniServerModule]:HTTP Server Started on Port: 8077
syg_rsp.exe: 00000D38: 08:02:54 [TUniServerModule]:Shutting Down Server.
syg_rsp.exe: 00000D38: 08:02:54 [TUniServerModule]:Stopping HTTP Server.
syg_rsp.exe: 00000D38: 08:02:55 [TUniServerModule]:HTTP Server Stopped.
syg_rsp.exe: 00000D38: 08:02:55 [TUniGUISessionManager]:Terminating Session manager.
syg_rsp.exe: 00000D38: 08:02:55 [TUniGUISessionManager]:Stopping Cache Eraser...
syg_rsp.exe: 00000D38: 08:02:55 [TUniGUISessionManager]:Cache Eraser Stopped.
syg_rsp.exe: 00000D38: 08:02:55 [TUniGUISessionManager]:Destroying Worker Threads.
syg_rsp.exe: 00000D38: 08:02:55 [TUniGUISessionManager]:Session manager terminated.
syg_rsp.exe: 00000D38: 08:02:55 [TUniServerModule]:Server Shutdown Completed.
syg_rsp.exe: 00000D38: 08:02:55 []:<-------------------------------------------------------------->
syg_rsp.exe: 00000D38: 08:02:55 [Terminated]:Exit Code: 0
syg_rsp.exe: 00002358: 08:03:00 []:>--------------------------------------------------------------<
syg_rsp.exe: 00002358: 08:03:00 [TUniServerModule]:Server First Init.
syg_rsp.exe: 00002358: 08:03:00 [TUniServerModule]:Starting HTTP Server on Port: 8077...
syg_rsp.exe: 00002358: 08:03:00 [TUniServerModule]:HTTP Server Started on Port: 8077
syg_rsp.exe: 000043B4: 08:03:04 [127.0.0.1]:EUniSessionException : Invalid session or session Timeout. (Session not found: VEAl5ksJ2J10B09656C ) : Addr: $00804502
syg_rsp.exe: 00002358: 08:05:45 [TUniServerModule]:Shutting Down Server.
syg_rsp.exe: 00002358: 08:05:45 [TUniServerModule]:Stopping HTTP Server.
syg_rsp.exe: 00002358: 08:05:46 [TUniServerModule]:HTTP Server Stopped.
syg_rsp.exe: 00002358: 08:05:46 [TUniGUISessionManager]:Terminating Session manager.
syg_rsp.exe: 00002358: 08:05:46 [TUniGUISessionManager]:Stopping Cache Eraser...
syg_rsp.exe: 00002358: 08:05:46 [TUniGUISessionManager]:Cache Eraser Stopped.
syg_rsp.exe: 00002358: 08:05:46 [TUniGUISessionManager]:Destroying Worker Threads.
syg_rsp.exe: 00002358: 08:05:46 [TUniGUISessionManager]:Session manager terminated.
syg_rsp.exe: 00002358: 08:05:46 [TUniServerModule]:Server Shutdown Completed.
syg_rsp.exe: 00002358: 08:05:46 []:<-------------------------------------------------------------->
syg_rsp.exe: 00002358: 08:05:46 [Terminated]:Exit Code: 0
syg_rsp.exe: 00004EFC: 08:05:50 []:>--------------------------------------------------------------<
syg_rsp.exe: 00004EFC: 08:05:50 [TUniServerModule]:Server First Init.
syg_rsp.exe: 00004EFC: 08:05:50 [TUniServerModule]:Starting HTTP Server on Port: 8077...
syg_rsp.exe: 00004EFC: 08:05:50 [TUniServerModule]:HTTP Server Started on Port: 8077
syg_rsp.exe: 00004724: 08:05:53 [127.0.0.1]:EUniSessionException : Invalid session or session Timeout. (Session not found: ySjCpVTuXO10B0969AB ) : Addr: $00804502
syg_rsp.exe: 000036B8: 08:09:38 [127.0.0.1]:EUniSessionException : Invalid session or session Timeout. (Session not found: 4ETH3dOKih10B096A6E ) : Addr: $00804502
syg_rsp.exe: 000036B8: 08:09:38 [127.0.0.1]:EUniSessionException : Invalid session or session Timeout. (Session not found: 4ETH3dOKih10B096A6E ) : Addr: $00804502
syg_rsp.exe: 00004EFC: 08:10:04 [TUniServerModule]:Shutting Down Server.
syg_rsp.exe: 00004EFC: 08:10:04 [TUniServerModule]:Stopping HTTP Server.
syg_rsp.exe: 00004EFC: 08:10:05 [TUniServerModule]:HTTP Server Stopped.
syg_rsp.exe: 00004EFC: 08:10:05 [TUniGUISessionManager]:Terminating Session manager.
syg_rsp.exe: 00004EFC: 08:10:05 [TUniGUISessionManager]:Stopping Cache Eraser...
syg_rsp.exe: 00004EFC: 08:10:05 [TUniGUISessionManager]:Cache Eraser Stopped.
syg_rsp.exe: 00004EFC: 08:10:05 [TUniGUISessionManager]:Destroying Worker Threads.
syg_rsp.exe: 00004EFC: 08:10:05 [TUniGUISessionManager]:Session manager terminated.
syg_rsp.exe: 00004EFC: 08:10:05 [TUniServerModule]:Server Shutdown Completed.
syg_rsp.exe: 00004EFC: 08:10:05 []:<-------------------------------------------------------------->
syg_rsp.exe: 00004EFC: 08:10:05 [Terminated]:Exit Code: 0
syg_rsp.exe: 00003994: 08:10:11 []:>--------------------------------------------------------------<
syg_rsp.exe: 00003994: 08:10:11 [TUniServerModule]:Server First Init.
syg_rsp.exe: 00003994: 08:10:11 [TUniServerModule]:Starting HTTP Server on Port: 8077...
syg_rsp.exe: 00003994: 08:10:11 [TUniServerModule]:HTTP Server Started on Port: 8077
syg_rsp.exe: 0000250C: 08:10:13 [127.0.0.1]:EUniSessionException : Invalid session or session Timeout. (Session not found: syi6czfmaW10B096B78 ) : Addr: $00804502
syg_rsp.exe: 00003994: 08:10:48 [TUniServerModule]:Shutting Down Server.
syg_rsp.exe: 00003994: 08:10:48 [TUniServerModule]:Stopping HTTP Server.
syg_rsp.exe: 00003994: 08:10:50 [TUniServerModule]:HTTP Server Stopped.
syg_rsp.exe: 00003994: 08:10:50 [TUniGUISessionManager]:Terminating Session manager.
syg_rsp.exe: 00003994: 08:10:50 [TUniGUISessionManager]:Stopping Cache Eraser...
syg_rsp.exe: 00003994: 08:10:50 [TUniGUISessionManager]:Cache Eraser Stopped.
syg_rsp.exe: 00003994: 08:10:50 [TUniGUISessionManager]:Destroying Worker Threads.
syg_rsp.exe: 00003994: 08:10:50 [TUniGUISessionManager]:Session manager terminated.
syg_rsp.exe: 00003994: 08:10:50 [TUniServerModule]:Server Shutdown Completed.
syg_rsp.exe: 00003994: 08:10:50 []:<-------------------------------------------------------------->
syg_rsp.exe: 00003994: 08:10:50 [Terminated]:Exit Code: 0
syg_rsp.exe: 000028B8: 08:10:52 []:>--------------------------------------------------------------<
syg_rsp.exe: 000028B8: 08:10:52 [TUniServerModule]:Server First Init.
syg_rsp.exe: 000028B8: 08:10:52 [TUniServerModule]:Starting HTTP Server on Port: 8077...
syg_rsp.exe: 000028B8: 08:10:52 [TUniServerModule]:HTTP Server Started on Port: 8077
syg_rsp.exe: 00003868: 08:10:54 [127.0.0.1]:EUniSessionException : Invalid session or session Timeout. (Session not found: DnjeGpPJ5F10B096B9B ) : Addr: $00804502
syg_rsp.exe: 000028B8: 08:13:43 [TUniServerModule]:Shutting Down Server.
syg_rsp.exe: 000028B8: 08:13:43 [TUniServerModule]:Stopping HTTP Server.
syg_rsp.exe: 000028B8: 08:13:44 [TUniServerModule]:HTTP Server Stopped.
syg_rsp.exe: 000028B8: 08:13:44 [TUniGUISessionManager]:Terminating Session manager.
syg_rsp.exe: 000028B8: 08:13:44 [TUniGUISessionManager]:Stopping Cache Eraser...
syg_rsp.exe: 000028B8: 08:13:44 [TUniGUISessionManager]:Cache Eraser Stopped.
syg_rsp.exe: 000028B8: 08:13:44 [TUniGUISessionManager]:Destroying Worker Threads.
syg_rsp.exe: 000028B8: 08:13:44 [TUniGUISessionManager]:Session manager terminated.
syg_rsp.exe: 000028B8: 08:13:44 [TUniServerModule]:Server Shutdown Completed.
syg_rsp.exe: 000028B8: 08:13:44 []:<-------------------------------------------------------------->
syg_rsp.exe: 000028B8: 08:13:44 [Terminated]:Exit Code: 0
syg_rsp.exe: 0000270C: 08:13:50 []:>--------------------------------------------------------------<
syg_rsp.exe: 0000270C: 08:13:50 [TUniServerModule]:Server First Init.
syg_rsp.exe: 0000270C: 08:13:50 [TUniServerModule]:Starting HTTP Server on Port: 8077...
syg_rsp.exe: 0000270C: 08:13:50 [TUniServerModule]:HTTP Server Started on Port: 8077
syg_rsp.exe: 00003C80: 08:13:53 [127.0.0.1]:EUniSessionException : Invalid session or session Timeout. (Session not found: BOS3Y5I8Jr10B096BCB ) : Addr: $00804502
syg_rsp.exe: 0000270C: 09:24:47 [TUniServerModule]:Shutting Down Server.
syg_rsp.exe: 0000270C: 09:24:47 [TUniServerModule]:Stopping HTTP Server.
syg_rsp.exe: 0000270C: 09:24:47 [TUniServerModule]:HTTP Server Stopped.
syg_rsp.exe: 0000270C: 09:24:47 [TUniGUISessionManager]:Terminating Session manager.
syg_rsp.exe: 0000270C: 09:24:47 [TUniGUISessionManager]:Stopping Cache Eraser...
syg_rsp.exe: 0000270C: 09:24:47 [TUniGUISessionManager]:Cache Eraser Stopped.
syg_rsp.exe: 0000270C: 09:24:47 [TUniGUISessionManager]:Destroying Worker Threads.
syg_rsp.exe: 0000270C: 09:24:47 [TUniGUISessionManager]:Session manager terminated.
syg_rsp.exe: 0000270C: 09:24:47 [TUniServerModule]:Server Shutdown Completed.
syg_rsp.exe: 0000270C: 09:24:47 []:<-------------------------------------------------------------->
syg_rsp.exe: 0000270C: 09:24:47 [Terminated]:Exit Code: 0
syg_rsp.exe: 000042A0: 09:26:01 []:>--------------------------------------------------------------<
syg_rsp.exe: 000042A0: 09:26:01 [TUniServerModule]:Server First Init.
syg_rsp.exe: 000042A0: 09:26:01 [TUniServerModule]:Starting HTTP Server on Port: 8077...
syg_rsp.exe: 000042A0: 09:26:01 [TUniServerModule]:HTTP Server Started on Port: 8077
syg_rsp.exe: 00003DA8: 09:26:07 [127.0.0.1]:EUniSessionException : Invalid session or session Timeout. (Session not found: 2zqQFvTAGp10B096C9A ) : Addr: $00804502
syg_rsp.exe: 00003DA8: 09:26:15 [[MySQL][ODBC 8.0(a) Driver][mysqld-8.0.29]Table 'rsp.profil' doesn't exist-127.0.0.1]:EOleException : [MySQL][ODBC 8.0(a) Driver][mysqld-8.0.29]Table 'rsp.profil' doesn't exist : Addr: $00818C37
syg_rsp.exe: 000042A0: 09:29:03 [TUniServerModule]:Shutting Down Server.
syg_rsp.exe: 000042A0: 09:29:03 [TUniServerModule]:Stopping HTTP Server.
syg_rsp.exe: 000042A0: 09:29:04 [TUniServerModule]:HTTP Server Stopped.
syg_rsp.exe: 000042A0: 09:29:04 [TUniGUISessionManager]:Terminating Session manager.
syg_rsp.exe: 000042A0: 09:29:04 [TUniGUISessionManager]:Stopping Cache Eraser...
syg_rsp.exe: 000042A0: 09:29:04 [TUniGUISessionManager]:Cache Eraser Stopped.
syg_rsp.exe: 000042A0: 09:29:04 [TUniGUISessionManager]:Destroying Worker Threads.
syg_rsp.exe: 000042A0: 09:29:04 [TUniGUISessionManager]:Session manager terminated.
syg_rsp.exe: 000042A0: 09:29:04 [TUniServerModule]:Server Shutdown Completed.
syg_rsp.exe: 000042A0: 09:29:04 []:<-------------------------------------------------------------->
syg_rsp.exe: 000042A0: 09:29:04 [Terminated]:Exit Code: 0
syg_rsp.exe: 00003560: 09:29:07 []:>--------------------------------------------------------------<
syg_rsp.exe: 00003560: 09:29:07 [TUniServerModule]:Server First Init.
syg_rsp.exe: 00003560: 09:29:07 [TUniServerModule]:Starting HTTP Server on Port: 8077...
syg_rsp.exe: 00003560: 09:29:07 [TUniServerModule]:HTTP Server Started on Port: 8077
syg_rsp.exe: 000007EC: 09:29:11 [127.0.0.1]:EUniSessionException : Invalid session or session Timeout. (Session not found: AIKUXBfphr10B098032 ) : Addr: $00804502
syg_rsp.exe: 000007EC: 09:29:11 [127.0.0.1]:EUniSessionException : Invalid session or session Timeout. (Session not found: AIKUXBfphr10B098032 ) : Addr: $00804502
syg_rsp.exe: 00003560: 09:30:23 [TUniServerModule]:Shutting Down Server.
syg_rsp.exe: 00003560: 09:30:23 [TUniServerModule]:Stopping HTTP Server.
syg_rsp.exe: 00003560: 09:30:24 [TUniServerModule]:HTTP Server Stopped.
syg_rsp.exe: 00003560: 09:30:24 [TUniGUISessionManager]:Terminating Session manager.
syg_rsp.exe: 00003560: 09:30:24 [TUniGUISessionManager]:Stopping Cache Eraser...
syg_rsp.exe: 00003560: 09:30:24 [TUniGUISessionManager]:Cache Eraser Stopped.
syg_rsp.exe: 00003560: 09:30:24 [TUniGUISessionManager]:Destroying Worker Threads.
syg_rsp.exe: 00003560: 09:30:24 [TUniGUISessionManager]:Session manager terminated.
syg_rsp.exe: 00003560: 09:30:24 [TUniServerModule]:Server Shutdown Completed.
syg_rsp.exe: 00003560: 09:30:24 []:<-------------------------------------------------------------->
syg_rsp.exe: 00003560: 09:30:24 [Terminated]:Exit Code: 0
syg_rsp.exe: 000041A0: 09:30:26 []:>--------------------------------------------------------------<
syg_rsp.exe: 000041A0: 09:30:26 [TUniServerModule]:Server First Init.
syg_rsp.exe: 000041A0: 09:30:27 [TUniServerModule]:Starting HTTP Server on Port: 8077...
syg_rsp.exe: 000041A0: 09:30:27 [TUniServerModule]:HTTP Server Started on Port: 8077
syg_rsp.exe: 00000368: 09:30:29 [127.0.0.1]:EUniSessionException : Invalid session or session Timeout. (Session not found: qgMFlrBzLc10B098107 ) : Addr: $00804502
syg_rsp.exe: 000041A0: 09:31:06 [TUniServerModule]:Shutting Down Server.
syg_rsp.exe: 000041A0: 09:31:06 [TUniServerModule]:Stopping HTTP Server.
syg_rsp.exe: 000041A0: 09:31:07 [TUniServerModule]:HTTP Server Stopped.
syg_rsp.exe: 000041A0: 09:31:07 [TUniGUISessionManager]:Terminating Session manager.
syg_rsp.exe: 000041A0: 09:31:07 [TUniGUISessionManager]:Stopping Cache Eraser...
syg_rsp.exe: 000041A0: 09:31:07 [TUniGUISessionManager]:Cache Eraser Stopped.
syg_rsp.exe: 000041A0: 09:31:07 [TUniGUISessionManager]:Destroying Worker Threads.
syg_rsp.exe: 000041A0: 09:31:07 [TUniGUISessionManager]:Session manager terminated.
syg_rsp.exe: 000041A0: 09:31:07 [TUniServerModule]:Server Shutdown Completed.
syg_rsp.exe: 000041A0: 09:31:07 []:<-------------------------------------------------------------->
syg_rsp.exe: 000041A0: 09:31:07 [Terminated]:Exit Code: 0
syg_rsp.exe: 00004704: 09:31:14 []:>--------------------------------------------------------------<
syg_rsp.exe: 00004704: 09:31:14 [TUniServerModule]:Server First Init.
syg_rsp.exe: 00004704: 09:31:14 [TUniServerModule]:Starting HTTP Server on Port: 8077...
syg_rsp.exe: 00004704: 09:31:14 [TUniServerModule]:HTTP Server Started on Port: 8077
syg_rsp.exe: 00000CD8: 09:31:17 [127.0.0.1]:EUniSessionException : Invalid session or session Timeout. (Session not found: XAFlFQcMta10B098161 ) : Addr: $00804502
syg_rsp.exe: 00000CD8: 09:31:50 [127.0.0.1]:EOleException : [MySQL][ODBC 8.0(a) Driver][mysqld-8.0.29]You have an error in your SQL syntax; check the manual that corresponds to your MySQL server version for the right syntax to use near '=?, description_profil=? WHERE id_profil=?' at line 1 : Addr: $00817EF2
syg_rsp.exe: 00004704: 09:40:19 [TUniServerModule]:Shutting Down Server.
syg_rsp.exe: 00004704: 09:40:19 [TUniServerModule]:Stopping HTTP Server.
syg_rsp.exe: 00004704: 09:40:20 [TUniServerModule]:HTTP Server Stopped.
syg_rsp.exe: 00004704: 09:40:20 [TUniGUISessionManager]:Terminating Session manager.
syg_rsp.exe: 00004704: 09:40:20 [TUniGUISessionManager]:Stopping Cache Eraser...
syg_rsp.exe: 00004704: 09:40:20 [TUniGUISessionManager]:Cache Eraser Stopped.
syg_rsp.exe: 00004704: 09:40:20 [TUniGUISessionManager]:Destroying Worker Threads.
syg_rsp.exe: 00004704: 09:40:20 [TUniGUISessionManager]:Session manager terminated.
syg_rsp.exe: 00004704: 09:40:20 [TUniServerModule]:Server Shutdown Completed.
syg_rsp.exe: 00004704: 09:40:20 []:<-------------------------------------------------------------->
syg_rsp.exe: 00004704: 09:40:20 [Terminated]:Exit Code: 0
syg_rsp.exe: 00002220: 09:40:23 []:>--------------------------------------------------------------<
syg_rsp.exe: 00002220: 09:40:23 [TUniServerModule]:Server First Init.
syg_rsp.exe: 00002220: 09:40:23 [TUniServerModule]:Starting HTTP Server on Port: 8077...
syg_rsp.exe: 00002220: 09:40:23 [TUniServerModule]:HTTP Server Started on Port: 8077
syg_rsp.exe: 00001774: 09:42:20 [127.0.0.1]:EUniSessionException : Invalid session or session Timeout. (Session not found: d92o8F87VQ10B098198 ) : Addr: $00804502
syg_rsp.exe: 00004E3C: 09:42:33 [127.0.0.1]:EOleException : [MySQL][ODBC 8.0(a) Driver][mysqld-8.0.29]You have an error in your SQL syntax; check the manual that corresponds to your MySQL server version for the right syntax to use near '=?, description_profil=? WHERE id_profil=?' at line 1 : Addr: $00817EF2
syg_rsp.exe: 000033C8: 09:45:05 [127.0.0.1]:EOleException : [MySQL][ODBC 8.0(a) Driver][mysqld-8.0.29]Incorrect datetime value: '23/07/2022' for column 'date_rade' at row 1 : Addr: $00817EF2
syg_rsp.exe: 00002220: 09:45:34 [TUniServerModule]:Shutting Down Server.
syg_rsp.exe: 00002220: 09:45:34 [TUniServerModule]:Stopping HTTP Server.
syg_rsp.exe: 00002220: 09:45:35 [TUniServerModule]:HTTP Server Stopped.
syg_rsp.exe: 00002220: 09:45:35 [TUniGUISessionManager]:Terminating Session manager.
syg_rsp.exe: 00002220: 09:45:35 [TUniGUISessionManager]:Stopping Cache Eraser...
syg_rsp.exe: 00002220: 09:45:35 [TUniGUISessionManager]:Cache Eraser Stopped.
syg_rsp.exe: 00002220: 09:45:35 [TUniGUISessionManager]:Destroying Worker Threads.
syg_rsp.exe: 00002220: 09:45:35 [TUniGUISessionManager]:Session manager terminated.
syg_rsp.exe: 00002220: 09:45:35 [TUniServerModule]:Server Shutdown Completed.
syg_rsp.exe: 00002220: 09:45:35 []:<-------------------------------------------------------------->
syg_rsp.exe: 00002220: 09:45:35 [Terminated]:Exit Code: 0
syg_rsp.exe: 00002CB0: 09:45:44 []:>--------------------------------------------------------------<
syg_rsp.exe: 00002CB0: 09:45:44 [TUniServerModule]:Server First Init.
syg_rsp.exe: 00002CB0: 09:45:44 [TUniServerModule]:Starting HTTP Server on Port: 8077...
syg_rsp.exe: 00002CB0: 09:45:44 [TUniServerModule]:HTTP Server Started on Port: 8077
syg_rsp.exe: 00004044: 09:45:46 [127.0.0.1]:EUniSessionException : Invalid session or session Timeout. (Session not found: t6rqFtaVnS10B098498 ) : Addr: $00804502
syg_rsp.exe: 000031BC: 09:46:20 [127.0.0.1]:EDatabaseError : DQ_Grid_TM: Impossible d'effectuer cette opération sur un ensemble de données fermé : Addr: $006938F2
syg_rsp.exe: 00002CB0: 09:46:55 [TUniServerModule]:Shutting Down Server.
syg_rsp.exe: 00002CB0: 09:46:55 [TUniServerModule]:Stopping HTTP Server.
syg_rsp.exe: 00002CB0: 09:46:56 [TUniServerModule]:HTTP Server Stopped.
syg_rsp.exe: 00002CB0: 09:46:56 [TUniGUISessionManager]:Terminating Session manager.
syg_rsp.exe: 00002CB0: 09:46:56 [TUniGUISessionManager]:Stopping Cache Eraser...
syg_rsp.exe: 00002CB0: 09:46:56 [TUniGUISessionManager]:Cache Eraser Stopped.
syg_rsp.exe: 00002CB0: 09:46:56 [TUniGUISessionManager]:Destroying Worker Threads.
syg_rsp.exe: 00002CB0: 09:46:56 [TUniGUISessionManager]:Session manager terminated.
syg_rsp.exe: 00002CB0: 09:46:56 [TUniServerModule]:Server Shutdown Completed.
syg_rsp.exe: 00002CB0: 09:46:56 []:<-------------------------------------------------------------->
syg_rsp.exe: 00002CB0: 09:46:56 [Terminated]:Exit Code: 0
syg_rsp.exe: 00003D2C: 09:46:59 []:>--------------------------------------------------------------<
syg_rsp.exe: 00003D2C: 09:46:59 [TUniServerModule]:Server First Init.
syg_rsp.exe: 00003D2C: 09:46:59 [TUniServerModule]:Starting HTTP Server on Port: 8077...
syg_rsp.exe: 00003D2C: 09:46:59 [TUniServerModule]:HTTP Server Started on Port: 8077
syg_rsp.exe: 000035C0: 09:47:08 [127.0.0.1]:EUniSessionException : Invalid session or session Timeout. (Session not found: kOjF4mLXPr10B098586 ) : Addr: $00804502
syg_rsp.exe: 00003D2C: 09:48:19 [TUniServerModule]:Shutting Down Server.
syg_rsp.exe: 00003D2C: 09:48:19 [TUniServerModule]:Stopping HTTP Server.
syg_rsp.exe: 00003D2C: 09:48:20 [TUniServerModule]:HTTP Server Stopped.
syg_rsp.exe: 00003D2C: 09:48:20 [TUniGUISessionManager]:Terminating Session manager.
syg_rsp.exe: 00003D2C: 09:48:20 [TUniGUISessionManager]:Stopping Cache Eraser...
syg_rsp.exe: 00003D2C: 09:48:21 [TUniGUISessionManager]:Cache Eraser Stopped.
syg_rsp.exe: 00003D2C: 09:48:21 [TUniGUISessionManager]:Destroying Worker Threads.
syg_rsp.exe: 00003D2C: 09:48:21 [TUniGUISessionManager]:Session manager terminated.
syg_rsp.exe: 00003D2C: 09:48:21 [TUniServerModule]:Server Shutdown Completed.
syg_rsp.exe: 00003D2C: 09:48:21 []:<-------------------------------------------------------------->
syg_rsp.exe: 00003D2C: 09:48:21 [Terminated]:Exit Code: 0
syg_rsp.exe: 00002A88: 09:48:23 []:>--------------------------------------------------------------<
syg_rsp.exe: 00002A88: 09:48:23 [TUniServerModule]:Server First Init.
syg_rsp.exe: 00002A88: 09:48:23 [TUniServerModule]:Starting HTTP Server on Port: 8077...
syg_rsp.exe: 00002A88: 09:48:23 [TUniServerModule]:HTTP Server Started on Port: 8077
syg_rsp.exe: 000022DC: 09:48:26 [127.0.0.1]:EUniSessionException : Invalid session or session Timeout. (Session not found: nfcYNZYxwo10B0985E5 ) : Addr: $00804502
syg_rsp.exe: 00003334: 10:07:36 [127.0.0.1]:EUniSessionException : Invalid session or session Timeout. (Session not found: NYFzwX7u6x10B098640 ) : Addr: $00804502
