syg_rsp.exe: 00002164: 06:34:05 [127.0.0.1]:EUniSessionException : Invalid session or session Timeout. (Session not found: I9MXrR6UNT10BB1EA4E ) : Addr: $0082D9FE
syg_rsp.exe: 00001AD4: 08:14:57 [TUniServerModule]:Shutting Down Server.
syg_rsp.exe: 00001AD4: 08:14:57 [TUniServerModule]:Stopping HTTP Server.
syg_rsp.exe: 00001AD4: 08:14:57 [TUniServerModule]:HTTP Server Stopped.
syg_rsp.exe: 00001AD4: 08:14:57 [TUniGUISessionManager]:Terminating Session manager.
syg_rsp.exe: 00001AD4: 08:14:57 [TUniGUISessionManager]:Stopping Cache Eraser...
syg_rsp.exe: 00001AD4: 08:14:57 [TUniGUISessionManager]:Cache Eraser Stopped.
syg_rsp.exe: 00001AD4: 08:14:58 [TUniGUISessionManager]:Destroying Worker Threads.
syg_rsp.exe: 00001AD4: 08:14:58 [TUniGUISessionManager]:Session manager terminated.
syg_rsp.exe: 00001AD4: 08:14:58 [TUniServerModule]:Server Shutdown Completed.
syg_rsp.exe: 00001AD4: 08:14:58 []:<-------------------------------------------------------------->
syg_rsp.exe: 00001AD4: 08:14:58 [Terminated]:Exit Code: 0
syg_rsp.exe: 00004DE4: 08:30:28 []:>--------------------------------------------------------------<
syg_rsp.exe: 00004DE4: 08:30:28 [TUniServerModule]:Server First Init.
syg_rsp.exe: 00004DE4: 08:30:28 [TUniServerModule]:Starting HTTP Server on Port: 8077...
syg_rsp.exe: 00004DE4: 08:30:28 [TUniServerModule]:HTTP Server Started on Port: 8077
syg_rsp.exe: 000045DC: 08:30:32 [127.0.0.1]:EUniSessionException : Invalid session or session Timeout. (Session not found: BPB1GuSzb710BB2CB78 ) : Addr: $0082D9FE
syg_rsp.exe: 00004EA4: 08:30:32 [127.0.0.1]:EUniSessionException : Invalid session or session Timeout. (Session not found: BPB1GuSzb710BB2CB78 ) : Addr: $0082D9FE
syg_rsp.exe: 00004DE4: 08:31:31 [TUniServerModule]:Shutting Down Server.
syg_rsp.exe: 00004DE4: 08:31:31 [TUniServerModule]:Stopping HTTP Server.
syg_rsp.exe: 00004DE4: 08:31:32 [TUniServerModule]:HTTP Server Stopped.
syg_rsp.exe: 00004DE4: 08:31:32 [TUniGUISessionManager]:Terminating Session manager.
syg_rsp.exe: 00004DE4: 08:31:32 [TUniGUISessionManager]:Stopping Cache Eraser...
syg_rsp.exe: 00004DE4: 08:31:32 [TUniGUISessionManager]:Cache Eraser Stopped.
syg_rsp.exe: 00004DE4: 08:31:32 [TUniGUISessionManager]:Destroying Worker Threads.
syg_rsp.exe: 00004DE4: 08:31:32 [TUniGUISessionManager]:Session manager terminated.
syg_rsp.exe: 00004DE4: 08:31:32 [TUniServerModule]:Server Shutdown Completed.
syg_rsp.exe: 00004DE4: 08:31:32 []:<-------------------------------------------------------------->
syg_rsp.exe: 00004DE4: 08:31:32 [Terminated]:Exit Code: 0
syg_rsp.exe: 00004A54: 08:31:34 []:>--------------------------------------------------------------<
syg_rsp.exe: 00004A54: 08:31:34 [TUniServerModule]:Server First Init.
syg_rsp.exe: 00004A54: 08:31:35 [TUniServerModule]:Starting HTTP Server on Port: 8077...
syg_rsp.exe: 00004A54: 08:31:35 [TUniServerModule]:HTTP Server Started on Port: 8077
syg_rsp.exe: 000023F0: 08:31:36 [127.0.0.1]:EUniSessionException : Invalid session or session Timeout. (Session not found: mIaG92j3MD10BB2D07F ) : Addr: $0082D9FE
syg_rsp.exe: 00002EE8: 08:31:36 [127.0.0.1]:EUniSessionException : Invalid session or session Timeout. (Session not found: mIaG92j3MD10BB2D07F ) : Addr: $0082D9FE
syg_rsp.exe: 00004A54: 08:34:07 [TUniServerModule]:Shutting Down Server.
syg_rsp.exe: 00004A54: 08:34:07 [TUniServerModule]:Stopping HTTP Server.
syg_rsp.exe: 00004A54: 08:34:08 [TUniServerModule]:HTTP Server Stopped.
syg_rsp.exe: 00004A54: 08:34:08 [TUniGUISessionManager]:Terminating Session manager.
syg_rsp.exe: 00004A54: 08:34:08 [TUniGUISessionManager]:Stopping Cache Eraser...
syg_rsp.exe: 00004A54: 08:34:08 [TUniGUISessionManager]:Cache Eraser Stopped.
syg_rsp.exe: 00004A54: 08:34:08 [TUniGUISessionManager]:Destroying Worker Threads.
syg_rsp.exe: 00004A54: 08:34:08 [TUniGUISessionManager]:Session manager terminated.
syg_rsp.exe: 00004A54: 08:34:08 [TUniServerModule]:Server Shutdown Completed.
syg_rsp.exe: 00004A54: 08:34:08 []:<-------------------------------------------------------------->
syg_rsp.exe: 00004A54: 08:34:08 [Terminated]:Exit Code: 0
syg_rsp.exe: 00004534: 08:34:11 []:>--------------------------------------------------------------<
syg_rsp.exe: 00004534: 08:34:11 [TUniServerModule]:Server First Init.
syg_rsp.exe: 00004534: 08:34:11 [TUniServerModule]:Starting HTTP Server on Port: 8077...
syg_rsp.exe: 00004534: 08:34:11 [TUniServerModule]:HTTP Server Started on Port: 8077
syg_rsp.exe: 00004BB8: 08:34:12 [127.0.0.1]:EUniSessionException : Invalid session or session Timeout. (Session not found: T2ANhognK610BB2D0C8 ) : Addr: $0082D9FE
syg_rsp.exe: 00004CC0: 08:34:12 [127.0.0.1]:EUniSessionException : Invalid session or session Timeout. (Session not found: T2ANhognK610BB2D0C8 ) : Addr: $0082D9FE
syg_rsp.exe: 00004534: 08:35:30 [TUniServerModule]:Shutting Down Server.
syg_rsp.exe: 00004534: 08:35:30 [TUniServerModule]:Stopping HTTP Server.
syg_rsp.exe: 00004534: 08:35:31 [TUniServerModule]:HTTP Server Stopped.
syg_rsp.exe: 00004534: 08:35:31 [TUniGUISessionManager]:Terminating Session manager.
syg_rsp.exe: 00004534: 08:35:31 [TUniGUISessionManager]:Stopping Cache Eraser...
syg_rsp.exe: 00004534: 08:35:31 [TUniGUISessionManager]:Cache Eraser Stopped.
syg_rsp.exe: 00004534: 08:35:31 [TUniGUISessionManager]:Destroying Worker Threads.
syg_rsp.exe: 00004534: 08:35:31 [TUniGUISessionManager]:Session manager terminated.
syg_rsp.exe: 00004534: 08:35:31 [TUniServerModule]:Server Shutdown Completed.
syg_rsp.exe: 00004534: 08:35:31 []:<-------------------------------------------------------------->
syg_rsp.exe: 00004534: 08:35:32 [Terminated]:Exit Code: 0
syg_rsp.exe: 00001F7C: 08:35:35 []:>--------------------------------------------------------------<
syg_rsp.exe: 00001F7C: 08:35:35 [TUniServerModule]:Server First Init.
syg_rsp.exe: 00001F7C: 08:35:35 [TUniServerModule]:Starting HTTP Server on Port: 8077...
syg_rsp.exe: 00001F7C: 08:35:35 [TUniServerModule]:HTTP Server Started on Port: 8077
syg_rsp.exe: 00004790: 08:35:36 [127.0.0.1]:EUniSessionException : Invalid session or session Timeout. (Session not found: 7jTCXCfIDf10BB2D17D ) : Addr: $0082D9FE
syg_rsp.exe: 0000091C: 08:35:36 [127.0.0.1]:EUniSessionException : Invalid session or session Timeout. (Session not found: 7jTCXCfIDf10BB2D17D ) : Addr: $0082D9FE
syg_rsp.exe: 000050BC: 08:48:27 [127.0.0.1]:EUniSessionException : Invalid session or session Timeout. (Session not found: h8mrBLDdMh10BB2D1DE ) : Addr: $0082D9FE
