syg_rsp.exe: 000033B0: 02:14:12 []:>--------------------------------------------------------------<
syg_rsp.exe: 000033B0: 02:14:12 [TUniServerModule]:Server First Init.
syg_rsp.exe: 000033B0: 02:14:12 [TUniServerModule]:Global Cache Folder Erased. <47> Files deleted.
syg_rsp.exe: 000033B0: 02:14:12 [TUniServerModule]:Starting HTTP Server on Port: 8077...
syg_rsp.exe: 000033B0: 02:14:12 [TUniServerModule]:HTTP Server Started on Port: 8077
syg_rsp.exe: 000033B0: 02:50:04 [TUniServerModule]:Shutting Down Server.
syg_rsp.exe: 000033B0: 02:50:04 [TUniServerModule]:Stopping HTTP Server.
syg_rsp.exe: 000033B0: 02:50:04 [TUniServerModule]:HTTP Server Stopped.
syg_rsp.exe: 000033B0: 02:50:04 [TUniGUISessionManager]:Terminating Session manager.
syg_rsp.exe: 000033B0: 02:50:04 [TUniGUISessionManager]:Stopping Cache Eraser...
syg_rsp.exe: 000033B0: 02:50:04 [TUniGUISessionManager]:Cache Eraser Stopped.
syg_rsp.exe: 000033B0: 02:50:04 [TUniGUISessionManager]:Destroying Worker Threads.
syg_rsp.exe: 000033B0: 02:50:04 [TUniGUISessionManager]:Session manager terminated.
syg_rsp.exe: 000033B0: 02:50:05 [TUniServerModule]:Server Shutdown Completed.
syg_rsp.exe: 000033B0: 02:50:05 []:<-------------------------------------------------------------->
syg_rsp.exe: 000033B0: 02:50:05 [Terminated]:Exit Code: 0
syg_rsp.exe: 000010E8: 02:50:11 []:>--------------------------------------------------------------<
syg_rsp.exe: 000010E8: 02:50:11 [TUniServerModule]:Server First Init.
syg_rsp.exe: 000010E8: 02:50:11 [TUniServerModule]:Starting HTTP Server on Port: 8077...
syg_rsp.exe: 000010E8: 02:50:11 [TUniServerModule]:HTTP Server Started on Port: 8077
syg_rsp.exe: 000009F4: 02:50:15 [127.0.0.1]:EUniSessionException : Invalid session or session Timeout. (Session not found: YRJfJN9aR910B354B2C ) : Addr: $0080492E
syg_rsp.exe: 000010E8: 02:51:19 [TUniServerModule]:Shutting Down Server.
syg_rsp.exe: 000010E8: 02:51:19 [TUniServerModule]:Stopping HTTP Server.
syg_rsp.exe: 000010E8: 02:51:20 [TUniServerModule]:HTTP Server Stopped.
syg_rsp.exe: 000010E8: 02:51:20 [TUniGUISessionManager]:Terminating Session manager.
syg_rsp.exe: 000010E8: 02:51:20 [TUniGUISessionManager]:Stopping Cache Eraser...
syg_rsp.exe: 000010E8: 02:51:20 [TUniGUISessionManager]:Cache Eraser Stopped.
syg_rsp.exe: 000010E8: 02:51:20 [TUniGUISessionManager]:Destroying Worker Threads.
syg_rsp.exe: 000010E8: 02:51:20 [TUniGUISessionManager]:Session manager terminated.
syg_rsp.exe: 000010E8: 02:51:20 [TUniServerModule]:Server Shutdown Completed.
syg_rsp.exe: 000010E8: 02:51:20 []:<-------------------------------------------------------------->
syg_rsp.exe: 000010E8: 02:51:20 [Terminated]:Exit Code: 0
syg_rsp.exe: 00003604: 02:51:22 []:>--------------------------------------------------------------<
syg_rsp.exe: 00003604: 02:51:22 [TUniServerModule]:Server First Init.
syg_rsp.exe: 00003604: 02:51:22 [TUniServerModule]:Starting HTTP Server on Port: 8077...
syg_rsp.exe: 00003604: 02:51:22 [TUniServerModule]:HTTP Server Started on Port: 8077
syg_rsp.exe: 0000300C: 02:51:24 [127.0.0.1]:EUniSessionException : Invalid session or session Timeout. (Session not found: ZUrxEBInvn10B3554EF ) : Addr: $0080492E
syg_rsp.exe: 00003604: 03:00:58 [TUniServerModule]:Shutting Down Server.
syg_rsp.exe: 00003604: 03:00:58 [TUniServerModule]:Stopping HTTP Server.
syg_rsp.exe: 00003604: 03:00:59 [TUniServerModule]:HTTP Server Stopped.
syg_rsp.exe: 00003604: 03:00:59 [TUniGUISessionManager]:Terminating Session manager.
syg_rsp.exe: 00003604: 03:00:59 [TUniGUISessionManager]:Stopping Cache Eraser...
syg_rsp.exe: 00003604: 03:00:59 [TUniGUISessionManager]:Cache Eraser Stopped.
syg_rsp.exe: 00003604: 03:01:00 [TUniGUISessionManager]:Destroying Worker Threads.
syg_rsp.exe: 00003604: 03:01:00 [TUniGUISessionManager]:Session manager terminated.
syg_rsp.exe: 00003604: 03:01:00 [TUniServerModule]:Server Shutdown Completed.
syg_rsp.exe: 00003604: 03:01:00 []:<-------------------------------------------------------------->
syg_rsp.exe: 00003604: 03:01:00 [Terminated]:Exit Code: 0
syg_rsp.exe: 00001070: 03:01:03 []:>--------------------------------------------------------------<
syg_rsp.exe: 00001070: 03:01:03 [TUniServerModule]:Server First Init.
syg_rsp.exe: 00001070: 03:01:03 [TUniServerModule]:Starting HTTP Server on Port: 8077...
syg_rsp.exe: 00001070: 03:01:03 [TUniServerModule]:HTTP Server Started on Port: 8077
syg_rsp.exe: 00000290: 03:01:07 [127.0.0.1]:EUniSessionException : Invalid session or session Timeout. (Session not found: Ed3YcZhypK10B355636 ) : Addr: $0080492E
syg_rsp.exe: 00001070: 03:04:54 [TUniServerModule]:Shutting Down Server.
syg_rsp.exe: 00001070: 03:04:54 [TUniServerModule]:Stopping HTTP Server.
syg_rsp.exe: 00001070: 03:04:55 [TUniServerModule]:HTTP Server Stopped.
syg_rsp.exe: 00001070: 03:04:55 [TUniGUISessionManager]:Terminating Session manager.
syg_rsp.exe: 00001070: 03:04:55 [TUniGUISessionManager]:Stopping Cache Eraser...
syg_rsp.exe: 00001070: 03:04:55 [TUniGUISessionManager]:Cache Eraser Stopped.
syg_rsp.exe: 00001070: 03:04:55 [TUniGUISessionManager]:Destroying Worker Threads.
syg_rsp.exe: 00001070: 03:04:55 [TUniGUISessionManager]:Session manager terminated.
syg_rsp.exe: 00001070: 03:04:55 [TUniServerModule]:Server Shutdown Completed.
syg_rsp.exe: 00001070: 03:04:55 []:<-------------------------------------------------------------->
syg_rsp.exe: 00001070: 03:04:55 [Terminated]:Exit Code: 0
syg_rsp.exe: 000025A4: 03:05:00 []:>--------------------------------------------------------------<
syg_rsp.exe: 000025A4: 03:05:00 [TUniServerModule]:Server First Init.
syg_rsp.exe: 000025A4: 03:05:00 [TUniServerModule]:Starting HTTP Server on Port: 8077...
syg_rsp.exe: 000025A4: 03:05:00 [TUniServerModule]:HTTP Server Started on Port: 8077
syg_rsp.exe: 00002080: 03:05:12 [127.0.0.1]:EUniSessionException : Invalid session or session Timeout. (Session not found: jYAn5COFpA10B3557E2 ) : Addr: $0080492E
syg_rsp.exe: 000025A4: 03:09:57 [TUniServerModule]:Shutting Down Server.
syg_rsp.exe: 000025A4: 03:09:57 [TUniServerModule]:Stopping HTTP Server.
syg_rsp.exe: 000025A4: 03:09:58 [TUniServerModule]:HTTP Server Stopped.
syg_rsp.exe: 000025A4: 03:09:58 [TUniGUISessionManager]:Terminating Session manager.
syg_rsp.exe: 000025A4: 03:09:58 [TUniGUISessionManager]:Stopping Cache Eraser...
syg_rsp.exe: 000025A4: 03:09:58 [TUniGUISessionManager]:Cache Eraser Stopped.
syg_rsp.exe: 000025A4: 03:09:58 [TUniGUISessionManager]:Destroying Worker Threads.
syg_rsp.exe: 000025A4: 03:09:58 [TUniGUISessionManager]:Session manager terminated.
syg_rsp.exe: 000025A4: 03:09:58 [TUniServerModule]:Server Shutdown Completed.
syg_rsp.exe: 000025A4: 03:09:58 []:<-------------------------------------------------------------->
syg_rsp.exe: 000025A4: 03:09:58 [Terminated]:Exit Code: 0
syg_rsp.exe: 000012F0: 11:02:25 []:>--------------------------------------------------------------<
syg_rsp.exe: 000012F0: 11:02:25 [TUniServerModule]:Server First Init.
syg_rsp.exe: 000012F0: 11:02:25 [TUniServerModule]:Starting HTTP Server on Port: 8077...
syg_rsp.exe: 000012F0: 11:02:25 [TUniServerModule]:HTTP Server Started on Port: 8077
syg_rsp.exe: 00001398: 11:02:25 [127.0.0.1]:EUniSessionException : Invalid session or session Timeout. (Session not found: 6voT2z3VVM10B3558FE ) : Addr: $0080492E
syg_rsp.exe: 00001398: 11:02:25 [127.0.0.1]:EUniSessionException : Invalid session or session Timeout. (Session not found: 6voT2z3VVM10B3558FE ) : Addr: $0080492E
syg_rsp.exe: 00001398: 11:02:25 [127.0.0.1]:EUniSessionException : Invalid session or session Timeout. (Session not found: 6voT2z3VVM10B3558FE ) : Addr: $0080492E
syg_rsp.exe: 00001398: 11:02:25 [127.0.0.1]:EUniSessionException : Invalid session or session Timeout. (Session not found: 6voT2z3VVM10B3558FE ) : Addr: $0080492E
syg_rsp.exe: 000012F0: 11:03:14 [TUniServerModule]:Shutting Down Server.
syg_rsp.exe: 000012F0: 11:03:14 [TUniServerModule]:Stopping HTTP Server.
syg_rsp.exe: 000012F0: 11:03:15 [TUniServerModule]:HTTP Server Stopped.
syg_rsp.exe: 000012F0: 11:03:15 [TUniGUISessionManager]:Terminating Session manager.
syg_rsp.exe: 000012F0: 11:03:15 [TUniGUISessionManager]:Stopping Cache Eraser...
syg_rsp.exe: 000012F0: 11:03:15 [TUniGUISessionManager]:Cache Eraser Stopped.
syg_rsp.exe: 000012F0: 11:03:15 [TUniGUISessionManager]:Destroying Worker Threads.
syg_rsp.exe: 000012F0: 11:03:15 [TUniGUISessionManager]:Session manager terminated.
syg_rsp.exe: 000012F0: 11:03:15 [TUniServerModule]:Server Shutdown Completed.
syg_rsp.exe: 000012F0: 11:03:15 []:<-------------------------------------------------------------->
syg_rsp.exe: 000012F0: 11:03:15 [Terminated]:Exit Code: 0
syg_rsp.exe: 00003F5C: 11:03:18 []:>--------------------------------------------------------------<
syg_rsp.exe: 00003F5C: 11:03:18 [TUniServerModule]:Server First Init.
syg_rsp.exe: 00003F5C: 11:03:18 [TUniServerModule]:Starting HTTP Server on Port: 8077...
syg_rsp.exe: 00003F5C: 11:03:18 [TUniServerModule]:HTTP Server Started on Port: 8077
syg_rsp.exe: 00000008: 11:03:20 [127.0.0.1]:EUniSessionException : Invalid session or session Timeout. (Session not found: YnDxB21b4L10B35DA73 ) : Addr: $0080492E
syg_rsp.exe: 00003F5C: 11:05:51 [TUniServerModule]:Shutting Down Server.
syg_rsp.exe: 00003F5C: 11:05:51 [TUniServerModule]:Stopping HTTP Server.
syg_rsp.exe: 00003F5C: 11:05:52 [TUniServerModule]:HTTP Server Stopped.
syg_rsp.exe: 00003F5C: 11:05:52 [TUniGUISessionManager]:Terminating Session manager.
syg_rsp.exe: 00003F5C: 11:05:52 [TUniGUISessionManager]:Stopping Cache Eraser...
syg_rsp.exe: 00003F5C: 11:05:52 [TUniGUISessionManager]:Cache Eraser Stopped.
syg_rsp.exe: 00003F5C: 11:05:52 [TUniGUISessionManager]:Destroying Worker Threads.
syg_rsp.exe: 00003F5C: 11:05:52 [TUniGUISessionManager]:Session manager terminated.
syg_rsp.exe: 00003F5C: 11:05:52 [TUniServerModule]:Server Shutdown Completed.
syg_rsp.exe: 00003F5C: 11:05:52 []:<-------------------------------------------------------------->
syg_rsp.exe: 00003F5C: 11:05:52 [Terminated]:Exit Code: 0
syg_rsp.exe: 00003A98: 11:05:55 []:>--------------------------------------------------------------<
syg_rsp.exe: 00003A98: 11:05:55 [TUniServerModule]:Server First Init.
syg_rsp.exe: 00003A98: 11:05:55 [TUniServerModule]:Starting HTTP Server on Port: 8077...
syg_rsp.exe: 00003A98: 11:05:55 [TUniServerModule]:HTTP Server Started on Port: 8077
syg_rsp.exe: 00002A30: 11:06:00 [127.0.0.1]:EUniSessionException : Invalid session or session Timeout. (Session not found: rXnwCKr6MI10B35DAB2 ) : Addr: $0080492E
syg_rsp.exe: 00003A98: 11:06:55 [TUniServerModule]:Shutting Down Server.
syg_rsp.exe: 00003A98: 11:06:55 [TUniServerModule]:Stopping HTTP Server.
syg_rsp.exe: 00003A98: 11:06:56 [TUniServerModule]:HTTP Server Stopped.
syg_rsp.exe: 00003A98: 11:06:56 [TUniGUISessionManager]:Terminating Session manager.
syg_rsp.exe: 00003A98: 11:06:56 [TUniGUISessionManager]:Stopping Cache Eraser...
syg_rsp.exe: 00003A98: 11:06:56 [TUniGUISessionManager]:Cache Eraser Stopped.
syg_rsp.exe: 00003A98: 11:06:56 [TUniGUISessionManager]:Destroying Worker Threads.
syg_rsp.exe: 00003A98: 11:06:56 [TUniGUISessionManager]:Session manager terminated.
syg_rsp.exe: 00003A98: 11:06:56 [TUniServerModule]:Server Shutdown Completed.
syg_rsp.exe: 00003A98: 11:06:56 []:<-------------------------------------------------------------->
syg_rsp.exe: 00003A98: 11:06:56 [Terminated]:Exit Code: 0
syg_rsp.exe: 00003DC8: 11:06:58 []:>--------------------------------------------------------------<
syg_rsp.exe: 00003DC8: 11:06:58 [TUniServerModule]:Server First Init.
syg_rsp.exe: 00003DC8: 11:06:58 [TUniServerModule]:Starting HTTP Server on Port: 8077...
syg_rsp.exe: 00003DC8: 11:06:58 [TUniServerModule]:HTTP Server Started on Port: 8077
syg_rsp.exe: 00003DDC: 11:07:00 [127.0.0.1]:EUniSessionException : Invalid session or session Timeout. (Session not found: iBxdv1juwQ10B35DB6A ) : Addr: $0080492E
syg_rsp.exe: 00003DC8: 16:11:55 [TUniServerModule]:Shutting Down Server.
syg_rsp.exe: 00003DC8: 16:11:55 [TUniServerModule]:Stopping HTTP Server.
syg_rsp.exe: 00003DC8: 16:11:55 [TUniServerModule]:HTTP Server Stopped.
syg_rsp.exe: 00003DC8: 16:11:55 [TUniGUISessionManager]:Terminating Session manager.
syg_rsp.exe: 00003DC8: 16:11:55 [TUniGUISessionManager]:Stopping Cache Eraser...
syg_rsp.exe: 00003DC8: 16:11:55 [TUniGUISessionManager]:Cache Eraser Stopped.
syg_rsp.exe: 00003DC8: 16:11:55 [TUniGUISessionManager]:Destroying Worker Threads.
syg_rsp.exe: 00003DC8: 16:11:55 [TUniGUISessionManager]:Session manager terminated.
syg_rsp.exe: 00003DC8: 16:11:55 [TUniServerModule]:Server Shutdown Completed.
syg_rsp.exe: 00003DC8: 16:11:55 []:<-------------------------------------------------------------->
syg_rsp.exe: 00003DC8: 16:11:55 [Terminated]:Exit Code: 0
syg_rsp.exe: 00001A6C: 16:12:08 []:>--------------------------------------------------------------<
syg_rsp.exe: 00001A6C: 16:12:08 [TUniServerModule]:Server First Init.
syg_rsp.exe: 00001A6C: 16:12:08 [TUniServerModule]:Starting HTTP Server on Port: 8077...
syg_rsp.exe: 00001A6C: 16:12:08 [TUniServerModule]:HTTP Server Started on Port: 8077
syg_rsp.exe: 00003CD8: 16:12:12 [127.0.0.1]:EUniSessionException : Invalid session or session Timeout. (Session not found: BKl35JhCot10B35DBB0 ) : Addr: $0080492E
syg_rsp.exe: 00003CD8: 16:13:02 [127.0.0.1]:EOleException : [MySQL][ODBC 8.0(a) Driver][mysqld-8.0.29]Unknown column 'id_obs' in 'field list' : Addr: $0081831E
syg_rsp.exe: 00001A6C: 16:14:06 [TUniServerModule]:Shutting Down Server.
syg_rsp.exe: 00001A6C: 16:14:06 [TUniServerModule]:Stopping HTTP Server.
syg_rsp.exe: 00001A6C: 16:14:07 [TUniServerModule]:HTTP Server Stopped.
syg_rsp.exe: 00001A6C: 16:14:07 [TUniGUISessionManager]:Terminating Session manager.
syg_rsp.exe: 00001A6C: 16:14:07 [TUniGUISessionManager]:Stopping Cache Eraser...
syg_rsp.exe: 00001A6C: 16:14:07 [TUniGUISessionManager]:Cache Eraser Stopped.
syg_rsp.exe: 00001A6C: 16:14:07 [TUniGUISessionManager]:Destroying Worker Threads.
syg_rsp.exe: 00001A6C: 16:14:07 [TUniGUISessionManager]:Session manager terminated.
syg_rsp.exe: 00001A6C: 16:14:07 [TUniServerModule]:Server Shutdown Completed.
syg_rsp.exe: 00001A6C: 16:14:07 []:<-------------------------------------------------------------->
syg_rsp.exe: 00001A6C: 16:14:07 [Terminated]:Exit Code: 0
syg_rsp.exe: 00003A0C: 16:14:09 []:>--------------------------------------------------------------<
syg_rsp.exe: 00003A0C: 16:14:09 [TUniServerModule]:Server First Init.
syg_rsp.exe: 00003A0C: 16:14:10 [TUniServerModule]:Starting HTTP Server on Port: 8077...
syg_rsp.exe: 00003A0C: 16:14:10 [TUniServerModule]:HTTP Server Started on Port: 8077
syg_rsp.exe: 00003C98: 16:14:30 [127.0.0.1]:EUniSessionException : Invalid session or session Timeout. (Session not found: 4gqzFReFHE10B362E7A ) : Addr: $0080492E
syg_rsp.exe: 00003A0C: 16:15:05 [TUniServerModule]:Shutting Down Server.
syg_rsp.exe: 00003A0C: 16:15:05 [TUniServerModule]:Stopping HTTP Server.
syg_rsp.exe: 00003A0C: 16:15:06 [TUniServerModule]:HTTP Server Stopped.
syg_rsp.exe: 00003A0C: 16:15:06 [TUniGUISessionManager]:Terminating Session manager.
syg_rsp.exe: 00003A0C: 16:15:06 [TUniGUISessionManager]:Stopping Cache Eraser...
syg_rsp.exe: 00003A0C: 16:15:06 [TUniGUISessionManager]:Cache Eraser Stopped.
syg_rsp.exe: 00003A0C: 16:15:06 [TUniGUISessionManager]:Destroying Worker Threads.
syg_rsp.exe: 00003A0C: 16:15:06 [TUniGUISessionManager]:Session manager terminated.
syg_rsp.exe: 00003A0C: 16:15:06 [TUniServerModule]:Server Shutdown Completed.
syg_rsp.exe: 00003A0C: 16:15:06 []:<-------------------------------------------------------------->
syg_rsp.exe: 00003A0C: 16:15:06 [Terminated]:Exit Code: 0
syg_rsp.exe: 000018EC: 16:15:34 []:>--------------------------------------------------------------<
syg_rsp.exe: 000018EC: 16:15:34 [TUniServerModule]:Server First Init.
syg_rsp.exe: 000018EC: 16:15:34 [TUniServerModule]:Starting HTTP Server on Port: 8077...
syg_rsp.exe: 000018EC: 16:15:34 [TUniServerModule]:HTTP Server Started on Port: 8077
syg_rsp.exe: 0000244C: 16:15:36 [127.0.0.1]:EUniSessionException : Invalid session or session Timeout. (Session not found: cpuprVqpXD10B362F1A ) : Addr: $0080492E
syg_rsp.exe: 0000244C: 16:15:51 [127.0.0.1]:EOleException : [MySQL][ODBC 8.0(a) Driver][mysqld-8.0.29]Unknown column 'id_exercice' in 'where clause' : Addr: $0081831E
syg_rsp.exe: 000018EC: 16:16:32 [TUniServerModule]:Shutting Down Server.
syg_rsp.exe: 000018EC: 16:16:32 [TUniServerModule]:Stopping HTTP Server.
syg_rsp.exe: 000018EC: 16:16:33 [TUniServerModule]:HTTP Server Stopped.
syg_rsp.exe: 000018EC: 16:16:33 [TUniGUISessionManager]:Terminating Session manager.
syg_rsp.exe: 000018EC: 16:16:33 [TUniGUISessionManager]:Stopping Cache Eraser...
syg_rsp.exe: 000018EC: 16:16:33 [TUniGUISessionManager]:Cache Eraser Stopped.
syg_rsp.exe: 000018EC: 16:16:33 [TUniGUISessionManager]:Destroying Worker Threads.
syg_rsp.exe: 000018EC: 16:16:33 [TUniGUISessionManager]:Session manager terminated.
syg_rsp.exe: 000018EC: 16:16:33 [TUniServerModule]:Server Shutdown Completed.
syg_rsp.exe: 000018EC: 16:16:33 []:<-------------------------------------------------------------->
syg_rsp.exe: 000018EC: 16:16:33 [Terminated]:Exit Code: 0
syg_rsp.exe: 00002074: 16:16:35 []:>--------------------------------------------------------------<
syg_rsp.exe: 00002074: 16:16:35 [TUniServerModule]:Server First Init.
syg_rsp.exe: 00002074: 16:16:35 [TUniServerModule]:Starting HTTP Server on Port: 8077...
syg_rsp.exe: 00002074: 16:16:35 [TUniServerModule]:HTTP Server Started on Port: 8077
syg_rsp.exe: 00000C14: 16:16:39 [127.0.0.1]:EUniSessionException : Invalid session or session Timeout. (Session not found: oI7kwYq4dy10B362F67 ) : Addr: $0080492E
syg_rsp.exe: 00002074: 16:17:27 [TUniServerModule]:Shutting Down Server.
syg_rsp.exe: 00002074: 16:17:27 [TUniServerModule]:Stopping HTTP Server.
syg_rsp.exe: 00002074: 16:17:28 [TUniServerModule]:HTTP Server Stopped.
syg_rsp.exe: 00002074: 16:17:28 [TUniGUISessionManager]:Terminating Session manager.
syg_rsp.exe: 00002074: 16:17:28 [TUniGUISessionManager]:Stopping Cache Eraser...
syg_rsp.exe: 00002074: 16:17:28 [TUniGUISessionManager]:Cache Eraser Stopped.
syg_rsp.exe: 00002074: 16:17:28 [TUniGUISessionManager]:Destroying Worker Threads.
syg_rsp.exe: 00002074: 16:17:28 [TUniGUISessionManager]:Session manager terminated.
syg_rsp.exe: 00002074: 16:17:28 [TUniServerModule]:Server Shutdown Completed.
syg_rsp.exe: 00002074: 16:17:28 []:<-------------------------------------------------------------->
syg_rsp.exe: 00002074: 16:17:28 [Terminated]:Exit Code: 0
syg_rsp.exe: 000016B4: 16:17:30 []:>--------------------------------------------------------------<
syg_rsp.exe: 000016B4: 16:17:30 [TUniServerModule]:Server First Init.
syg_rsp.exe: 000016B4: 16:17:31 [TUniServerModule]:Starting HTTP Server on Port: 8077...
syg_rsp.exe: 000016B4: 16:17:31 [TUniServerModule]:HTTP Server Started on Port: 8077
syg_rsp.exe: 00002730: 16:17:33 [127.0.0.1]:EUniSessionException : Invalid session or session Timeout. (Session not found: 5PdZDsq69J10B362FAF ) : Addr: $0080492E
syg_rsp.exe: 000016B4: 16:18:36 [TUniServerModule]:Shutting Down Server.
syg_rsp.exe: 000016B4: 16:18:36 [TUniServerModule]:Stopping HTTP Server.
syg_rsp.exe: 000016B4: 16:18:37 [TUniServerModule]:HTTP Server Stopped.
syg_rsp.exe: 000016B4: 16:18:37 [TUniGUISessionManager]:Terminating Session manager.
syg_rsp.exe: 000016B4: 16:18:37 [TUniGUISessionManager]:Stopping Cache Eraser...
syg_rsp.exe: 000016B4: 16:18:37 [TUniGUISessionManager]:Cache Eraser Stopped.
syg_rsp.exe: 000016B4: 16:18:37 [TUniGUISessionManager]:Destroying Worker Threads.
syg_rsp.exe: 000016B4: 16:18:37 [TUniGUISessionManager]:Session manager terminated.
syg_rsp.exe: 000016B4: 16:18:37 [TUniServerModule]:Server Shutdown Completed.
syg_rsp.exe: 000016B4: 16:18:37 []:<-------------------------------------------------------------->
syg_rsp.exe: 000016B4: 16:18:37 [Terminated]:Exit Code: 0
syg_rsp.exe: 00002D14: 16:18:39 []:>--------------------------------------------------------------<
syg_rsp.exe: 00002D14: 16:18:39 [TUniServerModule]:Server First Init.
syg_rsp.exe: 00002D14: 16:18:40 [TUniServerModule]:Starting HTTP Server on Port: 8077...
syg_rsp.exe: 00002D14: 16:18:40 [TUniServerModule]:HTTP Server Started on Port: 8077
syg_rsp.exe: 00002F00: 16:18:41 [127.0.0.1]:EUniSessionException : Invalid session or session Timeout. (Session not found: 3VfTyUKvhb10B362FEE ) : Addr: $0080492E
syg_rsp.exe: 00000048: 16:35:42 [127.0.0.1]:EUniSessionException : Invalid session or session Timeout. (Session not found: MnAF7n5EIJ10B36303D ) : Addr: $0080492E
syg_rsp.exe: 00002D14: 17:58:13 [TUniServerModule]:Shutting Down Server.
syg_rsp.exe: 00002D14: 17:58:13 [TUniServerModule]:Stopping HTTP Server.
syg_rsp.exe: 00002D14: 17:58:13 [TUniServerModule]:HTTP Server Stopped.
syg_rsp.exe: 00002D14: 17:58:13 [TUniGUISessionManager]:Terminating Session manager.
syg_rsp.exe: 00002D14: 17:58:13 [TUniGUISessionManager]:Stopping Cache Eraser...
syg_rsp.exe: 00002D14: 17:58:13 [TUniGUISessionManager]:Cache Eraser Stopped.
syg_rsp.exe: 00002D14: 17:58:13 [TUniGUISessionManager]:Destroying Worker Threads.
syg_rsp.exe: 00002D14: 17:58:13 [TUniGUISessionManager]:Session manager terminated.
syg_rsp.exe: 00002D14: 17:58:13 [TUniServerModule]:Server Shutdown Completed.
syg_rsp.exe: 00002D14: 17:58:13 []:<-------------------------------------------------------------->
syg_rsp.exe: 00002D14: 17:58:13 [Terminated]:Exit Code: 0
syg_rsp.exe: 00000770: 18:00:46 []:>--------------------------------------------------------------<
syg_rsp.exe: 00000770: 18:00:46 [TUniServerModule]:Server First Init.
syg_rsp.exe: 00000770: 18:00:46 [TUniServerModule]:Starting HTTP Server on Port: 8077...
syg_rsp.exe: 00000770: 18:00:46 [TUniServerModule]:HTTP Server Started on Port: 8077
syg_rsp.exe: 000035B8: 18:00:52 [127.0.0.1]:EUniSessionException : Invalid session or session Timeout. (Session not found: vUpx8Gany510B3634E2 ) : Addr: $0080492E
syg_rsp.exe: 00001E28: 18:00:56 [[MySQL][ODBC 8.0(a) Driver][mysqld-8.0.29]Unknown column 'libelle_obs' in 'order clause'-127.0.0.1]:EOleException : [MySQL][ODBC 8.0(a) Driver][mysqld-8.0.29]Unknown column 'libelle_obs' in 'order clause' : Addr: $00819063
syg_rsp.exe: 00000770: 18:01:22 [TUniServerModule]:Shutting Down Server.
syg_rsp.exe: 00000770: 18:01:22 [TUniServerModule]:Stopping HTTP Server.
syg_rsp.exe: 00000770: 18:01:23 [TUniServerModule]:HTTP Server Stopped.
syg_rsp.exe: 00000770: 18:01:23 [TUniGUISessionManager]:Terminating Session manager.
syg_rsp.exe: 00000770: 18:01:23 [TUniGUISessionManager]:Stopping Cache Eraser...
syg_rsp.exe: 00000770: 18:01:23 [TUniGUISessionManager]:Cache Eraser Stopped.
syg_rsp.exe: 00000770: 18:01:23 [TUniGUISessionManager]:Destroying Worker Threads.
syg_rsp.exe: 00000770: 18:01:23 [TUniGUISessionManager]:Session manager terminated.
syg_rsp.exe: 00000770: 18:01:23 [TUniServerModule]:Server Shutdown Completed.
syg_rsp.exe: 00000770: 18:01:23 []:<-------------------------------------------------------------->
syg_rsp.exe: 00000770: 18:01:23 [Terminated]:Exit Code: 0
syg_rsp.exe: 00002884: 18:01:25 []:>--------------------------------------------------------------<
syg_rsp.exe: 00002884: 18:01:25 [TUniServerModule]:Server First Init.
syg_rsp.exe: 00002884: 18:01:25 [TUniServerModule]:Starting HTTP Server on Port: 8077...
syg_rsp.exe: 00002884: 18:01:25 [TUniServerModule]:HTTP Server Started on Port: 8077
syg_rsp.exe: 00002884: 18:01:54 [TUniServerModule]:Shutting Down Server.
syg_rsp.exe: 00002884: 18:01:54 [TUniServerModule]:Stopping HTTP Server.
syg_rsp.exe: 00002884: 18:01:55 [TUniServerModule]:HTTP Server Stopped.
syg_rsp.exe: 00002884: 18:01:55 [TUniGUISessionManager]:Terminating Session manager.
syg_rsp.exe: 00002884: 18:01:55 [TUniGUISessionManager]:Stopping Cache Eraser...
syg_rsp.exe: 00002884: 18:01:55 [TUniGUISessionManager]:Cache Eraser Stopped.
syg_rsp.exe: 00002884: 18:01:55 [TUniGUISessionManager]:Destroying Worker Threads.
syg_rsp.exe: 00002884: 18:01:55 [TUniGUISessionManager]:Session manager terminated.
syg_rsp.exe: 00002884: 18:01:55 [TUniServerModule]:Server Shutdown Completed.
syg_rsp.exe: 00002884: 18:01:55 []:<-------------------------------------------------------------->
syg_rsp.exe: 00002884: 18:01:55 [Terminated]:Exit Code: 0
syg_rsp.exe: 00003CC4: 18:01:59 []:>--------------------------------------------------------------<
syg_rsp.exe: 00003CC4: 18:01:59 [TUniServerModule]:Server First Init.
syg_rsp.exe: 00003CC4: 18:01:59 [TUniServerModule]:Starting HTTP Server on Port: 8077...
syg_rsp.exe: 00003CC4: 18:01:59 [TUniServerModule]:HTTP Server Started on Port: 8077
syg_rsp.exe: 0000015C: 18:04:52 [127.0.0.1]:EUniSessionException : Invalid session or session Timeout. (Session not found: I5rCIW5bhB10B364C1D ) : Addr: $0080492E
syg_rsp.exe: 0000015C: 18:05:29 [127.0.0.1]:EOleException : [MySQL][ODBC 8.0(a) Driver][mysqld-8.0.29]Table 'rsp.type_fact' doesn't exist : Addr: $0081831E
syg_rsp.exe: 00003CC4: 18:05:47 [TUniServerModule]:Shutting Down Server.
syg_rsp.exe: 00003CC4: 18:05:47 [TUniServerModule]:Stopping HTTP Server.
syg_rsp.exe: 00003CC4: 18:05:48 [TUniServerModule]:HTTP Server Stopped.
syg_rsp.exe: 00003CC4: 18:05:48 [TUniGUISessionManager]:Terminating Session manager.
syg_rsp.exe: 00003CC4: 18:05:48 [TUniGUISessionManager]:Stopping Cache Eraser...
syg_rsp.exe: 00003CC4: 18:05:48 [TUniGUISessionManager]:Cache Eraser Stopped.
syg_rsp.exe: 00003CC4: 18:05:48 [TUniGUISessionManager]:Destroying Worker Threads.
syg_rsp.exe: 00003CC4: 18:05:48 [TUniGUISessionManager]:Session manager terminated.
syg_rsp.exe: 00003CC4: 18:05:48 [TUniServerModule]:Server Shutdown Completed.
syg_rsp.exe: 00003CC4: 18:05:48 []:<-------------------------------------------------------------->
syg_rsp.exe: 00003CC4: 18:05:48 [Terminated]:Exit Code: 0
syg_rsp.exe: 00003F44: 18:05:53 []:>--------------------------------------------------------------<
syg_rsp.exe: 00003F44: 18:05:53 [TUniServerModule]:Server First Init.
syg_rsp.exe: 00003F44: 18:05:53 [TUniServerModule]:Starting HTTP Server on Port: 8077...
syg_rsp.exe: 00003F44: 18:05:53 [TUniServerModule]:HTTP Server Started on Port: 8077
syg_rsp.exe: 00001450: 18:06:11 [127.0.0.1]:EUniSessionException : Invalid session or session Timeout. (Session not found: 3UamPlLdhL10B364D0B ) : Addr: $0080492E
syg_rsp.exe: 00001450: 18:06:18 [127.0.0.1]:EDatabaseError : QStand: Champ 'id_obs' non trouvé : Addr: $006938F2
syg_rsp.exe: 00003F44: 18:07:04 [TUniServerModule]:Shutting Down Server.
syg_rsp.exe: 00003F44: 18:07:04 [TUniServerModule]:Stopping HTTP Server.
syg_rsp.exe: 00003F44: 18:07:05 [TUniServerModule]:HTTP Server Stopped.
syg_rsp.exe: 00003F44: 18:07:05 [TUniGUISessionManager]:Terminating Session manager.
syg_rsp.exe: 00003F44: 18:07:05 [TUniGUISessionManager]:Stopping Cache Eraser...
syg_rsp.exe: 00003F44: 18:07:05 [TUniGUISessionManager]:Cache Eraser Stopped.
syg_rsp.exe: 00003F44: 18:07:05 [TUniGUISessionManager]:Destroying Worker Threads.
syg_rsp.exe: 00003F44: 18:07:05 [TUniGUISessionManager]:Session manager terminated.
syg_rsp.exe: 00003F44: 18:07:05 [TUniServerModule]:Server Shutdown Completed.
syg_rsp.exe: 00003F44: 18:07:05 []:<-------------------------------------------------------------->
syg_rsp.exe: 00003F44: 18:07:05 [Terminated]:Exit Code: 0
syg_rsp.exe: 00001A90: 18:07:07 []:>--------------------------------------------------------------<
syg_rsp.exe: 00001A90: 18:07:07 [TUniServerModule]:Server First Init.
syg_rsp.exe: 00001A90: 18:07:07 [TUniServerModule]:Starting HTTP Server on Port: 8077...
syg_rsp.exe: 00001A90: 18:07:07 [TUniServerModule]:HTTP Server Started on Port: 8077
syg_rsp.exe: 00001A90: 18:07:19 [TUniServerModule]:Shutting Down Server.
syg_rsp.exe: 00001A90: 18:07:19 [TUniServerModule]:Stopping HTTP Server.
syg_rsp.exe: 00001A90: 18:07:20 [TUniServerModule]:HTTP Server Stopped.
syg_rsp.exe: 00001A90: 18:07:20 [TUniGUISessionManager]:Terminating Session manager.
syg_rsp.exe: 00001A90: 18:07:20 [TUniGUISessionManager]:Stopping Cache Eraser...
syg_rsp.exe: 00001A90: 18:07:20 [TUniGUISessionManager]:Cache Eraser Stopped.
syg_rsp.exe: 00001A90: 18:07:20 [TUniGUISessionManager]:Destroying Worker Threads.
syg_rsp.exe: 00001A90: 18:07:20 [TUniGUISessionManager]:Session manager terminated.
syg_rsp.exe: 00001A90: 18:07:20 [TUniServerModule]:Server Shutdown Completed.
syg_rsp.exe: 00001A90: 18:07:20 []:<-------------------------------------------------------------->
syg_rsp.exe: 00001A90: 18:07:20 [Terminated]:Exit Code: 0
syg_rsp.exe: 00000B34: 18:07:21 []:>--------------------------------------------------------------<
syg_rsp.exe: 00000B34: 18:07:21 [TUniServerModule]:Server First Init.
syg_rsp.exe: 00000B34: 18:07:21 [TUniServerModule]:Starting HTTP Server on Port: 8077...
syg_rsp.exe: 00000B34: 18:07:21 [TUniServerModule]:HTTP Server Started on Port: 8077
syg_rsp.exe: 00001B40: 18:07:28 [127.0.0.1]:EUniSessionException : Invalid session or session Timeout. (Session not found: gCqhjWojQw10B364D66 ) : Addr: $0080492E
syg_rsp.exe: 00000B34: 18:08:03 [TUniServerModule]:Shutting Down Server.
syg_rsp.exe: 00000B34: 18:08:03 [TUniServerModule]:Stopping HTTP Server.
syg_rsp.exe: 00000B34: 18:08:04 [TUniServerModule]:HTTP Server Stopped.
syg_rsp.exe: 00000B34: 18:08:04 [TUniGUISessionManager]:Terminating Session manager.
syg_rsp.exe: 00000B34: 18:08:04 [TUniGUISessionManager]:Stopping Cache Eraser...
syg_rsp.exe: 00000B34: 18:08:04 [TUniGUISessionManager]:Cache Eraser Stopped.
syg_rsp.exe: 00000B34: 18:08:04 [TUniGUISessionManager]:Destroying Worker Threads.
syg_rsp.exe: 00000B34: 18:08:04 [TUniGUISessionManager]:Session manager terminated.
syg_rsp.exe: 00000B34: 18:08:04 [TUniServerModule]:Server Shutdown Completed.
syg_rsp.exe: 00000B34: 18:08:04 []:<-------------------------------------------------------------->
syg_rsp.exe: 00000B34: 18:08:04 [Terminated]:Exit Code: 0
syg_rsp.exe: 00001900: 18:08:07 []:>--------------------------------------------------------------<
syg_rsp.exe: 00001900: 18:08:07 [TUniServerModule]:Server First Init.
syg_rsp.exe: 00001900: 18:08:07 [TUniServerModule]:Starting HTTP Server on Port: 8077...
syg_rsp.exe: 00001900: 18:08:07 [TUniServerModule]:HTTP Server Started on Port: 8077
syg_rsp.exe: 000035C0: 18:08:15 [127.0.0.1]:EUniSessionException : Invalid session or session Timeout. (Session not found: RBNnHQ5gHN10B364DBF ) : Addr: $0080492E
syg_rsp.exe: 00001900: 18:08:30 [TUniServerModule]:Shutting Down Server.
syg_rsp.exe: 00001900: 18:08:30 [TUniServerModule]:Stopping HTTP Server.
syg_rsp.exe: 00001900: 18:08:31 [TUniServerModule]:HTTP Server Stopped.
syg_rsp.exe: 00001900: 18:08:31 [TUniGUISessionManager]:Terminating Session manager.
syg_rsp.exe: 00001900: 18:08:31 [TUniGUISessionManager]:Stopping Cache Eraser...
syg_rsp.exe: 00001900: 18:08:31 [TUniGUISessionManager]:Cache Eraser Stopped.
syg_rsp.exe: 00001900: 18:08:31 [TUniGUISessionManager]:Destroying Worker Threads.
syg_rsp.exe: 00001900: 18:08:31 [TUniGUISessionManager]:Session manager terminated.
syg_rsp.exe: 00001900: 18:08:31 [TUniServerModule]:Server Shutdown Completed.
syg_rsp.exe: 00001900: 18:08:31 []:<-------------------------------------------------------------->
syg_rsp.exe: 00001900: 18:08:31 [Terminated]:Exit Code: 0
syg_rsp.exe: 0000385C: 18:08:34 []:>--------------------------------------------------------------<
syg_rsp.exe: 0000385C: 18:08:34 [TUniServerModule]:Server First Init.
syg_rsp.exe: 0000385C: 18:08:34 [TUniServerModule]:Starting HTTP Server on Port: 8077...
syg_rsp.exe: 0000385C: 18:08:34 [TUniServerModule]:HTTP Server Started on Port: 8077
