syg_rsp.exe: 0000527C: 08:47:08 [TUniServerModule]:Shutting Down Server.
syg_rsp.exe: 0000527C: 08:47:08 [TUniServerModule]:Stopping HTTP Server.
syg_rsp.exe: 0000527C: 08:47:09 [TUniServerModule]:HTTP Server Stopped.
syg_rsp.exe: 0000527C: 08:47:09 [TUniGUISessionManager]:Terminating Session manager.
syg_rsp.exe: 0000527C: 08:47:09 [TUniGUISessionManager]:Stopping Cache Eraser...
syg_rsp.exe: 0000527C: 08:47:09 [TUniGUISessionManager]:Cache Eraser Stopped.
syg_rsp.exe: 0000527C: 08:47:09 [TUniGUISessionManager]:Destroying Worker Threads.
syg_rsp.exe: 0000527C: 08:47:09 [TUniGUISessionManager]:Session manager terminated.
syg_rsp.exe: 0000527C: 08:47:09 [TUniServerModule]:Server Shutdown Completed.
syg_rsp.exe: 0000527C: 08:47:09 []:<-------------------------------------------------------------->
syg_rsp.exe: 0000527C: 08:47:09 [Terminated]:Exit Code: 0
syg_rsp.exe: 00003258: 08:47:46 []:>--------------------------------------------------------------<
syg_rsp.exe: 00003258: 08:47:46 [TUniServerModule]:Server First Init.
syg_rsp.exe: 00003258: 08:47:46 [TUniServerModule]:Starting HTTP Server on Port: 8077...
syg_rsp.exe: 00003258: 08:47:46 [TUniServerModule]:HTTP Server Started on Port: 8077
syg_rsp.exe: 00003258: 08:57:12 [TUniServerModule]:Shutting Down Server.
syg_rsp.exe: 00003258: 08:57:12 [TUniServerModule]:Stopping HTTP Server.
syg_rsp.exe: 00003258: 08:57:13 [TUniServerModule]:HTTP Server Stopped.
syg_rsp.exe: 00003258: 08:57:13 [TUniGUISessionManager]:Terminating Session manager.
syg_rsp.exe: 00003258: 08:57:13 [TUniGUISessionManager]:Stopping Cache Eraser...
syg_rsp.exe: 00003258: 08:57:13 [TUniGUISessionManager]:Cache Eraser Stopped.
syg_rsp.exe: 00003258: 08:57:13 [TUniGUISessionManager]:Destroying Worker Threads.
syg_rsp.exe: 00003258: 08:57:13 [TUniGUISessionManager]:Session manager terminated.
syg_rsp.exe: 00003258: 08:57:13 [TUniServerModule]:Server Shutdown Completed.
syg_rsp.exe: 00003258: 08:57:13 []:<-------------------------------------------------------------->
syg_rsp.exe: 00003258: 08:57:13 [Terminated]:Exit Code: 0
syg_rsp.exe: 00004AD8: 08:57:27 []:>--------------------------------------------------------------<
syg_rsp.exe: 00004AD8: 08:57:27 [TUniServerModule]:Server First Init.
syg_rsp.exe: 00004AD8: 08:57:27 [TUniServerModule]:Starting HTTP Server on Port: 8077...
syg_rsp.exe: 00004AD8: 08:57:27 [TUniServerModule]:HTTP Server Started on Port: 8077
syg_rsp.exe: 00003414: 08:57:36 [127.0.0.1]:EUniSessionException : Invalid session or session Timeout. (Session not found: sFjjb2FDBp10B8B28F1 ) : Addr: $0082D9FE
syg_rsp.exe: 000049A4: 08:57:36 [127.0.0.1]:EUniSessionException : Invalid session or session Timeout. (Session not found: sFjjb2FDBp10B8B28F1 ) : Addr: $0082D9FE
syg_rsp.exe: 00004AD8: 08:59:42 [TUniServerModule]:Shutting Down Server.
syg_rsp.exe: 00004AD8: 08:59:42 [TUniServerModule]:Stopping HTTP Server.
syg_rsp.exe: 00004AD8: 08:59:43 [TUniServerModule]:HTTP Server Stopped.
syg_rsp.exe: 00004AD8: 08:59:43 [TUniGUISessionManager]:Terminating Session manager.
syg_rsp.exe: 00004AD8: 08:59:43 [TUniGUISessionManager]:Stopping Cache Eraser...
syg_rsp.exe: 00004AD8: 08:59:44 [TUniGUISessionManager]:Cache Eraser Stopped.
syg_rsp.exe: 00004AD8: 08:59:44 [TUniGUISessionManager]:Destroying Worker Threads.
syg_rsp.exe: 00004AD8: 08:59:44 [TUniGUISessionManager]:Session manager terminated.
syg_rsp.exe: 00004AD8: 08:59:44 [TUniServerModule]:Server Shutdown Completed.
syg_rsp.exe: 00004AD8: 08:59:44 []:<-------------------------------------------------------------->
syg_rsp.exe: 00004AD8: 08:59:44 [Terminated]:Exit Code: 0
syg_rsp.exe: 0000566C: 08:59:51 []:>--------------------------------------------------------------<
syg_rsp.exe: 0000566C: 08:59:51 [TUniServerModule]:Server First Init.
syg_rsp.exe: 0000566C: 08:59:52 [TUniServerModule]:Starting HTTP Server on Port: 8077...
syg_rsp.exe: 0000566C: 08:59:52 [TUniServerModule]:HTTP Server Started on Port: 8077
syg_rsp.exe: 00004FD0: 08:59:53 [127.0.0.1]:EUniSessionException : Invalid session or session Timeout. (Session not found: RFMoMSqbcD10B8B2B96 ) : Addr: $0082D9FE
syg_rsp.exe: 000018E0: 08:59:53 [127.0.0.1]:EUniSessionException : Invalid session or session Timeout. (Session not found: RFMoMSqbcD10B8B2B96 ) : Addr: $0082D9FE
syg_rsp.exe: 0000566C: 09:03:55 [TUniServerModule]:Shutting Down Server.
syg_rsp.exe: 0000566C: 09:03:55 [TUniServerModule]:Stopping HTTP Server.
syg_rsp.exe: 0000566C: 09:03:55 [TUniServerModule]:HTTP Server Stopped.
syg_rsp.exe: 0000566C: 09:03:55 [TUniGUISessionManager]:Terminating Session manager.
syg_rsp.exe: 0000566C: 09:03:55 [TUniGUISessionManager]:Stopping Cache Eraser...
syg_rsp.exe: 0000566C: 09:03:56 [TUniGUISessionManager]:Cache Eraser Stopped.
syg_rsp.exe: 0000566C: 09:03:56 [TUniGUISessionManager]:Destroying Worker Threads.
syg_rsp.exe: 0000566C: 09:03:56 [TUniGUISessionManager]:Session manager terminated.
syg_rsp.exe: 0000566C: 09:03:56 [TUniServerModule]:Server Shutdown Completed.
syg_rsp.exe: 0000566C: 09:03:56 []:<-------------------------------------------------------------->
syg_rsp.exe: 0000566C: 09:03:56 [Terminated]:Exit Code: 0
syg_rsp.exe: 00004714: 09:03:59 []:>--------------------------------------------------------------<
syg_rsp.exe: 00004714: 09:03:59 [TUniServerModule]:Server First Init.
syg_rsp.exe: 00004714: 09:03:59 [TUniServerModule]:Starting HTTP Server on Port: 8077...
syg_rsp.exe: 00004714: 09:03:59 [TUniServerModule]:HTTP Server Started on Port: 8077
syg_rsp.exe: 00001288: 09:04:00 [127.0.0.1]:EUniSessionException : Invalid session or session Timeout. (Session not found: Oqf5DO5I9v10B8B2C35 ) : Addr: $0082D9FE
syg_rsp.exe: 000035F8: 09:04:00 [127.0.0.1]:EUniSessionException : Invalid session or session Timeout. (Session not found: Oqf5DO5I9v10B8B2C35 ) : Addr: $0082D9FE
syg_rsp.exe: 00004714: 09:06:03 [TUniServerModule]:Shutting Down Server.
syg_rsp.exe: 00004714: 09:06:03 [TUniServerModule]:Stopping HTTP Server.
syg_rsp.exe: 00004714: 09:06:04 [TUniServerModule]:HTTP Server Stopped.
syg_rsp.exe: 00004714: 09:06:04 [TUniGUISessionManager]:Terminating Session manager.
syg_rsp.exe: 00004714: 09:06:04 [TUniGUISessionManager]:Stopping Cache Eraser...
syg_rsp.exe: 00004714: 09:06:04 [TUniGUISessionManager]:Cache Eraser Stopped.
syg_rsp.exe: 00004714: 09:06:04 [TUniGUISessionManager]:Destroying Worker Threads.
syg_rsp.exe: 00004714: 09:06:04 [TUniGUISessionManager]:Session manager terminated.
syg_rsp.exe: 00004714: 09:06:05 [TUniServerModule]:Server Shutdown Completed.
syg_rsp.exe: 00004714: 09:06:05 []:<-------------------------------------------------------------->
syg_rsp.exe: 00004714: 09:06:05 [Terminated]:Exit Code: 0
syg_rsp.exe: 00002ECC: 09:06:08 []:>--------------------------------------------------------------<
syg_rsp.exe: 00002ECC: 09:06:08 [TUniServerModule]:Server First Init.
syg_rsp.exe: 00002ECC: 09:06:08 [TUniServerModule]:Starting HTTP Server on Port: 8077...
syg_rsp.exe: 00002ECC: 09:06:08 [TUniServerModule]:HTTP Server Started on Port: 8077
syg_rsp.exe: 000027F0: 09:06:10 [127.0.0.1]:EUniSessionException : Invalid session or session Timeout. (Session not found: Hz31phq9Pz10B8B2D52 ) : Addr: $0082D9FE
syg_rsp.exe: 000046A4: 09:06:10 [127.0.0.1]:EUniSessionException : Invalid session or session Timeout. (Session not found: Hz31phq9Pz10B8B2D52 ) : Addr: $0082D9FE
syg_rsp.exe: 00002ECC: 09:07:30 [TUniServerModule]:Shutting Down Server.
syg_rsp.exe: 00002ECC: 09:07:30 [TUniServerModule]:Stopping HTTP Server.
syg_rsp.exe: 00002ECC: 09:07:31 [TUniServerModule]:HTTP Server Stopped.
syg_rsp.exe: 00002ECC: 09:07:31 [TUniGUISessionManager]:Terminating Session manager.
syg_rsp.exe: 00002ECC: 09:07:31 [TUniGUISessionManager]:Stopping Cache Eraser...
syg_rsp.exe: 00002ECC: 09:07:31 [TUniGUISessionManager]:Cache Eraser Stopped.
syg_rsp.exe: 00002ECC: 09:07:32 [TUniGUISessionManager]:Destroying Worker Threads.
syg_rsp.exe: 00002ECC: 09:07:32 [TUniGUISessionManager]:Session manager terminated.
syg_rsp.exe: 00002ECC: 09:07:32 [TUniServerModule]:Server Shutdown Completed.
syg_rsp.exe: 00002ECC: 09:07:32 []:<-------------------------------------------------------------->
syg_rsp.exe: 00002ECC: 09:07:32 [Terminated]:Exit Code: 0
syg_rsp.exe: 00003E30: 09:07:34 []:>--------------------------------------------------------------<
syg_rsp.exe: 00003E30: 09:07:34 [TUniServerModule]:Server First Init.
syg_rsp.exe: 00003E30: 09:07:34 [TUniServerModule]:Starting HTTP Server on Port: 8077...
syg_rsp.exe: 00003E30: 09:07:34 [TUniServerModule]:HTTP Server Started on Port: 8077
syg_rsp.exe: 00001C74: 09:07:35 [127.0.0.1]:EUniSessionException : Invalid session or session Timeout. (Session not found: bQXmoKiIE510B8B2DE8 ) : Addr: $0082D9FE
syg_rsp.exe: 000036D0: 09:07:35 [127.0.0.1]:EUniSessionException : Invalid session or session Timeout. (Session not found: bQXmoKiIE510B8B2DE8 ) : Addr: $0082D9FE
syg_rsp.exe: 00003E30: 09:36:38 [TUniServerModule]:Shutting Down Server.
syg_rsp.exe: 00003E30: 09:36:38 [TUniServerModule]:Stopping HTTP Server.
syg_rsp.exe: 00003E30: 09:36:39 [TUniServerModule]:HTTP Server Stopped.
syg_rsp.exe: 00003E30: 09:36:39 [TUniGUISessionManager]:Terminating Session manager.
syg_rsp.exe: 00003E30: 09:36:39 [TUniGUISessionManager]:Stopping Cache Eraser...
syg_rsp.exe: 00003E30: 09:36:39 [TUniGUISessionManager]:Cache Eraser Stopped.
syg_rsp.exe: 00003E30: 09:36:39 [TUniGUISessionManager]:Destroying Worker Threads.
syg_rsp.exe: 00003E30: 09:36:39 [TUniGUISessionManager]:Session manager terminated.
syg_rsp.exe: 00003E30: 09:36:39 [TUniServerModule]:Server Shutdown Completed.
syg_rsp.exe: 00003E30: 09:36:39 []:<-------------------------------------------------------------->
syg_rsp.exe: 00003E30: 09:36:39 [Terminated]:Exit Code: 0
syg_rsp.exe: 00002708: 09:36:43 []:>--------------------------------------------------------------<
syg_rsp.exe: 00002708: 09:36:43 [TUniServerModule]:Server First Init.
syg_rsp.exe: 00002708: 09:36:43 [TUniServerModule]:Starting HTTP Server on Port: 8077...
syg_rsp.exe: 00002708: 09:36:43 [TUniServerModule]:HTTP Server Started on Port: 8077
syg_rsp.exe: 000039DC: 09:36:52 [127.0.0.1]:EUniSessionException : Invalid session or session Timeout. (Session not found: OzMVgZ1CHc10B8B2E4C ) : Addr: $0082D9FE
syg_rsp.exe: 000039DC: 09:36:52 [127.0.0.1]:EUniSessionException : Invalid session or session Timeout. (Session not found: OzMVgZ1CHc10B8B2E4C ) : Addr: $0082D9FE
syg_rsp.exe: 00002708: 09:45:40 [TUniServerModule]:Shutting Down Server.
syg_rsp.exe: 00002708: 09:45:40 [TUniServerModule]:Stopping HTTP Server.
syg_rsp.exe: 00002708: 09:45:40 [TUniServerModule]:HTTP Server Stopped.
syg_rsp.exe: 00002708: 09:45:40 [TUniGUISessionManager]:Terminating Session manager.
syg_rsp.exe: 00002708: 09:45:40 [TUniGUISessionManager]:Stopping Cache Eraser...
syg_rsp.exe: 00002708: 09:45:40 [TUniGUISessionManager]:Cache Eraser Stopped.
syg_rsp.exe: 00002708: 09:45:40 [TUniGUISessionManager]:Destroying Worker Threads.
syg_rsp.exe: 00002708: 09:45:40 [TUniGUISessionManager]:Session manager terminated.
syg_rsp.exe: 00002708: 09:45:40 [TUniServerModule]:Server Shutdown Completed.
syg_rsp.exe: 00002708: 09:45:40 []:<-------------------------------------------------------------->
syg_rsp.exe: 00002708: 09:45:40 [Terminated]:Exit Code: 0
syg_rsp.exe: 00002DE8: 09:45:45 []:>--------------------------------------------------------------<
syg_rsp.exe: 00002DE8: 09:45:45 [TUniServerModule]:Server First Init.
syg_rsp.exe: 00002DE8: 09:45:45 [TUniServerModule]:Starting HTTP Server on Port: 8077...
syg_rsp.exe: 00002DE8: 09:45:45 [TUniServerModule]:HTTP Server Started on Port: 8077
syg_rsp.exe: 00002D48: 09:45:49 [127.0.0.1]:EUniSessionException : Invalid session or session Timeout. (Session not found: WHLMTxADVF10B8B363C ) : Addr: $0082D9FE
syg_rsp.exe: 00003930: 09:45:49 [127.0.0.1]:EUniSessionException : Invalid session or session Timeout. (Session not found: WHLMTxADVF10B8B363C ) : Addr: $0082D9FE
syg_rsp.exe: 00002DE8: 09:46:53 [TUniServerModule]:Shutting Down Server.
syg_rsp.exe: 00002DE8: 09:46:53 [TUniServerModule]:Stopping HTTP Server.
syg_rsp.exe: 00002DE8: 09:46:54 [TUniServerModule]:HTTP Server Stopped.
syg_rsp.exe: 00002DE8: 09:46:54 [TUniGUISessionManager]:Terminating Session manager.
syg_rsp.exe: 00002DE8: 09:46:54 [TUniGUISessionManager]:Stopping Cache Eraser...
syg_rsp.exe: 00002DE8: 09:46:54 [TUniGUISessionManager]:Cache Eraser Stopped.
syg_rsp.exe: 00002DE8: 09:46:54 [TUniGUISessionManager]:Destroying Worker Threads.
syg_rsp.exe: 00002DE8: 09:46:54 [TUniGUISessionManager]:Session manager terminated.
syg_rsp.exe: 00002DE8: 09:46:54 [TUniServerModule]:Server Shutdown Completed.
syg_rsp.exe: 00002DE8: 09:46:54 []:<-------------------------------------------------------------->
syg_rsp.exe: 00002DE8: 09:46:54 [Terminated]:Exit Code: 0
syg_rsp.exe: 00004714: 09:46:58 []:>--------------------------------------------------------------<
syg_rsp.exe: 00004714: 09:46:58 [TUniServerModule]:Server First Init.
syg_rsp.exe: 00004714: 09:46:58 [TUniServerModule]:Starting HTTP Server on Port: 8077...
syg_rsp.exe: 00004714: 09:46:58 [TUniServerModule]:HTTP Server Started on Port: 8077
syg_rsp.exe: 000034C0: 09:47:00 [127.0.0.1]:EUniSessionException : Invalid session or session Timeout. (Session not found: Vn8O9HhTcB10B8B38AA ) : Addr: $0082D9FE
syg_rsp.exe: 00002F60: 09:47:00 [127.0.0.1]:EUniSessionException : Invalid session or session Timeout. (Session not found: Vn8O9HhTcB10B8B38AA ) : Addr: $0082D9FE
syg_rsp.exe: 00004714: 09:47:31 [TUniServerModule]:Shutting Down Server.
syg_rsp.exe: 00004714: 09:47:31 [TUniServerModule]:Stopping HTTP Server.
syg_rsp.exe: 00004714: 09:47:32 [TUniServerModule]:HTTP Server Stopped.
syg_rsp.exe: 00004714: 09:47:32 [TUniGUISessionManager]:Terminating Session manager.
syg_rsp.exe: 00004714: 09:47:32 [TUniGUISessionManager]:Stopping Cache Eraser...
syg_rsp.exe: 00004714: 09:47:33 [TUniGUISessionManager]:Cache Eraser Stopped.
syg_rsp.exe: 00004714: 09:47:33 [TUniGUISessionManager]:Destroying Worker Threads.
syg_rsp.exe: 00004714: 09:47:33 [TUniGUISessionManager]:Session manager terminated.
syg_rsp.exe: 00004714: 09:47:33 [TUniServerModule]:Server Shutdown Completed.
syg_rsp.exe: 00004714: 09:47:33 []:<-------------------------------------------------------------->
syg_rsp.exe: 00004714: 09:47:33 [Terminated]:Exit Code: 0
syg_rsp.exe: 00004384: 09:47:37 []:>--------------------------------------------------------------<
syg_rsp.exe: 00004384: 09:47:37 [TUniServerModule]:Server First Init.
syg_rsp.exe: 00004384: 09:47:37 [TUniServerModule]:Starting HTTP Server on Port: 8077...
syg_rsp.exe: 00004384: 09:47:37 [TUniServerModule]:HTTP Server Started on Port: 8077
syg_rsp.exe: 00005720: 09:47:38 [127.0.0.1]:EUniSessionException : Invalid session or session Timeout. (Session not found: WGoPIsaVAt10B8B38FC ) : Addr: $0082D9FE
syg_rsp.exe: 000050B4: 09:47:38 [127.0.0.1]:EUniSessionException : Invalid session or session Timeout. (Session not found: WGoPIsaVAt10B8B38FC ) : Addr: $0082D9FE
syg_rsp.exe: 00004384: 09:48:25 [TUniServerModule]:Shutting Down Server.
syg_rsp.exe: 00004384: 09:48:25 [TUniServerModule]:Stopping HTTP Server.
syg_rsp.exe: 00004384: 09:48:26 [TUniServerModule]:HTTP Server Stopped.
syg_rsp.exe: 00004384: 09:48:26 [TUniGUISessionManager]:Terminating Session manager.
syg_rsp.exe: 00004384: 09:48:26 [TUniGUISessionManager]:Stopping Cache Eraser...
syg_rsp.exe: 00004384: 09:48:26 [TUniGUISessionManager]:Cache Eraser Stopped.
syg_rsp.exe: 00004384: 09:48:26 [TUniGUISessionManager]:Destroying Worker Threads.
syg_rsp.exe: 00004384: 09:48:26 [TUniGUISessionManager]:Session manager terminated.
syg_rsp.exe: 00004384: 09:48:26 [TUniServerModule]:Server Shutdown Completed.
syg_rsp.exe: 00004384: 09:48:26 []:<-------------------------------------------------------------->
syg_rsp.exe: 00004384: 09:48:26 [Terminated]:Exit Code: 0
syg_rsp.exe: 00003B48: 09:48:29 []:>--------------------------------------------------------------<
syg_rsp.exe: 00003B48: 09:48:29 [TUniServerModule]:Server First Init.
syg_rsp.exe: 00003B48: 09:48:29 [TUniServerModule]:Starting HTTP Server on Port: 8077...
syg_rsp.exe: 00003B48: 09:48:29 [TUniServerModule]:HTTP Server Started on Port: 8077
syg_rsp.exe: 00004A9C: 09:48:31 [127.0.0.1]:EUniSessionException : Invalid session or session Timeout. (Session not found: 9cNf29JFrv10B8B3928 ) : Addr: $0082D9FE
syg_rsp.exe: 00003334: 09:48:31 [127.0.0.1]:EUniSessionException : Invalid session or session Timeout. (Session not found: 9cNf29JFrv10B8B3928 ) : Addr: $0082D9FE
syg_rsp.exe: 00003B48: 09:52:09 [TUniServerModule]:Shutting Down Server.
syg_rsp.exe: 00003B48: 09:52:09 [TUniServerModule]:Stopping HTTP Server.
syg_rsp.exe: 00003B48: 09:52:10 [TUniServerModule]:HTTP Server Stopped.
syg_rsp.exe: 00003B48: 09:52:10 [TUniGUISessionManager]:Terminating Session manager.
syg_rsp.exe: 00003B48: 09:52:10 [TUniGUISessionManager]:Stopping Cache Eraser...
syg_rsp.exe: 00003B48: 09:52:10 [TUniGUISessionManager]:Cache Eraser Stopped.
syg_rsp.exe: 00003B48: 09:52:10 [TUniGUISessionManager]:Destroying Worker Threads.
syg_rsp.exe: 00003B48: 09:52:10 [TUniGUISessionManager]:Session manager terminated.
syg_rsp.exe: 00003B48: 09:52:10 [TUniServerModule]:Server Shutdown Completed.
syg_rsp.exe: 00003B48: 09:52:10 []:<-------------------------------------------------------------->
syg_rsp.exe: 00003B48: 09:52:10 [Terminated]:Exit Code: 0
syg_rsp.exe: 000051AC: 09:52:13 []:>--------------------------------------------------------------<
syg_rsp.exe: 000051AC: 09:52:13 [TUniServerModule]:Server First Init.
syg_rsp.exe: 000051AC: 09:52:13 [TUniServerModule]:Starting HTTP Server on Port: 8077...
syg_rsp.exe: 000051AC: 09:52:13 [TUniServerModule]:HTTP Server Started on Port: 8077
syg_rsp.exe: 000037A4: 09:52:15 [127.0.0.1]:EUniSessionException : Invalid session or session Timeout. (Session not found: XzdlpokmVp10B8B3966 ) : Addr: $0082D9FE
syg_rsp.exe: 000038F0: 09:52:15 [127.0.0.1]:EUniSessionException : Invalid session or session Timeout. (Session not found: XzdlpokmVp10B8B3966 ) : Addr: $0082D9FE
syg_rsp.exe: 000051AC: 09:54:26 [TUniServerModule]:Shutting Down Server.
syg_rsp.exe: 000051AC: 09:54:26 [TUniServerModule]:Stopping HTTP Server.
syg_rsp.exe: 000051AC: 09:54:27 [TUniServerModule]:HTTP Server Stopped.
syg_rsp.exe: 000051AC: 09:54:27 [TUniGUISessionManager]:Terminating Session manager.
syg_rsp.exe: 000051AC: 09:54:27 [TUniGUISessionManager]:Stopping Cache Eraser...
syg_rsp.exe: 000051AC: 09:54:27 [TUniGUISessionManager]:Cache Eraser Stopped.
syg_rsp.exe: 000051AC: 09:54:27 [TUniGUISessionManager]:Destroying Worker Threads.
syg_rsp.exe: 000051AC: 09:54:27 [TUniGUISessionManager]:Session manager terminated.
syg_rsp.exe: 000051AC: 09:54:27 [TUniServerModule]:Server Shutdown Completed.
syg_rsp.exe: 000051AC: 09:54:27 []:<-------------------------------------------------------------->
syg_rsp.exe: 000051AC: 09:54:27 [Terminated]:Exit Code: 0
syg_rsp.exe: 00000438: 09:54:29 []:>--------------------------------------------------------------<
syg_rsp.exe: 00000438: 09:54:29 [TUniServerModule]:Server First Init.
syg_rsp.exe: 00000438: 09:54:30 [TUniServerModule]:Starting HTTP Server on Port: 8077...
syg_rsp.exe: 00000438: 09:54:30 [TUniServerModule]:HTTP Server Started on Port: 8077
syg_rsp.exe: 00005418: 09:54:31 [127.0.0.1]:EUniSessionException : Invalid session or session Timeout. (Session not found: 69BDG7bdOq10B8B3A68 ) : Addr: $0082D9FE
syg_rsp.exe: 000022AC: 09:54:31 [127.0.0.1]:EUniSessionException : Invalid session or session Timeout. (Session not found: 69BDG7bdOq10B8B3A68 ) : Addr: $0082D9FE
syg_rsp.exe: 00000438: 09:59:13 [TUniServerModule]:Shutting Down Server.
syg_rsp.exe: 00000438: 09:59:13 [TUniServerModule]:Stopping HTTP Server.
syg_rsp.exe: 00000438: 09:59:13 [TUniServerModule]:HTTP Server Stopped.
syg_rsp.exe: 00000438: 09:59:13 [TUniGUISessionManager]:Terminating Session manager.
syg_rsp.exe: 00000438: 09:59:13 [TUniGUISessionManager]:Stopping Cache Eraser...
syg_rsp.exe: 00000438: 09:59:13 [TUniGUISessionManager]:Cache Eraser Stopped.
syg_rsp.exe: 00000438: 09:59:13 [TUniGUISessionManager]:Destroying Worker Threads.
syg_rsp.exe: 00000438: 09:59:13 [TUniGUISessionManager]:Session manager terminated.
syg_rsp.exe: 00000438: 09:59:13 [TUniServerModule]:Server Shutdown Completed.
syg_rsp.exe: 00000438: 09:59:13 []:<-------------------------------------------------------------->
syg_rsp.exe: 00000438: 09:59:13 [Terminated]:Exit Code: 0
syg_rsp.exe: 00003C30: 10:01:15 []:>--------------------------------------------------------------<
syg_rsp.exe: 00003C30: 10:01:15 [TUniServerModule]:Server First Init.
syg_rsp.exe: 00003C30: 10:01:15 [TUniServerModule]:Starting HTTP Server on Port: 8077...
syg_rsp.exe: 00003C30: 10:01:15 [TUniServerModule]:HTTP Server Started on Port: 8077
syg_rsp.exe: 00004968: 10:01:19 [127.0.0.1]:EUniSessionException : Invalid session or session Timeout. (Session not found: WEjoXn314p10B8B3B06 ) : Addr: $0082D9FE
syg_rsp.exe: 00003A00: 10:01:19 [127.0.0.1]:EUniSessionException : Invalid session or session Timeout. (Session not found: WEjoXn314p10B8B3B06 ) : Addr: $0082D9FE
syg_rsp.exe: 00003C30: 10:18:40 [TUniServerModule]:Shutting Down Server.
syg_rsp.exe: 00003C30: 10:18:40 [TUniServerModule]:Stopping HTTP Server.
syg_rsp.exe: 00003C30: 10:18:40 [TUniServerModule]:HTTP Server Stopped.
syg_rsp.exe: 00003C30: 10:18:40 [TUniGUISessionManager]:Terminating Session manager.
syg_rsp.exe: 00003C30: 10:18:40 [TUniGUISessionManager]:Stopping Cache Eraser...
syg_rsp.exe: 00003C30: 10:18:40 [TUniGUISessionManager]:Cache Eraser Stopped.
syg_rsp.exe: 00003C30: 10:18:40 [TUniGUISessionManager]:Destroying Worker Threads.
syg_rsp.exe: 00003C30: 10:18:40 [TUniGUISessionManager]:Session manager terminated.
syg_rsp.exe: 00003C30: 10:18:41 [TUniServerModule]:Server Shutdown Completed.
syg_rsp.exe: 00003C30: 10:18:41 []:<-------------------------------------------------------------->
syg_rsp.exe: 00003C30: 10:18:41 [Terminated]:Exit Code: 0
syg_rsp.exe: 00003DE4: 10:19:34 []:>--------------------------------------------------------------<
syg_rsp.exe: 00003DE4: 10:19:34 [TUniServerModule]:Server First Init.
syg_rsp.exe: 00003DE4: 10:19:35 [TUniServerModule]:Starting HTTP Server on Port: 8077...
syg_rsp.exe: 00003DE4: 10:19:35 [TUniServerModule]:HTTP Server Started on Port: 8077
syg_rsp.exe: 00003BDC: 10:19:36 [127.0.0.1]:EUniSessionException : Invalid session or session Timeout. (Session not found: RvAd6PUEh910B8B3CDF ) : Addr: $0082D9FE
syg_rsp.exe: 00001818: 10:19:36 [127.0.0.1]:EUniSessionException : Invalid session or session Timeout. (Session not found: RvAd6PUEh910B8B3CDF ) : Addr: $0082D9FE
syg_rsp.exe: 00003DE4: 10:23:42 [TUniServerModule]:Shutting Down Server.
syg_rsp.exe: 00003DE4: 10:23:42 [TUniServerModule]:Stopping HTTP Server.
syg_rsp.exe: 00003DE4: 10:23:42 [TUniServerModule]:HTTP Server Stopped.
syg_rsp.exe: 00003DE4: 10:23:42 [TUniGUISessionManager]:Terminating Session manager.
syg_rsp.exe: 00003DE4: 10:23:42 [TUniGUISessionManager]:Stopping Cache Eraser...
syg_rsp.exe: 00003DE4: 10:23:42 [TUniGUISessionManager]:Cache Eraser Stopped.
syg_rsp.exe: 00003DE4: 10:23:42 [TUniGUISessionManager]:Destroying Worker Threads.
syg_rsp.exe: 00003DE4: 10:23:42 [TUniGUISessionManager]:Session manager terminated.
syg_rsp.exe: 00003DE4: 10:23:42 [TUniServerModule]:Server Shutdown Completed.
syg_rsp.exe: 00003DE4: 10:23:42 []:<-------------------------------------------------------------->
syg_rsp.exe: 00003DE4: 10:23:42 [Terminated]:Exit Code: 0
syg_rsp.exe: 00004BA4: 10:23:47 []:>--------------------------------------------------------------<
syg_rsp.exe: 00004BA4: 10:23:47 [TUniServerModule]:Server First Init.
syg_rsp.exe: 00004BA4: 10:23:47 [TUniServerModule]:Starting HTTP Server on Port: 8077...
syg_rsp.exe: 00004BA4: 10:23:47 [TUniServerModule]:HTTP Server Started on Port: 8077
syg_rsp.exe: 00005214: 10:23:53 [127.0.0.1]:EUniSessionException : Invalid session or session Timeout. (Session not found: LwXWaeOkd710B8B41D4 ) : Addr: $0082D9FE
syg_rsp.exe: 00004584: 10:23:53 [127.0.0.1]:EUniSessionException : Invalid session or session Timeout. (Session not found: LwXWaeOkd710B8B41D4 ) : Addr: $0082D9FE
syg_rsp.exe: 00004BA4: 10:29:49 [TUniServerModule]:Shutting Down Server.
syg_rsp.exe: 00004BA4: 10:29:49 [TUniServerModule]:Stopping HTTP Server.
syg_rsp.exe: 00004BA4: 10:29:50 [TUniServerModule]:HTTP Server Stopped.
syg_rsp.exe: 00004BA4: 10:29:50 [TUniGUISessionManager]:Terminating Session manager.
syg_rsp.exe: 00004BA4: 10:29:50 [TUniGUISessionManager]:Stopping Cache Eraser...
syg_rsp.exe: 00004BA4: 10:29:50 [TUniGUISessionManager]:Cache Eraser Stopped.
syg_rsp.exe: 00004BA4: 10:29:50 [TUniGUISessionManager]:Destroying Worker Threads.
syg_rsp.exe: 00004BA4: 10:29:50 [TUniGUISessionManager]:Session manager terminated.
syg_rsp.exe: 00004BA4: 10:29:50 [TUniServerModule]:Server Shutdown Completed.
syg_rsp.exe: 00004BA4: 10:29:50 []:<-------------------------------------------------------------->
syg_rsp.exe: 00004BA4: 10:29:50 [Terminated]:Exit Code: 0
syg_rsp.exe: 000025B8: 11:58:49 []:>--------------------------------------------------------------<
syg_rsp.exe: 000025B8: 11:58:49 [TUniServerModule]:Server First Init.
syg_rsp.exe: 000025B8: 11:58:49 [TUniServerModule]:Starting HTTP Server on Port: 8077...
syg_rsp.exe: 000025B8: 11:58:49 [TUniServerModule]:HTTP Server Started on Port: 8077
syg_rsp.exe: 00003864: 11:58:53 [127.0.0.1]:EUniSessionException : Invalid session or session Timeout. (Session not found: YmhCudw5zG10B8B42FD ) : Addr: $0082D9FE
syg_rsp.exe: 00002770: 11:58:53 [127.0.0.1]:EUniSessionException : Invalid session or session Timeout. (Session not found: YmhCudw5zG10B8B42FD ) : Addr: $0082D9FE
syg_rsp.exe: 000025B8: 12:03:48 [TUniServerModule]:Shutting Down Server.
syg_rsp.exe: 000025B8: 12:03:48 [TUniServerModule]:Stopping HTTP Server.
syg_rsp.exe: 000025B8: 12:03:49 [TUniServerModule]:HTTP Server Stopped.
syg_rsp.exe: 000025B8: 12:03:49 [TUniGUISessionManager]:Terminating Session manager.
syg_rsp.exe: 000025B8: 12:03:49 [TUniGUISessionManager]:Stopping Cache Eraser...
syg_rsp.exe: 000025B8: 12:03:49 [TUniGUISessionManager]:Cache Eraser Stopped.
syg_rsp.exe: 000025B8: 12:03:49 [TUniGUISessionManager]:Destroying Worker Threads.
syg_rsp.exe: 000025B8: 12:03:49 [TUniGUISessionManager]:Session manager terminated.
syg_rsp.exe: 000025B8: 12:03:50 [TUniServerModule]:Server Shutdown Completed.
syg_rsp.exe: 000025B8: 12:03:50 []:<-------------------------------------------------------------->
syg_rsp.exe: 000025B8: 12:03:50 [Terminated]:Exit Code: 0
syg_rsp.exe: 0000385C: 12:03:53 []:>--------------------------------------------------------------<
syg_rsp.exe: 0000385C: 12:03:53 [TUniServerModule]:Server First Init.
syg_rsp.exe: 0000385C: 12:03:53 [TUniServerModule]:Starting HTTP Server on Port: 8077...
syg_rsp.exe: 0000385C: 12:03:53 [TUniServerModule]:HTTP Server Started on Port: 8077
syg_rsp.exe: 00005154: 12:03:56 [127.0.0.1]:EUniSessionException : Invalid session or session Timeout. (Session not found: STDWTrV48W10B8B5CC3 ) : Addr: $0082D9FE
syg_rsp.exe: 00003080: 12:03:56 [127.0.0.1]:EUniSessionException : Invalid session or session Timeout. (Session not found: STDWTrV48W10B8B5CC3 ) : Addr: $0082D9FE
syg_rsp.exe: 0000536C: 15:25:08 [127.0.0.1]:EUniSessionException : Invalid session or session Timeout. (Session not found: tlRPZnb89810B8B5E21 ) : Addr: $0082D9FE
syg_rsp.exe: 000014E4: 18:08:02 [127.0.0.1]:EUniSessionException : Invalid session or session Timeout. (Session not found: VuoLCZvahK10B8B94B8 ) : Addr: $0082D9FE
