syg_rsp.exe: 00003ECC: 11:37:24 [TUniServerModule]:Shutting Down Server.
syg_rsp.exe: 00003ECC: 11:37:24 [TUniServerModule]:Stopping HTTP Server.
syg_rsp.exe: 00003ECC: 11:37:25 [TUniServerModule]:HTTP Server Stopped.
syg_rsp.exe: 00003ECC: 11:37:25 [TUniGUISessionManager]:Terminating Session manager.
syg_rsp.exe: 00003ECC: 11:37:25 [TUniGUISessionManager]:Stopping Cache Eraser...
syg_rsp.exe: 00003ECC: 11:37:25 [TUniGUISessionManager]:Cache Eraser Stopped.
syg_rsp.exe: 00003ECC: 11:37:25 [TUniGUISessionManager]:Destroying Worker Threads.
syg_rsp.exe: 00003ECC: 11:37:25 [TUniGUISessionManager]:Session manager terminated.
syg_rsp.exe: 00003ECC: 11:37:25 [TUniServerModule]:Server Shutdown Completed.
syg_rsp.exe: 00003ECC: 11:37:25 []:<-------------------------------------------------------------->
syg_rsp.exe: 00003ECC: 11:37:25 [Terminated]:Exit Code: 0
syg_rsp.exe: 00003730: 14:52:37 []:>--------------------------------------------------------------<
syg_rsp.exe: 00003730: 14:52:37 [TUniServerModule]:Server First Init.
syg_rsp.exe: 00003730: 14:52:37 [TUniServerModule]:Starting HTTP Server on Port: 8077...
syg_rsp.exe: 00003730: 14:52:37 [TUniServerModule]:HTTP Server Started on Port: 8077
syg_rsp.exe: 00003730: 14:53:14 [TUniServerModule]:Shutting Down Server.
syg_rsp.exe: 00003730: 14:53:14 [TUniServerModule]:Stopping HTTP Server.
syg_rsp.exe: 00003730: 14:53:15 [TUniServerModule]:HTTP Server Stopped.
syg_rsp.exe: 00003730: 14:53:15 [TUniGUISessionManager]:Terminating Session manager.
syg_rsp.exe: 00003730: 14:53:15 [TUniGUISessionManager]:Stopping Cache Eraser...
syg_rsp.exe: 00003730: 14:53:15 [TUniGUISessionManager]:Cache Eraser Stopped.
syg_rsp.exe: 00003730: 14:53:15 [TUniGUISessionManager]:Destroying Worker Threads.
syg_rsp.exe: 00003730: 14:53:15 [TUniGUISessionManager]:Session manager terminated.
syg_rsp.exe: 00003730: 14:53:15 [TUniServerModule]:Server Shutdown Completed.
syg_rsp.exe: 00003730: 14:53:15 []:<-------------------------------------------------------------->
syg_rsp.exe: 00003730: 14:53:15 [Terminated]:Exit Code: 0
syg_rsp.exe: 0000067C: 14:55:26 []:>--------------------------------------------------------------<
syg_rsp.exe: 0000067C: 14:55:26 [TUniServerModule]:Server First Init.
syg_rsp.exe: 0000067C: 14:55:26 [TUniServerModule]:Starting HTTP Server on Port: 8077...
syg_rsp.exe: 0000067C: 14:55:26 [TUniServerModule]:HTTP Server Started on Port: 8077
syg_rsp.exe: 000023D0: 14:55:29 [127.0.0.1]:EUniSessionException : Invalid session or session Timeout. (Session not found: aD3sMhIqBP10BC587C3 ) : Addr: $0082D9FE
syg_rsp.exe: 00005670: 14:55:29 [127.0.0.1]:EUniSessionException : Invalid session or session Timeout. (Session not found: aD3sMhIqBP10BC587C3 ) : Addr: $0082D9FE
syg_rsp.exe: 0000067C: 14:59:58 [TUniServerModule]:Shutting Down Server.
syg_rsp.exe: 0000067C: 14:59:58 [TUniServerModule]:Stopping HTTP Server.
syg_rsp.exe: 0000067C: 14:59:59 [TUniServerModule]:HTTP Server Stopped.
syg_rsp.exe: 0000067C: 14:59:59 [TUniGUISessionManager]:Terminating Session manager.
syg_rsp.exe: 0000067C: 14:59:59 [TUniGUISessionManager]:Stopping Cache Eraser...
syg_rsp.exe: 0000067C: 14:59:59 [TUniGUISessionManager]:Cache Eraser Stopped.
syg_rsp.exe: 0000067C: 14:59:59 [TUniGUISessionManager]:Destroying Worker Threads.
syg_rsp.exe: 0000067C: 14:59:59 [TUniGUISessionManager]:Session manager terminated.
syg_rsp.exe: 0000067C: 14:59:59 [TUniServerModule]:Server Shutdown Completed.
syg_rsp.exe: 0000067C: 14:59:59 []:<-------------------------------------------------------------->
syg_rsp.exe: 0000067C: 14:59:59 [Terminated]:Exit Code: 0
syg_rsp.exe: 0000296C: 15:00:03 []:>--------------------------------------------------------------<
syg_rsp.exe: 0000296C: 15:00:03 [TUniServerModule]:Server First Init.
syg_rsp.exe: 0000296C: 15:00:03 [TUniServerModule]:Starting HTTP Server on Port: 8077...
syg_rsp.exe: 0000296C: 15:00:03 [TUniServerModule]:HTTP Server Started on Port: 8077
syg_rsp.exe: 000022D8: 15:00:05 [127.0.0.1]:EUniSessionException : Invalid session or session Timeout. (Session not found: Fg7Uf4sorC10BC5886B ) : Addr: $0082D9FE
syg_rsp.exe: 00001CC8: 15:00:05 [127.0.0.1]:EUniSessionException : Invalid session or session Timeout. (Session not found: Fg7Uf4sorC10BC5886B ) : Addr: $0082D9FE
syg_rsp.exe: 0000296C: 16:33:38 [TUniServerModule]:Shutting Down Server.
syg_rsp.exe: 0000296C: 16:33:38 [TUniServerModule]:Stopping HTTP Server.
syg_rsp.exe: 0000296C: 16:33:39 [TUniServerModule]:HTTP Server Stopped.
syg_rsp.exe: 0000296C: 16:33:39 [TUniGUISessionManager]:Terminating Session manager.
syg_rsp.exe: 0000296C: 16:33:39 [TUniGUISessionManager]:Stopping Cache Eraser...
syg_rsp.exe: 0000296C: 16:33:39 [TUniGUISessionManager]:Cache Eraser Stopped.
syg_rsp.exe: 0000296C: 16:33:39 [TUniGUISessionManager]:Destroying Worker Threads.
syg_rsp.exe: 0000296C: 16:33:39 [TUniGUISessionManager]:Session manager terminated.
syg_rsp.exe: 0000296C: 16:33:39 [TUniServerModule]:Server Shutdown Completed.
syg_rsp.exe: 0000296C: 16:33:39 []:<-------------------------------------------------------------->
syg_rsp.exe: 0000296C: 16:33:39 [Terminated]:Exit Code: 0
syg_rsp.exe: 000060E0: 16:45:00 []:>--------------------------------------------------------------<
syg_rsp.exe: 000060E0: 16:45:00 [TUniServerModule]:Server First Init.
syg_rsp.exe: 000060E0: 16:45:00 [TUniServerModule]:Starting HTTP Server on Port: 8077...
syg_rsp.exe: 000060E0: 16:45:00 [TUniServerModule]:HTTP Server Started on Port: 8077
syg_rsp.exe: 000060E0: 16:45:02 [TUniServerModule]:Shutting Down Server.
syg_rsp.exe: 000060E0: 16:45:02 [TUniServerModule]:Stopping HTTP Server.
syg_rsp.exe: 000060E0: 16:45:02 [TUniServerModule]:HTTP Server Stopped.
syg_rsp.exe: 000060E0: 16:45:02 [TUniGUISessionManager]:Terminating Session manager.
syg_rsp.exe: 000060E0: 16:45:02 [TUniGUISessionManager]:Stopping Cache Eraser...
syg_rsp.exe: 000060E0: 16:45:02 [TUniGUISessionManager]:Cache Eraser Stopped.
syg_rsp.exe: 000060E0: 16:45:02 [TUniGUISessionManager]:Destroying Worker Threads.
syg_rsp.exe: 000060E0: 16:45:02 [TUniGUISessionManager]:Session manager terminated.
syg_rsp.exe: 000060E0: 16:45:02 [TUniServerModule]:Server Shutdown Completed.
syg_rsp.exe: 000060E0: 16:45:02 []:<-------------------------------------------------------------->
syg_rsp.exe: 000060E0: 16:45:02 [Terminated]:Exit Code: 0
syg_rsp.exe: 00001008: 16:57:19 []:>--------------------------------------------------------------<
syg_rsp.exe: 00001008: 16:57:19 [TUniServerModule]:Server First Init.
syg_rsp.exe: 00001008: 16:57:19 [TUniServerModule]:Starting HTTP Server on Port: 8077...
syg_rsp.exe: 00001008: 16:57:19 [TUniServerModule]:HTTP Server Started on Port: 8077
syg_rsp.exe: 00004968: 16:57:44 [127.0.0.1]:EUniSessionException : Invalid session or session Timeout. (Session not found: cU9jbDI9DG10BC589AA ) : Addr: $0082D9FE
syg_rsp.exe: 00002620: 16:57:44 [127.0.0.1]:EUniSessionException : Invalid session or session Timeout. (Session not found: cU9jbDI9DG10BC589AA ) : Addr: $0082D9FE
syg_rsp.exe: 00004968: 16:57:54 [127.0.0.1]:EDatabaseError : QStand: Paramètres 'id' non trouvés : Addr: $006BC9C2
syg_rsp.exe: 00001008: 16:58:51 [TUniServerModule]:Shutting Down Server.
syg_rsp.exe: 00001008: 16:58:51 [TUniServerModule]:Stopping HTTP Server.
syg_rsp.exe: 00001008: 16:58:52 [TUniServerModule]:HTTP Server Stopped.
syg_rsp.exe: 00001008: 16:58:52 [TUniGUISessionManager]:Terminating Session manager.
syg_rsp.exe: 00001008: 16:58:52 [TUniGUISessionManager]:Stopping Cache Eraser...
syg_rsp.exe: 00001008: 16:58:52 [TUniGUISessionManager]:Cache Eraser Stopped.
syg_rsp.exe: 00001008: 16:58:52 [TUniGUISessionManager]:Destroying Worker Threads.
syg_rsp.exe: 00001008: 16:58:52 [TUniGUISessionManager]:Session manager terminated.
syg_rsp.exe: 00001008: 16:58:52 [TUniServerModule]:Server Shutdown Completed.
syg_rsp.exe: 00001008: 16:58:52 []:<-------------------------------------------------------------->
syg_rsp.exe: 00001008: 16:58:52 [Terminated]:Exit Code: 0
syg_rsp.exe: 00001090: 16:58:55 []:>--------------------------------------------------------------<
syg_rsp.exe: 00001090: 16:58:55 [TUniServerModule]:Server First Init.
syg_rsp.exe: 00001090: 16:58:55 [TUniServerModule]:Starting HTTP Server on Port: 8077...
syg_rsp.exe: 00001090: 16:58:55 [TUniServerModule]:HTTP Server Started on Port: 8077
syg_rsp.exe: 00005470: 16:58:57 [127.0.0.1]:EUniSessionException : Invalid session or session Timeout. (Session not found: Qs6YPg9OQN10BC5A994 ) : Addr: $0082D9FE
syg_rsp.exe: 00005918: 16:58:57 [127.0.0.1]:EUniSessionException : Invalid session or session Timeout. (Session not found: Qs6YPg9OQN10BC5A994 ) : Addr: $0082D9FE
syg_rsp.exe: 00005918: 16:59:04 [127.0.0.1]:EDatabaseError : QStand: Paramètres 'id' non trouvés : Addr: $006BC9C2
syg_rsp.exe: 00001090: 16:59:28 [TUniServerModule]:Shutting Down Server.
syg_rsp.exe: 00001090: 16:59:28 [TUniServerModule]:Stopping HTTP Server.
syg_rsp.exe: 00001090: 16:59:29 [TUniServerModule]:HTTP Server Stopped.
syg_rsp.exe: 00001090: 16:59:29 [TUniGUISessionManager]:Terminating Session manager.
syg_rsp.exe: 00001090: 16:59:29 [TUniGUISessionManager]:Stopping Cache Eraser...
syg_rsp.exe: 00001090: 16:59:29 [TUniGUISessionManager]:Cache Eraser Stopped.
syg_rsp.exe: 00001090: 16:59:29 [TUniGUISessionManager]:Destroying Worker Threads.
syg_rsp.exe: 00001090: 16:59:29 [TUniGUISessionManager]:Session manager terminated.
syg_rsp.exe: 00001090: 16:59:29 [TUniServerModule]:Server Shutdown Completed.
syg_rsp.exe: 00001090: 16:59:29 []:<-------------------------------------------------------------->
syg_rsp.exe: 00001090: 16:59:29 [Terminated]:Exit Code: 0
syg_rsp.exe: 000058DC: 16:59:31 []:>--------------------------------------------------------------<
syg_rsp.exe: 000058DC: 16:59:31 [TUniServerModule]:Server First Init.
syg_rsp.exe: 000058DC: 16:59:31 [TUniServerModule]:Starting HTTP Server on Port: 8077...
syg_rsp.exe: 000058DC: 16:59:31 [TUniServerModule]:HTTP Server Started on Port: 8077
syg_rsp.exe: 00001830: 16:59:32 [127.0.0.1]:EUniSessionException : Invalid session or session Timeout. (Session not found: z49uBKov5710BC5A9E9 ) : Addr: $0082D9FE
syg_rsp.exe: 0000405C: 16:59:32 [127.0.0.1]:EUniSessionException : Invalid session or session Timeout. (Session not found: z49uBKov5710BC5A9E9 ) : Addr: $0082D9FE
syg_rsp.exe: 0000405C: 16:59:42 [127.0.0.1]:EDatabaseError : QStand: Paramètres 'id_regle' non trouvés : Addr: $006BC9C2
