syg_rsp.exe: 0000373C: 07:34:06 [TUniServerModule]:Shutting Down Server.
syg_rsp.exe: 0000373C: 07:34:06 [TUniServerModule]:Stopping HTTP Server.
syg_rsp.exe: 0000373C: 07:34:07 [TUniServerModule]:HTTP Server Stopped.
syg_rsp.exe: 0000373C: 07:34:07 [TUniGUISessionManager]:Terminating Session manager.
syg_rsp.exe: 0000373C: 07:34:07 [TUniGUISessionManager]:Stopping Cache Eraser...
syg_rsp.exe: 0000373C: 07:34:07 [TUniGUISessionManager]:Cache Eraser Stopped.
syg_rsp.exe: 0000373C: 07:34:07 [TUniGUISessionManager]:Destroying Worker Threads.
syg_rsp.exe: 0000373C: 07:34:07 [TUniGUISessionManager]:Session manager terminated.
syg_rsp.exe: 0000373C: 07:34:07 [TUniServerModule]:Server Shutdown Completed.
syg_rsp.exe: 0000373C: 07:34:07 []:<-------------------------------------------------------------->
syg_rsp.exe: 0000373C: 07:34:07 [Terminated]:Exit Code: 0
syg_rsp.exe: 000049E4: 07:34:16 []:>--------------------------------------------------------------<
syg_rsp.exe: 000049E4: 07:34:16 [TUniServerModule]:Server First Init.
syg_rsp.exe: 000049E4: 07:34:16 [TUniServerModule]:Starting HTTP Server on Port: 8077...
syg_rsp.exe: 000049E4: 07:34:16 [TUniServerModule]:HTTP Server Started on Port: 8077
syg_rsp.exe: 000049E4: 07:39:47 [TUniServerModule]:Shutting Down Server.
syg_rsp.exe: 000049E4: 07:39:47 [TUniServerModule]:Stopping HTTP Server.
syg_rsp.exe: 000049E4: 07:39:48 [TUniServerModule]:HTTP Server Stopped.
syg_rsp.exe: 000049E4: 07:39:48 [TUniGUISessionManager]:Terminating Session manager.
syg_rsp.exe: 000049E4: 07:39:48 [TUniGUISessionManager]:Stopping Cache Eraser...
syg_rsp.exe: 000049E4: 07:39:48 [TUniGUISessionManager]:Cache Eraser Stopped.
syg_rsp.exe: 000049E4: 07:39:48 [TUniGUISessionManager]:Destroying Worker Threads.
syg_rsp.exe: 000049E4: 07:39:48 [TUniGUISessionManager]:Session manager terminated.
syg_rsp.exe: 000049E4: 07:39:48 [TUniServerModule]:Server Shutdown Completed.
syg_rsp.exe: 000049E4: 07:39:48 []:<-------------------------------------------------------------->
syg_rsp.exe: 000049E4: 07:39:48 [Terminated]:Exit Code: 0
syg_rsp.exe: 00004214: 07:40:21 []:>--------------------------------------------------------------<
syg_rsp.exe: 00004214: 07:40:21 [TUniServerModule]:Server First Init.
syg_rsp.exe: 00004214: 07:40:21 [TUniServerModule]:Starting HTTP Server on Port: 8077...
syg_rsp.exe: 00004214: 07:40:21 [TUniServerModule]:HTTP Server Started on Port: 8077
syg_rsp.exe: 000043A4: 07:40:22 [127.0.0.1]:EUniSessionException : Invalid session or session Timeout. (Session not found: yWM5xxLVee10B95C378 ) : Addr: $0082D9FE
syg_rsp.exe: 00004214: 08:38:31 [TUniServerModule]:Shutting Down Server.
syg_rsp.exe: 00004214: 08:38:31 [TUniServerModule]:Stopping HTTP Server.
syg_rsp.exe: 00004214: 08:38:32 [TUniServerModule]:HTTP Server Stopped.
syg_rsp.exe: 00004214: 08:38:32 [TUniGUISessionManager]:Terminating Session manager.
syg_rsp.exe: 00004214: 08:38:32 [TUniGUISessionManager]:Stopping Cache Eraser...
syg_rsp.exe: 00004214: 08:38:32 [TUniGUISessionManager]:Cache Eraser Stopped.
syg_rsp.exe: 00004214: 08:38:32 [TUniGUISessionManager]:Destroying Worker Threads.
syg_rsp.exe: 00004214: 08:38:32 [TUniGUISessionManager]:Session manager terminated.
syg_rsp.exe: 00004214: 08:38:32 [TUniServerModule]:Server Shutdown Completed.
syg_rsp.exe: 00004214: 08:38:32 []:<-------------------------------------------------------------->
syg_rsp.exe: 00004214: 08:38:32 [Terminated]:Exit Code: 0
syg_rsp.exe: 00004398: 08:38:35 []:>--------------------------------------------------------------<
syg_rsp.exe: 00004398: 08:38:35 [TUniServerModule]:Server First Init.
syg_rsp.exe: 00004398: 08:38:35 [TUniServerModule]:Starting HTTP Server on Port: 8077...
syg_rsp.exe: 00004398: 08:38:35 [TUniServerModule]:HTTP Server Started on Port: 8077
syg_rsp.exe: 000049E0: 08:38:36 [127.0.0.1]:EUniSessionException : Invalid session or session Timeout. (Session not found: LRWiufhX9U10B95C504 ) : Addr: $0082D9FE
syg_rsp.exe: 00001DC4: 08:38:36 [127.0.0.1]:EUniSessionException : Invalid session or session Timeout. (Session not found: LRWiufhX9U10B95C504 ) : Addr: $0082D9FE
syg_rsp.exe: 00004398: 08:39:25 [TUniServerModule]:Shutting Down Server.
syg_rsp.exe: 00004398: 08:39:25 [TUniServerModule]:Stopping HTTP Server.
syg_rsp.exe: 00004398: 08:39:26 [TUniServerModule]:HTTP Server Stopped.
syg_rsp.exe: 00004398: 08:39:26 [TUniGUISessionManager]:Terminating Session manager.
syg_rsp.exe: 00004398: 08:39:26 [TUniGUISessionManager]:Stopping Cache Eraser...
syg_rsp.exe: 00004398: 08:39:26 [TUniGUISessionManager]:Cache Eraser Stopped.
syg_rsp.exe: 00004398: 08:39:26 [TUniGUISessionManager]:Destroying Worker Threads.
syg_rsp.exe: 00004398: 08:39:26 [TUniGUISessionManager]:Session manager terminated.
syg_rsp.exe: 00004398: 08:39:26 [TUniServerModule]:Server Shutdown Completed.
syg_rsp.exe: 00004398: 08:39:26 []:<-------------------------------------------------------------->
syg_rsp.exe: 00004398: 08:39:26 [Terminated]:Exit Code: 0
syg_rsp.exe: 00002AC4: 08:39:28 []:>--------------------------------------------------------------<
syg_rsp.exe: 00002AC4: 08:39:28 [TUniServerModule]:Server First Init.
syg_rsp.exe: 00002AC4: 08:39:29 [TUniServerModule]:Starting HTTP Server on Port: 8077...
syg_rsp.exe: 00002AC4: 08:39:29 [TUniServerModule]:HTTP Server Started on Port: 8077
syg_rsp.exe: 0000459C: 08:39:30 [127.0.0.1]:EUniSessionException : Invalid session or session Timeout. (Session not found: e8L7N5i81N10B95D4CE ) : Addr: $0082D9FE
syg_rsp.exe: 000046BC: 08:39:30 [127.0.0.1]:EUniSessionException : Invalid session or session Timeout. (Session not found: e8L7N5i81N10B95D4CE ) : Addr: $0082D9FE
syg_rsp.exe: 00002AC4: 08:40:25 [TUniServerModule]:Shutting Down Server.
syg_rsp.exe: 00002AC4: 08:40:25 [TUniServerModule]:Stopping HTTP Server.
syg_rsp.exe: 00002AC4: 08:40:26 [TUniServerModule]:HTTP Server Stopped.
syg_rsp.exe: 00002AC4: 08:40:26 [TUniGUISessionManager]:Terminating Session manager.
syg_rsp.exe: 00002AC4: 08:40:26 [TUniGUISessionManager]:Stopping Cache Eraser...
syg_rsp.exe: 00002AC4: 08:40:26 [TUniGUISessionManager]:Cache Eraser Stopped.
syg_rsp.exe: 00002AC4: 08:40:26 [TUniGUISessionManager]:Destroying Worker Threads.
syg_rsp.exe: 00002AC4: 08:40:26 [TUniGUISessionManager]:Session manager terminated.
syg_rsp.exe: 00002AC4: 08:40:26 [TUniServerModule]:Server Shutdown Completed.
syg_rsp.exe: 00002AC4: 08:40:26 []:<-------------------------------------------------------------->
syg_rsp.exe: 00002AC4: 08:40:26 [Terminated]:Exit Code: 0
syg_rsp.exe: 00001628: 08:40:36 []:>--------------------------------------------------------------<
syg_rsp.exe: 00001628: 08:40:36 [TUniServerModule]:Server First Init.
syg_rsp.exe: 00001628: 08:40:36 [TUniServerModule]:Starting HTTP Server on Port: 8077...
syg_rsp.exe: 00001628: 08:40:36 [TUniServerModule]:HTTP Server Started on Port: 8077
syg_rsp.exe: 00003E74: 08:40:38 [127.0.0.1]:EUniSessionException : Invalid session or session Timeout. (Session not found: aMzH5iGevi10B95D50D ) : Addr: $0082D9FE
syg_rsp.exe: 00004994: 08:40:38 [127.0.0.1]:EUniSessionException : Invalid session or session Timeout. (Session not found: aMzH5iGevi10B95D50D ) : Addr: $0082D9FE
syg_rsp.exe: 00001628: 08:41:29 [TUniServerModule]:Shutting Down Server.
syg_rsp.exe: 00001628: 08:41:29 [TUniServerModule]:Stopping HTTP Server.
syg_rsp.exe: 00001628: 08:41:31 [TUniServerModule]:HTTP Server Stopped.
syg_rsp.exe: 00001628: 08:41:31 [TUniGUISessionManager]:Terminating Session manager.
syg_rsp.exe: 00001628: 08:41:31 [TUniGUISessionManager]:Stopping Cache Eraser...
syg_rsp.exe: 00001628: 08:41:31 [TUniGUISessionManager]:Cache Eraser Stopped.
syg_rsp.exe: 00001628: 08:41:31 [TUniGUISessionManager]:Destroying Worker Threads.
syg_rsp.exe: 00001628: 08:41:31 [TUniGUISessionManager]:Session manager terminated.
syg_rsp.exe: 00001628: 08:41:31 [TUniServerModule]:Server Shutdown Completed.
syg_rsp.exe: 00001628: 08:41:31 []:<-------------------------------------------------------------->
syg_rsp.exe: 00001628: 08:41:31 [Terminated]:Exit Code: 0
syg_rsp.exe: 000049D4: 08:41:33 []:>--------------------------------------------------------------<
syg_rsp.exe: 000049D4: 08:41:33 [TUniServerModule]:Server First Init.
syg_rsp.exe: 000049D4: 08:41:33 [TUniServerModule]:Starting HTTP Server on Port: 8077...
syg_rsp.exe: 000049D4: 08:41:33 [TUniServerModule]:HTTP Server Started on Port: 8077
syg_rsp.exe: 00002E58: 08:41:37 [127.0.0.1]:EUniSessionException : Invalid session or session Timeout. (Session not found: BT3wSaNKqh10B95D55C ) : Addr: $0082D9FE
syg_rsp.exe: 00001428: 08:41:37 [127.0.0.1]:EUniSessionException : Invalid session or session Timeout. (Session not found: BT3wSaNKqh10B95D55C ) : Addr: $0082D9FE
syg_rsp.exe: 000049D4: 08:43:36 [TUniServerModule]:Shutting Down Server.
syg_rsp.exe: 000049D4: 08:43:36 [TUniServerModule]:Stopping HTTP Server.
syg_rsp.exe: 000049D4: 08:43:37 [TUniServerModule]:HTTP Server Stopped.
syg_rsp.exe: 000049D4: 08:43:37 [TUniGUISessionManager]:Terminating Session manager.
syg_rsp.exe: 000049D4: 08:43:37 [TUniGUISessionManager]:Stopping Cache Eraser...
syg_rsp.exe: 000049D4: 08:43:37 [TUniGUISessionManager]:Cache Eraser Stopped.
syg_rsp.exe: 000049D4: 08:43:37 [TUniGUISessionManager]:Destroying Worker Threads.
syg_rsp.exe: 000049D4: 08:43:37 [TUniGUISessionManager]:Session manager terminated.
syg_rsp.exe: 000049D4: 08:43:38 [TUniServerModule]:Server Shutdown Completed.
syg_rsp.exe: 000049D4: 08:43:38 []:<-------------------------------------------------------------->
syg_rsp.exe: 000049D4: 08:43:38 [Terminated]:Exit Code: 0
syg_rsp.exe: 000017CC: 08:43:40 []:>--------------------------------------------------------------<
syg_rsp.exe: 000017CC: 08:43:40 [TUniServerModule]:Server First Init.
syg_rsp.exe: 000017CC: 08:43:40 [TUniServerModule]:Starting HTTP Server on Port: 8077...
syg_rsp.exe: 000017CC: 08:43:40 [TUniServerModule]:HTTP Server Started on Port: 8077
syg_rsp.exe: 000043A8: 08:43:41 [127.0.0.1]:EUniSessionException : Invalid session or session Timeout. (Session not found: IkVemwGMNH10B95D5A0 ) : Addr: $0082D9FE
syg_rsp.exe: 00004480: 08:43:41 [127.0.0.1]:EUniSessionException : Invalid session or session Timeout. (Session not found: IkVemwGMNH10B95D5A0 ) : Addr: $0082D9FE
syg_rsp.exe: 00004480: 08:43:57 [127.0.0.1]:EVariantTypeCastError : Impossible de convertir le variant de type (Null) en type (OleStr) : Addr: $0043FE80
syg_rsp.exe: 000017CC: 08:46:23 [TUniServerModule]:Shutting Down Server.
syg_rsp.exe: 000017CC: 08:46:23 [TUniServerModule]:Stopping HTTP Server.
syg_rsp.exe: 000017CC: 08:46:24 [TUniServerModule]:HTTP Server Stopped.
syg_rsp.exe: 000017CC: 08:46:24 [TUniGUISessionManager]:Terminating Session manager.
syg_rsp.exe: 000017CC: 08:46:24 [TUniGUISessionManager]:Stopping Cache Eraser...
syg_rsp.exe: 000017CC: 08:46:24 [TUniGUISessionManager]:Cache Eraser Stopped.
syg_rsp.exe: 000017CC: 08:46:24 [TUniGUISessionManager]:Destroying Worker Threads.
syg_rsp.exe: 000017CC: 08:46:24 [TUniGUISessionManager]:Session manager terminated.
syg_rsp.exe: 000017CC: 08:46:24 [TUniServerModule]:Server Shutdown Completed.
syg_rsp.exe: 000017CC: 08:46:24 []:<-------------------------------------------------------------->
syg_rsp.exe: 000017CC: 08:46:24 [Terminated]:Exit Code: 0
syg_rsp.exe: 000049F0: 08:46:29 []:>--------------------------------------------------------------<
syg_rsp.exe: 000049F0: 08:46:29 [TUniServerModule]:Server First Init.
syg_rsp.exe: 000049F0: 08:46:29 [TUniServerModule]:Starting HTTP Server on Port: 8077...
syg_rsp.exe: 000049F0: 08:46:29 [TUniServerModule]:HTTP Server Started on Port: 8077
syg_rsp.exe: 00001EF8: 08:46:30 [127.0.0.1]:EUniSessionException : Invalid session or session Timeout. (Session not found: 89IPK8ofdP10B95D62F ) : Addr: $0082D9FE
syg_rsp.exe: 00004194: 08:46:30 [127.0.0.1]:EUniSessionException : Invalid session or session Timeout. (Session not found: 89IPK8ofdP10B95D62F ) : Addr: $0082D9FE
syg_rsp.exe: 000049F0: 08:54:21 [TUniServerModule]:Shutting Down Server.
syg_rsp.exe: 000049F0: 08:54:21 [TUniServerModule]:Stopping HTTP Server.
syg_rsp.exe: 000049F0: 08:54:22 [TUniServerModule]:HTTP Server Stopped.
syg_rsp.exe: 000049F0: 08:54:22 [TUniGUISessionManager]:Terminating Session manager.
syg_rsp.exe: 000049F0: 08:54:22 [TUniGUISessionManager]:Stopping Cache Eraser...
syg_rsp.exe: 000049F0: 08:54:22 [TUniGUISessionManager]:Cache Eraser Stopped.
syg_rsp.exe: 000049F0: 08:54:22 [TUniGUISessionManager]:Destroying Worker Threads.
syg_rsp.exe: 000049F0: 08:54:22 [TUniGUISessionManager]:Session manager terminated.
syg_rsp.exe: 000049F0: 08:54:22 [TUniServerModule]:Server Shutdown Completed.
syg_rsp.exe: 000049F0: 08:54:22 []:<-------------------------------------------------------------->
syg_rsp.exe: 000049F0: 08:54:22 [Terminated]:Exit Code: 0
syg_rsp.exe: 00003928: 08:54:26 []:>--------------------------------------------------------------<
syg_rsp.exe: 00003928: 08:54:26 [TUniServerModule]:Server First Init.
syg_rsp.exe: 00003928: 08:54:26 [TUniServerModule]:Starting HTTP Server on Port: 8077...
syg_rsp.exe: 00003928: 08:54:26 [TUniServerModule]:HTTP Server Started on Port: 8077
syg_rsp.exe: 00004E68: 08:54:29 [127.0.0.1]:EUniSessionException : Invalid session or session Timeout. (Session not found: 9uUChGSvS210B95D6F2 ) : Addr: $0082D9FE
syg_rsp.exe: 00004684: 08:54:29 [127.0.0.1]:EUniSessionException : Invalid session or session Timeout. (Session not found: 9uUChGSvS210B95D6F2 ) : Addr: $0082D9FE
syg_rsp.exe: 00003928: 08:56:23 [TUniServerModule]:Shutting Down Server.
syg_rsp.exe: 00003928: 08:56:23 [TUniServerModule]:Stopping HTTP Server.
syg_rsp.exe: 00003928: 08:56:25 [TUniServerModule]:HTTP Server Stopped.
syg_rsp.exe: 00003928: 08:56:25 [TUniGUISessionManager]:Terminating Session manager.
syg_rsp.exe: 00003928: 08:56:25 [TUniGUISessionManager]:Stopping Cache Eraser...
syg_rsp.exe: 00003928: 08:56:25 [TUniGUISessionManager]:Cache Eraser Stopped.
syg_rsp.exe: 00003928: 08:56:25 [TUniGUISessionManager]:Destroying Worker Threads.
syg_rsp.exe: 00003928: 08:56:25 [TUniGUISessionManager]:Session manager terminated.
syg_rsp.exe: 00003928: 08:56:25 [TUniServerModule]:Server Shutdown Completed.
syg_rsp.exe: 00003928: 08:56:25 []:<-------------------------------------------------------------->
syg_rsp.exe: 00003928: 08:56:25 [Terminated]:Exit Code: 0
syg_rsp.exe: 00002228: 08:56:37 []:>--------------------------------------------------------------<
syg_rsp.exe: 00002228: 08:56:37 [TUniServerModule]:Server First Init.
syg_rsp.exe: 00002228: 08:56:37 [TUniServerModule]:Starting HTTP Server on Port: 8077...
syg_rsp.exe: 00002228: 08:56:37 [TUniServerModule]:HTTP Server Started on Port: 8077
syg_rsp.exe: 000032FC: 08:56:40 [127.0.0.1]:EUniSessionException : Invalid session or session Timeout. (Session not found: EmfrirCvuN10B95D91D ) : Addr: $0082D9FE
syg_rsp.exe: 00000540: 08:56:40 [127.0.0.1]:EUniSessionException : Invalid session or session Timeout. (Session not found: EmfrirCvuN10B95D91D ) : Addr: $0082D9FE
syg_rsp.exe: 00002228: 09:38:51 [TUniServerModule]:Shutting Down Server.
syg_rsp.exe: 00002228: 09:38:51 [TUniServerModule]:Stopping HTTP Server.
syg_rsp.exe: 00002228: 09:38:52 [TUniServerModule]:HTTP Server Stopped.
syg_rsp.exe: 00002228: 09:38:52 [TUniGUISessionManager]:Terminating Session manager.
syg_rsp.exe: 00002228: 09:38:52 [TUniGUISessionManager]:Stopping Cache Eraser...
syg_rsp.exe: 00002228: 09:38:52 [TUniGUISessionManager]:Cache Eraser Stopped.
syg_rsp.exe: 00002228: 09:38:52 [TUniGUISessionManager]:Destroying Worker Threads.
syg_rsp.exe: 00002228: 09:38:52 [TUniGUISessionManager]:Session manager terminated.
syg_rsp.exe: 00002228: 09:38:52 [TUniServerModule]:Server Shutdown Completed.
syg_rsp.exe: 00002228: 09:38:52 []:<-------------------------------------------------------------->
syg_rsp.exe: 00002228: 09:38:52 [Terminated]:Exit Code: 0
syg_rsp.exe: 00000964: 09:38:53 []:>--------------------------------------------------------------<
syg_rsp.exe: 00000964: 09:38:53 [TUniServerModule]:Server First Init.
syg_rsp.exe: 00000964: 09:38:53 [TUniServerModule]:Starting HTTP Server on Port: 8077...
syg_rsp.exe: 00000964: 09:38:53 [TUniServerModule]:HTTP Server Started on Port: 8077
syg_rsp.exe: 00004880: 09:38:55 [127.0.0.1]:EUniSessionException : Invalid session or session Timeout. (Session not found: cW49DlsiaB10B95D9B5 ) : Addr: $0082D9FE
syg_rsp.exe: 000042D4: 09:38:55 [127.0.0.1]:EUniSessionException : Invalid session or session Timeout. (Session not found: cW49DlsiaB10B95D9B5 ) : Addr: $0082D9FE
syg_rsp.exe: 00000964: 09:42:55 [TUniServerModule]:Shutting Down Server.
syg_rsp.exe: 00000964: 09:42:55 [TUniServerModule]:Stopping HTTP Server.
syg_rsp.exe: 00000964: 09:42:55 [TUniServerModule]:HTTP Server Stopped.
syg_rsp.exe: 00000964: 09:42:55 [TUniGUISessionManager]:Terminating Session manager.
syg_rsp.exe: 00000964: 09:42:55 [TUniGUISessionManager]:Stopping Cache Eraser...
syg_rsp.exe: 00000964: 09:42:56 [TUniGUISessionManager]:Cache Eraser Stopped.
syg_rsp.exe: 00000964: 09:42:56 [TUniGUISessionManager]:Destroying Worker Threads.
syg_rsp.exe: 00000964: 09:42:56 [TUniGUISessionManager]:Session manager terminated.
syg_rsp.exe: 00000964: 09:42:56 [TUniServerModule]:Server Shutdown Completed.
syg_rsp.exe: 00000964: 09:42:56 []:<-------------------------------------------------------------->
syg_rsp.exe: 00000964: 09:42:56 [Terminated]:Exit Code: 0
syg_rsp.exe: 00002CA8: 09:43:03 []:>--------------------------------------------------------------<
syg_rsp.exe: 00002CA8: 09:43:03 [TUniServerModule]:Server First Init.
syg_rsp.exe: 00002CA8: 09:43:03 [TUniServerModule]:Starting HTTP Server on Port: 8077...
syg_rsp.exe: 00002CA8: 09:43:03 [TUniServerModule]:HTTP Server Started on Port: 8077
syg_rsp.exe: 00002CA8: 09:44:28 [TUniServerModule]:Shutting Down Server.
syg_rsp.exe: 00002CA8: 09:44:28 [TUniServerModule]:Stopping HTTP Server.
syg_rsp.exe: 00002CA8: 09:44:28 [TUniServerModule]:HTTP Server Stopped.
syg_rsp.exe: 00002CA8: 09:44:28 [TUniGUISessionManager]:Terminating Session manager.
syg_rsp.exe: 00002CA8: 09:44:28 [TUniGUISessionManager]:Stopping Cache Eraser...
syg_rsp.exe: 00002CA8: 09:44:28 [TUniGUISessionManager]:Cache Eraser Stopped.
syg_rsp.exe: 00002CA8: 09:44:28 [TUniGUISessionManager]:Destroying Worker Threads.
syg_rsp.exe: 00002CA8: 09:44:28 [TUniGUISessionManager]:Session manager terminated.
syg_rsp.exe: 00002CA8: 09:44:28 [TUniServerModule]:Server Shutdown Completed.
syg_rsp.exe: 00002CA8: 09:44:28 []:<-------------------------------------------------------------->
syg_rsp.exe: 00002CA8: 09:44:28 [Terminated]:Exit Code: 0
syg_rsp.exe: 00000FDC: 09:44:32 []:>--------------------------------------------------------------<
syg_rsp.exe: 00000FDC: 09:44:32 [TUniServerModule]:Server First Init.
syg_rsp.exe: 00000FDC: 09:44:32 [TUniServerModule]:Starting HTTP Server on Port: 8077...
syg_rsp.exe: 00000FDC: 09:44:32 [TUniServerModule]:HTTP Server Started on Port: 8077
syg_rsp.exe: 0000288C: 09:44:33 [127.0.0.1]:EUniSessionException : Invalid session or session Timeout. (Session not found: LMOM73miWI10B95E52B ) : Addr: $0082D9FE
syg_rsp.exe: 00004EE0: 09:44:33 [127.0.0.1]:EUniSessionException : Invalid session or session Timeout. (Session not found: LMOM73miWI10B95E52B ) : Addr: $0082D9FE
syg_rsp.exe: 00000FDC: 09:47:05 [TUniServerModule]:Shutting Down Server.
syg_rsp.exe: 00000FDC: 09:47:05 [TUniServerModule]:Stopping HTTP Server.
syg_rsp.exe: 00000FDC: 09:47:06 [TUniServerModule]:HTTP Server Stopped.
syg_rsp.exe: 00000FDC: 09:47:06 [TUniGUISessionManager]:Terminating Session manager.
syg_rsp.exe: 00000FDC: 09:47:06 [TUniGUISessionManager]:Stopping Cache Eraser...
syg_rsp.exe: 00000FDC: 09:47:06 [TUniGUISessionManager]:Cache Eraser Stopped.
syg_rsp.exe: 00000FDC: 09:47:06 [TUniGUISessionManager]:Destroying Worker Threads.
syg_rsp.exe: 00000FDC: 09:47:06 [TUniGUISessionManager]:Session manager terminated.
syg_rsp.exe: 00000FDC: 09:47:06 [TUniServerModule]:Server Shutdown Completed.
syg_rsp.exe: 00000FDC: 09:47:06 []:<-------------------------------------------------------------->
syg_rsp.exe: 00000FDC: 09:47:06 [Terminated]:Exit Code: 0
syg_rsp.exe: 00004D2C: 09:47:09 []:>--------------------------------------------------------------<
syg_rsp.exe: 00004D2C: 09:47:09 [TUniServerModule]:Server First Init.
syg_rsp.exe: 00004D2C: 09:47:09 [TUniServerModule]:Starting HTTP Server on Port: 8077...
syg_rsp.exe: 00004D2C: 09:47:09 [TUniServerModule]:HTTP Server Started on Port: 8077
syg_rsp.exe: 0000240C: 09:47:11 [127.0.0.1]:EUniSessionException : Invalid session or session Timeout. (Session not found: oBbVVIloWX10B95E6B2 ) : Addr: $0082D9FE
syg_rsp.exe: 00000AB8: 09:47:11 [127.0.0.1]:EUniSessionException : Invalid session or session Timeout. (Session not found: oBbVVIloWX10B95E6B2 ) : Addr: $0082D9FE
syg_rsp.exe: 00004D2C: 09:56:14 [TUniServerModule]:Shutting Down Server.
syg_rsp.exe: 00004D2C: 09:56:14 [TUniServerModule]:Stopping HTTP Server.
syg_rsp.exe: 00004D2C: 09:56:15 [TUniServerModule]:HTTP Server Stopped.
syg_rsp.exe: 00004D2C: 09:56:15 [TUniGUISessionManager]:Terminating Session manager.
syg_rsp.exe: 00004D2C: 09:56:15 [TUniGUISessionManager]:Stopping Cache Eraser...
syg_rsp.exe: 00004D2C: 09:56:15 [TUniGUISessionManager]:Cache Eraser Stopped.
syg_rsp.exe: 00004D2C: 09:56:15 [TUniGUISessionManager]:Destroying Worker Threads.
syg_rsp.exe: 00004D2C: 09:56:15 [TUniGUISessionManager]:Session manager terminated.
syg_rsp.exe: 00004D2C: 09:56:15 [TUniServerModule]:Server Shutdown Completed.
syg_rsp.exe: 00004D2C: 09:56:15 []:<-------------------------------------------------------------->
syg_rsp.exe: 00004D2C: 09:56:15 [Terminated]:Exit Code: 0
syg_rsp.exe: 00000E04: 10:06:16 []:>--------------------------------------------------------------<
syg_rsp.exe: 00000E04: 10:06:16 [TUniServerModule]:Server First Init.
syg_rsp.exe: 00000E04: 10:06:16 [TUniServerModule]:Starting HTTP Server on Port: 8077...
syg_rsp.exe: 00000E04: 10:06:16 [TUniServerModule]:HTTP Server Started on Port: 8077
syg_rsp.exe: 00003EA0: 10:06:16 [127.0.0.1]:EUniSessionException : Invalid session or session Timeout. (Session not found: p1ZLWGORjv10B95E769 ) : Addr: $0082D9FE
syg_rsp.exe: 00003EA0: 10:06:16 [127.0.0.1]:EUniSessionException : Invalid session or session Timeout. (Session not found: p1ZLWGORjv10B95E769 ) : Addr: $0082D9FE
syg_rsp.exe: 00000E04: 10:11:10 [TUniServerModule]:Shutting Down Server.
syg_rsp.exe: 00000E04: 10:11:10 [TUniServerModule]:Stopping HTTP Server.
syg_rsp.exe: 00000E04: 10:11:11 [TUniServerModule]:HTTP Server Stopped.
syg_rsp.exe: 00000E04: 10:11:11 [TUniGUISessionManager]:Terminating Session manager.
syg_rsp.exe: 00000E04: 10:11:11 [TUniGUISessionManager]:Stopping Cache Eraser...
syg_rsp.exe: 00000E04: 10:11:11 [TUniGUISessionManager]:Cache Eraser Stopped.
syg_rsp.exe: 00000E04: 10:11:11 [TUniGUISessionManager]:Destroying Worker Threads.
syg_rsp.exe: 00000E04: 10:11:11 [TUniGUISessionManager]:Session manager terminated.
syg_rsp.exe: 00000E04: 10:11:11 [TUniServerModule]:Server Shutdown Completed.
syg_rsp.exe: 00000E04: 10:11:11 []:<-------------------------------------------------------------->
syg_rsp.exe: 00000E04: 10:11:11 [Terminated]:Exit Code: 0
syg_rsp.exe: 00002F10: 10:11:13 []:>--------------------------------------------------------------<
syg_rsp.exe: 00002F10: 10:11:13 [TUniServerModule]:Server First Init.
syg_rsp.exe: 00002F10: 10:11:13 [TUniServerModule]:Starting HTTP Server on Port: 8077...
syg_rsp.exe: 00002F10: 10:11:13 [TUniServerModule]:HTTP Server Started on Port: 8077
syg_rsp.exe: 00001614: 10:11:15 [127.0.0.1]:EUniSessionException : Invalid session or session Timeout. (Session not found: Ym13K8tQIV10B95EC98 ) : Addr: $0082D9FE
syg_rsp.exe: 00002F10: 10:21:36 [TUniServerModule]:Shutting Down Server.
syg_rsp.exe: 00002F10: 10:21:36 [TUniServerModule]:Stopping HTTP Server.
syg_rsp.exe: 00002F10: 10:21:37 [TUniServerModule]:HTTP Server Stopped.
syg_rsp.exe: 00002F10: 10:21:37 [TUniGUISessionManager]:Terminating Session manager.
syg_rsp.exe: 00002F10: 10:21:37 [TUniGUISessionManager]:Stopping Cache Eraser...
syg_rsp.exe: 00002F10: 10:21:37 [TUniGUISessionManager]:Cache Eraser Stopped.
syg_rsp.exe: 00002F10: 10:21:37 [TUniGUISessionManager]:Destroying Worker Threads.
syg_rsp.exe: 00002F10: 10:21:37 [TUniGUISessionManager]:Session manager terminated.
syg_rsp.exe: 00002F10: 10:21:37 [TUniServerModule]:Server Shutdown Completed.
syg_rsp.exe: 00002F10: 10:21:37 []:<-------------------------------------------------------------->
syg_rsp.exe: 00002F10: 10:21:37 [Terminated]:Exit Code: 0
syg_rsp.exe: 00000D30: 10:21:42 []:>--------------------------------------------------------------<
syg_rsp.exe: 00000D30: 10:21:42 [TUniServerModule]:Server First Init.
syg_rsp.exe: 00000D30: 10:21:42 [TUniServerModule]:Starting HTTP Server on Port: 8077...
syg_rsp.exe: 00000D30: 10:21:42 [TUniServerModule]:HTTP Server Started on Port: 8077
syg_rsp.exe: 0000492C: 10:21:47 [127.0.0.1]:EUniSessionException : Invalid session or session Timeout. (Session not found: GxFylu17PH10B95EDF2 ) : Addr: $0082D9FE
syg_rsp.exe: 00003F10: 10:21:47 [127.0.0.1]:EUniSessionException : Invalid session or session Timeout. (Session not found: GxFylu17PH10B95EDF2 ) : Addr: $0082D9FE
syg_rsp.exe: 00000D30: 10:39:54 [TUniServerModule]:Shutting Down Server.
syg_rsp.exe: 00000D30: 10:39:54 [TUniServerModule]:Stopping HTTP Server.
syg_rsp.exe: 00000D30: 10:39:55 [TUniServerModule]:HTTP Server Stopped.
syg_rsp.exe: 00000D30: 10:39:55 [TUniGUISessionManager]:Terminating Session manager.
syg_rsp.exe: 00000D30: 10:39:55 [TUniGUISessionManager]:Stopping Cache Eraser...
syg_rsp.exe: 00000D30: 10:39:55 [TUniGUISessionManager]:Cache Eraser Stopped.
syg_rsp.exe: 00000D30: 10:39:55 [TUniGUISessionManager]:Destroying Worker Threads.
syg_rsp.exe: 00000D30: 10:39:55 [TUniGUISessionManager]:Session manager terminated.
syg_rsp.exe: 00000D30: 10:39:55 [TUniServerModule]:Server Shutdown Completed.
syg_rsp.exe: 00000D30: 10:39:55 []:<-------------------------------------------------------------->
syg_rsp.exe: 00000D30: 10:39:55 [Terminated]:Exit Code: 0
syg_rsp.exe: 000042A0: 10:40:17 []:>--------------------------------------------------------------<
syg_rsp.exe: 000042A0: 10:40:17 [TUniServerModule]:Server First Init.
syg_rsp.exe: 000042A0: 10:40:17 [TUniServerModule]:Starting HTTP Server on Port: 8077...
syg_rsp.exe: 000042A0: 10:40:17 [TUniServerModule]:HTTP Server Started on Port: 8077
syg_rsp.exe: 000049F8: 10:40:20 [127.0.0.1]:EUniSessionException : Invalid session or session Timeout. (Session not found: 4rKXNqyaqj10B95F0CC ) : Addr: $0082D9FE
syg_rsp.exe: 00002F7C: 10:40:20 [127.0.0.1]:EUniSessionException : Invalid session or session Timeout. (Session not found: 4rKXNqyaqj10B95F0CC ) : Addr: $0082D9FE
syg_rsp.exe: 0000181C: 11:33:26 [127.0.0.1]:EUniSessionException : Invalid session or session Timeout. (Session not found: xifnO7FXjL10B95F5D4 ) : Addr: $0082D9FE
syg_rsp.exe: 00004CA8: 11:33:26 [127.0.0.1]:EUniSessionException : Invalid session or session Timeout. (Session not found: xifnO7FXjL10B95F5D4 ) : Addr: $0082D9FE
syg_rsp.exe: 000042A0: 11:50:49 [TUniServerModule]:Shutting Down Server.
syg_rsp.exe: 000042A0: 11:50:49 [TUniServerModule]:Stopping HTTP Server.
syg_rsp.exe: 000042A0: 11:50:50 [TUniServerModule]:HTTP Server Stopped.
syg_rsp.exe: 000042A0: 11:50:50 [TUniGUISessionManager]:Terminating Session manager.
syg_rsp.exe: 000042A0: 11:50:50 [TUniGUISessionManager]:Stopping Cache Eraser...
syg_rsp.exe: 000042A0: 11:50:50 [TUniGUISessionManager]:Cache Eraser Stopped.
syg_rsp.exe: 000042A0: 11:50:50 [TUniGUISessionManager]:Destroying Worker Threads.
syg_rsp.exe: 000042A0: 11:50:50 [TUniGUISessionManager]:Session manager terminated.
syg_rsp.exe: 000042A0: 11:50:50 [TUniServerModule]:Server Shutdown Completed.
syg_rsp.exe: 000042A0: 11:50:50 []:<-------------------------------------------------------------->
syg_rsp.exe: 000042A0: 11:50:50 [Terminated]:Exit Code: 0
syg_rsp.exe: 00001758: 11:50:59 []:>--------------------------------------------------------------<
syg_rsp.exe: 00001758: 11:50:59 [TUniServerModule]:Server First Init.
syg_rsp.exe: 00001758: 11:50:59 [TUniServerModule]:Starting HTTP Server on Port: 8077...
syg_rsp.exe: 00001758: 11:50:59 [TUniServerModule]:HTTP Server Started on Port: 8077
syg_rsp.exe: 0000281C: 11:51:00 [127.0.0.1]:EUniSessionException : Invalid session or session Timeout. (Session not found: dZf27VEwuK10B96043B ) : Addr: $0082D9FE
syg_rsp.exe: 000046CC: 11:51:00 [127.0.0.1]:EUniSessionException : Invalid session or session Timeout. (Session not found: dZf27VEwuK10B96043B ) : Addr: $0082D9FE
syg_rsp.exe: 00001330: 15:30:01 [127.0.0.1]:EUniSessionException : Invalid session or session Timeout. (Session not found: 5USYZXZvOe10B9608FF ) : Addr: $0082D9FE
syg_rsp.exe: 00004290: 16:28:37 [127.0.0.1]:EUniSessionException : Invalid session or session Timeout. (Session not found: jrn3bPDyZC10B9644F3 ) : Addr: $0082D9FE
