syg_rsp.exe: 000048BC: 07:59:59 [TUniServerModule]:Shutting Down Server.
syg_rsp.exe: 000048BC: 07:59:59 [TUniServerModule]:Stopping HTTP Server.
syg_rsp.exe: 000048BC: 07:59:59 [TUniServerModule]:HTTP Server Stopped.
syg_rsp.exe: 000048BC: 07:59:59 [TUniGUISessionManager]:Terminating Session manager.
syg_rsp.exe: 000048BC: 07:59:59 [TUniGUISessionManager]:Stopping Cache Eraser...
syg_rsp.exe: 000048BC: 07:59:59 [TUniGUISessionManager]:Cache Eraser Stopped.
syg_rsp.exe: 000048BC: 08:00:00 [TUniGUISessionManager]:Destroying Worker Threads.
syg_rsp.exe: 000048BC: 08:00:00 [TUniGUISessionManager]:Session manager terminated.
syg_rsp.exe: 000048BC: 08:00:00 [TUniServerModule]:Server Shutdown Completed.
syg_rsp.exe: 000048BC: 08:00:00 []:<-------------------------------------------------------------->
syg_rsp.exe: 000048BC: 08:00:00 [Terminated]:Exit Code: 0
syg_rsp.exe: 00000C2C: 08:00:12 []:>--------------------------------------------------------------<
syg_rsp.exe: 00000C2C: 08:00:12 [TUniServerModule]:Server First Init.
syg_rsp.exe: 00000C2C: 08:00:13 [TUniServerModule]:Starting HTTP Server on Port: 8077...
syg_rsp.exe: 00000C2C: 08:00:13 [TUniServerModule]:HTTP Server Started on Port: 8077
syg_rsp.exe: 00004190: 08:00:13 [127.0.0.1]:EUniSessionException : Invalid session or session Timeout. (Session not found: csHtFIEKeh10BEC94B6 ) : Addr: $0082D9FE
syg_rsp.exe: 00000C2C: 08:14:30 [TUniServerModule]:Shutting Down Server.
syg_rsp.exe: 00000C2C: 08:14:30 [TUniServerModule]:Stopping HTTP Server.
syg_rsp.exe: 00000C2C: 08:14:30 [TUniServerModule]:HTTP Server Stopped.
syg_rsp.exe: 00000C2C: 08:14:30 [TUniGUISessionManager]:Terminating Session manager.
syg_rsp.exe: 00000C2C: 08:14:30 [TUniGUISessionManager]:Stopping Cache Eraser...
syg_rsp.exe: 00000C2C: 08:14:30 [TUniGUISessionManager]:Cache Eraser Stopped.
syg_rsp.exe: 00000C2C: 08:14:30 [TUniGUISessionManager]:Destroying Worker Threads.
syg_rsp.exe: 00000C2C: 08:14:30 [TUniGUISessionManager]:Session manager terminated.
syg_rsp.exe: 00000C2C: 08:14:30 [TUniServerModule]:Server Shutdown Completed.
syg_rsp.exe: 00000C2C: 08:14:30 []:<-------------------------------------------------------------->
syg_rsp.exe: 00000C2C: 08:14:30 [Terminated]:Exit Code: 0
syg_rsp.exe: 00006598: 08:14:34 []:>--------------------------------------------------------------<
syg_rsp.exe: 00006598: 08:14:34 [TUniServerModule]:Server First Init.
syg_rsp.exe: 00006598: 08:14:34 [TUniServerModule]:Starting HTTP Server on Port: 8077...
syg_rsp.exe: 00006598: 08:14:34 [TUniServerModule]:HTTP Server Started on Port: 8077
syg_rsp.exe: 000062BC: 08:14:37 [127.0.0.1]:EUniSessionException : Invalid session or session Timeout. (Session not found: aBMKCIxwt210BECC407 ) : Addr: $0082D9FE
syg_rsp.exe: 00000B4C: 08:14:37 [127.0.0.1]:EUniSessionException : Invalid session or session Timeout. (Session not found: aBMKCIxwt210BECC407 ) : Addr: $0082D9FE
syg_rsp.exe: 00006908: 08:23:34 [127.0.0.1]:EUniSessionException : Invalid session or session Timeout. (Session not found: bOn47TyULw10BECC4DD ) : Addr: $0082D9FE
syg_rsp.exe: 00006598: 08:33:04 [TUniServerModule]:Shutting Down Server.
syg_rsp.exe: 00006598: 08:33:04 [TUniServerModule]:Stopping HTTP Server.
syg_rsp.exe: 00006598: 08:33:04 [TUniServerModule]:HTTP Server Stopped.
syg_rsp.exe: 00006598: 08:33:04 [TUniGUISessionManager]:Terminating Session manager.
syg_rsp.exe: 00006598: 08:33:04 [TUniGUISessionManager]:Stopping Cache Eraser...
syg_rsp.exe: 00006598: 08:33:04 [TUniGUISessionManager]:Cache Eraser Stopped.
syg_rsp.exe: 00006598: 08:33:04 [TUniGUISessionManager]:Destroying Worker Threads.
syg_rsp.exe: 00006598: 08:33:04 [TUniGUISessionManager]:Session manager terminated.
syg_rsp.exe: 00006598: 08:33:04 [TUniServerModule]:Server Shutdown Completed.
syg_rsp.exe: 00006598: 08:33:04 []:<-------------------------------------------------------------->
syg_rsp.exe: 00006598: 08:33:04 [Terminated]:Exit Code: 0
syg_rsp.exe: 00000E00: 08:33:21 []:>--------------------------------------------------------------<
syg_rsp.exe: 00000E00: 08:33:21 [TUniServerModule]:Server First Init.
syg_rsp.exe: 00000E00: 08:33:21 [TUniServerModule]:Starting HTTP Server on Port: 8077...
syg_rsp.exe: 00000E00: 08:33:21 [TUniServerModule]:HTTP Server Started on Port: 8077
syg_rsp.exe: 000068A4: 09:07:37 [127.0.0.1]:EUniSessionException : Invalid session or session Timeout. (Session not found: OelXULQQeZ10BECCA5D ) : Addr: $0082D9FE
syg_rsp.exe: 000068A4: 09:08:02 [127.0.0.1]:EUniSessionException : Invalid session or session Timeout. (Session not found: tTmkuTw8wB10BECC7ED ) : Addr: $0082D9FE
syg_rsp.exe: 000068A4: 09:08:15 [127.0.0.1]:EUniSessionException : Invalid session or session Timeout. (Session not found: TybqvM5dCN10BECC486 ) : Addr: $0082D9FE
syg_rsp.exe: 00000E00: 15:56:48 [TUniServerModule]:Shutting Down Server.
syg_rsp.exe: 00000E00: 15:56:48 [TUniServerModule]:Stopping HTTP Server.
syg_rsp.exe: 00000E00: 15:56:49 [TUniServerModule]:HTTP Server Stopped.
syg_rsp.exe: 00000E00: 15:56:49 [TUniGUISessionManager]:Terminating Session manager.
syg_rsp.exe: 00000E00: 15:56:49 [TUniGUISessionManager]:Stopping Cache Eraser...
syg_rsp.exe: 00000E00: 15:56:49 [TUniGUISessionManager]:Cache Eraser Stopped.
syg_rsp.exe: 00000E00: 15:56:49 [TUniGUISessionManager]:Destroying Worker Threads.
syg_rsp.exe: 00000E00: 15:56:49 [TUniGUISessionManager]:Session manager terminated.
syg_rsp.exe: 00000E00: 15:56:49 [TUniServerModule]:Server Shutdown Completed.
syg_rsp.exe: 00000E00: 15:56:49 []:<-------------------------------------------------------------->
syg_rsp.exe: 00000E00: 15:56:49 [Terminated]:Exit Code: 0
syg_rsp.exe: 00005A4C: 15:57:02 []:>--------------------------------------------------------------<
syg_rsp.exe: 00005A4C: 15:57:02 [TUniServerModule]:Server First Init.
syg_rsp.exe: 00005A4C: 15:57:02 [TUniServerModule]:Starting HTTP Server on Port: 8077...
syg_rsp.exe: 00005A4C: 15:57:02 [TUniServerModule]:HTTP Server Started on Port: 8077
syg_rsp.exe: 00005A4C: 16:09:00 [TUniServerModule]:Shutting Down Server.
syg_rsp.exe: 00005A4C: 16:09:00 [TUniServerModule]:Stopping HTTP Server.
syg_rsp.exe: 00005A4C: 16:09:01 [TUniServerModule]:HTTP Server Stopped.
syg_rsp.exe: 00005A4C: 16:09:01 [TUniGUISessionManager]:Terminating Session manager.
syg_rsp.exe: 00005A4C: 16:09:01 [TUniGUISessionManager]:Stopping Cache Eraser...
syg_rsp.exe: 00005A4C: 16:09:01 [TUniGUISessionManager]:Cache Eraser Stopped.
syg_rsp.exe: 00005A4C: 16:09:01 [TUniGUISessionManager]:Destroying Worker Threads.
syg_rsp.exe: 00005A4C: 16:09:01 [TUniGUISessionManager]:Session manager terminated.
syg_rsp.exe: 00005A4C: 16:09:01 [TUniServerModule]:Server Shutdown Completed.
syg_rsp.exe: 00005A4C: 16:09:01 []:<-------------------------------------------------------------->
syg_rsp.exe: 00005A4C: 16:09:01 [Terminated]:Exit Code: 0
syg_rsp.exe: 00005EE4: 16:09:08 []:>--------------------------------------------------------------<
syg_rsp.exe: 00005EE4: 16:09:08 [TUniServerModule]:Server First Init.
syg_rsp.exe: 00005EE4: 16:09:08 [TUniServerModule]:Starting HTTP Server on Port: 8077...
syg_rsp.exe: 00005EE4: 16:09:08 [TUniServerModule]:HTTP Server Started on Port: 8077
syg_rsp.exe: 000061D0: 16:09:09 [127.0.0.1]:EUniSessionException : Invalid session or session Timeout. (Session not found: GJZVBbATDB10BED457A ) : Addr: $0082D9FE
syg_rsp.exe: 00006E94: 16:09:09 [127.0.0.1]:EUniSessionException : Invalid session or session Timeout. (Session not found: GJZVBbATDB10BED457A ) : Addr: $0082D9FE
syg_rsp.exe: 00005EE4: 16:12:59 [TUniServerModule]:Shutting Down Server.
syg_rsp.exe: 00005EE4: 16:12:59 [TUniServerModule]:Stopping HTTP Server.
syg_rsp.exe: 00005EE4: 16:13:00 [TUniServerModule]:HTTP Server Stopped.
syg_rsp.exe: 00005EE4: 16:13:00 [TUniGUISessionManager]:Terminating Session manager.
syg_rsp.exe: 00005EE4: 16:13:00 [TUniGUISessionManager]:Stopping Cache Eraser...
syg_rsp.exe: 00005EE4: 16:13:00 [TUniGUISessionManager]:Cache Eraser Stopped.
syg_rsp.exe: 00005EE4: 16:13:00 [TUniGUISessionManager]:Destroying Worker Threads.
syg_rsp.exe: 00005EE4: 16:13:00 [TUniGUISessionManager]:Session manager terminated.
syg_rsp.exe: 00005EE4: 16:13:00 [TUniServerModule]:Server Shutdown Completed.
syg_rsp.exe: 00005EE4: 16:13:00 []:<-------------------------------------------------------------->
syg_rsp.exe: 00005EE4: 16:13:00 [Terminated]:Exit Code: 0
syg_rsp.exe: 000018F4: 16:13:11 []:>--------------------------------------------------------------<
syg_rsp.exe: 000018F4: 16:13:11 [TUniServerModule]:Server First Init.
syg_rsp.exe: 000018F4: 16:13:12 [TUniServerModule]:Starting HTTP Server on Port: 8077...
syg_rsp.exe: 000018F4: 16:13:12 [TUniServerModule]:HTTP Server Started on Port: 8077
syg_rsp.exe: 0000446C: 16:13:14 [127.0.0.1]:EUniSessionException : Invalid session or session Timeout. (Session not found: A8eKeoUcDJ10BED48A7 ) : Addr: $0082D9FE
syg_rsp.exe: 00002148: 16:13:14 [127.0.0.1]:EUniSessionException : Invalid session or session Timeout. (Session not found: A8eKeoUcDJ10BED48A7 ) : Addr: $0082D9FE
syg_rsp.exe: 000018F4: 16:13:24 [TUniServerModule]:Shutting Down Server.
syg_rsp.exe: 000018F4: 16:13:24 [TUniServerModule]:Stopping HTTP Server.
syg_rsp.exe: 000018F4: 16:13:25 [TUniServerModule]:HTTP Server Stopped.
syg_rsp.exe: 000018F4: 16:13:25 [TUniGUISessionManager]:Terminating Session manager.
syg_rsp.exe: 000018F4: 16:13:25 [TUniGUISessionManager]:Stopping Cache Eraser...
syg_rsp.exe: 000018F4: 16:13:25 [TUniGUISessionManager]:Cache Eraser Stopped.
syg_rsp.exe: 000018F4: 16:13:25 [TUniGUISessionManager]:Destroying Worker Threads.
syg_rsp.exe: 000018F4: 16:13:25 [TUniGUISessionManager]:Session manager terminated.
syg_rsp.exe: 000018F4: 16:13:25 [TUniServerModule]:Server Shutdown Completed.
syg_rsp.exe: 000018F4: 16:13:25 []:<-------------------------------------------------------------->
syg_rsp.exe: 000018F4: 16:13:25 [Terminated]:Exit Code: 0
syg_rsp.exe: 00004754: 16:13:27 []:>--------------------------------------------------------------<
syg_rsp.exe: 00004754: 16:13:27 [TUniServerModule]:Server First Init.
syg_rsp.exe: 00004754: 16:13:28 [TUniServerModule]:Starting HTTP Server on Port: 8077...
syg_rsp.exe: 00004754: 16:13:28 [TUniServerModule]:HTTP Server Started on Port: 8077
syg_rsp.exe: 00006A08: 16:13:29 [127.0.0.1]:EUniSessionException : Invalid session or session Timeout. (Session not found: q1VEQuJr5i10BED49C2 ) : Addr: $0082D9FE
syg_rsp.exe: 00006A48: 16:13:29 [127.0.0.1]:EUniSessionException : Invalid session or session Timeout. (Session not found: q1VEQuJr5i10BED49C2 ) : Addr: $0082D9FE
syg_rsp.exe: 00004754: 16:17:14 [TUniServerModule]:Shutting Down Server.
syg_rsp.exe: 00004754: 16:17:14 [TUniServerModule]:Stopping HTTP Server.
syg_rsp.exe: 00004754: 16:17:15 [TUniServerModule]:HTTP Server Stopped.
syg_rsp.exe: 00004754: 16:17:15 [TUniGUISessionManager]:Terminating Session manager.
syg_rsp.exe: 00004754: 16:17:15 [TUniGUISessionManager]:Stopping Cache Eraser...
syg_rsp.exe: 00004754: 16:17:15 [TUniGUISessionManager]:Cache Eraser Stopped.
syg_rsp.exe: 00004754: 16:17:15 [TUniGUISessionManager]:Destroying Worker Threads.
syg_rsp.exe: 00004754: 16:17:15 [TUniGUISessionManager]:Session manager terminated.
syg_rsp.exe: 00004754: 16:17:15 [TUniServerModule]:Server Shutdown Completed.
syg_rsp.exe: 00004754: 16:17:15 []:<-------------------------------------------------------------->
syg_rsp.exe: 00004754: 16:17:15 [Terminated]:Exit Code: 0
syg_rsp.exe: 0000758C: 16:17:18 []:>--------------------------------------------------------------<
syg_rsp.exe: 0000758C: 16:17:18 [TUniServerModule]:Server First Init.
syg_rsp.exe: 0000758C: 16:17:18 [TUniServerModule]:Starting HTTP Server on Port: 8077...
syg_rsp.exe: 0000758C: 16:17:18 [TUniServerModule]:HTTP Server Started on Port: 8077
syg_rsp.exe: 00005ACC: 16:17:20 [127.0.0.1]:EUniSessionException : Invalid session or session Timeout. (Session not found: tvgEhWafzr10BED49D4 ) : Addr: $0082D9FE
syg_rsp.exe: 00000614: 16:17:20 [127.0.0.1]:EUniSessionException : Invalid session or session Timeout. (Session not found: tvgEhWafzr10BED49D4 ) : Addr: $0082D9FE
syg_rsp.exe: 0000758C: 16:19:06 [TUniServerModule]:Shutting Down Server.
syg_rsp.exe: 0000758C: 16:19:06 [TUniServerModule]:Stopping HTTP Server.
syg_rsp.exe: 0000758C: 16:19:07 [TUniServerModule]:HTTP Server Stopped.
syg_rsp.exe: 0000758C: 16:19:07 [TUniGUISessionManager]:Terminating Session manager.
syg_rsp.exe: 0000758C: 16:19:07 [TUniGUISessionManager]:Stopping Cache Eraser...
syg_rsp.exe: 0000758C: 16:19:07 [TUniGUISessionManager]:Cache Eraser Stopped.
syg_rsp.exe: 0000758C: 16:19:07 [TUniGUISessionManager]:Destroying Worker Threads.
syg_rsp.exe: 0000758C: 16:19:07 [TUniGUISessionManager]:Session manager terminated.
syg_rsp.exe: 0000758C: 16:19:07 [TUniServerModule]:Server Shutdown Completed.
syg_rsp.exe: 0000758C: 16:19:07 []:<-------------------------------------------------------------->
syg_rsp.exe: 0000758C: 16:19:07 [Terminated]:Exit Code: 0
syg_rsp.exe: 000056D4: 16:19:10 []:>--------------------------------------------------------------<
syg_rsp.exe: 000056D4: 16:19:10 [TUniServerModule]:Server First Init.
syg_rsp.exe: 000056D4: 16:19:10 [TUniServerModule]:Starting HTTP Server on Port: 8077...
syg_rsp.exe: 000056D4: 16:19:10 [TUniServerModule]:HTTP Server Started on Port: 8077
syg_rsp.exe: 00004A5C: 16:19:11 [127.0.0.1]:EUniSessionException : Invalid session or session Timeout. (Session not found: mDioqymsCO10BED4ADE ) : Addr: $0082D9FE
syg_rsp.exe: 00006C20: 16:19:11 [127.0.0.1]:EUniSessionException : Invalid session or session Timeout. (Session not found: mDioqymsCO10BED4ADE ) : Addr: $0082D9FE
syg_rsp.exe: 000056D4: 18:20:53 [TUniServerModule]:Shutting Down Server.
syg_rsp.exe: 000056D4: 18:20:53 [TUniServerModule]:Stopping HTTP Server.
syg_rsp.exe: 000056D4: 18:20:53 [TUniServerModule]:HTTP Server Stopped.
syg_rsp.exe: 000056D4: 18:20:53 [TUniGUISessionManager]:Terminating Session manager.
syg_rsp.exe: 000056D4: 18:20:53 [TUniGUISessionManager]:Stopping Cache Eraser...
syg_rsp.exe: 000056D4: 18:20:53 [TUniGUISessionManager]:Cache Eraser Stopped.
syg_rsp.exe: 000056D4: 18:20:53 [TUniGUISessionManager]:Destroying Worker Threads.
syg_rsp.exe: 000056D4: 18:20:53 [TUniGUISessionManager]:Session manager terminated.
syg_rsp.exe: 000056D4: 18:20:53 [TUniServerModule]:Server Shutdown Completed.
syg_rsp.exe: 000056D4: 18:20:53 []:<-------------------------------------------------------------->
syg_rsp.exe: 000056D4: 18:20:53 [Terminated]:Exit Code: 0
syg_rsp.exe: 00003FCC: 18:20:58 []:>--------------------------------------------------------------<
syg_rsp.exe: 00003FCC: 18:20:58 [TUniServerModule]:Server First Init.
syg_rsp.exe: 00003FCC: 18:20:58 [TUniServerModule]:Starting HTTP Server on Port: 8077...
syg_rsp.exe: 00003FCC: 18:20:58 [TUniServerModule]:HTTP Server Started on Port: 8077
syg_rsp.exe: 00003FCC: 18:31:09 [TUniServerModule]:Shutting Down Server.
syg_rsp.exe: 00003FCC: 18:31:09 [TUniServerModule]:Stopping HTTP Server.
syg_rsp.exe: 00003FCC: 18:31:10 [TUniServerModule]:HTTP Server Stopped.
syg_rsp.exe: 00003FCC: 18:31:10 [TUniGUISessionManager]:Terminating Session manager.
syg_rsp.exe: 00003FCC: 18:31:10 [TUniGUISessionManager]:Stopping Cache Eraser...
syg_rsp.exe: 00003FCC: 18:31:10 [TUniGUISessionManager]:Cache Eraser Stopped.
syg_rsp.exe: 00003FCC: 18:31:10 [TUniGUISessionManager]:Destroying Worker Threads.
syg_rsp.exe: 00003FCC: 18:31:10 [TUniGUISessionManager]:Session manager terminated.
syg_rsp.exe: 00003FCC: 18:31:10 [TUniServerModule]:Server Shutdown Completed.
syg_rsp.exe: 00003FCC: 18:31:10 []:<-------------------------------------------------------------->
syg_rsp.exe: 00003FCC: 18:31:10 [Terminated]:Exit Code: 0
syg_rsp.exe: 00006A7C: 18:31:14 []:>--------------------------------------------------------------<
syg_rsp.exe: 00006A7C: 18:31:14 [TUniServerModule]:Server First Init.
syg_rsp.exe: 00006A7C: 18:31:14 [TUniServerModule]:Starting HTTP Server on Port: 8077...
syg_rsp.exe: 00006A7C: 18:31:14 [TUniServerModule]:HTTP Server Started on Port: 8077
syg_rsp.exe: 00002ECC: 19:11:50 [127.0.0.1]:EUniSessionException : Invalid session or session Timeout. (Session not found: 5UzrtmYvIR10BED4C09 ) : Addr: $0082D9FE
