syg_rsp.exe: 00006A7C: 15:01:42 [TUniServerModule]:Shutting Down Server.
syg_rsp.exe: 00006A7C: 15:01:42 [TUniServerModule]:Stopping HTTP Server.
syg_rsp.exe: 00006A7C: 15:01:43 [TUniServerModule]:HTTP Server Stopped.
syg_rsp.exe: 00006A7C: 15:01:43 [TUniGUISessionManager]:Terminating Session manager.
syg_rsp.exe: 00006A7C: 15:01:43 [TUniGUISessionManager]:Stopping Cache Eraser...
syg_rsp.exe: 00006A7C: 15:01:43 [TUniGUISessionManager]:Cache Eraser Stopped.
syg_rsp.exe: 00006A7C: 15:01:43 [TUniGUISessionManager]:Destroying Worker Threads.
syg_rsp.exe: 00006A7C: 15:01:43 [TUniGUISessionManager]:Session manager terminated.
syg_rsp.exe: 00006A7C: 15:01:43 [TUniServerModule]:Server Shutdown Completed.
syg_rsp.exe: 00006A7C: 15:01:43 []:<-------------------------------------------------------------->
syg_rsp.exe: 00006A7C: 15:01:43 [Terminated]:Exit Code: 0
syg_rsp.exe: 000010D8: 15:01:47 []:>--------------------------------------------------------------<
syg_rsp.exe: 000010D8: 15:01:47 [TUniServerModule]:Server First Init.
syg_rsp.exe: 000010D8: 15:01:47 [TUniServerModule]:Starting HTTP Server on Port: 8077...
syg_rsp.exe: 000010D8: 15:01:47 [TUniServerModule]:HTTP Server Started on Port: 8077
syg_rsp.exe: 000010D8: 15:03:25 [TUniServerModule]:Shutting Down Server.
syg_rsp.exe: 000010D8: 15:03:25 [TUniServerModule]:Stopping HTTP Server.
syg_rsp.exe: 000010D8: 15:03:26 [TUniServerModule]:HTTP Server Stopped.
syg_rsp.exe: 000010D8: 15:03:26 [TUniGUISessionManager]:Terminating Session manager.
syg_rsp.exe: 000010D8: 15:03:26 [TUniGUISessionManager]:Stopping Cache Eraser...
syg_rsp.exe: 000010D8: 15:03:26 [TUniGUISessionManager]:Cache Eraser Stopped.
syg_rsp.exe: 000010D8: 15:03:26 [TUniGUISessionManager]:Destroying Worker Threads.
syg_rsp.exe: 000010D8: 15:03:26 [TUniGUISessionManager]:Session manager terminated.
syg_rsp.exe: 000010D8: 15:03:26 [TUniServerModule]:Server Shutdown Completed.
syg_rsp.exe: 000010D8: 15:03:26 []:<-------------------------------------------------------------->
syg_rsp.exe: 000010D8: 15:03:26 [Terminated]:Exit Code: 0
syg_rsp.exe: 000076B0: 15:03:28 []:>--------------------------------------------------------------<
syg_rsp.exe: 000076B0: 15:03:28 [TUniServerModule]:Server First Init.
syg_rsp.exe: 000076B0: 15:03:28 [TUniServerModule]:Starting HTTP Server on Port: 8077...
syg_rsp.exe: 000076B0: 15:03:28 [TUniServerModule]:HTTP Server Started on Port: 8077
syg_rsp.exe: 000076B0: 15:03:38 [TUniServerModule]:Shutting Down Server.
syg_rsp.exe: 000076B0: 15:03:38 [TUniServerModule]:Stopping HTTP Server.
syg_rsp.exe: 000076B0: 15:03:39 [TUniServerModule]:HTTP Server Stopped.
syg_rsp.exe: 000076B0: 15:03:39 [TUniGUISessionManager]:Terminating Session manager.
syg_rsp.exe: 000076B0: 15:03:39 [TUniGUISessionManager]:Stopping Cache Eraser...
syg_rsp.exe: 000076B0: 15:03:39 [TUniGUISessionManager]:Cache Eraser Stopped.
syg_rsp.exe: 000076B0: 15:03:39 [TUniGUISessionManager]:Destroying Worker Threads.
syg_rsp.exe: 000076B0: 15:03:39 [TUniGUISessionManager]:Session manager terminated.
syg_rsp.exe: 000076B0: 15:03:39 [TUniServerModule]:Server Shutdown Completed.
syg_rsp.exe: 000076B0: 15:03:39 []:<-------------------------------------------------------------->
syg_rsp.exe: 000076B0: 15:03:39 [Terminated]:Exit Code: 0
syg_rsp.exe: 0000561C: 15:03:41 []:>--------------------------------------------------------------<
syg_rsp.exe: 0000561C: 15:03:41 [TUniServerModule]:Server First Init.
syg_rsp.exe: 0000561C: 15:03:41 [TUniServerModule]:Starting HTTP Server on Port: 8077...
syg_rsp.exe: 0000561C: 15:03:41 [TUniServerModule]:HTTP Server Started on Port: 8077
syg_rsp.exe: 000009E0: 15:03:47 [127.0.0.1]:EUniSessionException : Invalid session or session Timeout. (Session not found: GXoWzRadel10BEEBD16 ) : Addr: $0082D9FE
syg_rsp.exe: 000009E0: 15:03:47 [127.0.0.1]:EUniSessionException : Invalid session or session Timeout. (Session not found: GXoWzRadel10BEEBD16 ) : Addr: $0082D9FE
