syg_rsp.exe: 00002580: 03:57:15 [Exit]:Unexpected attempt to terminate server application with Exit Code: 0
syg_rsp.exe: 00000478: 04:36:59 []:>--------------------------------------------------------------<
syg_rsp.exe: 00000478: 04:36:59 [TUniServerModule]:Server First Init.
syg_rsp.exe: 00000478: 04:36:59 [TUniServerModule]:Global Cache Folder Erased. <49> Files deleted.
syg_rsp.exe: 00000478: 04:36:59 [TUniServerModule]:Starting HTTP Server on Port: 8077...
syg_rsp.exe: 00000478: 04:36:59 [TUniServerModule]:HTTP Server Started on Port: 8077
syg_rsp.exe: 00000478: 04:39:27 [TUniServerModule]:Shutting Down Server.
syg_rsp.exe: 00000478: 04:39:27 [TUniServerModule]:Stopping HTTP Server.
syg_rsp.exe: 00000478: 04:39:28 [TUniServerModule]:HTTP Server Stopped.
syg_rsp.exe: 00000478: 04:39:28 [TUniGUISessionManager]:Terminating Session manager.
syg_rsp.exe: 00000478: 04:39:28 [TUniGUISessionManager]:Stopping Cache Eraser...
syg_rsp.exe: 00000478: 04:39:28 [TUniGUISessionManager]:Cache Eraser Stopped.
syg_rsp.exe: 00000478: 04:39:28 [TUniGUISessionManager]:Destroying Worker Threads.
syg_rsp.exe: 00000478: 04:39:28 [TUniGUISessionManager]:Session manager terminated.
syg_rsp.exe: 00000478: 04:39:28 [TUniServerModule]:Server Shutdown Completed.
syg_rsp.exe: 00000478: 04:39:28 []:<-------------------------------------------------------------->
syg_rsp.exe: 00000478: 04:39:28 [Terminated]:Exit Code: 0
syg_rsp.exe: 00002CF4: 04:39:31 []:>--------------------------------------------------------------<
syg_rsp.exe: 00002CF4: 04:39:31 [TUniServerModule]:Server First Init.
syg_rsp.exe: 00002CF4: 04:39:31 [TUniServerModule]:Starting HTTP Server on Port: 8077...
syg_rsp.exe: 00002CF4: 04:39:31 [TUniServerModule]:HTTP Server Started on Port: 8077
syg_rsp.exe: 000009C0: 04:39:33 [127.0.0.1]:EUniSessionException : Invalid session or session Timeout. (Session not found: BKqzR7Hfxn10C01E9AC ) : Addr: $0082D9FE
syg_rsp.exe: 0000320C: 04:39:33 [127.0.0.1]:EUniSessionException : Invalid session or session Timeout. (Session not found: BKqzR7Hfxn10C01E9AC ) : Addr: $0082D9FE
syg_rsp.exe: 00002CF4: 04:41:00 [TUniServerModule]:Shutting Down Server.
syg_rsp.exe: 00002CF4: 04:41:00 [TUniServerModule]:Stopping HTTP Server.
syg_rsp.exe: 00002CF4: 04:41:01 [TUniServerModule]:HTTP Server Stopped.
syg_rsp.exe: 00002CF4: 04:41:01 [TUniGUISessionManager]:Terminating Session manager.
syg_rsp.exe: 00002CF4: 04:41:01 [TUniGUISessionManager]:Stopping Cache Eraser...
syg_rsp.exe: 00002CF4: 04:41:01 [TUniGUISessionManager]:Cache Eraser Stopped.
syg_rsp.exe: 00002CF4: 04:41:01 [TUniGUISessionManager]:Destroying Worker Threads.
syg_rsp.exe: 00002CF4: 04:41:02 [TUniGUISessionManager]:Session manager terminated.
syg_rsp.exe: 00002CF4: 04:41:02 [TUniServerModule]:Server Shutdown Completed.
syg_rsp.exe: 00002CF4: 04:41:02 []:<-------------------------------------------------------------->
syg_rsp.exe: 00002CF4: 04:41:02 [Terminated]:Exit Code: 0
syg_rsp.exe: 00000514: 04:41:05 []:>--------------------------------------------------------------<
syg_rsp.exe: 00000514: 04:41:05 [TUniServerModule]:Server First Init.
syg_rsp.exe: 00000514: 04:41:05 [TUniServerModule]:Starting HTTP Server on Port: 8077...
syg_rsp.exe: 00000514: 04:41:05 [TUniServerModule]:HTTP Server Started on Port: 8077
syg_rsp.exe: 000009F8: 04:41:08 [127.0.0.1]:EUniSessionException : Invalid session or session Timeout. (Session not found: YXS6JjjEpA10C01EA55 ) : Addr: $0082D9FE
syg_rsp.exe: 00001CF4: 04:41:08 [127.0.0.1]:EUniSessionException : Invalid session or session Timeout. (Session not found: YXS6JjjEpA10C01EA55 ) : Addr: $0082D9FE
syg_rsp.exe: 00003D48: 17:07:00 [127.0.0.1]:EUniSessionException : Invalid session or session Timeout. (Session not found: eNU3OQgNyM10C01EAC3 ) : Addr: $0082D9FE
