syg_rsp.exe: 00001CF0: 07:08:47 [127.0.0.1]:EUniSessionException : Invalid session or session Timeout. (Session not found: GE89fnIZAv10BCD5D0D ) : Addr: $0082D9FE
syg_rsp.exe: 00004898: 08:26:31 [127.0.0.1]:EUniSessionException : Invalid session or session Timeout. (Session not found: qrTYR5foH110BCD5D01 ) : Addr: $0082D9FE
syg_rsp.exe: 000015CC: 08:34:59 [TUniServerModule]:Shutting Down Server.
syg_rsp.exe: 000015CC: 08:34:59 [TUniServerModule]:Stopping HTTP Server.
syg_rsp.exe: 000015CC: 08:35:00 [TUniServerModule]:HTTP Server Stopped.
syg_rsp.exe: 000015CC: 08:35:00 [TUniGUISessionManager]:Terminating Session manager.
syg_rsp.exe: 000015CC: 08:35:00 [TUniGUISessionManager]:Stopping Cache Eraser...
syg_rsp.exe: 000015CC: 08:35:00 [TUniGUISessionManager]:Cache Eraser Stopped.
syg_rsp.exe: 000015CC: 08:35:00 [TUniGUISessionManager]:Destroying Worker Threads.
syg_rsp.exe: 000015CC: 08:35:00 [TUniGUISessionManager]:Session manager terminated.
syg_rsp.exe: 000015CC: 08:35:00 [TUniServerModule]:Server Shutdown Completed.
syg_rsp.exe: 000015CC: 08:35:00 []:<-------------------------------------------------------------->
syg_rsp.exe: 000015CC: 08:35:00 [Terminated]:Exit Code: 0
syg_rsp.exe: 00000F04: 08:35:07 []:>--------------------------------------------------------------<
syg_rsp.exe: 00000F04: 08:35:07 [TUniServerModule]:Server First Init.
syg_rsp.exe: 00000F04: 08:35:07 [TUniServerModule]:Starting HTTP Server on Port: 8077...
syg_rsp.exe: 00000F04: 08:35:07 [TUniServerModule]:HTTP Server Started on Port: 8077
syg_rsp.exe: 00003108: 08:35:12 [127.0.0.1]:EUniSessionException : Invalid session or session Timeout. (Session not found: fNAMuHga7C10BCE4766 ) : Addr: $0082D9FE
syg_rsp.exe: 00002868: 08:35:12 [127.0.0.1]:EUniSessionException : Invalid session or session Timeout. (Session not found: fNAMuHga7C10BCE4766 ) : Addr: $0082D9FE
syg_rsp.exe: 00002868: 08:35:19 [127.0.0.1]:EOleException : [MySQL][ODBC 8.0(a) Driver][mysqld-8.0.29]Unknown column 'id_reg' in 'where clause' : Addr: $0084140A
syg_rsp.exe: 00000F04: 08:36:30 [TUniServerModule]:Shutting Down Server.
syg_rsp.exe: 00000F04: 08:36:30 [TUniServerModule]:Stopping HTTP Server.
syg_rsp.exe: 00000F04: 08:36:31 [TUniServerModule]:HTTP Server Stopped.
syg_rsp.exe: 00000F04: 08:36:31 [TUniGUISessionManager]:Terminating Session manager.
syg_rsp.exe: 00000F04: 08:36:31 [TUniGUISessionManager]:Stopping Cache Eraser...
syg_rsp.exe: 00000F04: 08:36:31 [TUniGUISessionManager]:Cache Eraser Stopped.
syg_rsp.exe: 00000F04: 08:36:31 [TUniGUISessionManager]:Destroying Worker Threads.
syg_rsp.exe: 00000F04: 08:36:31 [TUniGUISessionManager]:Session manager terminated.
syg_rsp.exe: 00000F04: 08:36:31 [TUniServerModule]:Server Shutdown Completed.
syg_rsp.exe: 00000F04: 08:36:31 []:<-------------------------------------------------------------->
syg_rsp.exe: 00000F04: 08:36:31 [Terminated]:Exit Code: 0
syg_rsp.exe: 000006DC: 08:36:35 []:>--------------------------------------------------------------<
syg_rsp.exe: 000006DC: 08:36:35 [TUniServerModule]:Server First Init.
syg_rsp.exe: 000006DC: 08:36:35 [TUniServerModule]:Starting HTTP Server on Port: 8077...
syg_rsp.exe: 000006DC: 08:36:35 [TUniServerModule]:HTTP Server Started on Port: 8077
syg_rsp.exe: 00000814: 08:36:37 [127.0.0.1]:EUniSessionException : Invalid session or session Timeout. (Session not found: gMTIzKQCq610BCE4902 ) : Addr: $0082D9FE
syg_rsp.exe: 00002EF0: 08:36:37 [127.0.0.1]:EUniSessionException : Invalid session or session Timeout. (Session not found: gMTIzKQCq610BCE4902 ) : Addr: $0082D9FE
syg_rsp.exe: 000006DC: 08:39:40 [TUniServerModule]:Shutting Down Server.
syg_rsp.exe: 000006DC: 08:39:40 [TUniServerModule]:Stopping HTTP Server.
syg_rsp.exe: 000006DC: 08:39:40 [TUniServerModule]:HTTP Server Stopped.
syg_rsp.exe: 000006DC: 08:39:40 [TUniGUISessionManager]:Terminating Session manager.
syg_rsp.exe: 000006DC: 08:39:40 [TUniGUISessionManager]:Stopping Cache Eraser...
syg_rsp.exe: 000006DC: 08:39:40 [TUniGUISessionManager]:Cache Eraser Stopped.
syg_rsp.exe: 000006DC: 08:39:40 [TUniGUISessionManager]:Destroying Worker Threads.
syg_rsp.exe: 000006DC: 08:39:41 [TUniGUISessionManager]:Session manager terminated.
syg_rsp.exe: 000006DC: 08:39:41 [TUniServerModule]:Server Shutdown Completed.
syg_rsp.exe: 000006DC: 08:39:41 []:<-------------------------------------------------------------->
syg_rsp.exe: 000006DC: 08:39:41 [Terminated]:Exit Code: 0
syg_rsp.exe: 000024E0: 08:39:44 []:>--------------------------------------------------------------<
syg_rsp.exe: 000024E0: 08:39:44 [TUniServerModule]:Server First Init.
syg_rsp.exe: 000024E0: 08:39:44 [TUniServerModule]:Starting HTTP Server on Port: 8077...
syg_rsp.exe: 000024E0: 08:39:44 [TUniServerModule]:HTTP Server Started on Port: 8077
syg_rsp.exe: 0000442C: 08:39:47 [127.0.0.1]:EUniSessionException : Invalid session or session Timeout. (Session not found: gsEOUWQMXJ10BCE4965 ) : Addr: $0082D9FE
syg_rsp.exe: 00004B40: 08:39:47 [127.0.0.1]:EUniSessionException : Invalid session or session Timeout. (Session not found: gsEOUWQMXJ10BCE4965 ) : Addr: $0082D9FE
syg_rsp.exe: 00004B40: 08:39:50 [127.0.0.1]:EDatabaseError : DQ_Grid_Reglement: Champ 'rapport_control' non trouvé : Addr: $006BC9C2
syg_rsp.exe: 00004B40: 08:40:01 [127.0.0.1]:EDatabaseError : DQ_Grid_Reglement: Champ 'rapport_control' non trouvé : Addr: $006BC9C2
syg_rsp.exe: 000024E0: 08:40:58 [TUniServerModule]:Shutting Down Server.
syg_rsp.exe: 000024E0: 08:40:58 [TUniServerModule]:Stopping HTTP Server.
syg_rsp.exe: 000024E0: 08:41:00 [TUniServerModule]:HTTP Server Stopped.
syg_rsp.exe: 000024E0: 08:41:00 [TUniGUISessionManager]:Terminating Session manager.
syg_rsp.exe: 000024E0: 08:41:00 [TUniGUISessionManager]:Stopping Cache Eraser...
syg_rsp.exe: 000024E0: 08:41:00 [TUniGUISessionManager]:Cache Eraser Stopped.
syg_rsp.exe: 000024E0: 08:41:00 [TUniGUISessionManager]:Destroying Worker Threads.
syg_rsp.exe: 000024E0: 08:41:00 [TUniGUISessionManager]:Session manager terminated.
syg_rsp.exe: 000024E0: 08:41:00 [TUniServerModule]:Server Shutdown Completed.
syg_rsp.exe: 000024E0: 08:41:00 []:<-------------------------------------------------------------->
syg_rsp.exe: 000024E0: 08:41:00 [Terminated]:Exit Code: 0
syg_rsp.exe: 00004490: 08:41:04 []:>--------------------------------------------------------------<
syg_rsp.exe: 00004490: 08:41:04 [TUniServerModule]:Server First Init.
syg_rsp.exe: 00004490: 08:41:04 [TUniServerModule]:Starting HTTP Server on Port: 8077...
syg_rsp.exe: 00004490: 08:41:04 [TUniServerModule]:HTTP Server Started on Port: 8077
syg_rsp.exe: 00003D0C: 08:41:06 [127.0.0.1]:EUniSessionException : Invalid session or session Timeout. (Session not found: TSQwV1U8rm10BCE4A40 ) : Addr: $0082D9FE
syg_rsp.exe: 0000463C: 08:41:06 [127.0.0.1]:EUniSessionException : Invalid session or session Timeout. (Session not found: TSQwV1U8rm10BCE4A40 ) : Addr: $0082D9FE
syg_rsp.exe: 00004490: 08:43:39 [TUniServerModule]:Shutting Down Server.
syg_rsp.exe: 00004490: 08:43:39 [TUniServerModule]:Stopping HTTP Server.
syg_rsp.exe: 00004490: 08:43:40 [TUniServerModule]:HTTP Server Stopped.
syg_rsp.exe: 00004490: 08:43:40 [TUniGUISessionManager]:Terminating Session manager.
syg_rsp.exe: 00004490: 08:43:40 [TUniGUISessionManager]:Stopping Cache Eraser...
syg_rsp.exe: 00004490: 08:43:40 [TUniGUISessionManager]:Cache Eraser Stopped.
syg_rsp.exe: 00004490: 08:43:40 [TUniGUISessionManager]:Destroying Worker Threads.
syg_rsp.exe: 00004490: 08:43:40 [TUniGUISessionManager]:Session manager terminated.
syg_rsp.exe: 00004490: 08:43:40 [TUniServerModule]:Server Shutdown Completed.
syg_rsp.exe: 00004490: 08:43:40 []:<-------------------------------------------------------------->
syg_rsp.exe: 00004490: 08:43:41 [Terminated]:Exit Code: 0
syg_rsp.exe: 00000668: 08:43:46 []:>--------------------------------------------------------------<
syg_rsp.exe: 00000668: 08:43:46 [TUniServerModule]:Server First Init.
syg_rsp.exe: 00000668: 08:43:46 [TUniServerModule]:Starting HTTP Server on Port: 8077...
syg_rsp.exe: 00000668: 08:43:46 [TUniServerModule]:HTTP Server Started on Port: 8077
syg_rsp.exe: 00003440: 08:43:49 [127.0.0.1]:EUniSessionException : Invalid session or session Timeout. (Session not found: 8qZy89a7i310BCE4A9C ) : Addr: $0082D9FE
syg_rsp.exe: 00003CC4: 08:43:49 [127.0.0.1]:EUniSessionException : Invalid session or session Timeout. (Session not found: 8qZy89a7i310BCE4A9C ) : Addr: $0082D9FE
syg_rsp.exe: 00000668: 08:46:22 [TUniServerModule]:Shutting Down Server.
syg_rsp.exe: 00000668: 08:46:22 [TUniServerModule]:Stopping HTTP Server.
syg_rsp.exe: 00000668: 08:46:22 [TUniServerModule]:HTTP Server Stopped.
syg_rsp.exe: 00000668: 08:46:22 [TUniGUISessionManager]:Terminating Session manager.
syg_rsp.exe: 00000668: 08:46:22 [TUniGUISessionManager]:Stopping Cache Eraser...
syg_rsp.exe: 00000668: 08:46:22 [TUniGUISessionManager]:Cache Eraser Stopped.
syg_rsp.exe: 00000668: 08:46:22 [TUniGUISessionManager]:Destroying Worker Threads.
syg_rsp.exe: 00000668: 08:46:22 [TUniGUISessionManager]:Session manager terminated.
syg_rsp.exe: 00000668: 08:46:22 [TUniServerModule]:Server Shutdown Completed.
syg_rsp.exe: 00000668: 08:46:22 []:<-------------------------------------------------------------->
syg_rsp.exe: 00000668: 08:46:22 [Terminated]:Exit Code: 0
syg_rsp.exe: 000039CC: 08:46:27 []:>--------------------------------------------------------------<
syg_rsp.exe: 000039CC: 08:46:27 [TUniServerModule]:Server First Init.
syg_rsp.exe: 000039CC: 08:46:27 [TUniServerModule]:Starting HTTP Server on Port: 8077...
syg_rsp.exe: 000039CC: 08:46:27 [TUniServerModule]:HTTP Server Started on Port: 8077
syg_rsp.exe: 00001870: 08:46:28 [127.0.0.1]:EUniSessionException : Invalid session or session Timeout. (Session not found: pJaTCgh3sR10BCE4B58 ) : Addr: $0082D9FE
syg_rsp.exe: 00004878: 08:46:28 [127.0.0.1]:EUniSessionException : Invalid session or session Timeout. (Session not found: pJaTCgh3sR10BCE4B58 ) : Addr: $0082D9FE
syg_rsp.exe: 000039CC: 08:48:58 [TUniServerModule]:Shutting Down Server.
syg_rsp.exe: 000039CC: 08:48:58 [TUniServerModule]:Stopping HTTP Server.
syg_rsp.exe: 000039CC: 08:48:59 [TUniServerModule]:HTTP Server Stopped.
syg_rsp.exe: 000039CC: 08:48:59 [TUniGUISessionManager]:Terminating Session manager.
syg_rsp.exe: 000039CC: 08:48:59 [TUniGUISessionManager]:Stopping Cache Eraser...
syg_rsp.exe: 000039CC: 08:48:59 [TUniGUISessionManager]:Cache Eraser Stopped.
syg_rsp.exe: 000039CC: 08:48:59 [TUniGUISessionManager]:Destroying Worker Threads.
syg_rsp.exe: 000039CC: 08:48:59 [TUniGUISessionManager]:Session manager terminated.
syg_rsp.exe: 000039CC: 08:48:59 [TUniServerModule]:Server Shutdown Completed.
syg_rsp.exe: 000039CC: 08:48:59 []:<-------------------------------------------------------------->
syg_rsp.exe: 000039CC: 08:48:59 [Terminated]:Exit Code: 0
syg_rsp.exe: 00003414: 08:49:03 []:>--------------------------------------------------------------<
syg_rsp.exe: 00003414: 08:49:03 [TUniServerModule]:Server First Init.
syg_rsp.exe: 00003414: 08:49:03 [TUniServerModule]:Starting HTTP Server on Port: 8077...
syg_rsp.exe: 00003414: 08:49:03 [TUniServerModule]:HTTP Server Started on Port: 8077
syg_rsp.exe: 000040DC: 08:49:05 [127.0.0.1]:EUniSessionException : Invalid session or session Timeout. (Session not found: A7b6Mrb81D10BCE4C11 ) : Addr: $0082D9FE
syg_rsp.exe: 00004968: 08:49:05 [127.0.0.1]:EUniSessionException : Invalid session or session Timeout. (Session not found: A7b6Mrb81D10BCE4C11 ) : Addr: $0082D9FE
syg_rsp.exe: 000040DC: 08:49:16 [127.0.0.1]:EOleException : [MySQL][ODBC 8.0(a) Driver][mysqld-8.0.29]Unknown column 'id_reg' in 'where clause' : Addr: $0084140A
syg_rsp.exe: 00003414: 08:49:46 [TUniServerModule]:Shutting Down Server.
syg_rsp.exe: 00003414: 08:49:46 [TUniServerModule]:Stopping HTTP Server.
syg_rsp.exe: 00003414: 08:49:47 [TUniServerModule]:HTTP Server Stopped.
syg_rsp.exe: 00003414: 08:49:47 [TUniGUISessionManager]:Terminating Session manager.
syg_rsp.exe: 00003414: 08:49:47 [TUniGUISessionManager]:Stopping Cache Eraser...
syg_rsp.exe: 00003414: 08:49:47 [TUniGUISessionManager]:Cache Eraser Stopped.
syg_rsp.exe: 00003414: 08:49:47 [TUniGUISessionManager]:Destroying Worker Threads.
syg_rsp.exe: 00003414: 08:49:47 [TUniGUISessionManager]:Session manager terminated.
syg_rsp.exe: 00003414: 08:49:47 [TUniServerModule]:Server Shutdown Completed.
syg_rsp.exe: 00003414: 08:49:47 []:<-------------------------------------------------------------->
syg_rsp.exe: 00003414: 08:49:47 [Terminated]:Exit Code: 0
syg_rsp.exe: 00000E6C: 08:51:04 []:>--------------------------------------------------------------<
syg_rsp.exe: 00000E6C: 08:51:04 [TUniServerModule]:Server First Init.
syg_rsp.exe: 00000E6C: 08:51:04 [TUniServerModule]:Starting HTTP Server on Port: 8077...
syg_rsp.exe: 00000E6C: 08:51:04 [TUniServerModule]:HTTP Server Started on Port: 8077
syg_rsp.exe: 00003D28: 08:51:05 [127.0.0.1]:EUniSessionException : Invalid session or session Timeout. (Session not found: jayzxA9yny10BCE4CC6 ) : Addr: $0082D9FE
syg_rsp.exe: 00001118: 08:51:05 [127.0.0.1]:EUniSessionException : Invalid session or session Timeout. (Session not found: jayzxA9yny10BCE4CC6 ) : Addr: $0082D9FE
syg_rsp.exe: 00000E6C: 08:55:22 [TUniServerModule]:Shutting Down Server.
syg_rsp.exe: 00000E6C: 08:55:22 [TUniServerModule]:Stopping HTTP Server.
syg_rsp.exe: 00000E6C: 08:55:22 [TUniServerModule]:HTTP Server Stopped.
syg_rsp.exe: 00000E6C: 08:55:22 [TUniGUISessionManager]:Terminating Session manager.
syg_rsp.exe: 00000E6C: 08:55:22 [TUniGUISessionManager]:Stopping Cache Eraser...
syg_rsp.exe: 00000E6C: 08:55:22 [TUniGUISessionManager]:Cache Eraser Stopped.
syg_rsp.exe: 00000E6C: 08:55:22 [TUniGUISessionManager]:Destroying Worker Threads.
syg_rsp.exe: 00000E6C: 08:55:22 [TUniGUISessionManager]:Session manager terminated.
syg_rsp.exe: 00000E6C: 08:55:22 [TUniServerModule]:Server Shutdown Completed.
syg_rsp.exe: 00000E6C: 08:55:22 []:<-------------------------------------------------------------->
syg_rsp.exe: 00000E6C: 08:55:22 [Terminated]:Exit Code: 0
syg_rsp.exe: 00002C38: 08:55:26 []:>--------------------------------------------------------------<
syg_rsp.exe: 00002C38: 08:55:26 [TUniServerModule]:Server First Init.
syg_rsp.exe: 00002C38: 08:55:26 [TUniServerModule]:Starting HTTP Server on Port: 8077...
syg_rsp.exe: 00002C38: 08:55:26 [TUniServerModule]:HTTP Server Started on Port: 8077
syg_rsp.exe: 00000430: 08:55:27 [127.0.0.1]:EUniSessionException : Invalid session or session Timeout. (Session not found: YqUIlIeUDa10BCE4D52 ) : Addr: $0082D9FE
syg_rsp.exe: 00004988: 08:55:27 [127.0.0.1]:EUniSessionException : Invalid session or session Timeout. (Session not found: YqUIlIeUDa10BCE4D52 ) : Addr: $0082D9FE
syg_rsp.exe: 00002C38: 09:00:56 [TUniServerModule]:Shutting Down Server.
syg_rsp.exe: 00002C38: 09:00:56 [TUniServerModule]:Stopping HTTP Server.
syg_rsp.exe: 00002C38: 09:00:57 [TUniServerModule]:HTTP Server Stopped.
syg_rsp.exe: 00002C38: 09:00:57 [TUniGUISessionManager]:Terminating Session manager.
syg_rsp.exe: 00002C38: 09:00:57 [TUniGUISessionManager]:Stopping Cache Eraser...
syg_rsp.exe: 00002C38: 09:00:57 [TUniGUISessionManager]:Cache Eraser Stopped.
syg_rsp.exe: 00002C38: 09:00:57 [TUniGUISessionManager]:Destroying Worker Threads.
syg_rsp.exe: 00002C38: 09:00:57 [TUniGUISessionManager]:Session manager terminated.
syg_rsp.exe: 00002C38: 09:00:57 [TUniServerModule]:Server Shutdown Completed.
syg_rsp.exe: 00002C38: 09:00:57 []:<-------------------------------------------------------------->
syg_rsp.exe: 00002C38: 09:00:57 [Terminated]:Exit Code: 0
syg_rsp.exe: 00004250: 09:01:00 []:>--------------------------------------------------------------<
syg_rsp.exe: 00004250: 09:01:00 [TUniServerModule]:Server First Init.
syg_rsp.exe: 00004250: 09:01:00 [TUniServerModule]:Starting HTTP Server on Port: 8077...
syg_rsp.exe: 00004250: 09:01:00 [TUniServerModule]:HTTP Server Started on Port: 8077
syg_rsp.exe: 00002A54: 09:01:01 [127.0.0.1]:EUniSessionException : Invalid session or session Timeout. (Session not found: enyAU7oQAT10BCE4E80 ) : Addr: $0082D9FE
syg_rsp.exe: 00002A54: 09:01:01 [127.0.0.1]:EUniSessionException : Invalid session or session Timeout. (Session not found: enyAU7oQAT10BCE4E80 ) : Addr: $0082D9FE
syg_rsp.exe: 00004250: 09:04:27 [TUniServerModule]:Shutting Down Server.
syg_rsp.exe: 00004250: 09:04:27 [TUniServerModule]:Stopping HTTP Server.
syg_rsp.exe: 00004250: 09:04:28 [TUniServerModule]:HTTP Server Stopped.
syg_rsp.exe: 00004250: 09:04:28 [TUniGUISessionManager]:Terminating Session manager.
syg_rsp.exe: 00004250: 09:04:28 [TUniGUISessionManager]:Stopping Cache Eraser...
syg_rsp.exe: 00004250: 09:04:28 [TUniGUISessionManager]:Cache Eraser Stopped.
syg_rsp.exe: 00004250: 09:04:28 [TUniGUISessionManager]:Destroying Worker Threads.
syg_rsp.exe: 00004250: 09:04:28 [TUniGUISessionManager]:Session manager terminated.
syg_rsp.exe: 00004250: 09:04:28 [TUniServerModule]:Server Shutdown Completed.
syg_rsp.exe: 00004250: 09:04:28 []:<-------------------------------------------------------------->
syg_rsp.exe: 00004250: 09:04:28 [Terminated]:Exit Code: 0
syg_rsp.exe: 0000376C: 09:09:55 []:>--------------------------------------------------------------<
syg_rsp.exe: 0000376C: 09:09:55 [TUniServerModule]:Server First Init.
syg_rsp.exe: 0000376C: 09:09:55 [TUniServerModule]:Starting HTTP Server on Port: 8077...
syg_rsp.exe: 0000376C: 09:09:55 [TUniServerModule]:HTTP Server Started on Port: 8077
syg_rsp.exe: 000019B0: 09:14:38 [127.0.0.1]:EUniSessionException : Invalid session or session Timeout. (Session not found: DEet8axE5F10BCE5003 ) : Addr: $0082D9FE
syg_rsp.exe: 0000376C: 09:17:15 [TUniServerModule]:Shutting Down Server.
syg_rsp.exe: 0000376C: 09:17:15 [TUniServerModule]:Stopping HTTP Server.
syg_rsp.exe: 0000376C: 09:17:16 [TUniServerModule]:HTTP Server Stopped.
syg_rsp.exe: 0000376C: 09:17:16 [TUniGUISessionManager]:Terminating Session manager.
syg_rsp.exe: 0000376C: 09:17:16 [TUniGUISessionManager]:Stopping Cache Eraser...
syg_rsp.exe: 0000376C: 09:17:16 [TUniGUISessionManager]:Cache Eraser Stopped.
syg_rsp.exe: 0000376C: 09:17:16 [TUniGUISessionManager]:Destroying Worker Threads.
syg_rsp.exe: 0000376C: 09:17:16 [TUniGUISessionManager]:Session manager terminated.
syg_rsp.exe: 0000376C: 09:17:16 [TUniServerModule]:Server Shutdown Completed.
syg_rsp.exe: 0000376C: 09:17:16 []:<-------------------------------------------------------------->
syg_rsp.exe: 0000376C: 09:17:16 [Terminated]:Exit Code: 0
syg_rsp.exe: 00002A44: 09:17:19 []:>--------------------------------------------------------------<
syg_rsp.exe: 00002A44: 09:17:19 [TUniServerModule]:Server First Init.
syg_rsp.exe: 00002A44: 09:17:19 [TUniServerModule]:Starting HTTP Server on Port: 8077...
syg_rsp.exe: 00002A44: 09:17:19 [TUniServerModule]:HTTP Server Started on Port: 8077
syg_rsp.exe: 00003FA0: 09:45:13 [127.0.0.1]:EUniSessionException : Invalid session or session Timeout. (Session not found: 26MNbWyGPn10BCE53B6 ) : Addr: $0082D9FE
syg_rsp.exe: 00000818: 09:45:13 [127.0.0.1]:EUniSessionException : Invalid session or session Timeout. (Session not found: 26MNbWyGPn10BCE53B6 ) : Addr: $0082D9FE
syg_rsp.exe: 00002A44: 09:47:04 [TUniServerModule]:Shutting Down Server.
syg_rsp.exe: 00002A44: 09:47:04 [TUniServerModule]:Stopping HTTP Server.
syg_rsp.exe: 00002A44: 09:47:05 [TUniServerModule]:HTTP Server Stopped.
syg_rsp.exe: 00002A44: 09:47:05 [TUniGUISessionManager]:Terminating Session manager.
syg_rsp.exe: 00002A44: 09:47:05 [TUniGUISessionManager]:Stopping Cache Eraser...
syg_rsp.exe: 00002A44: 09:47:05 [TUniGUISessionManager]:Cache Eraser Stopped.
syg_rsp.exe: 00002A44: 09:47:05 [TUniGUISessionManager]:Destroying Worker Threads.
syg_rsp.exe: 00002A44: 09:47:05 [TUniGUISessionManager]:Session manager terminated.
syg_rsp.exe: 00002A44: 09:47:05 [TUniServerModule]:Server Shutdown Completed.
syg_rsp.exe: 00002A44: 09:47:05 []:<-------------------------------------------------------------->
syg_rsp.exe: 00002A44: 09:47:05 [Terminated]:Exit Code: 0
syg_rsp.exe: 000019B0: 09:47:29 []:>--------------------------------------------------------------<
syg_rsp.exe: 000019B0: 09:47:29 [TUniServerModule]:Server First Init.
syg_rsp.exe: 000019B0: 09:47:29 [TUniServerModule]:Starting HTTP Server on Port: 8077...
syg_rsp.exe: 000019B0: 09:47:29 [TUniServerModule]:HTTP Server Started on Port: 8077
syg_rsp.exe: 000044A0: 09:47:29 [127.0.0.1]:EUniSessionException : Invalid session or session Timeout. (Session not found: rcv4f4s44D10BCE5C00 ) : Addr: $0082D9FE
syg_rsp.exe: 000044A0: 09:47:29 [127.0.0.1]:EUniSessionException : Invalid session or session Timeout. (Session not found: rcv4f4s44D10BCE5C00 ) : Addr: $0082D9FE
syg_rsp.exe: 00003DD0: 09:47:29 [127.0.0.1]:EUniSessionException : Invalid session or session Timeout. (Session not found: rcv4f4s44D10BCE5C00 ) : Addr: $0082D9FE
syg_rsp.exe: 000019B0: 09:48:56 [TUniServerModule]:Shutting Down Server.
syg_rsp.exe: 000019B0: 09:48:56 [TUniServerModule]:Stopping HTTP Server.
syg_rsp.exe: 000019B0: 09:48:57 [TUniServerModule]:HTTP Server Stopped.
syg_rsp.exe: 000019B0: 09:48:57 [TUniGUISessionManager]:Terminating Session manager.
syg_rsp.exe: 000019B0: 09:48:57 [TUniGUISessionManager]:Stopping Cache Eraser...
syg_rsp.exe: 000019B0: 09:48:57 [TUniGUISessionManager]:Cache Eraser Stopped.
syg_rsp.exe: 000019B0: 09:48:57 [TUniGUISessionManager]:Destroying Worker Threads.
syg_rsp.exe: 000019B0: 09:48:57 [TUniGUISessionManager]:Session manager terminated.
syg_rsp.exe: 000019B0: 09:48:57 [TUniServerModule]:Server Shutdown Completed.
syg_rsp.exe: 000019B0: 09:48:57 []:<-------------------------------------------------------------->
syg_rsp.exe: 000019B0: 09:48:57 [Terminated]:Exit Code: 0
syg_rsp.exe: 00003D04: 09:55:00 []:>--------------------------------------------------------------<
syg_rsp.exe: 00003D04: 09:55:00 [TUniServerModule]:Server First Init.
syg_rsp.exe: 00003D04: 09:55:00 [TUniServerModule]:Starting HTTP Server on Port: 8077...
syg_rsp.exe: 00003D04: 09:55:00 [TUniServerModule]:HTTP Server Started on Port: 8077
syg_rsp.exe: 00002388: 09:55:01 [127.0.0.1]:EUniSessionException : Invalid session or session Timeout. (Session not found: bXYXKzx1FW10BCE5CA1 ) : Addr: $0082D9FE
syg_rsp.exe: 00002388: 09:55:04 [127.0.0.1]:EUniSessionException : Invalid session or session Timeout. (Session not found: bXYXKzx1FW10BCE5CA1 ) : Addr: $0082D9FE
syg_rsp.exe: 00003D04: 09:55:50 [TUniServerModule]:Shutting Down Server.
syg_rsp.exe: 00003D04: 09:55:50 [TUniServerModule]:Stopping HTTP Server.
syg_rsp.exe: 00003D04: 09:55:51 [TUniServerModule]:HTTP Server Stopped.
syg_rsp.exe: 00003D04: 09:55:51 [TUniGUISessionManager]:Terminating Session manager.
syg_rsp.exe: 00003D04: 09:55:51 [TUniGUISessionManager]:Stopping Cache Eraser...
syg_rsp.exe: 00003D04: 09:55:51 [TUniGUISessionManager]:Cache Eraser Stopped.
syg_rsp.exe: 00003D04: 09:55:51 [TUniGUISessionManager]:Destroying Worker Threads.
syg_rsp.exe: 00003D04: 09:55:51 [TUniGUISessionManager]:Session manager terminated.
syg_rsp.exe: 00003D04: 09:55:51 [TUniServerModule]:Server Shutdown Completed.
syg_rsp.exe: 00003D04: 09:55:51 []:<-------------------------------------------------------------->
syg_rsp.exe: 00003D04: 09:55:51 [Terminated]:Exit Code: 0
syg_rsp.exe: 00002A98: 09:55:55 []:>--------------------------------------------------------------<
syg_rsp.exe: 00002A98: 09:55:55 [TUniServerModule]:Server First Init.
syg_rsp.exe: 00002A98: 09:55:55 [TUniServerModule]:Starting HTTP Server on Port: 8077...
syg_rsp.exe: 00002A98: 09:55:55 [TUniServerModule]:HTTP Server Started on Port: 8077
syg_rsp.exe: 00003EC8: 09:55:56 [127.0.0.1]:EUniSessionException : Invalid session or session Timeout. (Session not found: nrpQmk2DnD10BCE5EAE ) : Addr: $0082D9FE
syg_rsp.exe: 00000F84: 09:55:56 [127.0.0.1]:EUniSessionException : Invalid session or session Timeout. (Session not found: nrpQmk2DnD10BCE5EAE ) : Addr: $0082D9FE
syg_rsp.exe: 00002A98: 09:57:35 [TUniServerModule]:Shutting Down Server.
syg_rsp.exe: 00002A98: 09:57:35 [TUniServerModule]:Stopping HTTP Server.
syg_rsp.exe: 00002A98: 09:57:36 [TUniServerModule]:HTTP Server Stopped.
syg_rsp.exe: 00002A98: 09:57:36 [TUniGUISessionManager]:Terminating Session manager.
syg_rsp.exe: 00002A98: 09:57:36 [TUniGUISessionManager]:Stopping Cache Eraser...
syg_rsp.exe: 00002A98: 09:57:36 [TUniGUISessionManager]:Cache Eraser Stopped.
syg_rsp.exe: 00002A98: 09:57:36 [TUniGUISessionManager]:Destroying Worker Threads.
syg_rsp.exe: 00002A98: 09:57:36 [TUniGUISessionManager]:Session manager terminated.
syg_rsp.exe: 00002A98: 09:57:36 [TUniServerModule]:Server Shutdown Completed.
syg_rsp.exe: 00002A98: 09:57:36 []:<-------------------------------------------------------------->
syg_rsp.exe: 00002A98: 09:57:36 [Terminated]:Exit Code: 0
syg_rsp.exe: 00001C40: 10:01:16 []:>--------------------------------------------------------------<
syg_rsp.exe: 00001C40: 10:01:16 [TUniServerModule]:Server First Init.
syg_rsp.exe: 00001C40: 10:01:16 [TUniServerModule]:Starting HTTP Server on Port: 8077...
syg_rsp.exe: 00001C40: 10:01:16 [TUniServerModule]:HTTP Server Started on Port: 8077
syg_rsp.exe: 000021D0: 10:01:18 [127.0.0.1]:EUniSessionException : Invalid session or session Timeout. (Session not found: 4svaJFqasD10BCE5EE9 ) : Addr: $0082D9FE
syg_rsp.exe: 00004098: 10:01:18 [127.0.0.1]:EUniSessionException : Invalid session or session Timeout. (Session not found: 4svaJFqasD10BCE5EE9 ) : Addr: $0082D9FE
syg_rsp.exe: 00001C40: 11:48:01 [TUniServerModule]:Shutting Down Server.
syg_rsp.exe: 00001C40: 11:48:01 [TUniServerModule]:Stopping HTTP Server.
syg_rsp.exe: 00001C40: 11:48:02 [TUniServerModule]:HTTP Server Stopped.
syg_rsp.exe: 00001C40: 11:48:02 [TUniGUISessionManager]:Terminating Session manager.
syg_rsp.exe: 00001C40: 11:48:02 [TUniGUISessionManager]:Stopping Cache Eraser...
syg_rsp.exe: 00001C40: 11:48:02 [TUniGUISessionManager]:Cache Eraser Stopped.
syg_rsp.exe: 00001C40: 11:48:02 [TUniGUISessionManager]:Destroying Worker Threads.
syg_rsp.exe: 00001C40: 11:48:02 [TUniGUISessionManager]:Session manager terminated.
syg_rsp.exe: 00001C40: 11:48:02 [TUniServerModule]:Server Shutdown Completed.
syg_rsp.exe: 00001C40: 11:48:02 []:<-------------------------------------------------------------->
syg_rsp.exe: 00001C40: 11:48:02 [Terminated]:Exit Code: 0
syg_rsp.exe: 00002FB0: 11:48:06 []:>--------------------------------------------------------------<
syg_rsp.exe: 00002FB0: 11:48:06 [TUniServerModule]:Server First Init.
syg_rsp.exe: 00002FB0: 11:48:07 [TUniServerModule]:Starting HTTP Server on Port: 8077...
syg_rsp.exe: 00002FB0: 11:48:07 [TUniServerModule]:HTTP Server Started on Port: 8077
syg_rsp.exe: 00000850: 11:48:17 [127.0.0.1]:EUniSessionException : Invalid session or session Timeout. (Session not found: 3CHc48ZqAy10BCE605E ) : Addr: $0082D9FE
syg_rsp.exe: 00003364: 11:48:17 [127.0.0.1]:EUniSessionException : Invalid session or session Timeout. (Session not found: 3CHc48ZqAy10BCE605E ) : Addr: $0082D9FE
syg_rsp.exe: 00002FB0: 11:49:19 [TUniServerModule]:Shutting Down Server.
syg_rsp.exe: 00002FB0: 11:49:19 [TUniServerModule]:Stopping HTTP Server.
syg_rsp.exe: 00002FB0: 11:49:20 [TUniServerModule]:HTTP Server Stopped.
syg_rsp.exe: 00002FB0: 11:49:20 [TUniGUISessionManager]:Terminating Session manager.
syg_rsp.exe: 00002FB0: 11:49:20 [TUniGUISessionManager]:Stopping Cache Eraser...
syg_rsp.exe: 00002FB0: 11:49:20 [TUniGUISessionManager]:Cache Eraser Stopped.
syg_rsp.exe: 00002FB0: 11:49:20 [TUniGUISessionManager]:Destroying Worker Threads.
syg_rsp.exe: 00002FB0: 11:49:20 [TUniGUISessionManager]:Session manager terminated.
syg_rsp.exe: 00002FB0: 11:49:20 [TUniServerModule]:Server Shutdown Completed.
syg_rsp.exe: 00002FB0: 11:49:20 []:<-------------------------------------------------------------->
syg_rsp.exe: 00002FB0: 11:49:20 [Terminated]:Exit Code: 0
syg_rsp.exe: 00001168: 11:49:26 []:>--------------------------------------------------------------<
syg_rsp.exe: 00001168: 11:49:26 [TUniServerModule]:Server First Init.
syg_rsp.exe: 00001168: 11:49:26 [TUniServerModule]:Starting HTTP Server on Port: 8077...
syg_rsp.exe: 00001168: 11:49:26 [TUniServerModule]:HTTP Server Started on Port: 8077
syg_rsp.exe: 00004614: 11:49:29 [127.0.0.1]:EUniSessionException : Invalid session or session Timeout. (Session not found: ASskFlZ29r10BCE7D63 ) : Addr: $0082D9FE
syg_rsp.exe: 00001004: 11:49:29 [127.0.0.1]:EUniSessionException : Invalid session or session Timeout. (Session not found: ASskFlZ29r10BCE7D63 ) : Addr: $0082D9FE
syg_rsp.exe: 00001168: 11:52:13 [TUniServerModule]:Shutting Down Server.
syg_rsp.exe: 00001168: 11:52:13 [TUniServerModule]:Stopping HTTP Server.
syg_rsp.exe: 00001168: 11:52:14 [TUniServerModule]:HTTP Server Stopped.
syg_rsp.exe: 00001168: 11:52:14 [TUniGUISessionManager]:Terminating Session manager.
syg_rsp.exe: 00001168: 11:52:14 [TUniGUISessionManager]:Stopping Cache Eraser...
syg_rsp.exe: 00001168: 11:52:14 [TUniGUISessionManager]:Cache Eraser Stopped.
syg_rsp.exe: 00001168: 11:52:14 [TUniGUISessionManager]:Destroying Worker Threads.
syg_rsp.exe: 00001168: 11:52:14 [TUniGUISessionManager]:Session manager terminated.
syg_rsp.exe: 00001168: 11:52:15 [TUniServerModule]:Server Shutdown Completed.
syg_rsp.exe: 00001168: 11:52:15 []:<-------------------------------------------------------------->
syg_rsp.exe: 00001168: 11:52:15 [Terminated]:Exit Code: 0
syg_rsp.exe: 00003F7C: 11:52:25 []:>--------------------------------------------------------------<
syg_rsp.exe: 00003F7C: 11:52:25 [TUniServerModule]:Server First Init.
syg_rsp.exe: 00003F7C: 11:52:25 [TUniServerModule]:Starting HTTP Server on Port: 8077...
syg_rsp.exe: 00003F7C: 11:52:25 [TUniServerModule]:HTTP Server Started on Port: 8077
syg_rsp.exe: 000041E0: 11:52:28 [127.0.0.1]:EUniSessionException : Invalid session or session Timeout. (Session not found: YB9LjfFtAM10BCE7DB6 ) : Addr: $0082D9FE
syg_rsp.exe: 00004BE8: 11:52:28 [127.0.0.1]:EUniSessionException : Invalid session or session Timeout. (Session not found: YB9LjfFtAM10BCE7DB6 ) : Addr: $0082D9FE
syg_rsp.exe: 0000344C: 11:54:46 [127.0.0.1]:EOleException : [MySQL][ODBC 8.0(a) Driver][mysqld-8.0.29]Unknown column 'R.navire' in 'where clause' : Addr: $0084214F
syg_rsp.exe: 00003F7C: 11:55:56 [TUniServerModule]:Shutting Down Server.
syg_rsp.exe: 00003F7C: 11:55:56 [TUniServerModule]:Stopping HTTP Server.
syg_rsp.exe: 00003F7C: 11:55:57 [TUniServerModule]:HTTP Server Stopped.
syg_rsp.exe: 00003F7C: 11:55:57 [TUniGUISessionManager]:Terminating Session manager.
syg_rsp.exe: 00003F7C: 11:55:57 [TUniGUISessionManager]:Stopping Cache Eraser...
syg_rsp.exe: 00003F7C: 11:55:57 [TUniGUISessionManager]:Cache Eraser Stopped.
syg_rsp.exe: 00003F7C: 11:55:57 [TUniGUISessionManager]:Destroying Worker Threads.
syg_rsp.exe: 00003F7C: 11:55:57 [TUniGUISessionManager]:Session manager terminated.
syg_rsp.exe: 00003F7C: 11:55:57 [TUniServerModule]:Server Shutdown Completed.
syg_rsp.exe: 00003F7C: 11:55:57 []:<-------------------------------------------------------------->
syg_rsp.exe: 00003F7C: 11:55:57 [Terminated]:Exit Code: 0
syg_rsp.exe: 00004908: 11:56:04 []:>--------------------------------------------------------------<
syg_rsp.exe: 00004908: 11:56:04 [TUniServerModule]:Server First Init.
syg_rsp.exe: 00004908: 11:56:04 [TUniServerModule]:Starting HTTP Server on Port: 8077...
syg_rsp.exe: 00004908: 11:56:04 [TUniServerModule]:HTTP Server Started on Port: 8077
syg_rsp.exe: 000014C0: 11:56:06 [127.0.0.1]:EUniSessionException : Invalid session or session Timeout. (Session not found: PpPKI3K5l510BCE7E85 ) : Addr: $0082D9FE
syg_rsp.exe: 00000B4C: 11:56:06 [127.0.0.1]:EUniSessionException : Invalid session or session Timeout. (Session not found: PpPKI3K5l510BCE7E85 ) : Addr: $0082D9FE
syg_rsp.exe: 00004908: 13:54:44 [TUniServerModule]:Shutting Down Server.
syg_rsp.exe: 00004908: 13:54:44 [TUniServerModule]:Stopping HTTP Server.
syg_rsp.exe: 00004908: 13:54:44 [TUniServerModule]:HTTP Server Stopped.
syg_rsp.exe: 00004908: 13:54:44 [TUniGUISessionManager]:Terminating Session manager.
syg_rsp.exe: 00004908: 13:54:44 [TUniGUISessionManager]:Stopping Cache Eraser...
syg_rsp.exe: 00004908: 13:54:44 [TUniGUISessionManager]:Cache Eraser Stopped.
syg_rsp.exe: 00004908: 13:54:44 [TUniGUISessionManager]:Destroying Worker Threads.
syg_rsp.exe: 00004908: 13:54:44 [TUniGUISessionManager]:Session manager terminated.
syg_rsp.exe: 00004908: 13:54:44 [TUniServerModule]:Server Shutdown Completed.
syg_rsp.exe: 00004908: 13:54:44 []:<-------------------------------------------------------------->
syg_rsp.exe: 00004908: 13:54:45 [Terminated]:Exit Code: 0
syg_rsp.exe: 000024BC: 13:54:46 []:>--------------------------------------------------------------<
syg_rsp.exe: 000024BC: 13:54:46 [TUniServerModule]:Server First Init.
syg_rsp.exe: 000024BC: 13:54:46 [TUniServerModule]:Starting HTTP Server on Port: 8077...
syg_rsp.exe: 000024BC: 13:54:46 [TUniServerModule]:HTTP Server Started on Port: 8077
syg_rsp.exe: 00002EF4: 13:54:50 [127.0.0.1]:EUniSessionException : Invalid session or session Timeout. (Session not found: kyFhzEW5uE10BCE7F82 ) : Addr: $0082D9FE
syg_rsp.exe: 00004728: 13:54:50 [127.0.0.1]:EUniSessionException : Invalid session or session Timeout. (Session not found: kyFhzEW5uE10BCE7F82 ) : Addr: $0082D9FE
syg_rsp.exe: 000024BC: 14:12:35 [TUniServerModule]:Shutting Down Server.
syg_rsp.exe: 000024BC: 14:12:35 [TUniServerModule]:Stopping HTTP Server.
syg_rsp.exe: 000024BC: 14:12:36 [TUniServerModule]:HTTP Server Stopped.
syg_rsp.exe: 000024BC: 14:12:36 [TUniGUISessionManager]:Terminating Session manager.
syg_rsp.exe: 000024BC: 14:12:36 [TUniGUISessionManager]:Stopping Cache Eraser...
syg_rsp.exe: 000024BC: 14:12:36 [TUniGUISessionManager]:Cache Eraser Stopped.
syg_rsp.exe: 000024BC: 14:12:36 [TUniGUISessionManager]:Destroying Worker Threads.
syg_rsp.exe: 000024BC: 14:12:36 [TUniGUISessionManager]:Session manager terminated.
syg_rsp.exe: 000024BC: 14:12:36 [TUniServerModule]:Server Shutdown Completed.
syg_rsp.exe: 000024BC: 14:12:36 []:<-------------------------------------------------------------->
syg_rsp.exe: 000024BC: 14:12:36 [Terminated]:Exit Code: 0
syg_rsp.exe: 000037A0: 14:13:50 []:>--------------------------------------------------------------<
syg_rsp.exe: 000037A0: 14:13:50 [TUniServerModule]:Server First Init.
syg_rsp.exe: 000037A0: 14:13:50 [TUniServerModule]:Starting HTTP Server on Port: 8077...
syg_rsp.exe: 000037A0: 14:13:50 [TUniServerModule]:HTTP Server Started on Port: 8077
syg_rsp.exe: 00000740: 14:13:50 [127.0.0.1]:EUniSessionException : Invalid session or session Timeout. (Session not found: NgA3fbvXHf10BCE9FB7 ) : Addr: $0082D9FE
syg_rsp.exe: 00000740: 14:13:50 [127.0.0.1]:EUniSessionException : Invalid session or session Timeout. (Session not found: NgA3fbvXHf10BCE9FB7 ) : Addr: $0082D9FE
syg_rsp.exe: 00000740: 14:13:50 [127.0.0.1]:EUniSessionException : Invalid session or session Timeout. (Session not found: NgA3fbvXHf10BCE9FB7 ) : Addr: $0082D9FE
syg_rsp.exe: 00000740: 14:13:50 [127.0.0.1]:EUniSessionException : Invalid session or session Timeout. (Session not found: NgA3fbvXHf10BCE9FB7 ) : Addr: $0082D9FE
syg_rsp.exe: 00000740: 14:13:50 [127.0.0.1]:EUniSessionException : Invalid session or session Timeout. (Session not found: NgA3fbvXHf10BCE9FB7 ) : Addr: $0082D9FE
syg_rsp.exe: 00003F18: 14:13:50 [127.0.0.1]:EUniSessionException : Invalid session or session Timeout. (Session not found: NgA3fbvXHf10BCE9FB7 ) : Addr: $0082D9FE
syg_rsp.exe: 000037A0: 14:14:15 [TUniServerModule]:Shutting Down Server.
syg_rsp.exe: 000037A0: 14:14:15 [TUniServerModule]:Stopping HTTP Server.
syg_rsp.exe: 000037A0: 14:14:16 [TUniServerModule]:HTTP Server Stopped.
syg_rsp.exe: 000037A0: 14:14:16 [TUniGUISessionManager]:Terminating Session manager.
syg_rsp.exe: 000037A0: 14:14:16 [TUniGUISessionManager]:Stopping Cache Eraser...
syg_rsp.exe: 000037A0: 14:14:16 [TUniGUISessionManager]:Cache Eraser Stopped.
syg_rsp.exe: 000037A0: 14:14:17 [TUniGUISessionManager]:Destroying Worker Threads.
syg_rsp.exe: 000037A0: 14:14:17 [TUniGUISessionManager]:Session manager terminated.
syg_rsp.exe: 000037A0: 14:14:17 [TUniServerModule]:Server Shutdown Completed.
syg_rsp.exe: 000037A0: 14:14:17 []:<-------------------------------------------------------------->
syg_rsp.exe: 000037A0: 14:14:17 [Terminated]:Exit Code: 0
syg_rsp.exe: 00004894: 14:14:20 []:>--------------------------------------------------------------<
syg_rsp.exe: 00004894: 14:14:20 [TUniServerModule]:Server First Init.
syg_rsp.exe: 00004894: 14:14:20 [TUniServerModule]:Starting HTTP Server on Port: 8077...
syg_rsp.exe: 00004894: 14:14:20 [TUniServerModule]:HTTP Server Started on Port: 8077
syg_rsp.exe: 00004894: 14:17:16 [TUniServerModule]:Shutting Down Server.
syg_rsp.exe: 00004894: 14:17:16 [TUniServerModule]:Stopping HTTP Server.
syg_rsp.exe: 00004894: 14:17:17 [TUniServerModule]:HTTP Server Stopped.
syg_rsp.exe: 00004894: 14:17:17 [TUniGUISessionManager]:Terminating Session manager.
syg_rsp.exe: 00004894: 14:17:17 [TUniGUISessionManager]:Stopping Cache Eraser...
syg_rsp.exe: 00004894: 14:17:17 [TUniGUISessionManager]:Cache Eraser Stopped.
syg_rsp.exe: 00004894: 14:17:17 [TUniGUISessionManager]:Destroying Worker Threads.
syg_rsp.exe: 00004894: 14:17:17 [TUniGUISessionManager]:Session manager terminated.
syg_rsp.exe: 00004894: 14:17:17 [TUniServerModule]:Server Shutdown Completed.
syg_rsp.exe: 00004894: 14:17:17 []:<-------------------------------------------------------------->
syg_rsp.exe: 00004894: 14:17:17 [Terminated]:Exit Code: 0
syg_rsp.exe: 00004504: 14:17:21 []:>--------------------------------------------------------------<
syg_rsp.exe: 00004504: 14:17:21 [TUniServerModule]:Server First Init.
syg_rsp.exe: 00004504: 14:17:21 [TUniServerModule]:Starting HTTP Server on Port: 8077...
syg_rsp.exe: 00004504: 14:17:21 [TUniServerModule]:HTTP Server Started on Port: 8077
syg_rsp.exe: 000000F0: 14:17:22 [127.0.0.1]:EUniSessionException : Invalid session or session Timeout. (Session not found: CjGYpgNHh910BCEA503 ) : Addr: $0082D9FE
syg_rsp.exe: 00003E68: 14:17:22 [127.0.0.1]:EUniSessionException : Invalid session or session Timeout. (Session not found: CjGYpgNHh910BCEA503 ) : Addr: $0082D9FE
syg_rsp.exe: 00004504: 14:22:56 [TUniServerModule]:Shutting Down Server.
syg_rsp.exe: 00004504: 14:22:56 [TUniServerModule]:Stopping HTTP Server.
syg_rsp.exe: 00004504: 14:22:57 [TUniServerModule]:HTTP Server Stopped.
syg_rsp.exe: 00004504: 14:22:57 [TUniGUISessionManager]:Terminating Session manager.
syg_rsp.exe: 00004504: 14:22:57 [TUniGUISessionManager]:Stopping Cache Eraser...
syg_rsp.exe: 00004504: 14:22:57 [TUniGUISessionManager]:Cache Eraser Stopped.
syg_rsp.exe: 00004504: 14:22:57 [TUniGUISessionManager]:Destroying Worker Threads.
syg_rsp.exe: 00004504: 14:22:57 [TUniGUISessionManager]:Session manager terminated.
syg_rsp.exe: 00004504: 14:22:57 [TUniServerModule]:Server Shutdown Completed.
syg_rsp.exe: 00004504: 14:22:57 []:<-------------------------------------------------------------->
syg_rsp.exe: 00004504: 14:22:57 [Terminated]:Exit Code: 0
syg_rsp.exe: 000028A8: 14:23:11 []:>--------------------------------------------------------------<
syg_rsp.exe: 000028A8: 14:23:11 [TUniServerModule]:Server First Init.
syg_rsp.exe: 000028A8: 14:23:11 [TUniServerModule]:Starting HTTP Server on Port: 8077...
syg_rsp.exe: 000028A8: 14:23:11 [TUniServerModule]:HTTP Server Started on Port: 8077
syg_rsp.exe: 00002148: 14:23:14 [127.0.0.1]:EUniSessionException : Invalid session or session Timeout. (Session not found: dYFAMVurMJ10BCEA5D4 ) : Addr: $0082D9FE
syg_rsp.exe: 0000465C: 14:23:14 [127.0.0.1]:EUniSessionException : Invalid session or session Timeout. (Session not found: dYFAMVurMJ10BCEA5D4 ) : Addr: $0082D9FE
syg_rsp.exe: 000028A8: 14:24:16 [TUniServerModule]:Shutting Down Server.
syg_rsp.exe: 000028A8: 14:24:16 [TUniServerModule]:Stopping HTTP Server.
syg_rsp.exe: 000028A8: 14:24:17 [TUniServerModule]:HTTP Server Stopped.
syg_rsp.exe: 000028A8: 14:24:17 [TUniGUISessionManager]:Terminating Session manager.
syg_rsp.exe: 000028A8: 14:24:17 [TUniGUISessionManager]:Stopping Cache Eraser...
syg_rsp.exe: 000028A8: 14:24:17 [TUniGUISessionManager]:Cache Eraser Stopped.
syg_rsp.exe: 000028A8: 14:24:17 [TUniGUISessionManager]:Destroying Worker Threads.
syg_rsp.exe: 000028A8: 14:24:17 [TUniGUISessionManager]:Session manager terminated.
syg_rsp.exe: 000028A8: 14:24:17 [TUniServerModule]:Server Shutdown Completed.
syg_rsp.exe: 000028A8: 14:24:17 []:<-------------------------------------------------------------->
syg_rsp.exe: 000028A8: 14:24:17 [Terminated]:Exit Code: 0
syg_rsp.exe: 00004354: 14:24:22 []:>--------------------------------------------------------------<
syg_rsp.exe: 00004354: 14:24:22 [TUniServerModule]:Server First Init.
syg_rsp.exe: 00004354: 14:24:22 [TUniServerModule]:Starting HTTP Server on Port: 8077...
syg_rsp.exe: 00004354: 14:24:22 [TUniServerModule]:HTTP Server Started on Port: 8077
syg_rsp.exe: 00004580: 14:24:23 [127.0.0.1]:EUniSessionException : Invalid session or session Timeout. (Session not found: TAsey8mWeb10BCEA76B ) : Addr: $0082D9FE
syg_rsp.exe: 00004838: 14:24:23 [127.0.0.1]:EUniSessionException : Invalid session or session Timeout. (Session not found: TAsey8mWeb10BCEA76B ) : Addr: $0082D9FE
syg_rsp.exe: 00004354: 14:25:18 [TUniServerModule]:Shutting Down Server.
syg_rsp.exe: 00004354: 14:25:18 [TUniServerModule]:Stopping HTTP Server.
syg_rsp.exe: 00004354: 14:25:19 [TUniServerModule]:HTTP Server Stopped.
syg_rsp.exe: 00004354: 14:25:19 [TUniGUISessionManager]:Terminating Session manager.
syg_rsp.exe: 00004354: 14:25:19 [TUniGUISessionManager]:Stopping Cache Eraser...
syg_rsp.exe: 00004354: 14:25:19 [TUniGUISessionManager]:Cache Eraser Stopped.
syg_rsp.exe: 00004354: 14:25:19 [TUniGUISessionManager]:Destroying Worker Threads.
syg_rsp.exe: 00004354: 14:25:19 [TUniGUISessionManager]:Session manager terminated.
syg_rsp.exe: 00004354: 14:25:19 [TUniServerModule]:Server Shutdown Completed.
syg_rsp.exe: 00004354: 14:25:19 []:<-------------------------------------------------------------->
syg_rsp.exe: 00004354: 14:25:19 [Terminated]:Exit Code: 0
syg_rsp.exe: 000041C4: 14:26:32 []:>--------------------------------------------------------------<
syg_rsp.exe: 000041C4: 14:26:32 [TUniServerModule]:Server First Init.
syg_rsp.exe: 000041C4: 14:26:32 [TUniServerModule]:Starting HTTP Server on Port: 8077...
syg_rsp.exe: 000041C4: 14:26:32 [TUniServerModule]:HTTP Server Started on Port: 8077
syg_rsp.exe: 00002B14: 14:26:32 [127.0.0.1]:EUniSessionException : Invalid session or session Timeout. (Session not found: UuETg3uoeU10BCEA7BB ) : Addr: $0082D9FE
syg_rsp.exe: 00002B14: 14:26:32 [127.0.0.1]:EUniSessionException : Invalid session or session Timeout. (Session not found: UuETg3uoeU10BCEA7BB ) : Addr: $0082D9FE
syg_rsp.exe: 00002ED4: 14:26:32 [127.0.0.1]:EUniSessionException : Invalid session or session Timeout. (Session not found: UuETg3uoeU10BCEA7BB ) : Addr: $0082D9FE
syg_rsp.exe: 00002B14: 14:26:32 [127.0.0.1]:EUniSessionException : Invalid session or session Timeout. (Session not found: UuETg3uoeU10BCEA7BB ) : Addr: $0082D9FE
syg_rsp.exe: 00002ED4: 14:26:33 [127.0.0.1]:EUniSessionException : Invalid session or session Timeout. (Session not found: UuETg3uoeU10BCEA7BB ) : Addr: $0082D9FE
syg_rsp.exe: 000041C4: 14:29:52 [TUniServerModule]:Shutting Down Server.
syg_rsp.exe: 000041C4: 14:29:52 [TUniServerModule]:Stopping HTTP Server.
syg_rsp.exe: 000041C4: 14:29:53 [TUniServerModule]:HTTP Server Stopped.
syg_rsp.exe: 000041C4: 14:29:53 [TUniGUISessionManager]:Terminating Session manager.
syg_rsp.exe: 000041C4: 14:29:53 [TUniGUISessionManager]:Stopping Cache Eraser...
syg_rsp.exe: 000041C4: 14:29:53 [TUniGUISessionManager]:Cache Eraser Stopped.
syg_rsp.exe: 000041C4: 14:29:53 [TUniGUISessionManager]:Destroying Worker Threads.
syg_rsp.exe: 000041C4: 14:29:53 [TUniGUISessionManager]:Session manager terminated.
syg_rsp.exe: 000041C4: 14:29:53 [TUniServerModule]:Server Shutdown Completed.
syg_rsp.exe: 000041C4: 14:29:53 []:<-------------------------------------------------------------->
syg_rsp.exe: 000041C4: 14:29:53 [Terminated]:Exit Code: 0
syg_rsp.exe: 00003F34: 14:29:55 []:>--------------------------------------------------------------<
syg_rsp.exe: 00003F34: 14:29:55 [TUniServerModule]:Server First Init.
syg_rsp.exe: 00003F34: 14:29:56 [TUniServerModule]:Starting HTTP Server on Port: 8077...
syg_rsp.exe: 00003F34: 14:29:56 [TUniServerModule]:HTTP Server Started on Port: 8077
syg_rsp.exe: 00004298: 14:29:57 [127.0.0.1]:EUniSessionException : Invalid session or session Timeout. (Session not found: t2yEabVHeA10BCEA853 ) : Addr: $0082D9FE
syg_rsp.exe: 0000423C: 14:29:57 [127.0.0.1]:EUniSessionException : Invalid session or session Timeout. (Session not found: t2yEabVHeA10BCEA853 ) : Addr: $0082D9FE
syg_rsp.exe: 00004680: 14:45:07 [127.0.0.1]:EUniSessionException : Invalid session or session Timeout. (Session not found: MGgiOiZsto10BCEA93D ) : Addr: $0082D9FE
syg_rsp.exe: 000039A8: 14:49:06 [127.0.0.1]:EUniSessionException : Invalid session or session Timeout. (Session not found: 5sKREBywwV10BCE5049 ) : Addr: $0082D9FE
syg_rsp.exe: 000039A8: 14:49:06 [127.0.0.1]:EUniSessionException : Invalid session or session Timeout. (Session not found: 5sKREBywwV10BCE5049 ) : Addr: $0082D9FE
syg_rsp.exe: 00000AE8: 15:28:47 [127.0.0.1]:EUniSessionException : Invalid session or session Timeout. (Session not found: 8LXxhW8yiW10BCEAD5D ) : Addr: $0082D9FE
syg_rsp.exe: 00000774: 16:09:22 [127.0.0.1]:EUniSessionException : Invalid session or session Timeout. (Session not found: kWO1gIjW2310BCEB936 ) : Addr: $0082D9FE
syg_rsp.exe: 000003C8: 16:09:22 [127.0.0.1]:EUniSessionException : Invalid session or session Timeout. (Session not found: kWO1gIjW2310BCEB936 ) : Addr: $0082D9FE
syg_rsp.exe: 00004878: 16:23:45 [127.0.0.1]:EUniSessionException : Invalid session or session Timeout. (Session not found: FrzzGkj8C510BCEC435 ) : Addr: $0082D9FE
syg_rsp.exe: 00004238: 16:23:45 [127.0.0.1]:EUniSessionException : Invalid session or session Timeout. (Session not found: FrzzGkj8C510BCEC435 ) : Addr: $0082D9FE
syg_rsp.exe: 00003F34: 17:09:14 [TUniServerModule]:Shutting Down Server.
syg_rsp.exe: 00003F34: 17:09:14 [TUniServerModule]:Stopping HTTP Server.
syg_rsp.exe: 00003F34: 17:09:15 [TUniServerModule]:HTTP Server Stopped.
syg_rsp.exe: 00003F34: 17:09:15 [TUniGUISessionManager]:Terminating Session manager.
syg_rsp.exe: 00003F34: 17:09:15 [TUniGUISessionManager]:Stopping Cache Eraser...
syg_rsp.exe: 00003F34: 17:09:15 [TUniGUISessionManager]:Cache Eraser Stopped.
syg_rsp.exe: 00003F34: 17:09:15 [TUniGUISessionManager]:Destroying Worker Threads.
syg_rsp.exe: 00003F34: 17:09:15 [TUniGUISessionManager]:Session manager terminated.
syg_rsp.exe: 00003F34: 17:09:15 [TUniServerModule]:Server Shutdown Completed.
syg_rsp.exe: 00003F34: 17:09:15 []:<-------------------------------------------------------------->
syg_rsp.exe: 00003F34: 17:09:15 [Terminated]:Exit Code: 0
syg_rsp.exe: 00003958: 17:09:20 []:>--------------------------------------------------------------<
syg_rsp.exe: 00003958: 17:09:20 [TUniServerModule]:Server First Init.
syg_rsp.exe: 00003958: 17:09:20 [TUniServerModule]:Starting HTTP Server on Port: 8077...
syg_rsp.exe: 00003958: 17:09:20 [TUniServerModule]:HTTP Server Started on Port: 8077
syg_rsp.exe: 00004A5C: 17:09:28 [127.0.0.1]:EUniSessionException : Invalid session or session Timeout. (Session not found: oi3h8sT8QV10BCEC81D ) : Addr: $0082D9FE
syg_rsp.exe: 00002378: 17:09:28 [127.0.0.1]:EUniSessionException : Invalid session or session Timeout. (Session not found: oi3h8sT8QV10BCEC81D ) : Addr: $0082D9FE
syg_rsp.exe: 00002378: 17:09:32 [127.0.0.1]:EDatabaseError : DQ_Grid_Reglement: Champ 'rapport_control' non trouvé : Addr: $006BC9C2
syg_rsp.exe: 00002378: 17:10:28 [127.0.0.1]:EDatabaseError : DQ_Grid_Reglement: Champ 'rapport_control' non trouvé : Addr: $006BC9C2
syg_rsp.exe: 00002378: 17:11:03 [127.0.0.1]:EDatabaseError : DQ_Grid_Reglement: Champ 'rapport_control' non trouvé : Addr: $006BC9C2
syg_rsp.exe: 00003958: 17:18:38 [TUniServerModule]:Shutting Down Server.
syg_rsp.exe: 00003958: 17:18:38 [TUniServerModule]:Stopping HTTP Server.
syg_rsp.exe: 00003958: 17:18:38 [TUniServerModule]:HTTP Server Stopped.
syg_rsp.exe: 00003958: 17:18:38 [TUniGUISessionManager]:Terminating Session manager.
syg_rsp.exe: 00003958: 17:18:38 [TUniGUISessionManager]:Stopping Cache Eraser...
syg_rsp.exe: 00003958: 17:18:38 [TUniGUISessionManager]:Cache Eraser Stopped.
syg_rsp.exe: 00003958: 17:18:38 [TUniGUISessionManager]:Destroying Worker Threads.
syg_rsp.exe: 00003958: 17:18:38 [TUniGUISessionManager]:Session manager terminated.
syg_rsp.exe: 00003958: 17:18:39 [TUniServerModule]:Server Shutdown Completed.
syg_rsp.exe: 00003958: 17:18:39 []:<-------------------------------------------------------------->
syg_rsp.exe: 00003958: 17:18:39 [Terminated]:Exit Code: 0
syg_rsp.exe: 00004224: 17:18:42 []:>--------------------------------------------------------------<
syg_rsp.exe: 00004224: 17:18:42 [TUniServerModule]:Server First Init.
syg_rsp.exe: 00004224: 17:18:42 [TUniServerModule]:Starting HTTP Server on Port: 8077...
syg_rsp.exe: 00004224: 17:18:42 [TUniServerModule]:HTTP Server Started on Port: 8077
syg_rsp.exe: 000049EC: 17:18:45 [127.0.0.1]:EUniSessionException : Invalid session or session Timeout. (Session not found: bESdktmfFU10BCED483 ) : Addr: $0082D9FE
syg_rsp.exe: 000049D4: 17:18:45 [127.0.0.1]:EUniSessionException : Invalid session or session Timeout. (Session not found: bESdktmfFU10BCED483 ) : Addr: $0082D9FE
syg_rsp.exe: 00004224: 17:23:00 [TUniServerModule]:Shutting Down Server.
syg_rsp.exe: 00004224: 17:23:00 [TUniServerModule]:Stopping HTTP Server.
syg_rsp.exe: 00004224: 17:23:01 [TUniServerModule]:HTTP Server Stopped.
syg_rsp.exe: 00004224: 17:23:01 [TUniGUISessionManager]:Terminating Session manager.
syg_rsp.exe: 00004224: 17:23:01 [TUniGUISessionManager]:Stopping Cache Eraser...
syg_rsp.exe: 00004224: 17:23:01 [TUniGUISessionManager]:Cache Eraser Stopped.
syg_rsp.exe: 00004224: 17:23:01 [TUniGUISessionManager]:Destroying Worker Threads.
syg_rsp.exe: 00004224: 17:23:01 [TUniGUISessionManager]:Session manager terminated.
syg_rsp.exe: 00004224: 17:23:01 [TUniServerModule]:Server Shutdown Completed.
syg_rsp.exe: 00004224: 17:23:01 []:<-------------------------------------------------------------->
syg_rsp.exe: 00004224: 17:23:01 [Terminated]:Exit Code: 0
syg_rsp.exe: 0000443C: 17:23:07 []:>--------------------------------------------------------------<
syg_rsp.exe: 0000443C: 17:23:07 [TUniServerModule]:Server First Init.
syg_rsp.exe: 0000443C: 17:23:07 [TUniServerModule]:Starting HTTP Server on Port: 8077...
syg_rsp.exe: 0000443C: 17:23:07 [TUniServerModule]:HTTP Server Started on Port: 8077
syg_rsp.exe: 00001D58: 17:23:07 [127.0.0.1]:EUniSessionException : Invalid session or session Timeout. (Session not found: AuEPtMxCg710BCED708 ) : Addr: $0082D9FE
syg_rsp.exe: 000042A4: 17:23:07 [127.0.0.1]:EUniSessionException : Invalid session or session Timeout. (Session not found: AuEPtMxCg710BCED708 ) : Addr: $0082D9FE
syg_rsp.exe: 0000443C: 17:33:26 [TUniServerModule]:Shutting Down Server.
syg_rsp.exe: 0000443C: 17:33:26 [TUniServerModule]:Stopping HTTP Server.
syg_rsp.exe: 0000443C: 17:33:27 [TUniServerModule]:HTTP Server Stopped.
syg_rsp.exe: 0000443C: 17:33:27 [TUniGUISessionManager]:Terminating Session manager.
syg_rsp.exe: 0000443C: 17:33:27 [TUniGUISessionManager]:Stopping Cache Eraser...
syg_rsp.exe: 0000443C: 17:33:27 [TUniGUISessionManager]:Cache Eraser Stopped.
syg_rsp.exe: 0000443C: 17:33:27 [TUniGUISessionManager]:Destroying Worker Threads.
syg_rsp.exe: 0000443C: 17:33:27 [TUniGUISessionManager]:Session manager terminated.
syg_rsp.exe: 0000443C: 17:33:27 [TUniServerModule]:Server Shutdown Completed.
syg_rsp.exe: 0000443C: 17:33:27 []:<-------------------------------------------------------------->
syg_rsp.exe: 0000443C: 17:33:27 [Terminated]:Exit Code: 0
syg_rsp.exe: 00002B14: 17:33:30 []:>--------------------------------------------------------------<
syg_rsp.exe: 00002B14: 17:33:30 [TUniServerModule]:Server First Init.
syg_rsp.exe: 00002B14: 17:33:30 [TUniServerModule]:Starting HTTP Server on Port: 8077...
syg_rsp.exe: 00002B14: 17:33:30 [TUniServerModule]:HTTP Server Started on Port: 8077
syg_rsp.exe: 00002E34: 17:33:32 [127.0.0.1]:EUniSessionException : Invalid session or session Timeout. (Session not found: uHoQ5gVqdF10BCED838 ) : Addr: $0082D9FE
syg_rsp.exe: 00003830: 17:33:32 [127.0.0.1]:EUniSessionException : Invalid session or session Timeout. (Session not found: uHoQ5gVqdF10BCED838 ) : Addr: $0082D9FE
syg_rsp.exe: 00002B14: 17:35:17 [TUniServerModule]:Shutting Down Server.
syg_rsp.exe: 00002B14: 17:35:17 [TUniServerModule]:Stopping HTTP Server.
syg_rsp.exe: 00002B14: 17:35:18 [TUniServerModule]:HTTP Server Stopped.
syg_rsp.exe: 00002B14: 17:35:18 [TUniGUISessionManager]:Terminating Session manager.
syg_rsp.exe: 00002B14: 17:35:19 [TUniGUISessionManager]:Stopping Cache Eraser...
syg_rsp.exe: 00002B14: 17:35:19 [TUniGUISessionManager]:Cache Eraser Stopped.
syg_rsp.exe: 00002B14: 17:35:19 [TUniGUISessionManager]:Destroying Worker Threads.
syg_rsp.exe: 00002B14: 17:35:19 [TUniGUISessionManager]:Session manager terminated.
syg_rsp.exe: 00002B14: 17:35:19 [TUniServerModule]:Server Shutdown Completed.
syg_rsp.exe: 00002B14: 17:35:19 []:<-------------------------------------------------------------->
syg_rsp.exe: 00002B14: 17:35:19 [Terminated]:Exit Code: 0
syg_rsp.exe: 00003AC0: 17:35:29 []:>--------------------------------------------------------------<
syg_rsp.exe: 00003AC0: 17:35:29 [TUniServerModule]:Server First Init.
syg_rsp.exe: 00003AC0: 17:35:29 [TUniServerModule]:Starting HTTP Server on Port: 8077...
syg_rsp.exe: 00003AC0: 17:35:29 [TUniServerModule]:HTTP Server Started on Port: 8077
syg_rsp.exe: 00002200: 17:35:30 [127.0.0.1]:EUniSessionException : Invalid session or session Timeout. (Session not found: 6gCPu3XU9Y10BCEDB0B ) : Addr: $0082D9FE
syg_rsp.exe: 00002200: 17:35:30 [127.0.0.1]:EUniSessionException : Invalid session or session Timeout. (Session not found: 6gCPu3XU9Y10BCEDB0B ) : Addr: $0082D9FE
syg_rsp.exe: 00003AC0: 17:36:36 [TUniServerModule]:Shutting Down Server.
syg_rsp.exe: 00003AC0: 17:36:36 [TUniServerModule]:Stopping HTTP Server.
syg_rsp.exe: 00003AC0: 17:36:37 [TUniServerModule]:HTTP Server Stopped.
syg_rsp.exe: 00003AC0: 17:36:37 [TUniGUISessionManager]:Terminating Session manager.
syg_rsp.exe: 00003AC0: 17:36:37 [TUniGUISessionManager]:Stopping Cache Eraser...
syg_rsp.exe: 00003AC0: 17:36:37 [TUniGUISessionManager]:Cache Eraser Stopped.
syg_rsp.exe: 00003AC0: 17:36:37 [TUniGUISessionManager]:Destroying Worker Threads.
syg_rsp.exe: 00003AC0: 17:36:37 [TUniGUISessionManager]:Session manager terminated.
syg_rsp.exe: 00003AC0: 17:36:37 [TUniServerModule]:Server Shutdown Completed.
syg_rsp.exe: 00003AC0: 17:36:37 []:<-------------------------------------------------------------->
syg_rsp.exe: 00003AC0: 17:36:37 [Terminated]:Exit Code: 0
syg_rsp.exe: 000032C4: 17:36:54 []:>--------------------------------------------------------------<
syg_rsp.exe: 000032C4: 17:36:54 [TUniServerModule]:Server First Init.
syg_rsp.exe: 000032C4: 17:36:54 [TUniServerModule]:Starting HTTP Server on Port: 8077...
syg_rsp.exe: 000032C4: 17:36:54 [TUniServerModule]:HTTP Server Started on Port: 8077
syg_rsp.exe: 0000464C: 17:36:55 [127.0.0.1]:EUniSessionException : Invalid session or session Timeout. (Session not found: dJtoRpzLPl10BCEDB92 ) : Addr: $0082D9FE
syg_rsp.exe: 00003E40: 17:36:55 [127.0.0.1]:EUniSessionException : Invalid session or session Timeout. (Session not found: dJtoRpzLPl10BCEDB92 ) : Addr: $0082D9FE
syg_rsp.exe: 000032C4: 17:53:10 [TUniServerModule]:Shutting Down Server.
syg_rsp.exe: 000032C4: 17:53:10 [TUniServerModule]:Stopping HTTP Server.
syg_rsp.exe: 000032C4: 17:53:11 [TUniServerModule]:HTTP Server Stopped.
syg_rsp.exe: 000032C4: 17:53:11 [TUniGUISessionManager]:Terminating Session manager.
syg_rsp.exe: 000032C4: 17:53:11 [TUniGUISessionManager]:Stopping Cache Eraser...
syg_rsp.exe: 000032C4: 17:53:11 [TUniGUISessionManager]:Cache Eraser Stopped.
syg_rsp.exe: 000032C4: 17:53:11 [TUniGUISessionManager]:Destroying Worker Threads.
syg_rsp.exe: 000032C4: 17:53:11 [TUniGUISessionManager]:Session manager terminated.
syg_rsp.exe: 000032C4: 17:53:11 [TUniServerModule]:Server Shutdown Completed.
syg_rsp.exe: 000032C4: 17:53:11 []:<-------------------------------------------------------------->
syg_rsp.exe: 000032C4: 17:53:11 [Terminated]:Exit Code: 0
syg_rsp.exe: 000040B0: 17:53:19 []:>--------------------------------------------------------------<
syg_rsp.exe: 000040B0: 17:53:19 [TUniServerModule]:Server First Init.
syg_rsp.exe: 000040B0: 17:53:19 [TUniServerModule]:Starting HTTP Server on Port: 8077...
syg_rsp.exe: 000040B0: 17:53:19 [TUniServerModule]:HTTP Server Started on Port: 8077
syg_rsp.exe: 00004934: 17:53:20 [127.0.0.1]:EUniSessionException : Invalid session or session Timeout. (Session not found: JZlnhDNQ1c10BCEDBF6 ) : Addr: $0082D9FE
syg_rsp.exe: 000032A8: 17:53:20 [127.0.0.1]:EUniSessionException : Invalid session or session Timeout. (Session not found: JZlnhDNQ1c10BCEDBF6 ) : Addr: $0082D9FE
