syg_rsp.exe: 00002F78: 07:36:26 []:>--------------------------------------------------------------<
syg_rsp.exe: 00002F78: 07:36:26 [TUniServerModule]:Server First Init.
syg_rsp.exe: 00002F78: 07:36:26 [TUniServerModule]:Starting HTTP Server on Port: 8077...
syg_rsp.exe: 00002F78: 07:36:26 [TUniServerModule]:HTTP Server Started on Port: 8077
syg_rsp.exe: 00002F78: 07:39:43 [TUniServerModule]:Shutting Down Server.
syg_rsp.exe: 00002F78: 07:39:43 [TUniServerModule]:Stopping HTTP Server.
syg_rsp.exe: 00002F78: 07:39:44 [TUniServerModule]:HTTP Server Stopped.
syg_rsp.exe: 00002F78: 07:39:44 [TUniGUISessionManager]:Terminating Session manager.
syg_rsp.exe: 00002F78: 07:39:44 [TUniGUISessionManager]:Stopping Cache Eraser...
syg_rsp.exe: 00002F78: 07:39:44 [TUniGUISessionManager]:Cache Eraser Stopped.
syg_rsp.exe: 00002F78: 07:39:44 [TUniGUISessionManager]:Destroying Worker Threads.
syg_rsp.exe: 00002F78: 07:39:44 [TUniGUISessionManager]:Session manager terminated.
syg_rsp.exe: 00002F78: 07:39:44 [TUniServerModule]:Server Shutdown Completed.
syg_rsp.exe: 00002F78: 07:39:44 []:<-------------------------------------------------------------->
syg_rsp.exe: 00002F78: 07:39:44 [Terminated]:Exit Code: 0
syg_rsp.exe: 00000984: 07:39:50 []:>--------------------------------------------------------------<
syg_rsp.exe: 00000984: 07:39:50 [TUniServerModule]:Server First Init.
syg_rsp.exe: 00000984: 07:39:50 [TUniServerModule]:Starting HTTP Server on Port: 8077...
syg_rsp.exe: 00000984: 07:39:50 [TUniServerModule]:HTTP Server Started on Port: 8077
syg_rsp.exe: 000004B4: 07:39:53 [127.0.0.1]:EUniSessionException : Invalid session or session Timeout. (Session not found: qaOHVH7XmY10B2AF435 ) : Addr: $00804502
syg_rsp.exe: 000004B4: 07:40:22 [127.0.0.1]:EUniSessionException : Invalid session or session Timeout. (Session not found: I5fm4Kmkce10B27FECC ) : Addr: $00804502
syg_rsp.exe: 00000984: 07:42:53 [TUniServerModule]:Shutting Down Server.
syg_rsp.exe: 00000984: 07:42:53 [TUniServerModule]:Stopping HTTP Server.
syg_rsp.exe: 00000984: 07:42:54 [TUniServerModule]:HTTP Server Stopped.
syg_rsp.exe: 00000984: 07:42:54 [TUniGUISessionManager]:Terminating Session manager.
syg_rsp.exe: 00000984: 07:42:54 [TUniGUISessionManager]:Stopping Cache Eraser...
syg_rsp.exe: 00000984: 07:42:54 [TUniGUISessionManager]:Cache Eraser Stopped.
syg_rsp.exe: 00000984: 07:42:54 [TUniGUISessionManager]:Destroying Worker Threads.
syg_rsp.exe: 00000984: 07:42:54 [TUniGUISessionManager]:Session manager terminated.
syg_rsp.exe: 00000984: 07:42:54 [TUniServerModule]:Server Shutdown Completed.
syg_rsp.exe: 00000984: 07:42:54 []:<-------------------------------------------------------------->
syg_rsp.exe: 00000984: 07:42:54 [Terminated]:Exit Code: 0
syg_rsp.exe: 00003914: 07:43:00 []:>--------------------------------------------------------------<
syg_rsp.exe: 00003914: 07:43:00 [TUniServerModule]:Server First Init.
syg_rsp.exe: 00003914: 07:43:00 [TUniServerModule]:Starting HTTP Server on Port: 8077...
syg_rsp.exe: 00003914: 07:43:00 [TUniServerModule]:HTTP Server Started on Port: 8077
syg_rsp.exe: 000022C4: 07:43:03 [127.0.0.1]:EUniSessionException : Invalid session or session Timeout. (Session not found: glEdQNM7qP10B2AF521 ) : Addr: $00804502
syg_rsp.exe: 00003914: 07:46:05 [TUniServerModule]:Shutting Down Server.
syg_rsp.exe: 00003914: 07:46:05 [TUniServerModule]:Stopping HTTP Server.
syg_rsp.exe: 00003914: 07:46:06 [TUniServerModule]:HTTP Server Stopped.
syg_rsp.exe: 00003914: 07:46:06 [TUniGUISessionManager]:Terminating Session manager.
syg_rsp.exe: 00003914: 07:46:06 [TUniGUISessionManager]:Stopping Cache Eraser...
syg_rsp.exe: 00003914: 07:46:06 [TUniGUISessionManager]:Cache Eraser Stopped.
syg_rsp.exe: 00003914: 07:46:06 [TUniGUISessionManager]:Destroying Worker Threads.
syg_rsp.exe: 00003914: 07:46:06 [TUniGUISessionManager]:Session manager terminated.
syg_rsp.exe: 00003914: 07:46:07 [TUniServerModule]:Server Shutdown Completed.
syg_rsp.exe: 00003914: 07:46:07 []:<-------------------------------------------------------------->
syg_rsp.exe: 00003914: 07:46:07 [Terminated]:Exit Code: 0
syg_rsp.exe: 00003408: 07:46:08 []:>--------------------------------------------------------------<
syg_rsp.exe: 00003408: 07:46:08 [TUniServerModule]:Server First Init.
syg_rsp.exe: 00003408: 07:46:08 [TUniServerModule]:Starting HTTP Server on Port: 8077...
syg_rsp.exe: 00003408: 07:46:08 [TUniServerModule]:HTTP Server Started on Port: 8077
syg_rsp.exe: 000047CC: 07:46:11 [127.0.0.1]:EUniSessionException : Invalid session or session Timeout. (Session not found: FEWNkDLLrU10B2AF5FC ) : Addr: $00804502
syg_rsp.exe: 00003408: 07:56:41 [TUniServerModule]:Shutting Down Server.
syg_rsp.exe: 00003408: 07:56:41 [TUniServerModule]:Stopping HTTP Server.
syg_rsp.exe: 00003408: 07:56:42 [TUniServerModule]:HTTP Server Stopped.
syg_rsp.exe: 00003408: 07:56:42 [TUniGUISessionManager]:Terminating Session manager.
syg_rsp.exe: 00003408: 07:56:42 [TUniGUISessionManager]:Stopping Cache Eraser...
syg_rsp.exe: 00003408: 07:56:42 [TUniGUISessionManager]:Cache Eraser Stopped.
syg_rsp.exe: 00003408: 07:56:42 [TUniGUISessionManager]:Destroying Worker Threads.
syg_rsp.exe: 00003408: 07:56:42 [TUniGUISessionManager]:Session manager terminated.
syg_rsp.exe: 00003408: 07:56:42 [TUniServerModule]:Server Shutdown Completed.
syg_rsp.exe: 00003408: 07:56:42 []:<-------------------------------------------------------------->
syg_rsp.exe: 00003408: 07:56:42 [Terminated]:Exit Code: 0
syg_rsp.exe: 0000360C: 07:57:22 []:>--------------------------------------------------------------<
syg_rsp.exe: 0000360C: 07:57:22 [TUniServerModule]:Server First Init.
syg_rsp.exe: 0000360C: 07:57:22 [TUniServerModule]:Starting HTTP Server on Port: 8077...
syg_rsp.exe: 0000360C: 07:57:22 [TUniServerModule]:HTTP Server Started on Port: 8077
syg_rsp.exe: 0000225C: 07:57:25 [127.0.0.1]:EUniSessionException : Invalid session or session Timeout. (Session not found: yffKMXvCDp10B2AF6D6 ) : Addr: $00804502
syg_rsp.exe: 0000360C: 08:05:07 [TUniServerModule]:Shutting Down Server.
syg_rsp.exe: 0000360C: 08:05:07 [TUniServerModule]:Stopping HTTP Server.
syg_rsp.exe: 0000360C: 08:05:08 [TUniServerModule]:HTTP Server Stopped.
syg_rsp.exe: 0000360C: 08:05:08 [TUniGUISessionManager]:Terminating Session manager.
syg_rsp.exe: 0000360C: 08:05:08 [TUniGUISessionManager]:Stopping Cache Eraser...
syg_rsp.exe: 0000360C: 08:05:08 [TUniGUISessionManager]:Cache Eraser Stopped.
syg_rsp.exe: 0000360C: 08:05:08 [TUniGUISessionManager]:Destroying Worker Threads.
syg_rsp.exe: 0000360C: 08:05:08 [TUniGUISessionManager]:Session manager terminated.
syg_rsp.exe: 0000360C: 08:05:08 [TUniServerModule]:Server Shutdown Completed.
syg_rsp.exe: 0000360C: 08:05:08 []:<-------------------------------------------------------------->
syg_rsp.exe: 0000360C: 08:05:08 [Terminated]:Exit Code: 0
syg_rsp.exe: 00004294: 08:30:47 []:>--------------------------------------------------------------<
syg_rsp.exe: 00004294: 08:30:47 [TUniServerModule]:Server First Init.
syg_rsp.exe: 00004294: 08:30:47 [TUniServerModule]:Starting HTTP Server on Port: 8077...
syg_rsp.exe: 00004294: 08:30:47 [TUniServerModule]:HTTP Server Started on Port: 8077
syg_rsp.exe: 00004294: 09:02:19 [TUniServerModule]:Shutting Down Server.
syg_rsp.exe: 00004294: 09:02:19 [TUniServerModule]:Stopping HTTP Server.
syg_rsp.exe: 00004294: 09:02:19 [TUniServerModule]:HTTP Server Stopped.
syg_rsp.exe: 00004294: 09:02:19 [TUniGUISessionManager]:Terminating Session manager.
syg_rsp.exe: 00004294: 09:02:19 [TUniGUISessionManager]:Stopping Cache Eraser...
syg_rsp.exe: 00004294: 09:02:19 [TUniGUISessionManager]:Cache Eraser Stopped.
syg_rsp.exe: 00004294: 09:02:19 [TUniGUISessionManager]:Destroying Worker Threads.
syg_rsp.exe: 00004294: 09:02:19 [TUniGUISessionManager]:Session manager terminated.
syg_rsp.exe: 00004294: 09:02:19 [TUniServerModule]:Server Shutdown Completed.
syg_rsp.exe: 00004294: 09:02:19 []:<-------------------------------------------------------------->
syg_rsp.exe: 00004294: 09:02:19 [Terminated]:Exit Code: 0
syg_rsp.exe: 00002904: 09:02:22 []:>--------------------------------------------------------------<
syg_rsp.exe: 00002904: 09:02:22 [TUniServerModule]:Server First Init.
syg_rsp.exe: 00002904: 09:02:22 [TUniServerModule]:Starting HTTP Server on Port: 8077...
syg_rsp.exe: 00002904: 09:02:22 [TUniServerModule]:HTTP Server Started on Port: 8077
syg_rsp.exe: 00002904: 09:02:32 [TUniServerModule]:Shutting Down Server.
syg_rsp.exe: 00002904: 09:02:32 [TUniServerModule]:Stopping HTTP Server.
syg_rsp.exe: 00002904: 09:02:32 [TUniServerModule]:HTTP Server Stopped.
syg_rsp.exe: 00002904: 09:02:32 [TUniGUISessionManager]:Terminating Session manager.
syg_rsp.exe: 00002904: 09:02:32 [TUniGUISessionManager]:Stopping Cache Eraser...
syg_rsp.exe: 00002904: 09:02:32 [TUniGUISessionManager]:Cache Eraser Stopped.
syg_rsp.exe: 00002904: 09:02:32 [TUniGUISessionManager]:Destroying Worker Threads.
syg_rsp.exe: 00002904: 09:02:32 [TUniGUISessionManager]:Session manager terminated.
syg_rsp.exe: 00002904: 09:02:32 [TUniServerModule]:Server Shutdown Completed.
syg_rsp.exe: 00002904: 09:02:32 []:<-------------------------------------------------------------->
syg_rsp.exe: 00002904: 09:02:32 [Terminated]:Exit Code: 0
syg_rsp.exe: 00003928: 09:02:34 []:>--------------------------------------------------------------<
syg_rsp.exe: 00003928: 09:02:34 [TUniServerModule]:Server First Init.
syg_rsp.exe: 00003928: 09:02:34 [TUniServerModule]:Starting HTTP Server on Port: 8077...
syg_rsp.exe: 00003928: 09:02:34 [TUniServerModule]:HTTP Server Started on Port: 8077
syg_rsp.exe: 00000260: 09:02:35 []:>--------------------------------------------------------------<
syg_rsp.exe: 00000260: 09:02:35 [TUniServerModule]:Server First Init.
syg_rsp.exe: 00000260: 09:02:35 [TUniServerModule]:Global Cache Folder Erased. <1> Files deleted.
syg_rsp.exe: 00000260: 09:02:35 [TUniServerModule]:Starting HTTP Server on Port: 8077...
syg_rsp.exe: 00000260: 09:02:35 [InitWebServer]:EIdCouldNotBindSocket : Could not bind socket. : Addr: $006FC85F
syg_rsp.exe: 00003928: 09:12:49 [TUniServerModule]:Shutting Down Server.
syg_rsp.exe: 00003928: 09:12:49 [TUniServerModule]:Stopping HTTP Server.
syg_rsp.exe: 00003928: 09:12:49 [TUniServerModule]:HTTP Server Stopped.
syg_rsp.exe: 00003928: 09:12:49 [TUniGUISessionManager]:Terminating Session manager.
syg_rsp.exe: 00003928: 09:12:50 [TUniGUISessionManager]:Stopping Cache Eraser...
syg_rsp.exe: 00003928: 09:12:50 [TUniGUISessionManager]:Cache Eraser Stopped.
syg_rsp.exe: 00003928: 09:12:50 [TUniGUISessionManager]:Destroying Worker Threads.
syg_rsp.exe: 00003928: 09:12:50 [TUniGUISessionManager]:Session manager terminated.
syg_rsp.exe: 00003928: 09:12:50 [TUniServerModule]:Server Shutdown Completed.
syg_rsp.exe: 00003928: 09:12:50 []:<-------------------------------------------------------------->
syg_rsp.exe: 00003928: 09:12:50 [Terminated]:Exit Code: 0
syg_rsp.exe: 00000260: 09:12:51 [TUniServerModule]:Shutting Down Server.
syg_rsp.exe: 00000260: 09:12:51 [TUniServerModule]:Stopping HTTP Server.
syg_rsp.exe: 00000260: 09:12:52 [TUniServerModule]:HTTP Server Stopped.
syg_rsp.exe: 00000260: 09:12:52 [TUniGUISessionManager]:Terminating Session manager.
syg_rsp.exe: 00000260: 09:12:52 [TUniGUISessionManager]:Stopping Cache Eraser...
syg_rsp.exe: 00000260: 09:12:52 [TUniGUISessionManager]:Cache Eraser Stopped.
syg_rsp.exe: 00000260: 09:12:52 [TUniGUISessionManager]:Destroying Worker Threads.
syg_rsp.exe: 00000260: 09:12:52 [TUniGUISessionManager]:Session manager terminated.
syg_rsp.exe: 00000260: 09:12:52 [TUniServerModule]:Server Shutdown Completed.
syg_rsp.exe: 00000260: 09:12:52 []:<-------------------------------------------------------------->
syg_rsp.exe: 00000260: 09:12:52 [Terminated]:Exit Code: 0
syg_rsp.exe: 00003910: 09:14:38 []:>--------------------------------------------------------------<
syg_rsp.exe: 00003910: 09:14:38 [TUniServerModule]:Server First Init.
syg_rsp.exe: 00003910: 09:14:38 [TUniServerModule]:Starting HTTP Server on Port: 8077...
syg_rsp.exe: 00003910: 09:14:38 [TUniServerModule]:HTTP Server Started on Port: 8077
syg_rsp.exe: 00003FF8: 09:14:50 [127.0.0.1]:EUniSessionException : Invalid session or session Timeout. (Session not found: i16rcuEY2V10B2B0B97 ) : Addr: $00804502
syg_rsp.exe: 00003910: 09:16:06 [TUniServerModule]:Shutting Down Server.
syg_rsp.exe: 00003910: 09:16:06 [TUniServerModule]:Stopping HTTP Server.
syg_rsp.exe: 00003910: 09:16:07 [TUniServerModule]:HTTP Server Stopped.
syg_rsp.exe: 00003910: 09:16:07 [TUniGUISessionManager]:Terminating Session manager.
syg_rsp.exe: 00003910: 09:16:07 [TUniGUISessionManager]:Stopping Cache Eraser...
syg_rsp.exe: 00003910: 09:16:07 [TUniGUISessionManager]:Cache Eraser Stopped.
syg_rsp.exe: 00003910: 09:16:07 [TUniGUISessionManager]:Destroying Worker Threads.
syg_rsp.exe: 00003910: 09:16:07 [TUniGUISessionManager]:Session manager terminated.
syg_rsp.exe: 00003910: 09:16:07 [TUniServerModule]:Server Shutdown Completed.
syg_rsp.exe: 00003910: 09:16:07 []:<-------------------------------------------------------------->
syg_rsp.exe: 00003910: 09:16:07 [Terminated]:Exit Code: 0
syg_rsp.exe: 00000510: 09:16:11 []:>--------------------------------------------------------------<
syg_rsp.exe: 00000510: 09:16:11 [TUniServerModule]:Server First Init.
syg_rsp.exe: 00000510: 09:16:11 [TUniServerModule]:Starting HTTP Server on Port: 8077...
syg_rsp.exe: 00000510: 09:16:11 [TUniServerModule]:HTTP Server Started on Port: 8077
syg_rsp.exe: 00002610: 09:16:19 [127.0.0.1]:EUniSessionException : Invalid session or session Timeout. (Session not found: CmnZ6s6EUh10B2B0EE2 ) : Addr: $00804502
syg_rsp.exe: 00000C0C: 09:16:52 [127.0.0.1]:EOleException : Objet Parameter défini de manière incorrecte. Des informations incohérentes ou incomplètes ont été fournies : Addr: $00815D33
syg_rsp.exe: 00000510: 09:17:28 [TUniServerModule]:Shutting Down Server.
syg_rsp.exe: 00000510: 09:17:28 [TUniServerModule]:Stopping HTTP Server.
syg_rsp.exe: 00000510: 09:17:29 [TUniServerModule]:HTTP Server Stopped.
syg_rsp.exe: 00000510: 09:17:29 [TUniGUISessionManager]:Terminating Session manager.
syg_rsp.exe: 00000510: 09:17:29 [TUniGUISessionManager]:Stopping Cache Eraser...
syg_rsp.exe: 00000510: 09:17:29 [TUniGUISessionManager]:Cache Eraser Stopped.
syg_rsp.exe: 00000510: 09:17:29 [TUniGUISessionManager]:Destroying Worker Threads.
syg_rsp.exe: 00000510: 09:17:29 [TUniGUISessionManager]:Session manager terminated.
syg_rsp.exe: 00000510: 09:17:29 [TUniServerModule]:Server Shutdown Completed.
syg_rsp.exe: 00000510: 09:17:29 []:<-------------------------------------------------------------->
syg_rsp.exe: 00000510: 09:17:29 [Terminated]:Exit Code: 0
syg_rsp.exe: 00003780: 09:17:32 []:>--------------------------------------------------------------<
syg_rsp.exe: 00003780: 09:17:32 [TUniServerModule]:Server First Init.
syg_rsp.exe: 00003780: 09:17:32 [TUniServerModule]:Starting HTTP Server on Port: 8077...
syg_rsp.exe: 00003780: 09:17:32 [TUniServerModule]:HTTP Server Started on Port: 8077
syg_rsp.exe: 0000113C: 09:17:39 [127.0.0.1]:EUniSessionException : Invalid session or session Timeout. (Session not found: 35tG6dRVAC10B2B0F49 ) : Addr: $00804502
syg_rsp.exe: 00003780: 09:18:32 [TUniServerModule]:Shutting Down Server.
syg_rsp.exe: 00003780: 09:18:32 [TUniServerModule]:Stopping HTTP Server.
syg_rsp.exe: 00003780: 09:18:33 [TUniServerModule]:HTTP Server Stopped.
syg_rsp.exe: 00003780: 09:18:33 [TUniGUISessionManager]:Terminating Session manager.
syg_rsp.exe: 00003780: 09:18:33 [TUniGUISessionManager]:Stopping Cache Eraser...
syg_rsp.exe: 00003780: 09:18:33 [TUniGUISessionManager]:Cache Eraser Stopped.
syg_rsp.exe: 00003780: 09:18:33 [TUniGUISessionManager]:Destroying Worker Threads.
syg_rsp.exe: 00003780: 09:18:33 [TUniGUISessionManager]:Session manager terminated.
syg_rsp.exe: 00003780: 09:18:33 [TUniServerModule]:Server Shutdown Completed.
syg_rsp.exe: 00003780: 09:18:33 []:<-------------------------------------------------------------->
syg_rsp.exe: 00003780: 09:18:33 [Terminated]:Exit Code: 0
syg_rsp.exe: 00001248: 09:22:17 []:>--------------------------------------------------------------<
syg_rsp.exe: 00001248: 09:22:17 [TUniServerModule]:Server First Init.
syg_rsp.exe: 00001248: 09:22:17 [TUniServerModule]:Starting HTTP Server on Port: 8077...
syg_rsp.exe: 00001248: 09:22:17 [TUniServerModule]:HTTP Server Started on Port: 8077
syg_rsp.exe: 00001248: 09:35:38 [TUniServerModule]:Shutting Down Server.
syg_rsp.exe: 00001248: 09:35:38 [TUniServerModule]:Stopping HTTP Server.
syg_rsp.exe: 00001248: 09:35:38 [TUniServerModule]:HTTP Server Stopped.
syg_rsp.exe: 00001248: 09:35:38 [TUniGUISessionManager]:Terminating Session manager.
syg_rsp.exe: 00001248: 09:35:38 [TUniGUISessionManager]:Stopping Cache Eraser...
syg_rsp.exe: 00001248: 09:35:38 [TUniGUISessionManager]:Cache Eraser Stopped.
syg_rsp.exe: 00001248: 09:35:38 [TUniGUISessionManager]:Destroying Worker Threads.
syg_rsp.exe: 00001248: 09:35:38 [TUniGUISessionManager]:Session manager terminated.
syg_rsp.exe: 00001248: 09:35:38 [TUniServerModule]:Server Shutdown Completed.
syg_rsp.exe: 00001248: 09:35:38 []:<-------------------------------------------------------------->
syg_rsp.exe: 00001248: 09:35:39 [Terminated]:Exit Code: 0
syg_rsp.exe: 0000215C: 09:35:46 []:>--------------------------------------------------------------<
syg_rsp.exe: 0000215C: 09:35:46 [TUniServerModule]:Server First Init.
syg_rsp.exe: 0000215C: 09:35:46 [TUniServerModule]:Starting HTTP Server on Port: 8077...
syg_rsp.exe: 0000215C: 09:35:46 [TUniServerModule]:HTTP Server Started on Port: 8077
syg_rsp.exe: 00002EB0: 09:35:51 [127.0.0.1]:EUniSessionException : Invalid session or session Timeout. (Session not found: 9ZmsujX1Ks10B2B1102 ) : Addr: $00804502
syg_rsp.exe: 0000215C: 09:36:51 [TUniServerModule]:Shutting Down Server.
syg_rsp.exe: 0000215C: 09:36:51 [TUniServerModule]:Stopping HTTP Server.
syg_rsp.exe: 0000215C: 09:36:53 [TUniServerModule]:HTTP Server Stopped.
syg_rsp.exe: 0000215C: 09:36:53 [TUniGUISessionManager]:Terminating Session manager.
syg_rsp.exe: 0000215C: 09:36:53 [TUniGUISessionManager]:Stopping Cache Eraser...
syg_rsp.exe: 0000215C: 09:36:53 [TUniGUISessionManager]:Cache Eraser Stopped.
syg_rsp.exe: 0000215C: 09:36:53 [TUniGUISessionManager]:Destroying Worker Threads.
syg_rsp.exe: 0000215C: 09:36:53 [TUniGUISessionManager]:Session manager terminated.
syg_rsp.exe: 0000215C: 09:36:53 [TUniServerModule]:Server Shutdown Completed.
syg_rsp.exe: 0000215C: 09:36:53 []:<-------------------------------------------------------------->
syg_rsp.exe: 0000215C: 09:36:53 [Terminated]:Exit Code: 0
syg_rsp.exe: 000036AC: 09:36:55 []:>--------------------------------------------------------------<
syg_rsp.exe: 000036AC: 09:36:55 [TUniServerModule]:Server First Init.
syg_rsp.exe: 000036AC: 09:36:55 [TUniServerModule]:Starting HTTP Server on Port: 8077...
syg_rsp.exe: 000036AC: 09:36:55 [TUniServerModule]:HTTP Server Started on Port: 8077
syg_rsp.exe: 00000AC8: 09:36:57 [127.0.0.1]:EUniSessionException : Invalid session or session Timeout. (Session not found: AaeQhUhtGs10B2B1496 ) : Addr: $00804502
syg_rsp.exe: 000011A0: 09:37:07 [[MySQL][ODBC 8.0(a) Driver][mysqld-8.0.29]Incorrect parameter count in the call to native function 'DATEDIFF'-127.0.0.1]:EOleException : [MySQL][ODBC 8.0(a) Driver][mysqld-8.0.29]Incorrect parameter count in the call to native function 'DATEDIFF' : Addr: $00818C37
syg_rsp.exe: 000036AC: 09:39:49 [TUniServerModule]:Shutting Down Server.
syg_rsp.exe: 000036AC: 09:39:49 [TUniServerModule]:Stopping HTTP Server.
syg_rsp.exe: 000036AC: 09:39:50 [TUniServerModule]:HTTP Server Stopped.
syg_rsp.exe: 000036AC: 09:39:50 [TUniGUISessionManager]:Terminating Session manager.
syg_rsp.exe: 000036AC: 09:39:50 [TUniGUISessionManager]:Stopping Cache Eraser...
syg_rsp.exe: 000036AC: 09:39:50 [TUniGUISessionManager]:Cache Eraser Stopped.
syg_rsp.exe: 000036AC: 09:39:50 [TUniGUISessionManager]:Destroying Worker Threads.
syg_rsp.exe: 000036AC: 09:39:50 [TUniGUISessionManager]:Session manager terminated.
syg_rsp.exe: 000036AC: 09:39:50 [TUniServerModule]:Server Shutdown Completed.
syg_rsp.exe: 000036AC: 09:39:50 []:<-------------------------------------------------------------->
syg_rsp.exe: 000036AC: 09:39:50 [Terminated]:Exit Code: 0
syg_rsp.exe: 00003B68: 09:39:54 []:>--------------------------------------------------------------<
syg_rsp.exe: 00003B68: 09:39:54 [TUniServerModule]:Server First Init.
syg_rsp.exe: 00003B68: 09:39:54 [TUniServerModule]:Starting HTTP Server on Port: 8077...
syg_rsp.exe: 00003B68: 09:39:54 [TUniServerModule]:HTTP Server Started on Port: 8077
syg_rsp.exe: 00003D28: 09:40:10 [127.0.0.1]:EUniSessionException : Invalid session or session Timeout. (Session not found: 765HsirMZG10B2B14E2 ) : Addr: $00804502
syg_rsp.exe: 00003B68: 09:58:02 [TUniServerModule]:Shutting Down Server.
syg_rsp.exe: 00003B68: 09:58:02 [TUniServerModule]:Stopping HTTP Server.
syg_rsp.exe: 00003B68: 09:58:03 [TUniServerModule]:HTTP Server Stopped.
syg_rsp.exe: 00003B68: 09:58:03 [TUniGUISessionManager]:Terminating Session manager.
syg_rsp.exe: 00003B68: 09:58:03 [TUniGUISessionManager]:Stopping Cache Eraser...
syg_rsp.exe: 00003B68: 09:58:03 [TUniGUISessionManager]:Cache Eraser Stopped.
syg_rsp.exe: 00003B68: 09:58:03 [TUniGUISessionManager]:Destroying Worker Threads.
syg_rsp.exe: 00003B68: 09:58:03 [TUniGUISessionManager]:Session manager terminated.
syg_rsp.exe: 00003B68: 09:58:03 [TUniServerModule]:Server Shutdown Completed.
syg_rsp.exe: 00003B68: 09:58:03 []:<-------------------------------------------------------------->
syg_rsp.exe: 00003B68: 09:58:03 [Terminated]:Exit Code: 0
syg_rsp.exe: 000033E0: 09:58:06 []:>--------------------------------------------------------------<
syg_rsp.exe: 000033E0: 09:58:06 [TUniServerModule]:Server First Init.
syg_rsp.exe: 000033E0: 09:58:06 [TUniServerModule]:Starting HTTP Server on Port: 8077...
syg_rsp.exe: 000033E0: 09:58:06 [TUniServerModule]:HTTP Server Started on Port: 8077
syg_rsp.exe: 00002660: 10:00:10 [127.0.0.1]:EUniSessionException : Invalid session or session Timeout. (Session not found: TlEI6QS3Gr10B2B15C1 ) : Addr: $00804502
syg_rsp.exe: 000033E0: 10:04:43 [TUniServerModule]:Shutting Down Server.
syg_rsp.exe: 000033E0: 10:04:43 [TUniServerModule]:Stopping HTTP Server.
syg_rsp.exe: 000033E0: 10:04:44 [TUniServerModule]:HTTP Server Stopped.
syg_rsp.exe: 000033E0: 10:04:44 [TUniGUISessionManager]:Terminating Session manager.
syg_rsp.exe: 000033E0: 10:04:44 [TUniGUISessionManager]:Stopping Cache Eraser...
syg_rsp.exe: 000033E0: 10:04:44 [TUniGUISessionManager]:Cache Eraser Stopped.
syg_rsp.exe: 000033E0: 10:04:45 [TUniGUISessionManager]:Destroying Worker Threads.
syg_rsp.exe: 000033E0: 10:04:45 [TUniGUISessionManager]:Session manager terminated.
syg_rsp.exe: 000033E0: 10:04:45 [TUniServerModule]:Server Shutdown Completed.
syg_rsp.exe: 000033E0: 10:04:45 []:<-------------------------------------------------------------->
syg_rsp.exe: 000033E0: 10:04:45 [Terminated]:Exit Code: 0
syg_rsp.exe: 00001A24: 10:04:48 []:>--------------------------------------------------------------<
syg_rsp.exe: 00001A24: 10:04:48 [TUniServerModule]:Server First Init.
syg_rsp.exe: 00001A24: 10:04:49 [TUniServerModule]:Starting HTTP Server on Port: 8077...
syg_rsp.exe: 00001A24: 10:04:49 [TUniServerModule]:HTTP Server Started on Port: 8077
syg_rsp.exe: 0000072C: 10:05:01 [127.0.0.1]:EUniSessionException : Invalid session or session Timeout. (Session not found: hLzKw56gAK10B2B1B2F ) : Addr: $00804502
syg_rsp.exe: 0000072C: 10:05:20 [127.0.0.1]:EOleException : [MySQL][ODBC 8.0(a) Driver][mysqld-8.0.29]Unknown column 'debut' in 'field list' : Addr: $00817EF2
syg_rsp.exe: 00001A24: 10:06:27 [TUniServerModule]:Shutting Down Server.
syg_rsp.exe: 00001A24: 10:06:27 [TUniServerModule]:Stopping HTTP Server.
syg_rsp.exe: 00001A24: 10:06:28 [TUniServerModule]:HTTP Server Stopped.
syg_rsp.exe: 00001A24: 10:06:28 [TUniGUISessionManager]:Terminating Session manager.
syg_rsp.exe: 00001A24: 10:06:28 [TUniGUISessionManager]:Stopping Cache Eraser...
syg_rsp.exe: 00001A24: 10:06:28 [TUniGUISessionManager]:Cache Eraser Stopped.
syg_rsp.exe: 00001A24: 10:06:28 [TUniGUISessionManager]:Destroying Worker Threads.
syg_rsp.exe: 00001A24: 10:06:28 [TUniGUISessionManager]:Session manager terminated.
syg_rsp.exe: 00001A24: 10:06:28 [TUniServerModule]:Server Shutdown Completed.
syg_rsp.exe: 00001A24: 10:06:28 []:<-------------------------------------------------------------->
syg_rsp.exe: 00001A24: 10:06:28 [Terminated]:Exit Code: 0
syg_rsp.exe: 00003C60: 10:10:38 []:>--------------------------------------------------------------<
syg_rsp.exe: 00003C60: 10:10:38 [TUniServerModule]:Server First Init.
syg_rsp.exe: 00003C60: 10:10:38 [TUniServerModule]:Starting HTTP Server on Port: 8077...
syg_rsp.exe: 00003C60: 10:10:38 [TUniServerModule]:HTTP Server Started on Port: 8077
syg_rsp.exe: 000008E4: 10:10:42 [127.0.0.1]:EUniSessionException : Invalid session or session Timeout. (Session not found: UKKP5g76ZM10B2B1C7F ) : Addr: $00804502
syg_rsp.exe: 00003C60: 10:10:56 [TUniServerModule]:Shutting Down Server.
syg_rsp.exe: 00003C60: 10:10:56 [TUniServerModule]:Stopping HTTP Server.
syg_rsp.exe: 00003C60: 10:10:57 [TUniServerModule]:HTTP Server Stopped.
syg_rsp.exe: 00003C60: 10:10:57 [TUniGUISessionManager]:Terminating Session manager.
syg_rsp.exe: 00003C60: 10:10:57 [TUniGUISessionManager]:Stopping Cache Eraser...
syg_rsp.exe: 00003C60: 10:10:57 [TUniGUISessionManager]:Cache Eraser Stopped.
syg_rsp.exe: 00003C60: 10:10:57 [TUniGUISessionManager]:Destroying Worker Threads.
syg_rsp.exe: 00003C60: 10:10:57 [TUniGUISessionManager]:Session manager terminated.
syg_rsp.exe: 00003C60: 10:10:57 [TUniServerModule]:Server Shutdown Completed.
syg_rsp.exe: 00003C60: 10:10:57 []:<-------------------------------------------------------------->
syg_rsp.exe: 00003C60: 10:10:57 [Terminated]:Exit Code: 0
syg_rsp.exe: 0000375C: 10:10:57 []:>--------------------------------------------------------------<
syg_rsp.exe: 0000375C: 10:10:57 [TUniServerModule]:Server First Init.
syg_rsp.exe: 0000375C: 10:10:57 [TUniServerModule]:Starting HTTP Server on Port: 8077...
syg_rsp.exe: 0000375C: 10:10:57 [TUniServerModule]:HTTP Server Started on Port: 8077
syg_rsp.exe: 00003300: 10:11:03 [127.0.0.1]:EUniSessionException : Invalid session or session Timeout. (Session not found: oq6Z6mcOKh10B2B1E11 ) : Addr: $00804502
syg_rsp.exe: 00003398: 10:11:18 [127.0.0.1]:EOleException : [MySQL][ODBC 8.0(a) Driver][mysqld-8.0.29]Unknown column 'debut' in 'field list' : Addr: $00817EF2
syg_rsp.exe: 0000375C: 11:59:34 [TUniServerModule]:Shutting Down Server.
syg_rsp.exe: 0000375C: 11:59:34 [TUniServerModule]:Stopping HTTP Server.
syg_rsp.exe: 0000375C: 11:59:35 [TUniServerModule]:HTTP Server Stopped.
syg_rsp.exe: 0000375C: 11:59:35 [TUniGUISessionManager]:Terminating Session manager.
syg_rsp.exe: 0000375C: 11:59:35 [TUniGUISessionManager]:Stopping Cache Eraser...
syg_rsp.exe: 0000375C: 11:59:35 [TUniGUISessionManager]:Cache Eraser Stopped.
syg_rsp.exe: 0000375C: 11:59:35 [TUniGUISessionManager]:Destroying Worker Threads.
syg_rsp.exe: 0000375C: 11:59:35 [TUniGUISessionManager]:Session manager terminated.
syg_rsp.exe: 0000375C: 11:59:35 [TUniServerModule]:Server Shutdown Completed.
syg_rsp.exe: 0000375C: 11:59:35 []:<-------------------------------------------------------------->
syg_rsp.exe: 0000375C: 11:59:35 [Terminated]:Exit Code: 0
syg_rsp.exe: 00004BD0: 11:59:42 []:>--------------------------------------------------------------<
syg_rsp.exe: 00004BD0: 11:59:42 [TUniServerModule]:Server First Init.
syg_rsp.exe: 00004BD0: 11:59:42 [TUniServerModule]:Starting HTTP Server on Port: 8077...
syg_rsp.exe: 00004BD0: 11:59:42 [TUniServerModule]:HTTP Server Started on Port: 8077
syg_rsp.exe: 00004BD0: 11:59:51 [TUniServerModule]:Shutting Down Server.
syg_rsp.exe: 00004BD0: 11:59:51 [TUniServerModule]:Stopping HTTP Server.
syg_rsp.exe: 00004BD0: 11:59:51 [TUniServerModule]:HTTP Server Stopped.
syg_rsp.exe: 00004BD0: 11:59:51 [TUniGUISessionManager]:Terminating Session manager.
syg_rsp.exe: 00004BD0: 11:59:51 [TUniGUISessionManager]:Stopping Cache Eraser...
syg_rsp.exe: 00004BD0: 11:59:51 [TUniGUISessionManager]:Cache Eraser Stopped.
syg_rsp.exe: 00004BD0: 11:59:51 [TUniGUISessionManager]:Destroying Worker Threads.
syg_rsp.exe: 00004BD0: 11:59:51 [TUniGUISessionManager]:Session manager terminated.
syg_rsp.exe: 00004BD0: 11:59:51 [TUniServerModule]:Server Shutdown Completed.
syg_rsp.exe: 00004BD0: 11:59:51 []:<-------------------------------------------------------------->
syg_rsp.exe: 00004BD0: 11:59:51 [Terminated]:Exit Code: 0
syg_rsp.exe: 00003B68: 11:59:55 []:>--------------------------------------------------------------<
syg_rsp.exe: 00003B68: 11:59:55 [TUniServerModule]:Server First Init.
syg_rsp.exe: 00003B68: 11:59:55 [TUniServerModule]:Starting HTTP Server on Port: 8077...
syg_rsp.exe: 00003B68: 11:59:55 [TUniServerModule]:HTTP Server Started on Port: 8077
syg_rsp.exe: 000042F0: 11:59:56 [127.0.0.1]:EUniSessionException : Invalid session or session Timeout. (Session not found: IcEi5FdA5x10B2B1E23 ) : Addr: $00804502
syg_rsp.exe: 000045A8: 12:00:05 [127.0.0.1]:EOleException : [MySQL][ODBC 8.0(a) Driver][mysqld-8.0.29]Unknown column 'fin' in 'field list' : Addr: $00817EF2
syg_rsp.exe: 00003B68: 12:00:47 [TUniServerModule]:Shutting Down Server.
syg_rsp.exe: 00003B68: 12:00:47 [TUniServerModule]:Stopping HTTP Server.
syg_rsp.exe: 00003B68: 12:00:48 [TUniServerModule]:HTTP Server Stopped.
syg_rsp.exe: 00003B68: 12:00:48 [TUniGUISessionManager]:Terminating Session manager.
syg_rsp.exe: 00003B68: 12:00:48 [TUniGUISessionManager]:Stopping Cache Eraser...
syg_rsp.exe: 00003B68: 12:00:48 [TUniGUISessionManager]:Cache Eraser Stopped.
syg_rsp.exe: 00003B68: 12:00:48 [TUniGUISessionManager]:Destroying Worker Threads.
syg_rsp.exe: 00003B68: 12:00:48 [TUniGUISessionManager]:Session manager terminated.
syg_rsp.exe: 00003B68: 12:00:48 [TUniServerModule]:Server Shutdown Completed.
syg_rsp.exe: 00003B68: 12:00:48 []:<-------------------------------------------------------------->
syg_rsp.exe: 00003B68: 12:00:48 [Terminated]:Exit Code: 0
syg_rsp.exe: 000039A8: 12:01:57 []:>--------------------------------------------------------------<
syg_rsp.exe: 000039A8: 12:01:57 [TUniServerModule]:Server First Init.
syg_rsp.exe: 000039A8: 12:01:57 [TUniServerModule]:Starting HTTP Server on Port: 8077...
syg_rsp.exe: 000039A8: 12:01:57 [TUniServerModule]:HTTP Server Started on Port: 8077
syg_rsp.exe: 00003300: 12:02:01 [127.0.0.1]:EUniSessionException : Invalid session or session Timeout. (Session not found: lqv4jBzYPL10B2B3BAC ) : Addr: $00804502
syg_rsp.exe: 000039A8: 12:02:51 [TUniServerModule]:Shutting Down Server.
syg_rsp.exe: 000039A8: 12:02:51 [TUniServerModule]:Stopping HTTP Server.
syg_rsp.exe: 000039A8: 12:02:52 [TUniServerModule]:HTTP Server Stopped.
syg_rsp.exe: 000039A8: 12:02:52 [TUniGUISessionManager]:Terminating Session manager.
syg_rsp.exe: 000039A8: 12:02:52 [TUniGUISessionManager]:Stopping Cache Eraser...
syg_rsp.exe: 000039A8: 12:02:52 [TUniGUISessionManager]:Cache Eraser Stopped.
syg_rsp.exe: 000039A8: 12:02:52 [TUniGUISessionManager]:Destroying Worker Threads.
syg_rsp.exe: 000039A8: 12:02:52 [TUniGUISessionManager]:Session manager terminated.
syg_rsp.exe: 000039A8: 12:02:52 [TUniServerModule]:Server Shutdown Completed.
syg_rsp.exe: 000039A8: 12:02:52 []:<-------------------------------------------------------------->
syg_rsp.exe: 000039A8: 12:02:52 [Terminated]:Exit Code: 0
syg_rsp.exe: 00004480: 12:02:54 []:>--------------------------------------------------------------<
syg_rsp.exe: 00004480: 12:02:54 [TUniServerModule]:Server First Init.
syg_rsp.exe: 00004480: 12:02:55 [TUniServerModule]:Starting HTTP Server on Port: 8077...
syg_rsp.exe: 00004480: 12:02:55 [TUniServerModule]:HTTP Server Started on Port: 8077
syg_rsp.exe: 000034D8: 12:05:51 [127.0.0.1]:EUniSessionException : Invalid session or session Timeout. (Session not found: dpnwuGf8gn10B2AF9E2 ) : Addr: $00804502
syg_rsp.exe: 00004480: 12:09:03 [TUniServerModule]:Shutting Down Server.
syg_rsp.exe: 00004480: 12:09:03 [TUniServerModule]:Stopping HTTP Server.
syg_rsp.exe: 00004480: 12:09:04 [TUniServerModule]:HTTP Server Stopped.
syg_rsp.exe: 00004480: 12:09:04 [TUniGUISessionManager]:Terminating Session manager.
syg_rsp.exe: 00004480: 12:09:04 [TUniGUISessionManager]:Stopping Cache Eraser...
syg_rsp.exe: 00004480: 12:09:04 [TUniGUISessionManager]:Cache Eraser Stopped.
syg_rsp.exe: 00004480: 12:09:04 [TUniGUISessionManager]:Destroying Worker Threads.
syg_rsp.exe: 00004480: 12:09:04 [TUniGUISessionManager]:Session manager terminated.
syg_rsp.exe: 00004480: 12:09:04 [TUniServerModule]:Server Shutdown Completed.
syg_rsp.exe: 00004480: 12:09:04 []:<-------------------------------------------------------------->
syg_rsp.exe: 00004480: 12:09:04 [Terminated]:Exit Code: 0
syg_rsp.exe: 000011BC: 12:09:06 []:>--------------------------------------------------------------<
syg_rsp.exe: 000011BC: 12:09:06 [TUniServerModule]:Server First Init.
syg_rsp.exe: 000011BC: 12:09:07 [TUniServerModule]:Starting HTTP Server on Port: 8077...
syg_rsp.exe: 000011BC: 12:09:07 [TUniServerModule]:HTTP Server Started on Port: 8077
syg_rsp.exe: 00002F5C: 12:09:14 [127.0.0.1]:EUniSessionException : Invalid session or session Timeout. (Session not found: TjjNZhIKlc10B2B3D46 ) : Addr: $00804502
syg_rsp.exe: 000011BC: 12:10:02 [TUniServerModule]:Shutting Down Server.
syg_rsp.exe: 000011BC: 12:10:02 [TUniServerModule]:Stopping HTTP Server.
syg_rsp.exe: 000011BC: 12:10:03 [TUniServerModule]:HTTP Server Stopped.
syg_rsp.exe: 000011BC: 12:10:03 [TUniGUISessionManager]:Terminating Session manager.
syg_rsp.exe: 000011BC: 12:10:03 [TUniGUISessionManager]:Stopping Cache Eraser...
syg_rsp.exe: 000011BC: 12:10:03 [TUniGUISessionManager]:Cache Eraser Stopped.
syg_rsp.exe: 000011BC: 12:10:03 [TUniGUISessionManager]:Destroying Worker Threads.
syg_rsp.exe: 000011BC: 12:10:03 [TUniGUISessionManager]:Session manager terminated.
syg_rsp.exe: 000011BC: 12:10:03 [TUniServerModule]:Server Shutdown Completed.
syg_rsp.exe: 000011BC: 12:10:03 []:<-------------------------------------------------------------->
syg_rsp.exe: 000011BC: 12:10:03 [Terminated]:Exit Code: 0
syg_rsp.exe: 000048B4: 12:10:06 []:>--------------------------------------------------------------<
syg_rsp.exe: 000048B4: 12:10:06 [TUniServerModule]:Server First Init.
syg_rsp.exe: 000048B4: 12:10:06 [TUniServerModule]:Starting HTTP Server on Port: 8077...
syg_rsp.exe: 000048B4: 12:10:06 [TUniServerModule]:HTTP Server Started on Port: 8077
syg_rsp.exe: 00000818: 12:10:08 [127.0.0.1]:EUniSessionException : Invalid session or session Timeout. (Session not found: fOwr6BlmuO10B2B3E31 ) : Addr: $00804502
syg_rsp.exe: 000049C0: 15:04:32 [127.0.0.1]:EUniSessionException : Invalid session or session Timeout. (Session not found: fvvabScfYD10B2B3E71 ) : Addr: $00804502
syg_rsp.exe: 000048B4: 15:04:49 [TUniServerModule]:Shutting Down Server.
syg_rsp.exe: 000048B4: 15:04:49 [TUniServerModule]:Stopping HTTP Server.
syg_rsp.exe: 000048B4: 15:04:50 [TUniServerModule]:HTTP Server Stopped.
syg_rsp.exe: 000048B4: 15:04:50 [TUniGUISessionManager]:Terminating Session manager.
syg_rsp.exe: 000048B4: 15:04:50 [TUniGUISessionManager]:Stopping Cache Eraser...
syg_rsp.exe: 000048B4: 15:04:50 [TUniGUISessionManager]:Cache Eraser Stopped.
syg_rsp.exe: 000048B4: 15:04:50 [TUniGUISessionManager]:Destroying Worker Threads.
syg_rsp.exe: 000048B4: 15:04:50 [TUniGUISessionManager]:Session manager terminated.
syg_rsp.exe: 000048B4: 15:04:50 [TUniServerModule]:Server Shutdown Completed.
syg_rsp.exe: 000048B4: 15:04:50 []:<-------------------------------------------------------------->
syg_rsp.exe: 000048B4: 15:04:50 [Terminated]:Exit Code: 0
syg_rsp.exe: 00000D94: 15:04:52 []:>--------------------------------------------------------------<
syg_rsp.exe: 00000D94: 15:04:52 [TUniServerModule]:Server First Init.
syg_rsp.exe: 00000D94: 15:04:52 [TUniServerModule]:Starting HTTP Server on Port: 8077...
syg_rsp.exe: 00000D94: 15:04:52 [TUniServerModule]:HTTP Server Started on Port: 8077
syg_rsp.exe: 00001F28: 15:04:53 [127.0.0.1]:EUniSessionException : Invalid session or session Timeout. (Session not found: Zoah71VDfS10B2B6DC2 ) : Addr: $00804502
syg_rsp.exe: 00004614: 16:52:59 [127.0.0.1]:EUniSessionException : Invalid session or session Timeout. (Session not found: wOLoYIoB8X10B2B3C3D ) : Addr: $00804502
syg_rsp.exe: 00004A08: 22:18:51 [127.0.0.1]:EUniSessionException : Invalid session or session Timeout. (Session not found: p9sUvdBkDn10B2B6DD7 ) : Addr: $00804502
