syg_rsp.exe: 000059A4: 04:47:00 [TUniServerModule]:Shutting Down Server.
syg_rsp.exe: 000059A4: 04:47:00 [TUniServerModule]:Stopping HTTP Server.
syg_rsp.exe: 000059A4: 04:47:01 [TUniServerModule]:HTTP Server Stopped.
syg_rsp.exe: 000059A4: 04:47:01 [TUniGUISessionManager]:Terminating Session manager.
syg_rsp.exe: 000059A4: 04:47:01 [TUniGUISessionManager]:Stopping Cache Eraser...
syg_rsp.exe: 000059A4: 04:47:01 [TUniGUISessionManager]:Cache Eraser Stopped.
syg_rsp.exe: 000059A4: 04:47:01 [TUniGUISessionManager]:Destroying Worker Threads.
syg_rsp.exe: 000059A4: 04:47:01 [TUniGUISessionManager]:Session manager terminated.
syg_rsp.exe: 000059A4: 04:47:01 [TUniServerModule]:Server Shutdown Completed.
syg_rsp.exe: 000059A4: 04:47:01 []:<-------------------------------------------------------------->
syg_rsp.exe: 000059A4: 04:47:01 [Terminated]:Exit Code: 0
syg_rsp.exe: 000028F4: 04:53:06 []:>--------------------------------------------------------------<
syg_rsp.exe: 000028F4: 04:53:06 [TUniServerModule]:Server First Init.
syg_rsp.exe: 000028F4: 04:53:06 [TUniServerModule]:Starting HTTP Server on Port: 8077...
syg_rsp.exe: 000028F4: 04:53:06 [TUniServerModule]:HTTP Server Started on Port: 8077
syg_rsp.exe: 000028F4: 05:04:44 [TUniServerModule]:Shutting Down Server.
syg_rsp.exe: 000028F4: 05:04:44 [TUniServerModule]:Stopping HTTP Server.
syg_rsp.exe: 000028F4: 05:04:44 [TUniServerModule]:HTTP Server Stopped.
syg_rsp.exe: 000028F4: 05:04:44 [TUniGUISessionManager]:Terminating Session manager.
syg_rsp.exe: 000028F4: 05:04:44 [TUniGUISessionManager]:Stopping Cache Eraser...
syg_rsp.exe: 000028F4: 05:04:44 [TUniGUISessionManager]:Cache Eraser Stopped.
syg_rsp.exe: 000028F4: 05:04:44 [TUniGUISessionManager]:Destroying Worker Threads.
syg_rsp.exe: 000028F4: 05:04:44 [TUniGUISessionManager]:Session manager terminated.
syg_rsp.exe: 000028F4: 05:04:44 [TUniServerModule]:Server Shutdown Completed.
syg_rsp.exe: 000028F4: 05:04:44 []:<-------------------------------------------------------------->
syg_rsp.exe: 000028F4: 05:04:44 [Terminated]:Exit Code: 0
syg_rsp.exe: 00006D78: 05:05:07 []:>--------------------------------------------------------------<
syg_rsp.exe: 00006D78: 05:05:07 [TUniServerModule]:Server First Init.
syg_rsp.exe: 00006D78: 05:05:08 [TUniServerModule]:Starting HTTP Server on Port: 8077...
syg_rsp.exe: 00006D78: 05:05:08 [TUniServerModule]:HTTP Server Started on Port: 8077
syg_rsp.exe: 000051F0: 05:05:12 [127.0.0.1]:EUniSessionException : Invalid session or session Timeout. (Session not found: kHNgbUjkNI10BF5B96C ) : Addr: $0082D9FE
syg_rsp.exe: 00004C14: 05:05:12 [127.0.0.1]:EUniSessionException : Invalid session or session Timeout. (Session not found: kHNgbUjkNI10BF5B96C ) : Addr: $0082D9FE
syg_rsp.exe: 00006D78: 05:28:45 [TUniServerModule]:Shutting Down Server.
syg_rsp.exe: 00006D78: 05:28:45 [TUniServerModule]:Stopping HTTP Server.
syg_rsp.exe: 00006D78: 05:28:46 [TUniServerModule]:HTTP Server Stopped.
syg_rsp.exe: 00006D78: 05:28:46 [TUniGUISessionManager]:Terminating Session manager.
syg_rsp.exe: 00006D78: 05:28:46 [TUniGUISessionManager]:Stopping Cache Eraser...
syg_rsp.exe: 00006D78: 05:28:46 [TUniGUISessionManager]:Cache Eraser Stopped.
syg_rsp.exe: 00006D78: 05:28:46 [TUniGUISessionManager]:Destroying Worker Threads.
syg_rsp.exe: 00006D78: 05:28:46 [TUniGUISessionManager]:Session manager terminated.
syg_rsp.exe: 00006D78: 05:28:46 [TUniServerModule]:Server Shutdown Completed.
syg_rsp.exe: 00006D78: 05:28:46 []:<-------------------------------------------------------------->
syg_rsp.exe: 00006D78: 05:28:46 [Terminated]:Exit Code: 0
syg_rsp.exe: 0000589C: 05:28:49 []:>--------------------------------------------------------------<
syg_rsp.exe: 0000589C: 05:28:49 [TUniServerModule]:Server First Init.
syg_rsp.exe: 0000589C: 05:28:50 [TUniServerModule]:Starting HTTP Server on Port: 8077...
syg_rsp.exe: 0000589C: 05:28:50 [TUniServerModule]:HTTP Server Started on Port: 8077
syg_rsp.exe: 00006E14: 05:28:53 [127.0.0.1]:EUniSessionException : Invalid session or session Timeout. (Session not found: ItCdRI7W9M10BF5BC4A ) : Addr: $0082D9FE
syg_rsp.exe: 000067F8: 05:28:53 [127.0.0.1]:EUniSessionException : Invalid session or session Timeout. (Session not found: ItCdRI7W9M10BF5BC4A ) : Addr: $0082D9FE
syg_rsp.exe: 0000589C: 05:29:03 [TUniServerModule]:Shutting Down Server.
syg_rsp.exe: 0000589C: 05:29:03 [TUniServerModule]:Stopping HTTP Server.
syg_rsp.exe: 0000589C: 05:29:04 [TUniServerModule]:HTTP Server Stopped.
syg_rsp.exe: 0000589C: 05:29:04 [TUniGUISessionManager]:Terminating Session manager.
syg_rsp.exe: 0000589C: 05:29:04 [TUniGUISessionManager]:Stopping Cache Eraser...
syg_rsp.exe: 0000589C: 05:29:04 [TUniGUISessionManager]:Cache Eraser Stopped.
syg_rsp.exe: 0000589C: 05:29:04 [TUniGUISessionManager]:Destroying Worker Threads.
syg_rsp.exe: 0000589C: 05:29:04 [TUniGUISessionManager]:Session manager terminated.
syg_rsp.exe: 0000589C: 05:29:04 [TUniServerModule]:Server Shutdown Completed.
syg_rsp.exe: 0000589C: 05:29:04 []:<-------------------------------------------------------------->
syg_rsp.exe: 0000589C: 05:29:04 [Terminated]:Exit Code: 0
syg_rsp.exe: 0000499C: 05:36:43 []:>--------------------------------------------------------------<
syg_rsp.exe: 0000499C: 05:36:43 [TUniServerModule]:Server First Init.
syg_rsp.exe: 0000499C: 05:36:43 [TUniServerModule]:Starting HTTP Server on Port: 8077...
syg_rsp.exe: 0000499C: 05:36:43 [TUniServerModule]:HTTP Server Started on Port: 8077
syg_rsp.exe: 00005C64: 05:36:44 [127.0.0.1]:EUniSessionException : Invalid session or session Timeout. (Session not found: zb8YebKbWg10BF5C2BC ) : Addr: $0082D9FE
syg_rsp.exe: 00001D68: 05:36:44 [127.0.0.1]:EUniSessionException : Invalid session or session Timeout. (Session not found: zb8YebKbWg10BF5C2BC ) : Addr: $0082D9FE
syg_rsp.exe: 0000499C: 05:38:28 [TUniServerModule]:Shutting Down Server.
syg_rsp.exe: 0000499C: 05:38:28 [TUniServerModule]:Stopping HTTP Server.
syg_rsp.exe: 0000499C: 05:38:29 [TUniServerModule]:HTTP Server Stopped.
syg_rsp.exe: 0000499C: 05:38:29 [TUniGUISessionManager]:Terminating Session manager.
syg_rsp.exe: 0000499C: 05:38:29 [TUniGUISessionManager]:Stopping Cache Eraser...
syg_rsp.exe: 0000499C: 05:38:29 [TUniGUISessionManager]:Cache Eraser Stopped.
syg_rsp.exe: 0000499C: 05:38:29 [TUniGUISessionManager]:Destroying Worker Threads.
syg_rsp.exe: 0000499C: 05:38:29 [TUniGUISessionManager]:Session manager terminated.
syg_rsp.exe: 0000499C: 05:38:29 [TUniServerModule]:Server Shutdown Completed.
syg_rsp.exe: 0000499C: 05:38:29 []:<-------------------------------------------------------------->
syg_rsp.exe: 0000499C: 05:38:29 [Terminated]:Exit Code: 0
syg_rsp.exe: 00006354: 05:38:32 []:>--------------------------------------------------------------<
syg_rsp.exe: 00006354: 05:38:32 [TUniServerModule]:Server First Init.
syg_rsp.exe: 00006354: 05:38:32 [TUniServerModule]:Starting HTTP Server on Port: 8077...
syg_rsp.exe: 00006354: 05:38:32 [TUniServerModule]:HTTP Server Started on Port: 8077
syg_rsp.exe: 000074EC: 05:38:33 [127.0.0.1]:EUniSessionException : Invalid session or session Timeout. (Session not found: vbwAprpyfV10BF5C4E1 ) : Addr: $0082D9FE
syg_rsp.exe: 00003E30: 05:38:33 [127.0.0.1]:EUniSessionException : Invalid session or session Timeout. (Session not found: vbwAprpyfV10BF5C4E1 ) : Addr: $0082D9FE
syg_rsp.exe: 000074EC: 05:38:45 [127.0.0.1]:EVariantTypeCastError : Impossible de convertir le variant de type (Null) en type (OleStr) : Addr: $0043FE80
syg_rsp.exe: 00006354: 05:58:18 [TUniServerModule]:Shutting Down Server.
syg_rsp.exe: 00006354: 05:58:18 [TUniServerModule]:Stopping HTTP Server.
syg_rsp.exe: 00006354: 05:58:19 [TUniServerModule]:HTTP Server Stopped.
syg_rsp.exe: 00006354: 05:58:19 [TUniGUISessionManager]:Terminating Session manager.
syg_rsp.exe: 00006354: 05:58:19 [TUniGUISessionManager]:Stopping Cache Eraser...
syg_rsp.exe: 00006354: 05:58:19 [TUniGUISessionManager]:Cache Eraser Stopped.
syg_rsp.exe: 00006354: 05:58:19 [TUniGUISessionManager]:Destroying Worker Threads.
syg_rsp.exe: 00006354: 05:58:19 [TUniGUISessionManager]:Session manager terminated.
syg_rsp.exe: 00006354: 05:58:19 [TUniServerModule]:Server Shutdown Completed.
syg_rsp.exe: 00006354: 05:58:19 []:<-------------------------------------------------------------->
syg_rsp.exe: 00006354: 05:58:19 [Terminated]:Exit Code: 0
syg_rsp.exe: 000059A4: 05:58:24 []:>--------------------------------------------------------------<
syg_rsp.exe: 000059A4: 05:58:24 [TUniServerModule]:Server First Init.
syg_rsp.exe: 000059A4: 05:58:24 [TUniServerModule]:Starting HTTP Server on Port: 8077...
syg_rsp.exe: 000059A4: 05:58:24 [TUniServerModule]:HTTP Server Started on Port: 8077
syg_rsp.exe: 00004F44: 05:58:27 [127.0.0.1]:EUniSessionException : Invalid session or session Timeout. (Session not found: B1WOhVDrhc10BF5C556 ) : Addr: $0082D9FE
syg_rsp.exe: 00004DE4: 05:58:27 [127.0.0.1]:EUniSessionException : Invalid session or session Timeout. (Session not found: B1WOhVDrhc10BF5C556 ) : Addr: $0082D9FE
syg_rsp.exe: 00004F44: 05:59:00 [127.0.0.1]:EDatabaseError : QUpdate: Paramètres 'nombre_jour' non trouvés : Addr: $006BC9C2
syg_rsp.exe: 000059A4: 06:02:25 [TUniServerModule]:Shutting Down Server.
syg_rsp.exe: 000059A4: 06:02:25 [TUniServerModule]:Stopping HTTP Server.
syg_rsp.exe: 000059A4: 06:02:26 [TUniServerModule]:HTTP Server Stopped.
syg_rsp.exe: 000059A4: 06:02:26 [TUniGUISessionManager]:Terminating Session manager.
syg_rsp.exe: 000059A4: 06:02:26 [TUniGUISessionManager]:Stopping Cache Eraser...
syg_rsp.exe: 000059A4: 06:02:26 [TUniGUISessionManager]:Cache Eraser Stopped.
syg_rsp.exe: 000059A4: 06:02:26 [TUniGUISessionManager]:Destroying Worker Threads.
syg_rsp.exe: 000059A4: 06:02:26 [TUniGUISessionManager]:Session manager terminated.
syg_rsp.exe: 000059A4: 06:02:26 [TUniServerModule]:Server Shutdown Completed.
syg_rsp.exe: 000059A4: 06:02:26 []:<-------------------------------------------------------------->
syg_rsp.exe: 000059A4: 06:02:26 [Terminated]:Exit Code: 0
syg_rsp.exe: 00004250: 06:02:44 []:>--------------------------------------------------------------<
syg_rsp.exe: 00004250: 06:02:44 [TUniServerModule]:Server First Init.
syg_rsp.exe: 00004250: 06:02:44 [TUniServerModule]:Starting HTTP Server on Port: 8077...
syg_rsp.exe: 00004250: 06:02:44 [TUniServerModule]:HTTP Server Started on Port: 8077
syg_rsp.exe: 00004458: 06:02:47 [127.0.0.1]:EUniSessionException : Invalid session or session Timeout. (Session not found: 5eUw5xcmAc10BF5CABC ) : Addr: $0082D9FE
syg_rsp.exe: 00002ED0: 06:02:47 [127.0.0.1]:EUniSessionException : Invalid session or session Timeout. (Session not found: 5eUw5xcmAc10BF5CABC ) : Addr: $0082D9FE
syg_rsp.exe: 0000064C: 06:34:27 [127.0.0.1]:EUniSessionException : Invalid session or session Timeout. (Session not found: ZFL27aaRiV10BF5CBEA ) : Addr: $0082D9FE
syg_rsp.exe: 00004250: 07:43:46 [TUniServerModule]:Shutting Down Server.
syg_rsp.exe: 00004250: 07:43:46 [TUniServerModule]:Stopping HTTP Server.
syg_rsp.exe: 00004250: 07:43:46 [TUniServerModule]:HTTP Server Stopped.
syg_rsp.exe: 00004250: 07:43:46 [TUniGUISessionManager]:Terminating Session manager.
syg_rsp.exe: 00004250: 07:43:46 [TUniGUISessionManager]:Stopping Cache Eraser...
syg_rsp.exe: 00004250: 07:43:46 [TUniGUISessionManager]:Cache Eraser Stopped.
syg_rsp.exe: 00004250: 07:43:46 [TUniGUISessionManager]:Destroying Worker Threads.
syg_rsp.exe: 00004250: 07:43:46 [TUniGUISessionManager]:Session manager terminated.
syg_rsp.exe: 00004250: 07:43:46 [TUniServerModule]:Server Shutdown Completed.
syg_rsp.exe: 00004250: 07:43:46 []:<-------------------------------------------------------------->
syg_rsp.exe: 00004250: 07:43:46 [Terminated]:Exit Code: 0
syg_rsp.exe: 00005F30: 07:43:50 []:>--------------------------------------------------------------<
syg_rsp.exe: 00005F30: 07:43:50 [TUniServerModule]:Server First Init.
syg_rsp.exe: 00005F30: 07:43:50 [TUniServerModule]:Starting HTTP Server on Port: 8077...
syg_rsp.exe: 00005F30: 07:43:51 [TUniServerModule]:HTTP Server Started on Port: 8077
syg_rsp.exe: 00005F30: 08:01:50 [TUniServerModule]:Shutting Down Server.
syg_rsp.exe: 00005F30: 08:01:50 [TUniServerModule]:Stopping HTTP Server.
syg_rsp.exe: 00005F30: 08:01:51 [TUniServerModule]:HTTP Server Stopped.
syg_rsp.exe: 00005F30: 08:01:51 [TUniGUISessionManager]:Terminating Session manager.
syg_rsp.exe: 00005F30: 08:01:51 [TUniGUISessionManager]:Stopping Cache Eraser...
syg_rsp.exe: 00005F30: 08:01:51 [TUniGUISessionManager]:Cache Eraser Stopped.
syg_rsp.exe: 00005F30: 08:01:51 [TUniGUISessionManager]:Destroying Worker Threads.
syg_rsp.exe: 00005F30: 08:01:51 [TUniGUISessionManager]:Session manager terminated.
syg_rsp.exe: 00005F30: 08:01:51 [TUniServerModule]:Server Shutdown Completed.
syg_rsp.exe: 00005F30: 08:01:51 []:<-------------------------------------------------------------->
syg_rsp.exe: 00005F30: 08:01:51 [Terminated]:Exit Code: 0
syg_rsp.exe: 00005BB8: 08:01:55 []:>--------------------------------------------------------------<
syg_rsp.exe: 00005BB8: 08:01:55 [TUniServerModule]:Server First Init.
syg_rsp.exe: 00005BB8: 08:01:55 [TUniServerModule]:Starting HTTP Server on Port: 8077...
syg_rsp.exe: 00005BB8: 08:01:55 [TUniServerModule]:HTTP Server Started on Port: 8077
syg_rsp.exe: 000045C4: 08:01:58 [127.0.0.1]:EUniSessionException : Invalid session or session Timeout. (Session not found: Zrp3BIXupe10BF5E58B ) : Addr: $0082D9FE
syg_rsp.exe: 00005BB8: 08:03:30 [TUniServerModule]:Shutting Down Server.
syg_rsp.exe: 00005BB8: 08:03:30 [TUniServerModule]:Stopping HTTP Server.
syg_rsp.exe: 00005BB8: 08:03:31 [TUniServerModule]:HTTP Server Stopped.
syg_rsp.exe: 00005BB8: 08:03:31 [TUniGUISessionManager]:Terminating Session manager.
syg_rsp.exe: 00005BB8: 08:03:31 [TUniGUISessionManager]:Stopping Cache Eraser...
syg_rsp.exe: 00005BB8: 08:03:31 [TUniGUISessionManager]:Cache Eraser Stopped.
syg_rsp.exe: 00005BB8: 08:03:31 [TUniGUISessionManager]:Destroying Worker Threads.
syg_rsp.exe: 00005BB8: 08:03:31 [TUniGUISessionManager]:Session manager terminated.
syg_rsp.exe: 00005BB8: 08:03:31 [TUniServerModule]:Server Shutdown Completed.
syg_rsp.exe: 00005BB8: 08:03:31 []:<-------------------------------------------------------------->
syg_rsp.exe: 00005BB8: 08:03:31 [Terminated]:Exit Code: 0
syg_rsp.exe: 00007024: 08:03:34 []:>--------------------------------------------------------------<
syg_rsp.exe: 00007024: 08:03:34 [TUniServerModule]:Server First Init.
syg_rsp.exe: 00007024: 08:03:34 [TUniServerModule]:Starting HTTP Server on Port: 8077...
syg_rsp.exe: 00007024: 08:03:34 [TUniServerModule]:HTTP Server Started on Port: 8077
syg_rsp.exe: 00003D44: 09:38:16 [127.0.0.1]:EUniSessionException : Invalid session or session Timeout. (Session not found: oowALZMfzW10BF5EC3F ) : Addr: $0082D9FE
