syg_rsp.exe: 00004C84: 08:59:06 [TUniServerModule]:Shutting Down Server.
syg_rsp.exe: 00004C84: 08:59:06 [TUniServerModule]:Stopping HTTP Server.
syg_rsp.exe: 00004C84: 08:59:07 [TUniServerModule]:HTTP Server Stopped.
syg_rsp.exe: 00004C84: 08:59:07 [TUniGUISessionManager]:Terminating Session manager.
syg_rsp.exe: 00004C84: 08:59:07 [TUniGUISessionManager]:Stopping Cache Eraser...
syg_rsp.exe: 00004C84: 08:59:07 [TUniGUISessionManager]:Cache Eraser Stopped.
syg_rsp.exe: 00004C84: 08:59:07 [TUniGUISessionManager]:Destroying Worker Threads.
syg_rsp.exe: 00004C84: 08:59:07 [TUniGUISessionManager]:Session manager terminated.
syg_rsp.exe: 00004C84: 08:59:07 [TUniServerModule]:Server Shutdown Completed.
syg_rsp.exe: 00004C84: 08:59:07 []:<-------------------------------------------------------------->
syg_rsp.exe: 00004C84: 08:59:07 [Terminated]:Exit Code: 0
syg_rsp.exe: 00004A50: 08:59:16 []:>--------------------------------------------------------------<
syg_rsp.exe: 00004A50: 08:59:16 [TUniServerModule]:Server First Init.
syg_rsp.exe: 00004A50: 08:59:16 [TUniServerModule]:Starting HTTP Server on Port: 8077...
syg_rsp.exe: 00004A50: 08:59:16 [TUniServerModule]:HTTP Server Started on Port: 8077
syg_rsp.exe: 00004A50: 09:02:22 [TUniServerModule]:Shutting Down Server.
syg_rsp.exe: 00004A50: 09:02:22 [TUniServerModule]:Stopping HTTP Server.
syg_rsp.exe: 00004A50: 09:02:23 [TUniServerModule]:HTTP Server Stopped.
syg_rsp.exe: 00004A50: 09:02:23 [TUniGUISessionManager]:Terminating Session manager.
syg_rsp.exe: 00004A50: 09:02:23 [TUniGUISessionManager]:Stopping Cache Eraser...
syg_rsp.exe: 00004A50: 09:02:23 [TUniGUISessionManager]:Cache Eraser Stopped.
syg_rsp.exe: 00004A50: 09:02:23 [TUniGUISessionManager]:Destroying Worker Threads.
syg_rsp.exe: 00004A50: 09:02:23 [TUniGUISessionManager]:Session manager terminated.
syg_rsp.exe: 00004A50: 09:02:23 [TUniServerModule]:Server Shutdown Completed.
syg_rsp.exe: 00004A50: 09:02:23 []:<-------------------------------------------------------------->
syg_rsp.exe: 00004A50: 09:02:23 [Terminated]:Exit Code: 0
syg_rsp.exe: 00001020: 09:02:25 []:>--------------------------------------------------------------<
syg_rsp.exe: 00001020: 09:02:25 [TUniServerModule]:Server First Init.
syg_rsp.exe: 00001020: 09:02:26 [TUniServerModule]:Starting HTTP Server on Port: 8077...
syg_rsp.exe: 00001020: 09:02:26 [TUniServerModule]:HTTP Server Started on Port: 8077
syg_rsp.exe: 00004BA8: 09:02:43 [127.0.0.1]:EUniSessionException : Invalid session or session Timeout. (Session not found: yDSVe8xWzl10B82044B ) : Addr: $0082D9FE
syg_rsp.exe: 0000277C: 09:02:43 [127.0.0.1]:EUniSessionException : Invalid session or session Timeout. (Session not found: yDSVe8xWzl10B82044B ) : Addr: $0082D9FE
syg_rsp.exe: 00001020: 09:03:49 [TUniServerModule]:Shutting Down Server.
syg_rsp.exe: 00001020: 09:03:49 [TUniServerModule]:Stopping HTTP Server.
syg_rsp.exe: 00001020: 09:03:50 [TUniServerModule]:HTTP Server Stopped.
syg_rsp.exe: 00001020: 09:03:50 [TUniGUISessionManager]:Terminating Session manager.
syg_rsp.exe: 00001020: 09:03:50 [TUniGUISessionManager]:Stopping Cache Eraser...
syg_rsp.exe: 00001020: 09:03:50 [TUniGUISessionManager]:Cache Eraser Stopped.
syg_rsp.exe: 00001020: 09:03:50 [TUniGUISessionManager]:Destroying Worker Threads.
syg_rsp.exe: 00001020: 09:03:50 [TUniGUISessionManager]:Session manager terminated.
syg_rsp.exe: 00001020: 09:03:50 [TUniServerModule]:Server Shutdown Completed.
syg_rsp.exe: 00001020: 09:03:50 []:<-------------------------------------------------------------->
syg_rsp.exe: 00001020: 09:03:50 [Terminated]:Exit Code: 0
syg_rsp.exe: 00004604: 09:03:54 []:>--------------------------------------------------------------<
syg_rsp.exe: 00004604: 09:03:54 [TUniServerModule]:Server First Init.
syg_rsp.exe: 00004604: 09:03:54 [TUniServerModule]:Starting HTTP Server on Port: 8077...
syg_rsp.exe: 00004604: 09:03:54 [TUniServerModule]:HTTP Server Started on Port: 8077
syg_rsp.exe: 00005304: 09:03:56 [127.0.0.1]:EUniSessionException : Invalid session or session Timeout. (Session not found: VMT9Gkb59S10B82057D ) : Addr: $0082D9FE
syg_rsp.exe: 00002C74: 09:03:56 [127.0.0.1]:EUniSessionException : Invalid session or session Timeout. (Session not found: VMT9Gkb59S10B82057D ) : Addr: $0082D9FE
syg_rsp.exe: 00005314: 11:13:33 [127.0.0.1]:EUniSessionException : Invalid session or session Timeout. (Session not found: vYiz2bDjrO10B82058D ) : Addr: $0082D9FE
syg_rsp.exe: 00004604: 11:18:05 [TUniServerModule]:Shutting Down Server.
syg_rsp.exe: 00004604: 11:18:05 [TUniServerModule]:Stopping HTTP Server.
syg_rsp.exe: 00004604: 11:18:06 [TUniServerModule]:HTTP Server Stopped.
syg_rsp.exe: 00004604: 11:18:06 [TUniGUISessionManager]:Terminating Session manager.
syg_rsp.exe: 00004604: 11:18:06 [TUniGUISessionManager]:Stopping Cache Eraser...
syg_rsp.exe: 00004604: 11:18:06 [TUniGUISessionManager]:Cache Eraser Stopped.
syg_rsp.exe: 00004604: 11:18:06 [TUniGUISessionManager]:Destroying Worker Threads.
syg_rsp.exe: 00004604: 11:18:06 [TUniGUISessionManager]:Session manager terminated.
syg_rsp.exe: 00004604: 11:18:06 [TUniServerModule]:Server Shutdown Completed.
syg_rsp.exe: 00004604: 11:18:06 []:<-------------------------------------------------------------->
syg_rsp.exe: 00004604: 11:18:06 [Terminated]:Exit Code: 0
syg_rsp.exe: 00003BAC: 11:18:30 []:>--------------------------------------------------------------<
syg_rsp.exe: 00003BAC: 11:18:30 [TUniServerModule]:Server First Init.
syg_rsp.exe: 00003BAC: 11:18:30 [TUniServerModule]:Starting HTTP Server on Port: 8077...
syg_rsp.exe: 00003BAC: 11:18:30 [TUniServerModule]:HTTP Server Started on Port: 8077
syg_rsp.exe: 00003BAC: 13:54:26 [TUniServerModule]:Shutting Down Server.
syg_rsp.exe: 00003BAC: 13:54:26 [TUniServerModule]:Stopping HTTP Server.
syg_rsp.exe: 00003BAC: 13:54:26 [TUniServerModule]:HTTP Server Stopped.
syg_rsp.exe: 00003BAC: 13:54:26 [TUniGUISessionManager]:Terminating Session manager.
syg_rsp.exe: 00003BAC: 13:54:26 [TUniGUISessionManager]:Stopping Cache Eraser...
syg_rsp.exe: 00003BAC: 13:54:26 [TUniGUISessionManager]:Cache Eraser Stopped.
syg_rsp.exe: 00003BAC: 13:54:26 [TUniGUISessionManager]:Destroying Worker Threads.
syg_rsp.exe: 00003BAC: 13:54:26 [TUniGUISessionManager]:Session manager terminated.
syg_rsp.exe: 00003BAC: 13:54:26 [TUniServerModule]:Server Shutdown Completed.
syg_rsp.exe: 00003BAC: 13:54:26 []:<-------------------------------------------------------------->
syg_rsp.exe: 00003BAC: 13:54:26 [Terminated]:Exit Code: 0
syg_rsp.exe: 000051A8: 13:54:30 []:>--------------------------------------------------------------<
syg_rsp.exe: 000051A8: 13:54:30 [TUniServerModule]:Server First Init.
syg_rsp.exe: 000051A8: 13:54:30 [TUniServerModule]:Starting HTTP Server on Port: 8077...
syg_rsp.exe: 000051A8: 13:54:30 [TUniServerModule]:HTTP Server Started on Port: 8077
syg_rsp.exe: 00004404: 13:54:31 [127.0.0.1]:EUniSessionException : Invalid session or session Timeout. (Session not found: unRqYMRmxu10B822A10 ) : Addr: $0082D9FE
syg_rsp.exe: 00002DE0: 13:54:31 [127.0.0.1]:EUniSessionException : Invalid session or session Timeout. (Session not found: unRqYMRmxu10B822A10 ) : Addr: $0082D9FE
syg_rsp.exe: 000049F0: 14:32:10 [127.0.0.1]:EUniSessionException : Invalid session or session Timeout. (Session not found: nH1lnv6JU310B825461 ) : Addr: $0082D9FE
syg_rsp.exe: 000051A8: 14:59:59 [TUniServerModule]:Shutting Down Server.
syg_rsp.exe: 000051A8: 14:59:59 [TUniServerModule]:Stopping HTTP Server.
syg_rsp.exe: 000051A8: 15:00:00 [TUniServerModule]:HTTP Server Stopped.
syg_rsp.exe: 000051A8: 15:00:00 [TUniGUISessionManager]:Terminating Session manager.
syg_rsp.exe: 000051A8: 15:00:00 [TUniGUISessionManager]:Stopping Cache Eraser...
syg_rsp.exe: 000051A8: 15:00:00 [TUniGUISessionManager]:Cache Eraser Stopped.
syg_rsp.exe: 000051A8: 15:00:00 [TUniGUISessionManager]:Destroying Worker Threads.
syg_rsp.exe: 000051A8: 15:00:00 [TUniGUISessionManager]:Session manager terminated.
syg_rsp.exe: 000051A8: 15:00:01 [TUniServerModule]:Server Shutdown Completed.
syg_rsp.exe: 000051A8: 15:00:01 []:<-------------------------------------------------------------->
syg_rsp.exe: 000051A8: 15:00:01 [Terminated]:Exit Code: 0
syg_rsp.exe: 00004258: 15:00:45 []:>--------------------------------------------------------------<
syg_rsp.exe: 00004258: 15:00:45 [TUniServerModule]:Server First Init.
syg_rsp.exe: 00004258: 15:00:45 [TUniServerModule]:Starting HTTP Server on Port: 8077...
syg_rsp.exe: 00004258: 15:00:45 [TUniServerModule]:HTTP Server Started on Port: 8077
syg_rsp.exe: 000040CC: 15:00:48 [127.0.0.1]:EUniSessionException : Invalid session or session Timeout. (Session not found: AqLE6BNYMB10B8265FB ) : Addr: $0082D9FE
syg_rsp.exe: 000040CC: 15:00:48 [127.0.0.1]:EUniSessionException : Invalid session or session Timeout. (Session not found: AqLE6BNYMB10B8265FB ) : Addr: $0082D9FE
syg_rsp.exe: 00004258: 15:14:47 [TUniServerModule]:Shutting Down Server.
syg_rsp.exe: 00004258: 15:14:47 [TUniServerModule]:Stopping HTTP Server.
syg_rsp.exe: 00004258: 15:14:48 [TUniServerModule]:HTTP Server Stopped.
syg_rsp.exe: 00004258: 15:14:48 [TUniGUISessionManager]:Terminating Session manager.
syg_rsp.exe: 00004258: 15:14:48 [TUniGUISessionManager]:Stopping Cache Eraser...
syg_rsp.exe: 00004258: 15:14:48 [TUniGUISessionManager]:Cache Eraser Stopped.
syg_rsp.exe: 00004258: 15:14:48 [TUniGUISessionManager]:Destroying Worker Threads.
syg_rsp.exe: 00004258: 15:14:48 [TUniGUISessionManager]:Session manager terminated.
syg_rsp.exe: 00004258: 15:14:48 [TUniServerModule]:Server Shutdown Completed.
syg_rsp.exe: 00004258: 15:14:48 []:<-------------------------------------------------------------->
syg_rsp.exe: 00004258: 15:14:48 [Terminated]:Exit Code: 0
syg_rsp.exe: 0000435C: 15:14:52 []:>--------------------------------------------------------------<
syg_rsp.exe: 0000435C: 15:14:52 [TUniServerModule]:Server First Init.
syg_rsp.exe: 0000435C: 15:14:53 [TUniServerModule]:Starting HTTP Server on Port: 8077...
syg_rsp.exe: 0000435C: 15:14:53 [TUniServerModule]:HTTP Server Started on Port: 8077
syg_rsp.exe: 00003E98: 15:14:58 [127.0.0.1]:EUniSessionException : Invalid session or session Timeout. (Session not found: Qv4ixREBde10B82665C ) : Addr: $0082D9FE
syg_rsp.exe: 000046A8: 15:14:58 [127.0.0.1]:EUniSessionException : Invalid session or session Timeout. (Session not found: Qv4ixREBde10B82665C ) : Addr: $0082D9FE
syg_rsp.exe: 0000435C: 15:16:39 [TUniServerModule]:Shutting Down Server.
syg_rsp.exe: 0000435C: 15:16:39 [TUniServerModule]:Stopping HTTP Server.
syg_rsp.exe: 0000435C: 15:16:40 [TUniServerModule]:HTTP Server Stopped.
syg_rsp.exe: 0000435C: 15:16:40 [TUniGUISessionManager]:Terminating Session manager.
syg_rsp.exe: 0000435C: 15:16:40 [TUniGUISessionManager]:Stopping Cache Eraser...
syg_rsp.exe: 0000435C: 15:16:40 [TUniGUISessionManager]:Cache Eraser Stopped.
syg_rsp.exe: 0000435C: 15:16:40 [TUniGUISessionManager]:Destroying Worker Threads.
syg_rsp.exe: 0000435C: 15:16:40 [TUniGUISessionManager]:Session manager terminated.
syg_rsp.exe: 0000435C: 15:16:40 [TUniServerModule]:Server Shutdown Completed.
syg_rsp.exe: 0000435C: 15:16:40 []:<-------------------------------------------------------------->
syg_rsp.exe: 0000435C: 15:16:40 [Terminated]:Exit Code: 0
syg_rsp.exe: 000053DC: 15:16:45 []:>--------------------------------------------------------------<
syg_rsp.exe: 000053DC: 15:16:45 [TUniServerModule]:Server First Init.
syg_rsp.exe: 000053DC: 15:16:46 [TUniServerModule]:Starting HTTP Server on Port: 8077...
syg_rsp.exe: 000053DC: 15:16:46 [TUniServerModule]:HTTP Server Started on Port: 8077
syg_rsp.exe: 00004FD8: 15:16:46 [127.0.0.1]:EUniSessionException : Invalid session or session Timeout. (Session not found: ejfAUEV62B10B826A33 ) : Addr: $0082D9FE
syg_rsp.exe: 00004FD8: 15:16:46 [127.0.0.1]:EUniSessionException : Invalid session or session Timeout. (Session not found: ejfAUEV62B10B826A33 ) : Addr: $0082D9FE
syg_rsp.exe: 000053DC: 15:19:22 [TUniServerModule]:Shutting Down Server.
syg_rsp.exe: 000053DC: 15:19:22 [TUniServerModule]:Stopping HTTP Server.
syg_rsp.exe: 000053DC: 15:19:22 [TUniServerModule]:HTTP Server Stopped.
syg_rsp.exe: 000053DC: 15:19:22 [TUniGUISessionManager]:Terminating Session manager.
syg_rsp.exe: 000053DC: 15:19:22 [TUniGUISessionManager]:Stopping Cache Eraser...
syg_rsp.exe: 000053DC: 15:19:22 [TUniGUISessionManager]:Cache Eraser Stopped.
syg_rsp.exe: 000053DC: 15:19:22 [TUniGUISessionManager]:Destroying Worker Threads.
syg_rsp.exe: 000053DC: 15:19:22 [TUniGUISessionManager]:Session manager terminated.
syg_rsp.exe: 000053DC: 15:19:22 [TUniServerModule]:Server Shutdown Completed.
syg_rsp.exe: 000053DC: 15:19:22 []:<-------------------------------------------------------------->
syg_rsp.exe: 000053DC: 15:19:22 [Terminated]:Exit Code: 0
syg_rsp.exe: 000013CC: 15:19:25 []:>--------------------------------------------------------------<
syg_rsp.exe: 000013CC: 15:19:25 [TUniServerModule]:Server First Init.
syg_rsp.exe: 000013CC: 15:19:25 [TUniServerModule]:Starting HTTP Server on Port: 8077...
syg_rsp.exe: 000013CC: 15:19:25 [TUniServerModule]:HTTP Server Started on Port: 8077
syg_rsp.exe: 00003E8C: 15:19:26 [127.0.0.1]:EUniSessionException : Invalid session or session Timeout. (Session not found: D4iaHM7XLE10B826AB0 ) : Addr: $0082D9FE
syg_rsp.exe: 000028AC: 15:19:26 [127.0.0.1]:EUniSessionException : Invalid session or session Timeout. (Session not found: D4iaHM7XLE10B826AB0 ) : Addr: $0082D9FE
syg_rsp.exe: 000013CC: 15:21:33 [TUniServerModule]:Shutting Down Server.
syg_rsp.exe: 000013CC: 15:21:33 [TUniServerModule]:Stopping HTTP Server.
syg_rsp.exe: 000013CC: 15:21:34 [TUniServerModule]:HTTP Server Stopped.
syg_rsp.exe: 000013CC: 15:21:34 [TUniGUISessionManager]:Terminating Session manager.
syg_rsp.exe: 000013CC: 15:21:34 [TUniGUISessionManager]:Stopping Cache Eraser...
syg_rsp.exe: 000013CC: 15:21:34 [TUniGUISessionManager]:Cache Eraser Stopped.
syg_rsp.exe: 000013CC: 15:21:34 [TUniGUISessionManager]:Destroying Worker Threads.
syg_rsp.exe: 000013CC: 15:21:34 [TUniGUISessionManager]:Session manager terminated.
syg_rsp.exe: 000013CC: 15:21:34 [TUniServerModule]:Server Shutdown Completed.
syg_rsp.exe: 000013CC: 15:21:34 []:<-------------------------------------------------------------->
syg_rsp.exe: 000013CC: 15:21:34 [Terminated]:Exit Code: 0
syg_rsp.exe: 00003F2C: 15:21:39 []:>--------------------------------------------------------------<
syg_rsp.exe: 00003F2C: 15:21:39 [TUniServerModule]:Server First Init.
syg_rsp.exe: 00003F2C: 15:21:39 [TUniServerModule]:Starting HTTP Server on Port: 8077...
syg_rsp.exe: 00003F2C: 15:21:39 [TUniServerModule]:HTTP Server Started on Port: 8077
syg_rsp.exe: 00001308: 15:21:40 [127.0.0.1]:EUniSessionException : Invalid session or session Timeout. (Session not found: b4oXQdDXNw10B826B6A ) : Addr: $0082D9FE
syg_rsp.exe: 00001308: 15:21:40 [127.0.0.1]:EUniSessionException : Invalid session or session Timeout. (Session not found: b4oXQdDXNw10B826B6A ) : Addr: $0082D9FE
syg_rsp.exe: 00003F2C: 15:23:27 [TUniServerModule]:Shutting Down Server.
syg_rsp.exe: 00003F2C: 15:23:27 [TUniServerModule]:Stopping HTTP Server.
syg_rsp.exe: 00003F2C: 15:23:28 [TUniServerModule]:HTTP Server Stopped.
syg_rsp.exe: 00003F2C: 15:23:28 [TUniGUISessionManager]:Terminating Session manager.
syg_rsp.exe: 00003F2C: 15:23:28 [TUniGUISessionManager]:Stopping Cache Eraser...
syg_rsp.exe: 00003F2C: 15:23:28 [TUniGUISessionManager]:Cache Eraser Stopped.
syg_rsp.exe: 00003F2C: 15:23:28 [TUniGUISessionManager]:Destroying Worker Threads.
syg_rsp.exe: 00003F2C: 15:23:28 [TUniGUISessionManager]:Session manager terminated.
syg_rsp.exe: 00003F2C: 15:23:28 [TUniServerModule]:Server Shutdown Completed.
syg_rsp.exe: 00003F2C: 15:23:28 []:<-------------------------------------------------------------->
syg_rsp.exe: 00003F2C: 15:23:28 [Terminated]:Exit Code: 0
syg_rsp.exe: 000021CC: 15:23:31 []:>--------------------------------------------------------------<
syg_rsp.exe: 000021CC: 15:23:31 [TUniServerModule]:Server First Init.
syg_rsp.exe: 000021CC: 15:23:31 [TUniServerModule]:Starting HTTP Server on Port: 8077...
syg_rsp.exe: 000021CC: 15:23:31 [TUniServerModule]:HTTP Server Started on Port: 8077
syg_rsp.exe: 00005320: 15:23:32 [127.0.0.1]:EUniSessionException : Invalid session or session Timeout. (Session not found: I6SekydYpQ10B826C06 ) : Addr: $0082D9FE
syg_rsp.exe: 00004CB8: 15:23:32 [127.0.0.1]:EUniSessionException : Invalid session or session Timeout. (Session not found: I6SekydYpQ10B826C06 ) : Addr: $0082D9FE
syg_rsp.exe: 000021CC: 15:25:42 [TUniServerModule]:Shutting Down Server.
syg_rsp.exe: 000021CC: 15:25:42 [TUniServerModule]:Stopping HTTP Server.
syg_rsp.exe: 000021CC: 15:25:43 [TUniServerModule]:HTTP Server Stopped.
syg_rsp.exe: 000021CC: 15:25:43 [TUniGUISessionManager]:Terminating Session manager.
syg_rsp.exe: 000021CC: 15:25:43 [TUniGUISessionManager]:Stopping Cache Eraser...
syg_rsp.exe: 000021CC: 15:25:43 [TUniGUISessionManager]:Cache Eraser Stopped.
syg_rsp.exe: 000021CC: 15:25:43 [TUniGUISessionManager]:Destroying Worker Threads.
syg_rsp.exe: 000021CC: 15:25:43 [TUniGUISessionManager]:Session manager terminated.
syg_rsp.exe: 000021CC: 15:25:43 [TUniServerModule]:Server Shutdown Completed.
syg_rsp.exe: 000021CC: 15:25:43 []:<-------------------------------------------------------------->
syg_rsp.exe: 000021CC: 15:25:43 [Terminated]:Exit Code: 0
syg_rsp.exe: 00004004: 15:25:46 []:>--------------------------------------------------------------<
syg_rsp.exe: 00004004: 15:25:46 [TUniServerModule]:Server First Init.
syg_rsp.exe: 00004004: 15:25:46 [TUniServerModule]:Starting HTTP Server on Port: 8077...
syg_rsp.exe: 00004004: 15:25:46 [TUniServerModule]:HTTP Server Started on Port: 8077
syg_rsp.exe: 00004FAC: 15:25:46 [127.0.0.1]:EUniSessionException : Invalid session or session Timeout. (Session not found: MaRroCDXq510B826C86 ) : Addr: $0082D9FE
syg_rsp.exe: 000035D0: 15:25:46 [127.0.0.1]:EUniSessionException : Invalid session or session Timeout. (Session not found: MaRroCDXq510B826C86 ) : Addr: $0082D9FE
syg_rsp.exe: 00004004: 15:29:33 [TUniServerModule]:Shutting Down Server.
syg_rsp.exe: 00004004: 15:29:33 [TUniServerModule]:Stopping HTTP Server.
syg_rsp.exe: 00004004: 15:29:34 [TUniServerModule]:HTTP Server Stopped.
syg_rsp.exe: 00004004: 15:29:34 [TUniGUISessionManager]:Terminating Session manager.
syg_rsp.exe: 00004004: 15:29:34 [TUniGUISessionManager]:Stopping Cache Eraser...
syg_rsp.exe: 00004004: 15:29:34 [TUniGUISessionManager]:Cache Eraser Stopped.
syg_rsp.exe: 00004004: 15:29:34 [TUniGUISessionManager]:Destroying Worker Threads.
syg_rsp.exe: 00004004: 15:29:34 [TUniGUISessionManager]:Session manager terminated.
syg_rsp.exe: 00004004: 15:29:34 [TUniServerModule]:Server Shutdown Completed.
syg_rsp.exe: 00004004: 15:29:34 []:<-------------------------------------------------------------->
syg_rsp.exe: 00004004: 15:29:34 [Terminated]:Exit Code: 0
syg_rsp.exe: 000053D0: 15:29:55 []:>--------------------------------------------------------------<
syg_rsp.exe: 000053D0: 15:29:55 [TUniServerModule]:Server First Init.
syg_rsp.exe: 000053D0: 15:29:55 [TUniServerModule]:Starting HTTP Server on Port: 8077...
syg_rsp.exe: 000053D0: 15:29:55 [TUniServerModule]:HTTP Server Started on Port: 8077
syg_rsp.exe: 0000445C: 15:30:01 [127.0.0.1]:EUniSessionException : Invalid session or session Timeout. (Session not found: UgDLgMv5jf10B826D22 ) : Addr: $0082D9FE
syg_rsp.exe: 0000445C: 15:30:01 [127.0.0.1]:EUniSessionException : Invalid session or session Timeout. (Session not found: UgDLgMv5jf10B826D22 ) : Addr: $0082D9FE
syg_rsp.exe: 000053D0: 15:31:04 [TUniServerModule]:Shutting Down Server.
syg_rsp.exe: 000053D0: 15:31:04 [TUniServerModule]:Stopping HTTP Server.
syg_rsp.exe: 000053D0: 15:31:05 [TUniServerModule]:HTTP Server Stopped.
syg_rsp.exe: 000053D0: 15:31:05 [TUniGUISessionManager]:Terminating Session manager.
syg_rsp.exe: 000053D0: 15:31:05 [TUniGUISessionManager]:Stopping Cache Eraser...
syg_rsp.exe: 000053D0: 15:31:05 [TUniGUISessionManager]:Cache Eraser Stopped.
syg_rsp.exe: 000053D0: 15:31:05 [TUniGUISessionManager]:Destroying Worker Threads.
syg_rsp.exe: 000053D0: 15:31:05 [TUniGUISessionManager]:Session manager terminated.
syg_rsp.exe: 000053D0: 15:31:05 [TUniServerModule]:Server Shutdown Completed.
syg_rsp.exe: 000053D0: 15:31:05 []:<-------------------------------------------------------------->
syg_rsp.exe: 000053D0: 15:31:05 [Terminated]:Exit Code: 0
syg_rsp.exe: 00001D64: 15:31:09 []:>--------------------------------------------------------------<
syg_rsp.exe: 00001D64: 15:31:09 [TUniServerModule]:Server First Init.
syg_rsp.exe: 00001D64: 15:31:09 [TUniServerModule]:Starting HTTP Server on Port: 8077...
syg_rsp.exe: 00001D64: 15:31:09 [TUniServerModule]:HTTP Server Started on Port: 8077
syg_rsp.exe: 00005238: 15:31:10 [127.0.0.1]:EUniSessionException : Invalid session or session Timeout. (Session not found: Rt6xr12xlS10B826E48 ) : Addr: $0082D9FE
syg_rsp.exe: 000037A8: 15:31:10 [127.0.0.1]:EUniSessionException : Invalid session or session Timeout. (Session not found: Rt6xr12xlS10B826E48 ) : Addr: $0082D9FE
syg_rsp.exe: 00001D64: 15:34:06 [TUniServerModule]:Shutting Down Server.
syg_rsp.exe: 00001D64: 15:34:06 [TUniServerModule]:Stopping HTTP Server.
syg_rsp.exe: 00001D64: 15:34:07 [TUniServerModule]:HTTP Server Stopped.
syg_rsp.exe: 00001D64: 15:34:07 [TUniGUISessionManager]:Terminating Session manager.
syg_rsp.exe: 00001D64: 15:34:07 [TUniGUISessionManager]:Stopping Cache Eraser...
syg_rsp.exe: 00001D64: 15:34:07 [TUniGUISessionManager]:Cache Eraser Stopped.
syg_rsp.exe: 00001D64: 15:34:07 [TUniGUISessionManager]:Destroying Worker Threads.
syg_rsp.exe: 00001D64: 15:34:07 [TUniGUISessionManager]:Session manager terminated.
syg_rsp.exe: 00001D64: 15:34:07 [TUniServerModule]:Server Shutdown Completed.
syg_rsp.exe: 00001D64: 15:34:07 []:<-------------------------------------------------------------->
syg_rsp.exe: 00001D64: 15:34:07 [Terminated]:Exit Code: 0
syg_rsp.exe: 00003D80: 15:34:15 []:>--------------------------------------------------------------<
syg_rsp.exe: 00003D80: 15:34:15 [TUniServerModule]:Server First Init.
syg_rsp.exe: 00003D80: 15:34:15 [TUniServerModule]:Starting HTTP Server on Port: 8077...
syg_rsp.exe: 00003D80: 15:34:15 [TUniServerModule]:HTTP Server Started on Port: 8077
syg_rsp.exe: 00003494: 15:34:24 [127.0.0.1]:EUniSessionException : Invalid session or session Timeout. (Session not found: Lj7FNP4CIe10B826E98 ) : Addr: $0082D9FE
syg_rsp.exe: 00000FE4: 15:34:24 [127.0.0.1]:EUniSessionException : Invalid session or session Timeout. (Session not found: Lj7FNP4CIe10B826E98 ) : Addr: $0082D9FE
syg_rsp.exe: 00003D80: 16:22:57 [TUniServerModule]:Shutting Down Server.
syg_rsp.exe: 00003D80: 16:22:57 [TUniServerModule]:Stopping HTTP Server.
syg_rsp.exe: 00003D80: 16:22:57 [TUniServerModule]:HTTP Server Stopped.
syg_rsp.exe: 00003D80: 16:22:57 [TUniGUISessionManager]:Terminating Session manager.
syg_rsp.exe: 00003D80: 16:22:57 [TUniGUISessionManager]:Stopping Cache Eraser...
syg_rsp.exe: 00003D80: 16:22:57 [TUniGUISessionManager]:Cache Eraser Stopped.
syg_rsp.exe: 00003D80: 16:22:57 [TUniGUISessionManager]:Destroying Worker Threads.
syg_rsp.exe: 00003D80: 16:22:57 [TUniGUISessionManager]:Session manager terminated.
syg_rsp.exe: 00003D80: 16:22:57 [TUniServerModule]:Server Shutdown Completed.
syg_rsp.exe: 00003D80: 16:22:57 []:<-------------------------------------------------------------->
syg_rsp.exe: 00003D80: 16:22:57 [Terminated]:Exit Code: 0
syg_rsp.exe: 00000BB4: 16:23:03 []:>--------------------------------------------------------------<
syg_rsp.exe: 00000BB4: 16:23:03 [TUniServerModule]:Server First Init.
syg_rsp.exe: 00000BB4: 16:23:03 [TUniServerModule]:Starting HTTP Server on Port: 8077...
syg_rsp.exe: 00000BB4: 16:23:03 [TUniServerModule]:HTTP Server Started on Port: 8077
syg_rsp.exe: 00002734: 16:23:05 [127.0.0.1]:EUniSessionException : Invalid session or session Timeout. (Session not found: UW46Jg1lH910B826F7A ) : Addr: $0082D9FE
syg_rsp.exe: 00004F90: 16:23:05 [127.0.0.1]:EUniSessionException : Invalid session or session Timeout. (Session not found: UW46Jg1lH910B826F7A ) : Addr: $0082D9FE
syg_rsp.exe: 00004988: 21:14:42 [127.0.0.1]:EUniSessionException : Invalid session or session Timeout. (Session not found: HXg7lqodGP10B827CAE ) : Addr: $0082D9FE
