syg_rsp.exe: 00004BD0: 06:58:35 [127.0.0.1]:EUniSessionException : Invalid session or session Timeout. (Session not found: EPn9QlKF1Q10AB92192 ) : Addr: $0080E6BF
syg_rsp.exe: 0000362C: 07:12:32 [TUniServerModule]:Shutting Down Server.
syg_rsp.exe: 0000362C: 07:12:32 [TUniServerModule]:Stopping HTTP Server.
syg_rsp.exe: 0000362C: 07:12:33 [TUniServerModule]:HTTP Server Stopped.
syg_rsp.exe: 0000362C: 07:12:33 [TUniGUISessionManager]:Terminating Session manager.
syg_rsp.exe: 0000362C: 07:12:33 [TUniGUISessionManager]:Stopping Cache Eraser...
syg_rsp.exe: 0000362C: 07:12:33 [TUniGUISessionManager]:Cache Eraser Stopped.
syg_rsp.exe: 0000362C: 07:12:33 [TUniGUISessionManager]:Destroying Worker Threads.
syg_rsp.exe: 0000362C: 07:12:33 [TUniGUISessionManager]:Session manager terminated.
syg_rsp.exe: 0000362C: 07:12:33 [TUniServerModule]:Server Shutdown Completed.
syg_rsp.exe: 0000362C: 07:12:33 []:<-------------------------------------------------------------->
syg_rsp.exe: 0000362C: 07:12:33 [Terminated]:Exit Code: 0
syg_rsp.exe: 00003B20: 07:12:44 []:>--------------------------------------------------------------<
syg_rsp.exe: 00003B20: 07:12:44 [TUniServerModule]:Server First Init.
syg_rsp.exe: 00003B20: 07:12:44 [TUniServerModule]:Start Path = D:\dev\syg_rsp\src\Win32\Debug\
syg_rsp.exe: 00003B20: 07:12:44 [TUniServerModule]:Starting HTTP Server on Port: 8077...
syg_rsp.exe: 00003B20: 07:12:44 [TUniServerModule]:HTTP Server Started on Port: 8077
syg_rsp.exe: 000014F4: 07:13:30 [127.0.0.1]:EMyError : #42S02Table 'rsp.operartion' doesn't exist : Addr: $0094C642
syg_rsp.exe: 000014F4: 07:14:13 [127.0.0.1]:EMyError : #42S02Table 'rsp.operartion' doesn't exist : Addr: $0094C642
syg_rsp.exe: 00003B20: 07:14:26 [TUniServerModule]:Shutting Down Server.
syg_rsp.exe: 00003B20: 07:14:26 [TUniServerModule]:Stopping HTTP Server.
syg_rsp.exe: 00003B20: 07:14:27 [TUniServerModule]:HTTP Server Stopped.
syg_rsp.exe: 00003B20: 07:14:27 [TUniGUISessionManager]:Terminating Session manager.
syg_rsp.exe: 00003B20: 07:14:27 [TUniGUISessionManager]:Stopping Cache Eraser...
syg_rsp.exe: 00003B20: 07:14:27 [TUniGUISessionManager]:Cache Eraser Stopped.
syg_rsp.exe: 00003B20: 07:14:27 [TUniGUISessionManager]:Destroying Worker Threads.
syg_rsp.exe: 00003B20: 07:14:27 [TUniGUISessionManager]:Session manager terminated.
syg_rsp.exe: 00003B20: 07:14:27 [TUniServerModule]:Server Shutdown Completed.
syg_rsp.exe: 00003B20: 07:14:27 []:<-------------------------------------------------------------->
syg_rsp.exe: 00003B20: 07:14:27 [Terminated]:Exit Code: 0
syg_rsp.exe: 000015F8: 07:14:34 []:>--------------------------------------------------------------<
syg_rsp.exe: 000015F8: 07:14:34 [TUniServerModule]:Server First Init.
syg_rsp.exe: 000015F8: 07:14:34 [TUniServerModule]:Start Path = D:\dev\syg_rsp\src\Win32\Debug\
syg_rsp.exe: 000015F8: 07:14:34 [TUniGUISessionManager]:Cache erase job created, Folder count: [1]
syg_rsp.exe: 000015F8: 07:14:34 [TUniServerModule]:Starting HTTP Server on Port: 8077...
syg_rsp.exe: 000015F8: 07:14:34 [TUniServerModule]:HTTP Server Started on Port: 8077
syg_rsp.exe: 00003BB0: 07:14:37 [127.0.0.1]:EUniSessionException : Invalid session or session Timeout. (Session not found: UxJlQHFraD10ABA03A7 ) : Addr: $0080E6BF
syg_rsp.exe: 000015F8: 07:16:29 [TUniServerModule]:Shutting Down Server.
syg_rsp.exe: 000015F8: 07:16:29 [TUniServerModule]:Stopping HTTP Server.
syg_rsp.exe: 000015F8: 07:16:30 [TUniServerModule]:HTTP Server Stopped.
syg_rsp.exe: 000015F8: 07:16:30 [TUniGUISessionManager]:Terminating Session manager.
syg_rsp.exe: 000015F8: 07:16:30 [TUniGUISessionManager]:Stopping Cache Eraser...
syg_rsp.exe: 000015F8: 07:16:30 [TUniGUISessionManager]:Cache Eraser Stopped.
syg_rsp.exe: 000015F8: 07:16:30 [TUniGUISessionManager]:Destroying Worker Threads.
syg_rsp.exe: 000015F8: 07:16:30 [TUniGUISessionManager]:Session manager terminated.
syg_rsp.exe: 000015F8: 07:16:31 [TUniServerModule]:Server Shutdown Completed.
syg_rsp.exe: 000015F8: 07:16:31 []:<-------------------------------------------------------------->
syg_rsp.exe: 000015F8: 07:16:31 [Terminated]:Exit Code: 0
syg_rsp.exe: 00003404: 07:16:37 []:>--------------------------------------------------------------<
syg_rsp.exe: 00003404: 07:16:37 [TUniServerModule]:Server First Init.
syg_rsp.exe: 00003404: 07:16:37 [TUniServerModule]:Start Path = D:\dev\syg_rsp\src\Win32\Debug\
syg_rsp.exe: 00003404: 07:16:37 [TUniGUISessionManager]:Cache erase job created, Folder count: [1]
syg_rsp.exe: 00003404: 07:16:37 [TUniServerModule]:Starting HTTP Server on Port: 8077...
syg_rsp.exe: 00003404: 07:16:37 [TUniServerModule]:HTTP Server Started on Port: 8077
syg_rsp.exe: 000042E4: 07:16:38 [127.0.0.1]:EUniSessionException : Invalid session or session Timeout. (Session not found: oQ8AveVjVz10ABA0407 ) : Addr: $0080E6BF
syg_rsp.exe: 00003404: 07:29:05 [TUniServerModule]:Shutting Down Server.
syg_rsp.exe: 00003404: 07:29:05 [TUniServerModule]:Stopping HTTP Server.
syg_rsp.exe: 00003404: 07:29:06 [TUniServerModule]:HTTP Server Stopped.
syg_rsp.exe: 00003404: 07:29:06 [TUniGUISessionManager]:Terminating Session manager.
syg_rsp.exe: 00003404: 07:29:06 [TUniGUISessionManager]:Stopping Cache Eraser...
syg_rsp.exe: 00003404: 07:29:06 [TUniGUISessionManager]:Cache Eraser Stopped.
syg_rsp.exe: 00003404: 07:29:06 [TUniGUISessionManager]:Destroying Worker Threads.
syg_rsp.exe: 00003404: 07:29:06 [TUniGUISessionManager]:Session manager terminated.
syg_rsp.exe: 00003404: 07:29:06 [TUniServerModule]:Server Shutdown Completed.
syg_rsp.exe: 00003404: 07:29:06 []:<-------------------------------------------------------------->
syg_rsp.exe: 00003404: 07:29:06 [Terminated]:Exit Code: 0
syg_rsp.exe: 00004BC8: 07:29:09 []:>--------------------------------------------------------------<
syg_rsp.exe: 00004BC8: 07:29:09 [TUniServerModule]:Server First Init.
syg_rsp.exe: 00004BC8: 07:29:09 [TUniServerModule]:Start Path = D:\dev\syg_rsp\src\Win32\Debug\
syg_rsp.exe: 00004BC8: 07:29:09 [TUniGUISessionManager]:Cache erase job created, Folder count: [1]
syg_rsp.exe: 00004BC8: 07:29:09 [TUniServerModule]:Starting HTTP Server on Port: 8077...
syg_rsp.exe: 00004BC8: 07:29:09 [TUniServerModule]:HTTP Server Started on Port: 8077
syg_rsp.exe: 0000373C: 07:29:10 [127.0.0.1]:EUniSessionException : Invalid session or session Timeout. (Session not found: PLuOcoraSW10ABA0492 ) : Addr: $0080E6BF
syg_rsp.exe: 00004BC8: 08:02:50 [TUniServerModule]:Shutting Down Server.
syg_rsp.exe: 00004BC8: 08:02:50 [TUniServerModule]:Stopping HTTP Server.
syg_rsp.exe: 00004BC8: 08:02:51 [TUniServerModule]:HTTP Server Stopped.
syg_rsp.exe: 00004BC8: 08:02:51 [TUniGUISessionManager]:Terminating Session manager.
syg_rsp.exe: 00004BC8: 08:02:51 [TUniGUISessionManager]:Stopping Cache Eraser...
syg_rsp.exe: 00004BC8: 08:02:51 [TUniGUISessionManager]:Cache Eraser Stopped.
syg_rsp.exe: 00004BC8: 08:02:51 [TUniGUISessionManager]:Destroying Worker Threads.
syg_rsp.exe: 00004BC8: 08:02:51 [TUniGUISessionManager]:Session manager terminated.
syg_rsp.exe: 00004BC8: 08:02:51 [TUniServerModule]:Server Shutdown Completed.
syg_rsp.exe: 00004BC8: 08:02:51 []:<-------------------------------------------------------------->
syg_rsp.exe: 00004BC8: 08:02:51 [Terminated]:Exit Code: 0
syg_rsp.exe: 00003E8C: 08:03:00 []:>--------------------------------------------------------------<
syg_rsp.exe: 00003E8C: 08:03:00 [TUniServerModule]:Server First Init.
syg_rsp.exe: 00003E8C: 08:03:00 [TUniServerModule]:Start Path = D:\dev\syg_rsp\src\Win32\Debug\
syg_rsp.exe: 00003E8C: 08:03:00 [TUniServerModule]:Starting HTTP Server on Port: 8077...
syg_rsp.exe: 00003E8C: 08:03:00 [TUniServerModule]:HTTP Server Started on Port: 8077
syg_rsp.exe: 00003E8C: 08:05:10 [TUniServerModule]:Shutting Down Server.
syg_rsp.exe: 00003E8C: 08:05:10 [TUniServerModule]:Stopping HTTP Server.
syg_rsp.exe: 00003E8C: 08:05:11 [TUniServerModule]:HTTP Server Stopped.
syg_rsp.exe: 00003E8C: 08:05:11 [TUniGUISessionManager]:Terminating Session manager.
syg_rsp.exe: 00003E8C: 08:05:11 [TUniGUISessionManager]:Stopping Cache Eraser...
syg_rsp.exe: 00003E8C: 08:05:11 [TUniGUISessionManager]:Cache Eraser Stopped.
syg_rsp.exe: 00003E8C: 08:05:11 [TUniGUISessionManager]:Destroying Worker Threads.
syg_rsp.exe: 00003E8C: 08:05:11 [TUniGUISessionManager]:Session manager terminated.
syg_rsp.exe: 00003E8C: 08:05:11 [TUniServerModule]:Server Shutdown Completed.
syg_rsp.exe: 00003E8C: 08:05:11 []:<-------------------------------------------------------------->
syg_rsp.exe: 00003E8C: 08:05:11 [Terminated]:Exit Code: 0
syg_rsp.exe: 000026AC: 08:05:15 []:>--------------------------------------------------------------<
syg_rsp.exe: 000026AC: 08:05:15 [TUniServerModule]:Server First Init.
syg_rsp.exe: 000026AC: 08:05:15 [TUniServerModule]:Start Path = D:\dev\syg_rsp\src\Win32\Debug\
syg_rsp.exe: 000026AC: 08:05:15 [TUniGUISessionManager]:Cache erase job created, Folder count: [1]
syg_rsp.exe: 000026AC: 08:05:15 [TUniServerModule]:Starting HTTP Server on Port: 8077...
syg_rsp.exe: 000026AC: 08:05:15 [TUniServerModule]:HTTP Server Started on Port: 8077
syg_rsp.exe: 00000348: 08:05:16 [127.0.0.1]:EUniSessionException : Invalid session or session Timeout. (Session not found: bbz1AXwqmG10ABA1127 ) : Addr: $0080E6BF
syg_rsp.exe: 00001044: 09:28:07 [127.0.0.1]:EUniSessionException : Invalid session or session Timeout. (Session not found: cBDPP9YC4e10ABA11C4 ) : Addr: $0080E6BF
syg_rsp.exe: 00001600: 10:12:18 [127.0.0.1]:EUniSessionException : Invalid session or session Timeout. (Session not found: 2oCe6S9R9J10ABA283F ) : Addr: $0080E6BF
syg_rsp.exe: 00004B28: 10:25:18 [127.0.0.1]:EUniSessionException : Invalid session or session Timeout. (Session not found: VWQIRZFcs510ABA3439 ) : Addr: $0080E6BF
syg_rsp.exe: 000026AC: 10:51:17 [TUniServerModule]:Shutting Down Server.
syg_rsp.exe: 000026AC: 10:51:17 [TUniServerModule]:Stopping HTTP Server.
syg_rsp.exe: 000026AC: 10:51:18 [TUniServerModule]:HTTP Server Stopped.
syg_rsp.exe: 000026AC: 10:51:18 [TUniGUISessionManager]:Terminating Session manager.
syg_rsp.exe: 000026AC: 10:51:18 [TUniGUISessionManager]:Stopping Cache Eraser...
syg_rsp.exe: 000026AC: 10:51:18 [TUniGUISessionManager]:Cache Eraser Stopped.
syg_rsp.exe: 000026AC: 10:51:18 [TUniGUISessionManager]:Destroying Worker Threads.
syg_rsp.exe: 000026AC: 10:51:18 [TUniGUISessionManager]:Session manager terminated.
syg_rsp.exe: 000026AC: 10:51:18 [TUniServerModule]:Server Shutdown Completed.
syg_rsp.exe: 000026AC: 10:51:18 []:<-------------------------------------------------------------->
syg_rsp.exe: 000026AC: 10:51:18 [Terminated]:Exit Code: 0
syg_rsp.exe: 00001F2C: 10:51:33 []:>--------------------------------------------------------------<
syg_rsp.exe: 00001F2C: 10:51:33 [TUniServerModule]:Server First Init.
syg_rsp.exe: 00001F2C: 10:51:33 [TUniServerModule]:Start Path = D:\dev\syg_rsp\src\Win32\Debug\
syg_rsp.exe: 00001F2C: 10:51:33 [TUniServerModule]:Starting HTTP Server on Port: 8077...
syg_rsp.exe: 00001F2C: 10:51:33 [TUniServerModule]:HTTP Server Started on Port: 8077
syg_rsp.exe: 00002D24: 10:51:34 [127.0.0.1]:EUniSessionException : Invalid session or session Timeout. (Session not found: F3vChCHQ9N10ABA37C0 ) : Addr: $0080E6BF
syg_rsp.exe: 00001F2C: 10:53:24 [TUniServerModule]:Shutting Down Server.
syg_rsp.exe: 00001F2C: 10:53:24 [TUniServerModule]:Stopping HTTP Server.
syg_rsp.exe: 00001F2C: 10:53:25 [TUniServerModule]:HTTP Server Stopped.
syg_rsp.exe: 00001F2C: 10:53:25 [TUniGUISessionManager]:Terminating Session manager.
syg_rsp.exe: 00001F2C: 10:53:25 [TUniGUISessionManager]:Stopping Cache Eraser...
syg_rsp.exe: 00001F2C: 10:53:25 [TUniGUISessionManager]:Cache Eraser Stopped.
syg_rsp.exe: 00001F2C: 10:53:25 [TUniGUISessionManager]:Destroying Worker Threads.
syg_rsp.exe: 00001F2C: 10:53:25 [TUniGUISessionManager]:Session manager terminated.
syg_rsp.exe: 00001F2C: 10:53:25 [TUniServerModule]:Server Shutdown Completed.
syg_rsp.exe: 00001F2C: 10:53:25 []:<-------------------------------------------------------------->
syg_rsp.exe: 00001F2C: 10:53:25 [Terminated]:Exit Code: 0
syg_rsp.exe: 00000D40: 11:03:53 []:>--------------------------------------------------------------<
syg_rsp.exe: 00000D40: 11:03:53 [TUniServerModule]:Server First Init.
syg_rsp.exe: 00000D40: 11:03:53 [TUniServerModule]:Start Path = D:\dev\syg_rsp\src\Win32\Debug\
syg_rsp.exe: 00000D40: 11:03:53 [TUniGUISessionManager]:Cache erase job created, Folder count: [1]
syg_rsp.exe: 00000D40: 11:03:53 [TUniServerModule]:Starting HTTP Server on Port: 8077...
syg_rsp.exe: 00000D40: 11:03:53 [TUniServerModule]:HTTP Server Started on Port: 8077
syg_rsp.exe: 00002A14: 11:03:57 [127.0.0.1]:EUniSessionException : Invalid session or session Timeout. (Session not found: WpwfSuDndk10ABA3EE0 ) : Addr: $0080E6BF
syg_rsp.exe: 00000D40: 11:05:38 [TUniServerModule]:Shutting Down Server.
syg_rsp.exe: 00000D40: 11:05:38 [TUniServerModule]:Stopping HTTP Server.
syg_rsp.exe: 00000D40: 11:05:39 [TUniServerModule]:HTTP Server Stopped.
syg_rsp.exe: 00000D40: 11:05:39 [TUniGUISessionManager]:Terminating Session manager.
syg_rsp.exe: 00000D40: 11:05:39 [TUniGUISessionManager]:Stopping Cache Eraser...
syg_rsp.exe: 00000D40: 11:05:39 [TUniGUISessionManager]:Cache Eraser Stopped.
syg_rsp.exe: 00000D40: 11:05:39 [TUniGUISessionManager]:Destroying Worker Threads.
syg_rsp.exe: 00000D40: 11:05:40 [TUniGUISessionManager]:Session manager terminated.
syg_rsp.exe: 00000D40: 11:05:40 [TUniServerModule]:Server Shutdown Completed.
syg_rsp.exe: 00000D40: 11:05:40 []:<-------------------------------------------------------------->
syg_rsp.exe: 00000D40: 11:05:40 [Terminated]:Exit Code: 0
syg_rsp.exe: 00004A00: 11:05:43 []:>--------------------------------------------------------------<
syg_rsp.exe: 00004A00: 11:05:43 [TUniServerModule]:Server First Init.
syg_rsp.exe: 00004A00: 11:05:43 [TUniServerModule]:Start Path = D:\dev\syg_rsp\src\Win32\Debug\
syg_rsp.exe: 00004A00: 11:05:43 [TUniGUISessionManager]:Cache erase job created, Folder count: [1]
syg_rsp.exe: 00004A00: 11:05:43 [TUniServerModule]:Starting HTTP Server on Port: 8077...
syg_rsp.exe: 00004A00: 11:05:43 [TUniServerModule]:HTTP Server Started on Port: 8077
syg_rsp.exe: 00002F30: 11:05:47 [127.0.0.1]:EUniSessionException : Invalid session or session Timeout. (Session not found: VQzxeUdNJi10ABA42AC ) : Addr: $0080E6BF
syg_rsp.exe: 00004A00: 11:06:23 [TUniServerModule]:Shutting Down Server.
syg_rsp.exe: 00004A00: 11:06:23 [TUniServerModule]:Stopping HTTP Server.
syg_rsp.exe: 00004A00: 11:06:24 [TUniServerModule]:HTTP Server Stopped.
syg_rsp.exe: 00004A00: 11:06:24 [TUniGUISessionManager]:Terminating Session manager.
syg_rsp.exe: 00004A00: 11:06:24 [TUniGUISessionManager]:Stopping Cache Eraser...
syg_rsp.exe: 00004A00: 11:06:24 [TUniGUISessionManager]:Cache Eraser Stopped.
syg_rsp.exe: 00004A00: 11:06:24 [TUniGUISessionManager]:Destroying Worker Threads.
syg_rsp.exe: 00004A00: 11:06:24 [TUniGUISessionManager]:Session manager terminated.
syg_rsp.exe: 00004A00: 11:06:24 [TUniServerModule]:Server Shutdown Completed.
syg_rsp.exe: 00004A00: 11:06:24 []:<-------------------------------------------------------------->
syg_rsp.exe: 00004A00: 11:06:24 [Terminated]:Exit Code: 0
syg_rsp.exe: 00004944: 11:06:29 []:>--------------------------------------------------------------<
syg_rsp.exe: 00004944: 11:06:29 [TUniServerModule]:Server First Init.
syg_rsp.exe: 00004944: 11:06:29 [TUniServerModule]:Start Path = D:\dev\syg_rsp\src\Win32\Debug\
syg_rsp.exe: 00004944: 11:06:29 [TUniGUISessionManager]:Cache erase job created, Folder count: [1]
syg_rsp.exe: 00004944: 11:06:29 [TUniServerModule]:Starting HTTP Server on Port: 8077...
syg_rsp.exe: 00004944: 11:06:29 [TUniServerModule]:HTTP Server Started on Port: 8077
syg_rsp.exe: 00000A8C: 11:06:34 [127.0.0.1]:EUniSessionException : Invalid session or session Timeout. (Session not found: XF3ELN7IQV10ABA42BC ) : Addr: $0080E6BF
syg_rsp.exe: 00004944: 11:25:14 [TUniServerModule]:Shutting Down Server.
syg_rsp.exe: 00004944: 11:25:14 [TUniServerModule]:Stopping HTTP Server.
syg_rsp.exe: 00004944: 11:25:15 [TUniServerModule]:HTTP Server Stopped.
syg_rsp.exe: 00004944: 11:25:15 [TUniGUISessionManager]:Terminating Session manager.
syg_rsp.exe: 00004944: 11:25:15 [TUniGUISessionManager]:Stopping Cache Eraser...
syg_rsp.exe: 00004944: 11:25:15 [TUniGUISessionManager]:Cache Eraser Stopped.
syg_rsp.exe: 00004944: 11:25:15 [TUniGUISessionManager]:Destroying Worker Threads.
syg_rsp.exe: 00004944: 11:25:15 [TUniGUISessionManager]:Session manager terminated.
syg_rsp.exe: 00004944: 11:25:16 [TUniServerModule]:Server Shutdown Completed.
syg_rsp.exe: 00004944: 11:25:16 []:<-------------------------------------------------------------->
syg_rsp.exe: 00004944: 11:25:16 [Terminated]:Exit Code: 0
syg_rsp.exe: 00001020: 11:25:19 []:>--------------------------------------------------------------<
syg_rsp.exe: 00001020: 11:25:19 [TUniServerModule]:Server First Init.
syg_rsp.exe: 00001020: 11:25:19 [TUniServerModule]:Start Path = D:\dev\syg_rsp\src\Win32\Debug\
syg_rsp.exe: 00001020: 11:25:19 [TUniServerModule]:Starting HTTP Server on Port: 8077...
syg_rsp.exe: 00001020: 11:25:19 [TUniServerModule]:HTTP Server Started on Port: 8077
syg_rsp.exe: 000041C8: 11:25:20 [127.0.0.1]:EUniSessionException : Invalid session or session Timeout. (Session not found: xUwZKqrnie10ABA42F2 ) : Addr: $0080E6BF
syg_rsp.exe: 00001020: 11:27:13 [TUniServerModule]:Shutting Down Server.
syg_rsp.exe: 00001020: 11:27:13 [TUniServerModule]:Stopping HTTP Server.
syg_rsp.exe: 00001020: 11:27:14 [TUniServerModule]:HTTP Server Stopped.
syg_rsp.exe: 00001020: 11:27:14 [TUniGUISessionManager]:Terminating Session manager.
syg_rsp.exe: 00001020: 11:27:14 [TUniGUISessionManager]:Stopping Cache Eraser...
syg_rsp.exe: 00001020: 11:27:14 [TUniGUISessionManager]:Cache Eraser Stopped.
syg_rsp.exe: 00001020: 11:27:14 [TUniGUISessionManager]:Destroying Worker Threads.
syg_rsp.exe: 00001020: 11:27:14 [TUniGUISessionManager]:Session manager terminated.
syg_rsp.exe: 00001020: 11:27:14 [TUniServerModule]:Server Shutdown Completed.
syg_rsp.exe: 00001020: 11:27:14 []:<-------------------------------------------------------------->
syg_rsp.exe: 00001020: 11:27:14 [Terminated]:Exit Code: 0
syg_rsp.exe: 00003BA8: 11:29:07 []:>--------------------------------------------------------------<
syg_rsp.exe: 00003BA8: 11:29:07 [TUniServerModule]:Server First Init.
syg_rsp.exe: 00003BA8: 11:29:07 [TUniServerModule]:Start Path = D:\dev\syg_rsp\src\Win32\Debug\
syg_rsp.exe: 00003BA8: 11:29:07 [TUniGUISessionManager]:Cache erase job created, Folder count: [1]
syg_rsp.exe: 00003BA8: 11:29:07 [TUniServerModule]:Starting HTTP Server on Port: 8077...
syg_rsp.exe: 00003BA8: 11:29:07 [TUniServerModule]:HTTP Server Started on Port: 8077
syg_rsp.exe: 00003C68: 11:29:14 [127.0.0.1]:EUniSessionException : Invalid session or session Timeout. (Session not found: 5XStGUHBUk10ABA4809 ) : Addr: $0080E6BF
syg_rsp.exe: 00003BA8: 12:00:35 [TUniServerModule]:Shutting Down Server.
syg_rsp.exe: 00003BA8: 12:00:35 [TUniServerModule]:Stopping HTTP Server.
syg_rsp.exe: 00003BA8: 12:00:36 [TUniServerModule]:HTTP Server Stopped.
syg_rsp.exe: 00003BA8: 12:00:36 [TUniGUISessionManager]:Terminating Session manager.
syg_rsp.exe: 00003BA8: 12:00:36 [TUniGUISessionManager]:Stopping Cache Eraser...
syg_rsp.exe: 00003BA8: 12:00:36 [TUniGUISessionManager]:Cache Eraser Stopped.
syg_rsp.exe: 00003BA8: 12:00:36 [TUniGUISessionManager]:Destroying Worker Threads.
syg_rsp.exe: 00003BA8: 12:00:36 [TUniGUISessionManager]:Session manager terminated.
syg_rsp.exe: 00003BA8: 12:00:36 [TUniServerModule]:Server Shutdown Completed.
syg_rsp.exe: 00003BA8: 12:00:36 []:<-------------------------------------------------------------->
syg_rsp.exe: 00003BA8: 12:00:36 [Terminated]:Exit Code: 0
syg_rsp.exe: 00003238: 12:00:40 []:>--------------------------------------------------------------<
syg_rsp.exe: 00003238: 12:00:40 [TUniServerModule]:Server First Init.
syg_rsp.exe: 00003238: 12:00:40 [TUniServerModule]:Start Path = D:\dev\syg_rsp\src\Win32\Debug\
syg_rsp.exe: 00003238: 12:00:41 [TUniServerModule]:Starting HTTP Server on Port: 8077...
syg_rsp.exe: 00003238: 12:00:41 [TUniServerModule]:HTTP Server Started on Port: 8077
syg_rsp.exe: 00004610: 12:00:50 [127.0.0.1]:EUniSessionException : Invalid session or session Timeout. (Session not found: hgjsWATiKE10ABA4918 ) : Addr: $0080E6BF
syg_rsp.exe: 00003238: 12:01:04 [TUniServerModule]:Shutting Down Server.
syg_rsp.exe: 00003238: 12:01:04 [TUniServerModule]:Stopping HTTP Server.
syg_rsp.exe: 00003238: 12:01:05 [TUniServerModule]:HTTP Server Stopped.
syg_rsp.exe: 00003238: 12:01:05 [TUniGUISessionManager]:Terminating Session manager.
syg_rsp.exe: 00003238: 12:01:05 [TUniGUISessionManager]:Stopping Cache Eraser...
syg_rsp.exe: 00003238: 12:01:05 [TUniGUISessionManager]:Cache Eraser Stopped.
syg_rsp.exe: 00003238: 12:01:05 [TUniGUISessionManager]:Destroying Worker Threads.
syg_rsp.exe: 00003238: 12:01:05 [TUniGUISessionManager]:Session manager terminated.
syg_rsp.exe: 00003238: 12:01:05 [TUniServerModule]:Server Shutdown Completed.
syg_rsp.exe: 00003238: 12:01:05 []:<-------------------------------------------------------------->
syg_rsp.exe: 00003238: 12:01:05 [Terminated]:Exit Code: 0
syg_rsp.exe: 00000CAC: 12:01:34 []:>--------------------------------------------------------------<
syg_rsp.exe: 00000CAC: 12:01:34 [TUniServerModule]:Server First Init.
syg_rsp.exe: 00000CAC: 12:01:34 [TUniServerModule]:Start Path = D:\dev\syg_rsp\src\Win32\Debug\
syg_rsp.exe: 00000CAC: 12:01:34 [TUniGUISessionManager]:Cache erase job created, Folder count: [1]
syg_rsp.exe: 00000CAC: 12:01:35 [TUniServerModule]:Starting HTTP Server on Port: 8077...
syg_rsp.exe: 00000CAC: 12:01:35 [TUniServerModule]:HTTP Server Started on Port: 8077
syg_rsp.exe: 00004BDC: 12:01:36 [127.0.0.1]:EUniSessionException : Invalid session or session Timeout. (Session not found: QA73Kd5Xh210ABA51AB ) : Addr: $0080E6BF
syg_rsp.exe: 00004BDC: 12:02:08 [127.0.0.1]:EDatabaseError : DQ_Grid_UM: Impossible d'effectuer cette opération sur un ensemble de données fermé : Addr: $0069859E
syg_rsp.exe: 00000CAC: 12:02:56 [TUniServerModule]:Shutting Down Server.
syg_rsp.exe: 00000CAC: 12:02:56 [TUniServerModule]:Stopping HTTP Server.
syg_rsp.exe: 00000CAC: 12:02:57 [TUniServerModule]:HTTP Server Stopped.
syg_rsp.exe: 00000CAC: 12:02:57 [TUniGUISessionManager]:Terminating Session manager.
syg_rsp.exe: 00000CAC: 12:02:57 [TUniGUISessionManager]:Stopping Cache Eraser...
syg_rsp.exe: 00000CAC: 12:02:57 [TUniGUISessionManager]:Cache Eraser Stopped.
syg_rsp.exe: 00000CAC: 12:02:57 [TUniGUISessionManager]:Destroying Worker Threads.
syg_rsp.exe: 00000CAC: 12:02:57 [TUniGUISessionManager]:Session manager terminated.
syg_rsp.exe: 00000CAC: 12:02:57 [TUniServerModule]:Server Shutdown Completed.
syg_rsp.exe: 00000CAC: 12:02:57 []:<-------------------------------------------------------------->
syg_rsp.exe: 00000CAC: 12:02:57 [Terminated]:Exit Code: 0
syg_rsp.exe: 0000087C: 12:03:11 []:>--------------------------------------------------------------<
syg_rsp.exe: 0000087C: 12:03:11 [TUniServerModule]:Server First Init.
syg_rsp.exe: 0000087C: 12:03:11 [TUniServerModule]:Start Path = D:\dev\syg_rsp\src\Win32\Debug\
syg_rsp.exe: 0000087C: 12:03:11 [TUniGUISessionManager]:Cache erase job created, Folder count: [1]
syg_rsp.exe: 0000087C: 12:03:11 [TUniServerModule]:Starting HTTP Server on Port: 8077...
syg_rsp.exe: 0000087C: 12:03:11 [TUniServerModule]:HTTP Server Started on Port: 8077
syg_rsp.exe: 00001488: 12:03:11 [127.0.0.1]:EUniSessionException : Invalid session or session Timeout. (Session not found: zhXnbqYjrV10ABA51DF ) : Addr: $0080E6BF
syg_rsp.exe: 00001488: 12:03:11 [127.0.0.1]:EUniSessionException : Invalid session or session Timeout. (Session not found: zhXnbqYjrV10ABA51DF ) : Addr: $0080E6BF
syg_rsp.exe: 00001488: 12:03:11 [127.0.0.1]:EUniSessionException : Invalid session or session Timeout. (Session not found: zhXnbqYjrV10ABA51DF ) : Addr: $0080E6BF
syg_rsp.exe: 00001488: 12:03:11 [127.0.0.1]:EUniSessionException : Invalid session or session Timeout. (Session not found: zhXnbqYjrV10ABA51DF ) : Addr: $0080E6BF
syg_rsp.exe: 00001488: 12:03:11 [127.0.0.1]:EUniSessionException : Invalid session or session Timeout. (Session not found: zhXnbqYjrV10ABA51DF ) : Addr: $0080E6BF
syg_rsp.exe: 00001488: 12:03:11 [127.0.0.1]:EUniSessionException : Invalid session or session Timeout. (Session not found: zhXnbqYjrV10ABA51DF ) : Addr: $0080E6BF
syg_rsp.exe: 000041F8: 12:03:29 [127.0.0.1]:EDatabaseError : QStand: Champ 'id_type_march' non trouvé : Addr: $0069859E
syg_rsp.exe: 0000087C: 12:04:11 [TUniServerModule]:Shutting Down Server.
syg_rsp.exe: 0000087C: 12:04:11 [TUniServerModule]:Stopping HTTP Server.
syg_rsp.exe: 0000087C: 12:04:12 [TUniServerModule]:HTTP Server Stopped.
syg_rsp.exe: 0000087C: 12:04:12 [TUniGUISessionManager]:Terminating Session manager.
syg_rsp.exe: 0000087C: 12:04:12 [TUniGUISessionManager]:Stopping Cache Eraser...
syg_rsp.exe: 0000087C: 12:04:12 [TUniGUISessionManager]:Cache Eraser Stopped.
syg_rsp.exe: 0000087C: 12:04:12 [TUniGUISessionManager]:Destroying Worker Threads.
syg_rsp.exe: 0000087C: 12:04:12 [TUniGUISessionManager]:Session manager terminated.
syg_rsp.exe: 0000087C: 12:04:12 [TUniServerModule]:Server Shutdown Completed.
syg_rsp.exe: 0000087C: 12:04:12 []:<-------------------------------------------------------------->
syg_rsp.exe: 0000087C: 12:04:12 [Terminated]:Exit Code: 0
syg_rsp.exe: 000006DC: 12:04:15 []:>--------------------------------------------------------------<
syg_rsp.exe: 000006DC: 12:04:15 [TUniServerModule]:Server First Init.
syg_rsp.exe: 000006DC: 12:04:15 [TUniServerModule]:Start Path = D:\dev\syg_rsp\src\Win32\Debug\
syg_rsp.exe: 000006DC: 12:04:15 [TUniGUISessionManager]:Cache erase job created, Folder count: [1]
syg_rsp.exe: 000006DC: 12:04:15 [TUniServerModule]:Starting HTTP Server on Port: 8077...
syg_rsp.exe: 000006DC: 12:04:15 [TUniServerModule]:HTTP Server Started on Port: 8077
syg_rsp.exe: 00003DF0: 12:04:17 [127.0.0.1]:EUniSessionException : Invalid session or session Timeout. (Session not found: gcUkAlOOWZ10ABA5251 ) : Addr: $0080E6BF
syg_rsp.exe: 000006DC: 12:06:19 [TUniServerModule]:Shutting Down Server.
syg_rsp.exe: 000006DC: 12:06:19 [TUniServerModule]:Stopping HTTP Server.
syg_rsp.exe: 000006DC: 12:06:20 [TUniServerModule]:HTTP Server Stopped.
syg_rsp.exe: 000006DC: 12:06:20 [TUniGUISessionManager]:Terminating Session manager.
syg_rsp.exe: 000006DC: 12:06:20 [TUniGUISessionManager]:Stopping Cache Eraser...
syg_rsp.exe: 000006DC: 12:06:20 [TUniGUISessionManager]:Cache Eraser Stopped.
syg_rsp.exe: 000006DC: 12:06:20 [TUniGUISessionManager]:Destroying Worker Threads.
syg_rsp.exe: 000006DC: 12:06:20 [TUniGUISessionManager]:Session manager terminated.
syg_rsp.exe: 000006DC: 12:06:20 [TUniServerModule]:Server Shutdown Completed.
syg_rsp.exe: 000006DC: 12:06:20 []:<-------------------------------------------------------------->
syg_rsp.exe: 000006DC: 12:06:20 [Terminated]:Exit Code: 0
syg_rsp.exe: 00003B3C: 13:27:25 []:>--------------------------------------------------------------<
syg_rsp.exe: 00003B3C: 13:27:25 [TUniServerModule]:Server First Init.
syg_rsp.exe: 00003B3C: 13:27:25 [TUniServerModule]:Start Path = D:\dev\syg_rsp\src\Win32\Debug\
syg_rsp.exe: 00003B3C: 13:27:25 [TUniGUISessionManager]:Cache erase job created, Folder count: [1]
syg_rsp.exe: 00003B3C: 13:27:25 [TUniServerModule]:Starting HTTP Server on Port: 8077...
syg_rsp.exe: 00003B3C: 13:27:25 [TUniServerModule]:HTTP Server Started on Port: 8077
syg_rsp.exe: 000033B8: 13:27:25 [127.0.0.1]:EUniSessionException : Invalid session or session Timeout. (Session not found: KuSPimCgme10ABA529A ) : Addr: $0080E6BF
syg_rsp.exe: 000033B8: 13:27:26 [127.0.0.1]:EUniSessionException : Invalid session or session Timeout. (Session not found: KuSPimCgme10ABA529A ) : Addr: $0080E6BF
syg_rsp.exe: 00003B3C: 13:28:07 [TUniServerModule]:Shutting Down Server.
syg_rsp.exe: 00003B3C: 13:28:07 [TUniServerModule]:Stopping HTTP Server.
syg_rsp.exe: 00003B3C: 13:28:08 [TUniServerModule]:HTTP Server Stopped.
syg_rsp.exe: 00003B3C: 13:28:08 [TUniGUISessionManager]:Terminating Session manager.
syg_rsp.exe: 00003B3C: 13:28:08 [TUniGUISessionManager]:Stopping Cache Eraser...
syg_rsp.exe: 00003B3C: 13:28:08 [TUniGUISessionManager]:Cache Eraser Stopped.
syg_rsp.exe: 00003B3C: 13:28:08 [TUniGUISessionManager]:Destroying Worker Threads.
syg_rsp.exe: 00003B3C: 13:28:08 [TUniGUISessionManager]:Session manager terminated.
syg_rsp.exe: 00003B3C: 13:28:08 [TUniServerModule]:Server Shutdown Completed.
syg_rsp.exe: 00003B3C: 13:28:08 []:<-------------------------------------------------------------->
syg_rsp.exe: 00003B3C: 13:28:08 [Terminated]:Exit Code: 0
syg_rsp.exe: 00004778: 13:28:12 []:>--------------------------------------------------------------<
syg_rsp.exe: 00004778: 13:28:12 [TUniServerModule]:Server First Init.
syg_rsp.exe: 00004778: 13:28:12 [TUniServerModule]:Start Path = D:\dev\syg_rsp\src\Win32\Debug\
syg_rsp.exe: 00004778: 13:28:12 [TUniGUISessionManager]:Cache erase job created, Folder count: [1]
syg_rsp.exe: 00004778: 13:28:13 [TUniServerModule]:Starting HTTP Server on Port: 8077...
syg_rsp.exe: 00004778: 13:28:13 [TUniServerModule]:HTTP Server Started on Port: 8077
syg_rsp.exe: 00004214: 13:28:15 [127.0.0.1]:EUniSessionException : Invalid session or session Timeout. (Session not found: Pe55NGFAPe10ABA692B ) : Addr: $0080E6BF
syg_rsp.exe: 00004778: 13:29:40 [TUniServerModule]:Shutting Down Server.
syg_rsp.exe: 00004778: 13:29:40 [TUniServerModule]:Stopping HTTP Server.
syg_rsp.exe: 00004778: 13:29:41 [TUniServerModule]:HTTP Server Stopped.
syg_rsp.exe: 00004778: 13:29:41 [TUniGUISessionManager]:Terminating Session manager.
syg_rsp.exe: 00004778: 13:29:42 [TUniGUISessionManager]:Stopping Cache Eraser...
syg_rsp.exe: 00004778: 13:29:42 [TUniGUISessionManager]:Cache Eraser Stopped.
syg_rsp.exe: 00004778: 13:29:42 [TUniGUISessionManager]:Destroying Worker Threads.
syg_rsp.exe: 00004778: 13:29:42 [TUniGUISessionManager]:Session manager terminated.
syg_rsp.exe: 00004778: 13:29:42 [TUniServerModule]:Server Shutdown Completed.
syg_rsp.exe: 00004778: 13:29:42 []:<-------------------------------------------------------------->
syg_rsp.exe: 00004778: 13:29:42 [Terminated]:Exit Code: 0
syg_rsp.exe: 00003F04: 13:29:47 []:>--------------------------------------------------------------<
syg_rsp.exe: 00003F04: 13:29:47 [TUniServerModule]:Server First Init.
syg_rsp.exe: 00003F04: 13:29:47 [TUniServerModule]:Start Path = D:\dev\syg_rsp\src\Win32\Debug\
syg_rsp.exe: 00003F04: 13:29:47 [TUniGUISessionManager]:Cache erase job created, Folder count: [1]
syg_rsp.exe: 00003F04: 13:29:47 [TUniServerModule]:Starting HTTP Server on Port: 8077...
syg_rsp.exe: 00003F04: 13:29:47 [TUniServerModule]:HTTP Server Started on Port: 8077
syg_rsp.exe: 00001388: 13:29:50 [127.0.0.1]:EUniSessionException : Invalid session or session Timeout. (Session not found: iCCKlCAh8N10ABA6961 ) : Addr: $0080E6BF
syg_rsp.exe: 00003F04: 13:33:14 [TUniServerModule]:Shutting Down Server.
syg_rsp.exe: 00003F04: 13:33:14 [TUniServerModule]:Stopping HTTP Server.
syg_rsp.exe: 00003F04: 13:33:15 [TUniServerModule]:HTTP Server Stopped.
syg_rsp.exe: 00003F04: 13:33:15 [TUniGUISessionManager]:Terminating Session manager.
syg_rsp.exe: 00003F04: 13:33:15 [TUniGUISessionManager]:Stopping Cache Eraser...
syg_rsp.exe: 00003F04: 13:33:15 [TUniGUISessionManager]:Cache Eraser Stopped.
syg_rsp.exe: 00003F04: 13:33:15 [TUniGUISessionManager]:Destroying Worker Threads.
syg_rsp.exe: 00003F04: 13:33:15 [TUniGUISessionManager]:Session manager terminated.
syg_rsp.exe: 00003F04: 13:33:15 [TUniServerModule]:Server Shutdown Completed.
syg_rsp.exe: 00003F04: 13:33:15 []:<-------------------------------------------------------------->
syg_rsp.exe: 00003F04: 13:33:15 [Terminated]:Exit Code: 0
syg_rsp.exe: 00001BC8: 13:33:18 []:>--------------------------------------------------------------<
syg_rsp.exe: 00001BC8: 13:33:18 [TUniServerModule]:Server First Init.
syg_rsp.exe: 00001BC8: 13:33:18 [TUniServerModule]:Start Path = D:\dev\syg_rsp\src\Win32\Debug\
syg_rsp.exe: 00001BC8: 13:33:18 [TUniGUISessionManager]:Cache erase job created, Folder count: [1]
syg_rsp.exe: 00001BC8: 13:33:19 [TUniServerModule]:Starting HTTP Server on Port: 8077...
syg_rsp.exe: 00001BC8: 13:33:19 [TUniServerModule]:HTTP Server Started on Port: 8077
syg_rsp.exe: 00003974: 13:33:22 [127.0.0.1]:EUniSessionException : Invalid session or session Timeout. (Session not found: lGB8rTrfBr10ABA69CF ) : Addr: $0080E6BF
syg_rsp.exe: 00001BC8: 13:36:20 [TUniServerModule]:Shutting Down Server.
syg_rsp.exe: 00001BC8: 13:36:20 [TUniServerModule]:Stopping HTTP Server.
syg_rsp.exe: 00001BC8: 13:36:21 [TUniServerModule]:HTTP Server Stopped.
syg_rsp.exe: 00001BC8: 13:36:21 [TUniGUISessionManager]:Terminating Session manager.
syg_rsp.exe: 00001BC8: 13:36:21 [TUniGUISessionManager]:Stopping Cache Eraser...
syg_rsp.exe: 00001BC8: 13:36:21 [TUniGUISessionManager]:Cache Eraser Stopped.
syg_rsp.exe: 00001BC8: 13:36:21 [TUniGUISessionManager]:Destroying Worker Threads.
syg_rsp.exe: 00001BC8: 13:36:21 [TUniGUISessionManager]:Session manager terminated.
syg_rsp.exe: 00001BC8: 13:36:21 [TUniServerModule]:Server Shutdown Completed.
syg_rsp.exe: 00001BC8: 13:36:21 []:<-------------------------------------------------------------->
syg_rsp.exe: 00001BC8: 13:36:21 [Terminated]:Exit Code: 0
syg_rsp.exe: 00004524: 13:36:26 []:>--------------------------------------------------------------<
syg_rsp.exe: 00004524: 13:36:26 [TUniServerModule]:Server First Init.
syg_rsp.exe: 00004524: 13:36:26 [TUniServerModule]:Start Path = D:\dev\syg_rsp\src\Win32\Debug\
syg_rsp.exe: 00004524: 13:36:26 [TUniGUISessionManager]:Cache erase job created, Folder count: [1]
syg_rsp.exe: 00004524: 13:36:26 [TUniServerModule]:Starting HTTP Server on Port: 8077...
syg_rsp.exe: 00004524: 13:36:26 [TUniServerModule]:HTTP Server Started on Port: 8077
syg_rsp.exe: 00004778: 13:36:28 [127.0.0.1]:EUniSessionException : Invalid session or session Timeout. (Session not found: rkZaqj6jwf10ABA6AC4 ) : Addr: $0080E6BF
syg_rsp.exe: 00004524: 13:38:43 [TUniServerModule]:Shutting Down Server.
syg_rsp.exe: 00004524: 13:38:43 [TUniServerModule]:Stopping HTTP Server.
syg_rsp.exe: 00004524: 13:38:44 [TUniServerModule]:HTTP Server Stopped.
syg_rsp.exe: 00004524: 13:38:44 [TUniGUISessionManager]:Terminating Session manager.
syg_rsp.exe: 00004524: 13:38:44 [TUniGUISessionManager]:Stopping Cache Eraser...
syg_rsp.exe: 00004524: 13:38:44 [TUniGUISessionManager]:Cache Eraser Stopped.
syg_rsp.exe: 00004524: 13:38:44 [TUniGUISessionManager]:Destroying Worker Threads.
syg_rsp.exe: 00004524: 13:38:44 [TUniGUISessionManager]:Session manager terminated.
syg_rsp.exe: 00004524: 13:38:44 [TUniServerModule]:Server Shutdown Completed.
syg_rsp.exe: 00004524: 13:38:44 []:<-------------------------------------------------------------->
syg_rsp.exe: 00004524: 13:38:44 [Terminated]:Exit Code: 0
syg_rsp.exe: 0000171C: 13:38:47 []:>--------------------------------------------------------------<
syg_rsp.exe: 0000171C: 13:38:47 [TUniServerModule]:Server First Init.
syg_rsp.exe: 0000171C: 13:38:47 [TUniServerModule]:Start Path = D:\dev\syg_rsp\src\Win32\Debug\
syg_rsp.exe: 0000171C: 13:38:47 [TUniGUISessionManager]:Cache erase job created, Folder count: [1]
syg_rsp.exe: 0000171C: 13:38:47 [TUniServerModule]:Starting HTTP Server on Port: 8077...
syg_rsp.exe: 0000171C: 13:38:47 [TUniServerModule]:HTTP Server Started on Port: 8077
syg_rsp.exe: 000038A8: 13:38:49 [127.0.0.1]:EUniSessionException : Invalid session or session Timeout. (Session not found: qf3tfb2b1A10ABA6B9C ) : Addr: $0080E6BF
syg_rsp.exe: 00004B1C: 14:58:01 [127.0.0.1]:EUniSessionException : Invalid session or session Timeout. (Session not found: RqtBnfjVTP10ABA6C3E ) : Addr: $0080E6BF
syg_rsp.exe: 0000171C: 15:10:05 [TUniServerModule]:Shutting Down Server.
syg_rsp.exe: 0000171C: 15:10:05 [TUniServerModule]:Stopping HTTP Server.
syg_rsp.exe: 0000171C: 15:10:06 [TUniServerModule]:HTTP Server Stopped.
syg_rsp.exe: 0000171C: 15:10:06 [TUniGUISessionManager]:Terminating Session manager.
syg_rsp.exe: 0000171C: 15:10:06 [TUniGUISessionManager]:Stopping Cache Eraser...
syg_rsp.exe: 0000171C: 15:10:07 [TUniGUISessionManager]:Cache Eraser Stopped.
syg_rsp.exe: 0000171C: 15:10:07 [TUniGUISessionManager]:Destroying Worker Threads.
syg_rsp.exe: 0000171C: 15:10:07 [TUniGUISessionManager]:Session manager terminated.
syg_rsp.exe: 0000171C: 15:10:07 [TUniServerModule]:Server Shutdown Completed.
syg_rsp.exe: 0000171C: 15:10:07 []:<-------------------------------------------------------------->
syg_rsp.exe: 0000171C: 15:10:07 [Terminated]:Exit Code: 0
syg_rsp.exe: 00003B20: 15:10:09 []:>--------------------------------------------------------------<
syg_rsp.exe: 00003B20: 15:10:09 [TUniServerModule]:Server First Init.
syg_rsp.exe: 00003B20: 15:10:09 [TUniServerModule]:Start Path = D:\dev\syg_rsp\src\Win32\Debug\
syg_rsp.exe: 00003B20: 15:10:09 [TUniGUISessionManager]:Cache erase job created, Folder count: [1]
syg_rsp.exe: 00003B20: 15:10:09 [TUniServerModule]:Starting HTTP Server on Port: 8077...
syg_rsp.exe: 00003B20: 15:10:09 [TUniServerModule]:HTTP Server Started on Port: 8077
syg_rsp.exe: 00003F8C: 15:10:10 [127.0.0.1]:EUniSessionException : Invalid session or session Timeout. (Session not found: 4dbo3Q64Xf10ABA81BA ) : Addr: $0080E6BF
syg_rsp.exe: 00003B20: 15:11:23 [TUniServerModule]:Shutting Down Server.
syg_rsp.exe: 00003B20: 15:11:23 [TUniServerModule]:Stopping HTTP Server.
syg_rsp.exe: 00003B20: 15:11:24 [TUniServerModule]:HTTP Server Stopped.
syg_rsp.exe: 00003B20: 15:11:24 [TUniGUISessionManager]:Terminating Session manager.
syg_rsp.exe: 00003B20: 15:11:24 [TUniGUISessionManager]:Stopping Cache Eraser...
syg_rsp.exe: 00003B20: 15:11:24 [TUniGUISessionManager]:Cache Eraser Stopped.
syg_rsp.exe: 00003B20: 15:11:24 [TUniGUISessionManager]:Destroying Worker Threads.
syg_rsp.exe: 00003B20: 15:11:24 [TUniGUISessionManager]:Session manager terminated.
syg_rsp.exe: 00003B20: 15:11:24 [TUniServerModule]:Server Shutdown Completed.
syg_rsp.exe: 00003B20: 15:11:24 []:<-------------------------------------------------------------->
syg_rsp.exe: 00003B20: 15:11:24 [Terminated]:Exit Code: 0
syg_rsp.exe: 0000118C: 15:11:28 []:>--------------------------------------------------------------<
syg_rsp.exe: 0000118C: 15:11:28 [TUniServerModule]:Server First Init.
syg_rsp.exe: 0000118C: 15:11:28 [TUniServerModule]:Start Path = D:\dev\syg_rsp\src\Win32\Debug\
syg_rsp.exe: 0000118C: 15:11:28 [TUniGUISessionManager]:Cache erase job created, Folder count: [1]
syg_rsp.exe: 0000118C: 15:11:28 [TUniServerModule]:Starting HTTP Server on Port: 8077...
syg_rsp.exe: 0000118C: 15:11:28 [TUniServerModule]:HTTP Server Started on Port: 8077
syg_rsp.exe: 00001B0C: 15:11:31 [127.0.0.1]:EUniSessionException : Invalid session or session Timeout. (Session not found: 7D3RrtVAG710ABA8507 ) : Addr: $0080E6BF
syg_rsp.exe: 00001CB4: 15:47:45 [127.0.0.1]:EUniSessionException : Invalid session or session Timeout. (Session not found: mUTPHVPtLR10ABA8564 ) : Addr: $0080E6BF
syg_rsp.exe: 0000118C: 15:48:05 [TUniServerModule]:Shutting Down Server.
syg_rsp.exe: 0000118C: 15:48:05 [TUniServerModule]:Stopping HTTP Server.
syg_rsp.exe: 0000118C: 15:48:06 [TUniServerModule]:HTTP Server Stopped.
syg_rsp.exe: 0000118C: 15:48:06 [TUniGUISessionManager]:Terminating Session manager.
syg_rsp.exe: 0000118C: 15:48:06 [TUniGUISessionManager]:Stopping Cache Eraser...
syg_rsp.exe: 0000118C: 15:48:06 [TUniGUISessionManager]:Cache Eraser Stopped.
syg_rsp.exe: 0000118C: 15:48:06 [TUniGUISessionManager]:Destroying Worker Threads.
syg_rsp.exe: 0000118C: 15:48:06 [TUniGUISessionManager]:Session manager terminated.
syg_rsp.exe: 0000118C: 15:48:06 [TUniServerModule]:Server Shutdown Completed.
syg_rsp.exe: 0000118C: 15:48:06 []:<-------------------------------------------------------------->
syg_rsp.exe: 0000118C: 15:48:06 [Terminated]:Exit Code: 0
syg_rsp.exe: 00003590: 15:48:10 []:>--------------------------------------------------------------<
syg_rsp.exe: 00003590: 15:48:10 [TUniServerModule]:Server First Init.
syg_rsp.exe: 00003590: 15:48:10 [TUniServerModule]:Start Path = D:\dev\syg_rsp\src\Win32\Debug\
syg_rsp.exe: 00003590: 15:48:10 [TUniGUISessionManager]:Cache erase job created, Folder count: [1]
syg_rsp.exe: 00003590: 15:48:10 [TUniServerModule]:Starting HTTP Server on Port: 8077...
syg_rsp.exe: 00003590: 15:48:10 [TUniServerModule]:HTTP Server Started on Port: 8077
syg_rsp.exe: 00000454: 15:48:12 [127.0.0.1]:EUniSessionException : Invalid session or session Timeout. (Session not found: wUi4LOgPPU10ABA8F38 ) : Addr: $0080E6BF
syg_rsp.exe: 00003590: 15:50:53 [TUniServerModule]:Shutting Down Server.
syg_rsp.exe: 00003590: 15:50:53 [TUniServerModule]:Stopping HTTP Server.
syg_rsp.exe: 00003590: 15:50:54 [TUniServerModule]:HTTP Server Stopped.
syg_rsp.exe: 00003590: 15:50:54 [TUniGUISessionManager]:Terminating Session manager.
syg_rsp.exe: 00003590: 15:50:54 [TUniGUISessionManager]:Stopping Cache Eraser...
syg_rsp.exe: 00003590: 15:50:54 [TUniGUISessionManager]:Cache Eraser Stopped.
syg_rsp.exe: 00003590: 15:50:54 [TUniGUISessionManager]:Destroying Worker Threads.
syg_rsp.exe: 00003590: 15:50:54 [TUniGUISessionManager]:Session manager terminated.
syg_rsp.exe: 00003590: 15:50:54 [TUniServerModule]:Server Shutdown Completed.
syg_rsp.exe: 00003590: 15:50:54 []:<-------------------------------------------------------------->
syg_rsp.exe: 00003590: 15:50:54 [Terminated]:Exit Code: 0
syg_rsp.exe: 00002188: 15:51:03 []:>--------------------------------------------------------------<
syg_rsp.exe: 00002188: 15:51:03 [TUniServerModule]:Server First Init.
syg_rsp.exe: 00002188: 15:51:03 [TUniServerModule]:Start Path = D:\dev\syg_rsp\src\Win32\Debug\
syg_rsp.exe: 00002188: 15:51:03 [TUniGUISessionManager]:Cache erase job created, Folder count: [1]
syg_rsp.exe: 00002188: 15:51:03 [TUniServerModule]:Starting HTTP Server on Port: 8077...
syg_rsp.exe: 00002188: 15:51:03 [TUniServerModule]:HTTP Server Started on Port: 8077
syg_rsp.exe: 000020C4: 15:51:05 [127.0.0.1]:EUniSessionException : Invalid session or session Timeout. (Session not found: Ss4wv1jHam10ABA8F58 ) : Addr: $0080E6BF
syg_rsp.exe: 00002188: 16:01:49 [TUniServerModule]:Shutting Down Server.
syg_rsp.exe: 00002188: 16:01:49 [TUniServerModule]:Stopping HTTP Server.
syg_rsp.exe: 00002188: 16:01:50 [TUniServerModule]:HTTP Server Stopped.
syg_rsp.exe: 00002188: 16:01:50 [TUniGUISessionManager]:Terminating Session manager.
syg_rsp.exe: 00002188: 16:01:50 [TUniGUISessionManager]:Stopping Cache Eraser...
syg_rsp.exe: 00002188: 16:01:50 [TUniGUISessionManager]:Cache Eraser Stopped.
syg_rsp.exe: 00002188: 16:01:50 [TUniGUISessionManager]:Destroying Worker Threads.
syg_rsp.exe: 00002188: 16:01:50 [TUniGUISessionManager]:Session manager terminated.
syg_rsp.exe: 00002188: 16:01:50 [TUniServerModule]:Server Shutdown Completed.
syg_rsp.exe: 00002188: 16:01:50 []:<-------------------------------------------------------------->
syg_rsp.exe: 00002188: 16:01:50 [Terminated]:Exit Code: 0
syg_rsp.exe: 00003C3C: 16:01:58 []:>--------------------------------------------------------------<
syg_rsp.exe: 00003C3C: 16:01:58 [TUniServerModule]:Server First Init.
syg_rsp.exe: 00003C3C: 16:01:58 [TUniServerModule]:Start Path = D:\dev\syg_rsp\src\Win32\Debug\
syg_rsp.exe: 00003C3C: 16:01:58 [TUniGUISessionManager]:Cache erase job created, Folder count: [1]
syg_rsp.exe: 00003C3C: 16:01:58 [TUniServerModule]:Starting HTTP Server on Port: 8077...
syg_rsp.exe: 00003C3C: 16:01:58 [TUniServerModule]:HTTP Server Started on Port: 8077
syg_rsp.exe: 00003988: 16:02:00 [127.0.0.1]:EUniSessionException : Invalid session or session Timeout. (Session not found: 5JR2WOnC7c10ABA92ED ) : Addr: $0080E6BF
syg_rsp.exe: 0000473C: 16:15:03 [127.0.0.1]:EUniSessionException : Invalid session or session Timeout. (Session not found: WNQQFwclTs10ABA9317 ) : Addr: $0080E6BF
syg_rsp.exe: 00003C3C: 16:17:37 [TUniServerModule]:Shutting Down Server.
syg_rsp.exe: 00003C3C: 16:17:37 [TUniServerModule]:Stopping HTTP Server.
syg_rsp.exe: 00003C3C: 16:17:38 [TUniServerModule]:HTTP Server Stopped.
syg_rsp.exe: 00003C3C: 16:17:38 [TUniGUISessionManager]:Terminating Session manager.
syg_rsp.exe: 00003C3C: 16:17:38 [TUniGUISessionManager]:Stopping Cache Eraser...
syg_rsp.exe: 00003C3C: 16:17:38 [TUniGUISessionManager]:Cache Eraser Stopped.
syg_rsp.exe: 00003C3C: 16:17:38 [TUniGUISessionManager]:Destroying Worker Threads.
syg_rsp.exe: 00003C3C: 16:17:38 [TUniGUISessionManager]:Session manager terminated.
syg_rsp.exe: 00003C3C: 16:17:38 [TUniServerModule]:Server Shutdown Completed.
syg_rsp.exe: 00003C3C: 16:17:38 []:<-------------------------------------------------------------->
syg_rsp.exe: 00003C3C: 16:17:38 [Terminated]:Exit Code: 0
syg_rsp.exe: 00001F3C: 16:17:47 []:>--------------------------------------------------------------<
syg_rsp.exe: 00001F3C: 16:17:47 [TUniServerModule]:Server First Init.
syg_rsp.exe: 00001F3C: 16:17:47 [TUniServerModule]:Start Path = D:\dev\syg_rsp\src\Win32\Debug\
syg_rsp.exe: 00001F3C: 16:17:47 [TUniGUISessionManager]:Cache erase job created, Folder count: [1]
syg_rsp.exe: 00001F3C: 16:17:47 [TUniServerModule]:Starting HTTP Server on Port: 8077...
syg_rsp.exe: 00001F3C: 16:17:47 [TUniServerModule]:HTTP Server Started on Port: 8077
syg_rsp.exe: 00004AF8: 16:17:49 [127.0.0.1]:EUniSessionException : Invalid session or session Timeout. (Session not found: dXCjuTbzoT10ABA96A4 ) : Addr: $0080E6BF
syg_rsp.exe: 00001F3C: 16:18:44 [TUniServerModule]:Shutting Down Server.
syg_rsp.exe: 00001F3C: 16:18:44 [TUniServerModule]:Stopping HTTP Server.
syg_rsp.exe: 00001F3C: 16:18:45 [TUniServerModule]:HTTP Server Stopped.
syg_rsp.exe: 00001F3C: 16:18:45 [TUniGUISessionManager]:Terminating Session manager.
syg_rsp.exe: 00001F3C: 16:18:45 [TUniGUISessionManager]:Stopping Cache Eraser...
syg_rsp.exe: 00001F3C: 16:18:45 [TUniGUISessionManager]:Cache Eraser Stopped.
syg_rsp.exe: 00001F3C: 16:18:45 [TUniGUISessionManager]:Destroying Worker Threads.
syg_rsp.exe: 00001F3C: 16:18:45 [TUniGUISessionManager]:Session manager terminated.
syg_rsp.exe: 00001F3C: 16:18:45 [TUniServerModule]:Server Shutdown Completed.
syg_rsp.exe: 00001F3C: 16:18:45 []:<-------------------------------------------------------------->
syg_rsp.exe: 00001F3C: 16:18:45 [Terminated]:Exit Code: 0
syg_rsp.exe: 00002C8C: 16:18:48 []:>--------------------------------------------------------------<
syg_rsp.exe: 00002C8C: 16:18:48 [TUniServerModule]:Server First Init.
syg_rsp.exe: 00002C8C: 16:18:48 [TUniServerModule]:Start Path = D:\dev\syg_rsp\src\Win32\Debug\
syg_rsp.exe: 00002C8C: 16:18:48 [TUniGUISessionManager]:Cache erase job created, Folder count: [1]
syg_rsp.exe: 00002C8C: 16:18:48 [TUniServerModule]:Starting HTTP Server on Port: 8077...
syg_rsp.exe: 00002C8C: 16:18:48 [TUniServerModule]:HTTP Server Started on Port: 8077
syg_rsp.exe: 00004114: 16:18:49 [127.0.0.1]:EUniSessionException : Invalid session or session Timeout. (Session not found: r6bxQBQxsU10ABA9760 ) : Addr: $0080E6BF
syg_rsp.exe: 00002C8C: 16:31:46 [TUniServerModule]:Shutting Down Server.
syg_rsp.exe: 00002C8C: 16:31:46 [TUniServerModule]:Stopping HTTP Server.
syg_rsp.exe: 00002C8C: 16:31:47 [TUniServerModule]:HTTP Server Stopped.
syg_rsp.exe: 00002C8C: 16:31:47 [TUniGUISessionManager]:Terminating Session manager.
syg_rsp.exe: 00002C8C: 16:31:47 [TUniGUISessionManager]:Stopping Cache Eraser...
syg_rsp.exe: 00002C8C: 16:31:47 [TUniGUISessionManager]:Cache Eraser Stopped.
syg_rsp.exe: 00002C8C: 16:31:47 [TUniGUISessionManager]:Destroying Worker Threads.
syg_rsp.exe: 00002C8C: 16:31:47 [TUniGUISessionManager]:Session manager terminated.
syg_rsp.exe: 00002C8C: 16:31:47 [TUniServerModule]:Server Shutdown Completed.
syg_rsp.exe: 00002C8C: 16:31:47 []:<-------------------------------------------------------------->
syg_rsp.exe: 00002C8C: 16:31:47 [Terminated]:Exit Code: 0
syg_rsp.exe: 00004898: 16:31:50 []:>--------------------------------------------------------------<
syg_rsp.exe: 00004898: 16:31:50 [TUniServerModule]:Server First Init.
syg_rsp.exe: 00004898: 16:31:50 [TUniServerModule]:Start Path = D:\dev\syg_rsp\src\Win32\Debug\
syg_rsp.exe: 00004898: 16:31:50 [TUniServerModule]:Starting HTTP Server on Port: 8077...
syg_rsp.exe: 00004898: 16:31:50 [TUniServerModule]:HTTP Server Started on Port: 8077
syg_rsp.exe: 00003EF8: 16:31:54 [127.0.0.1]:EUniSessionException : Invalid session or session Timeout. (Session not found: haOGA4rd4l10ABA97A6 ) : Addr: $0080E6BF
syg_rsp.exe: 00004898: 16:37:55 [TUniServerModule]:Shutting Down Server.
syg_rsp.exe: 00004898: 16:37:55 [TUniServerModule]:Stopping HTTP Server.
syg_rsp.exe: 00004898: 16:37:56 [TUniServerModule]:HTTP Server Stopped.
syg_rsp.exe: 00004898: 16:37:56 [TUniGUISessionManager]:Terminating Session manager.
syg_rsp.exe: 00004898: 16:37:56 [TUniGUISessionManager]:Stopping Cache Eraser...
syg_rsp.exe: 00004898: 16:37:56 [TUniGUISessionManager]:Cache Eraser Stopped.
syg_rsp.exe: 00004898: 16:37:56 [TUniGUISessionManager]:Destroying Worker Threads.
syg_rsp.exe: 00004898: 16:37:56 [TUniGUISessionManager]:Session manager terminated.
syg_rsp.exe: 00004898: 16:37:56 [TUniServerModule]:Server Shutdown Completed.
syg_rsp.exe: 00004898: 16:37:56 []:<-------------------------------------------------------------->
syg_rsp.exe: 00004898: 16:37:56 [Terminated]:Exit Code: 0
syg_rsp.exe: 000039C4: 16:38:00 []:>--------------------------------------------------------------<
syg_rsp.exe: 000039C4: 16:38:00 [TUniServerModule]:Server First Init.
syg_rsp.exe: 000039C4: 16:38:00 [TUniServerModule]:Start Path = D:\dev\syg_rsp\src\Win32\Debug\
syg_rsp.exe: 000039C4: 16:38:00 [TUniGUISessionManager]:Cache erase job created, Folder count: [1]
syg_rsp.exe: 000039C4: 16:38:00 [TUniServerModule]:Starting HTTP Server on Port: 8077...
syg_rsp.exe: 000039C4: 16:38:00 [TUniServerModule]:HTTP Server Started on Port: 8077
syg_rsp.exe: 00002B6C: 16:38:03 [127.0.0.1]:EUniSessionException : Invalid session or session Timeout. (Session not found: 6OUcHrQn8t10ABA9B32 ) : Addr: $0080E6BF
syg_rsp.exe: 000039C4: 16:39:04 [TUniServerModule]:Shutting Down Server.
syg_rsp.exe: 000039C4: 16:39:04 [TUniServerModule]:Stopping HTTP Server.
syg_rsp.exe: 000039C4: 16:39:05 [TUniServerModule]:HTTP Server Stopped.
syg_rsp.exe: 000039C4: 16:39:05 [TUniGUISessionManager]:Terminating Session manager.
syg_rsp.exe: 000039C4: 16:39:05 [TUniGUISessionManager]:Stopping Cache Eraser...
syg_rsp.exe: 000039C4: 16:39:05 [TUniGUISessionManager]:Cache Eraser Stopped.
syg_rsp.exe: 000039C4: 16:39:05 [TUniGUISessionManager]:Destroying Worker Threads.
syg_rsp.exe: 000039C4: 16:39:05 [TUniGUISessionManager]:Session manager terminated.
syg_rsp.exe: 000039C4: 16:39:05 [TUniServerModule]:Server Shutdown Completed.
syg_rsp.exe: 000039C4: 16:39:05 []:<-------------------------------------------------------------->
syg_rsp.exe: 000039C4: 16:39:05 [Terminated]:Exit Code: 0
syg_rsp.exe: 00003E20: 16:39:12 []:>--------------------------------------------------------------<
syg_rsp.exe: 00003E20: 16:39:12 [TUniServerModule]:Server First Init.
syg_rsp.exe: 00003E20: 16:39:12 [TUniServerModule]:Start Path = D:\dev\syg_rsp\src\Win32\Debug\
syg_rsp.exe: 00003E20: 16:39:12 [TUniGUISessionManager]:Cache erase job created, Folder count: [1]
syg_rsp.exe: 00003E20: 16:39:12 [TUniServerModule]:Starting HTTP Server on Port: 8077...
syg_rsp.exe: 00003E20: 16:39:12 [TUniServerModule]:HTTP Server Started on Port: 8077
syg_rsp.exe: 000033D0: 16:39:22 [127.0.0.1]:EUniSessionException : Invalid session or session Timeout. (Session not found: jiAHrr2xBQ10ABA9CDE ) : Addr: $0080E6BF
syg_rsp.exe: 000033D0: 16:39:57 [127.0.0.1]:EDatabaseError : DQ_Grid_TM: Impossible d'effectuer cette opération sur un ensemble de données fermé : Addr: $0069859E
syg_rsp.exe: 00003E20: 16:40:33 [TUniServerModule]:Shutting Down Server.
syg_rsp.exe: 00003E20: 16:40:33 [TUniServerModule]:Stopping HTTP Server.
syg_rsp.exe: 00003E20: 16:40:34 [TUniServerModule]:HTTP Server Stopped.
syg_rsp.exe: 00003E20: 16:40:34 [TUniGUISessionManager]:Terminating Session manager.
syg_rsp.exe: 00003E20: 16:40:34 [TUniGUISessionManager]:Stopping Cache Eraser...
syg_rsp.exe: 00003E20: 16:40:34 [TUniGUISessionManager]:Cache Eraser Stopped.
syg_rsp.exe: 00003E20: 16:40:34 [TUniGUISessionManager]:Destroying Worker Threads.
syg_rsp.exe: 00003E20: 16:40:34 [TUniGUISessionManager]:Session manager terminated.
syg_rsp.exe: 00003E20: 16:40:34 [TUniServerModule]:Server Shutdown Completed.
syg_rsp.exe: 00003E20: 16:40:34 []:<-------------------------------------------------------------->
syg_rsp.exe: 00003E20: 16:40:34 [Terminated]:Exit Code: 0
syg_rsp.exe: 00004060: 16:40:36 []:>--------------------------------------------------------------<
syg_rsp.exe: 00004060: 16:40:36 [TUniServerModule]:Server First Init.
syg_rsp.exe: 00004060: 16:40:36 [TUniServerModule]:Start Path = D:\dev\syg_rsp\src\Win32\Debug\
syg_rsp.exe: 00004060: 16:40:36 [TUniGUISessionManager]:Cache erase job created, Folder count: [1]
syg_rsp.exe: 00004060: 16:40:36 [TUniServerModule]:Starting HTTP Server on Port: 8077...
syg_rsp.exe: 00004060: 16:40:36 [TUniServerModule]:HTTP Server Started on Port: 8077
syg_rsp.exe: 000021A8: 16:40:42 [127.0.0.1]:EUniSessionException : Invalid session or session Timeout. (Session not found: 1HkqBffSLZ10ABA9D39 ) : Addr: $0080E6BF
syg_rsp.exe: 00004060: 16:57:08 [TUniServerModule]:Shutting Down Server.
syg_rsp.exe: 00004060: 16:57:08 [TUniServerModule]:Stopping HTTP Server.
syg_rsp.exe: 00004060: 16:57:09 [TUniServerModule]:HTTP Server Stopped.
syg_rsp.exe: 00004060: 16:57:09 [TUniGUISessionManager]:Terminating Session manager.
syg_rsp.exe: 00004060: 16:57:09 [TUniGUISessionManager]:Stopping Cache Eraser...
syg_rsp.exe: 00004060: 16:57:09 [TUniGUISessionManager]:Cache Eraser Stopped.
syg_rsp.exe: 00004060: 16:57:09 [TUniGUISessionManager]:Destroying Worker Threads.
syg_rsp.exe: 00004060: 16:57:09 [TUniGUISessionManager]:Session manager terminated.
syg_rsp.exe: 00004060: 16:57:09 [TUniServerModule]:Server Shutdown Completed.
syg_rsp.exe: 00004060: 16:57:09 []:<-------------------------------------------------------------->
syg_rsp.exe: 00004060: 16:57:09 [Terminated]:Exit Code: 0
syg_rsp.exe: 00002DA0: 16:57:14 []:>--------------------------------------------------------------<
syg_rsp.exe: 00002DA0: 16:57:14 [TUniServerModule]:Server First Init.
syg_rsp.exe: 00002DA0: 16:57:14 [TUniServerModule]:Start Path = D:\dev\syg_rsp\src\Win32\Debug\
syg_rsp.exe: 00002DA0: 16:57:14 [TUniServerModule]:Starting HTTP Server on Port: 8077...
syg_rsp.exe: 00002DA0: 16:57:14 [TUniServerModule]:HTTP Server Started on Port: 8077
syg_rsp.exe: 0000228C: 16:57:16 []:>--------------------------------------------------------------<
syg_rsp.exe: 0000228C: 16:57:16 [TUniServerModule]:Server First Init.
syg_rsp.exe: 0000228C: 16:57:16 [TUniServerModule]:Start Path = D:\dev\syg_rsp\src\Win32\Debug\
syg_rsp.exe: 0000228C: 16:57:16 [TUniServerModule]:Starting HTTP Server on Port: 8077...
syg_rsp.exe: 0000228C: 16:57:16 [InitWebServer]:EIdCouldNotBindSocket : Could not bind socket. : Addr: $007017DF
syg_rsp.exe: 00004B64: 16:57:20 [127.0.0.1]:EUniSessionException : Invalid session or session Timeout. (Session not found: 1GWW7lUBLn10ABA9D95 ) : Addr: $0080E6BF
syg_rsp.exe: 0000228C: 16:59:27 [TUniServerModule]:Shutting Down Server.
syg_rsp.exe: 0000228C: 16:59:27 [TUniServerModule]:Stopping HTTP Server.
syg_rsp.exe: 0000228C: 16:59:28 [TUniServerModule]:HTTP Server Stopped.
syg_rsp.exe: 0000228C: 16:59:28 [TUniGUISessionManager]:Terminating Session manager.
syg_rsp.exe: 0000228C: 16:59:28 [TUniGUISessionManager]:Stopping Cache Eraser...
syg_rsp.exe: 0000228C: 16:59:28 [TUniGUISessionManager]:Cache Eraser Stopped.
syg_rsp.exe: 0000228C: 16:59:28 [TUniGUISessionManager]:Destroying Worker Threads.
syg_rsp.exe: 0000228C: 16:59:28 [TUniGUISessionManager]:Session manager terminated.
syg_rsp.exe: 0000228C: 16:59:28 [TUniServerModule]:Server Shutdown Completed.
syg_rsp.exe: 0000228C: 16:59:28 []:<-------------------------------------------------------------->
syg_rsp.exe: 0000228C: 16:59:28 [Terminated]:Exit Code: 0
syg_rsp.exe: 00002DA0: 16:59:29 [TUniServerModule]:Shutting Down Server.
syg_rsp.exe: 00002DA0: 16:59:29 [TUniServerModule]:Stopping HTTP Server.
syg_rsp.exe: 00002DA0: 16:59:30 [TUniServerModule]:HTTP Server Stopped.
syg_rsp.exe: 00002DA0: 16:59:30 [TUniGUISessionManager]:Terminating Session manager.
syg_rsp.exe: 00002DA0: 16:59:30 [TUniGUISessionManager]:Stopping Cache Eraser...
syg_rsp.exe: 00002DA0: 16:59:30 [TUniGUISessionManager]:Cache Eraser Stopped.
syg_rsp.exe: 00002DA0: 16:59:31 [TUniGUISessionManager]:Destroying Worker Threads.
syg_rsp.exe: 00002DA0: 16:59:31 [TUniGUISessionManager]:Session manager terminated.
syg_rsp.exe: 00002DA0: 16:59:31 [TUniServerModule]:Server Shutdown Completed.
syg_rsp.exe: 00002DA0: 16:59:31 []:<-------------------------------------------------------------->
syg_rsp.exe: 00002DA0: 16:59:31 [Terminated]:Exit Code: 0
syg_rsp.exe: 00003D9C: 16:59:34 []:>--------------------------------------------------------------<
syg_rsp.exe: 00003D9C: 16:59:34 [TUniServerModule]:Server First Init.
syg_rsp.exe: 00003D9C: 16:59:34 [TUniServerModule]:Start Path = D:\dev\syg_rsp\src\Win32\Debug\
syg_rsp.exe: 00003D9C: 16:59:34 [TUniGUISessionManager]:Cache erase job created, Folder count: [1]
syg_rsp.exe: 00003D9C: 16:59:34 [TUniServerModule]:Starting HTTP Server on Port: 8077...
syg_rsp.exe: 00003D9C: 16:59:34 [TUniServerModule]:HTTP Server Started on Port: 8077
syg_rsp.exe: 000043B4: 16:59:36 [127.0.0.1]:EUniSessionException : Invalid session or session Timeout. (Session not found: ObiSLaFpFP10ABAA218 ) : Addr: $0080E6BF
syg_rsp.exe: 00003D9C: 17:06:29 [TUniServerModule]:Shutting Down Server.
syg_rsp.exe: 00003D9C: 17:06:29 [TUniServerModule]:Stopping HTTP Server.
syg_rsp.exe: 00003D9C: 17:06:29 [TUniServerModule]:HTTP Server Stopped.
syg_rsp.exe: 00003D9C: 17:06:29 [TUniGUISessionManager]:Terminating Session manager.
syg_rsp.exe: 00003D9C: 17:06:29 [TUniGUISessionManager]:Stopping Cache Eraser...
syg_rsp.exe: 00003D9C: 17:06:29 [TUniGUISessionManager]:Cache Eraser Stopped.
syg_rsp.exe: 00003D9C: 17:06:30 [TUniGUISessionManager]:Destroying Worker Threads.
syg_rsp.exe: 00003D9C: 17:06:30 [TUniGUISessionManager]:Session manager terminated.
syg_rsp.exe: 00003D9C: 17:06:30 [TUniServerModule]:Server Shutdown Completed.
syg_rsp.exe: 00003D9C: 17:06:30 []:<-------------------------------------------------------------->
syg_rsp.exe: 00003D9C: 17:06:30 [Terminated]:Exit Code: 0
syg_rsp.exe: 0000474C: 17:06:39 []:>--------------------------------------------------------------<
syg_rsp.exe: 0000474C: 17:06:39 [TUniServerModule]:Server First Init.
syg_rsp.exe: 0000474C: 17:06:39 [TUniServerModule]:Start Path = D:\dev\syg_rsp\src\Win32\Debug\
syg_rsp.exe: 0000474C: 17:06:39 [TUniGUISessionManager]:Cache erase job created, Folder count: [1]
syg_rsp.exe: 0000474C: 17:06:39 [TUniServerModule]:Starting HTTP Server on Port: 8077...
syg_rsp.exe: 0000474C: 17:06:39 [TUniServerModule]:HTTP Server Started on Port: 8077
syg_rsp.exe: 00003F30: 17:06:42 [127.0.0.1]:EUniSessionException : Invalid session or session Timeout. (Session not found: flozgW96hJ10ABAA2B6 ) : Addr: $0080E6BF
syg_rsp.exe: 0000474C: 17:07:04 [TUniServerModule]:Shutting Down Server.
syg_rsp.exe: 0000474C: 17:07:04 [TUniServerModule]:Stopping HTTP Server.
syg_rsp.exe: 0000474C: 17:07:05 [TUniServerModule]:HTTP Server Stopped.
syg_rsp.exe: 0000474C: 17:07:05 [TUniGUISessionManager]:Terminating Session manager.
syg_rsp.exe: 0000474C: 17:07:05 [TUniGUISessionManager]:Stopping Cache Eraser...
syg_rsp.exe: 0000474C: 17:07:05 [TUniGUISessionManager]:Cache Eraser Stopped.
syg_rsp.exe: 0000474C: 17:07:05 [TUniGUISessionManager]:Destroying Worker Threads.
syg_rsp.exe: 0000474C: 17:07:05 [TUniGUISessionManager]:Session manager terminated.
syg_rsp.exe: 0000474C: 17:07:05 [TUniServerModule]:Server Shutdown Completed.
syg_rsp.exe: 0000474C: 17:07:05 []:<-------------------------------------------------------------->
syg_rsp.exe: 0000474C: 17:07:05 [Terminated]:Exit Code: 0
syg_rsp.exe: 00002174: 17:07:07 []:>--------------------------------------------------------------<
syg_rsp.exe: 00002174: 17:07:07 [TUniServerModule]:Server First Init.
syg_rsp.exe: 00002174: 17:07:07 [TUniServerModule]:Start Path = D:\dev\syg_rsp\src\Win32\Debug\
syg_rsp.exe: 00002174: 17:07:07 [TUniGUISessionManager]:Cache erase job created, Folder count: [1]
syg_rsp.exe: 00002174: 17:07:07 [TUniServerModule]:Starting HTTP Server on Port: 8077...
syg_rsp.exe: 00002174: 17:07:07 [TUniServerModule]:HTTP Server Started on Port: 8077
syg_rsp.exe: 0000105C: 17:07:10 [127.0.0.1]:EUniSessionException : Invalid session or session Timeout. (Session not found: rjrAaobIrq10ABAA4A3 ) : Addr: $0080E6BF
syg_rsp.exe: 00002174: 17:38:01 [TUniServerModule]:Shutting Down Server.
syg_rsp.exe: 00002174: 17:38:01 [TUniServerModule]:Stopping HTTP Server.
syg_rsp.exe: 00002174: 17:38:01 [TUniServerModule]:HTTP Server Stopped.
syg_rsp.exe: 00002174: 17:38:01 [TUniGUISessionManager]:Terminating Session manager.
syg_rsp.exe: 00002174: 17:38:01 [TUniGUISessionManager]:Stopping Cache Eraser...
syg_rsp.exe: 00002174: 17:38:01 [TUniGUISessionManager]:Cache Eraser Stopped.
syg_rsp.exe: 00002174: 17:38:01 [TUniGUISessionManager]:Destroying Worker Threads.
syg_rsp.exe: 00002174: 17:38:01 [TUniGUISessionManager]:Session manager terminated.
syg_rsp.exe: 00002174: 17:38:01 [TUniServerModule]:Server Shutdown Completed.
syg_rsp.exe: 00002174: 17:38:01 []:<-------------------------------------------------------------->
syg_rsp.exe: 00002174: 17:38:01 [Terminated]:Exit Code: 0
syg_rsp.exe: 00004490: 17:38:05 []:>--------------------------------------------------------------<
syg_rsp.exe: 00004490: 17:38:05 [TUniServerModule]:Server First Init.
syg_rsp.exe: 00004490: 17:38:05 [TUniServerModule]:Start Path = D:\dev\syg_rsp\src\Win32\Debug\
syg_rsp.exe: 00004490: 17:38:05 [TUniServerModule]:Starting HTTP Server on Port: 8077...
syg_rsp.exe: 00004490: 17:38:05 [TUniServerModule]:HTTP Server Started on Port: 8077
syg_rsp.exe: 00002724: 17:38:08 [127.0.0.1]:EUniSessionException : Invalid session or session Timeout. (Session not found: 7yUNHVR7Kl10ABAA4C3 ) : Addr: $0080E6BF
syg_rsp.exe: 00004490: 17:39:13 [TUniServerModule]:Shutting Down Server.
syg_rsp.exe: 00004490: 17:39:13 [TUniServerModule]:Stopping HTTP Server.
syg_rsp.exe: 00004490: 17:39:14 [TUniServerModule]:HTTP Server Stopped.
syg_rsp.exe: 00004490: 17:39:14 [TUniGUISessionManager]:Terminating Session manager.
syg_rsp.exe: 00004490: 17:39:14 [TUniGUISessionManager]:Stopping Cache Eraser...
syg_rsp.exe: 00004490: 17:39:15 [TUniGUISessionManager]:Cache Eraser Stopped.
syg_rsp.exe: 00004490: 17:39:15 [TUniGUISessionManager]:Destroying Worker Threads.
syg_rsp.exe: 00004490: 17:39:15 [TUniGUISessionManager]:Session manager terminated.
syg_rsp.exe: 00004490: 17:39:15 [TUniServerModule]:Server Shutdown Completed.
syg_rsp.exe: 00004490: 17:39:15 []:<-------------------------------------------------------------->
syg_rsp.exe: 00004490: 17:39:15 [Terminated]:Exit Code: 0
syg_rsp.exe: 0000306C: 17:39:28 []:>--------------------------------------------------------------<
syg_rsp.exe: 0000306C: 17:39:28 [TUniServerModule]:Server First Init.
syg_rsp.exe: 0000306C: 17:39:28 [TUniServerModule]:Start Path = D:\dev\syg_rsp\src\Win32\Debug\
syg_rsp.exe: 0000306C: 17:39:28 [TUniGUISessionManager]:Cache erase job created, Folder count: [1]
syg_rsp.exe: 0000306C: 17:39:28 [TUniServerModule]:Starting HTTP Server on Port: 8077...
syg_rsp.exe: 0000306C: 17:39:28 [TUniServerModule]:HTTP Server Started on Port: 8077
syg_rsp.exe: 00001418: 17:39:28 [127.0.0.1]:EUniSessionException : Invalid session or session Timeout. (Session not found: xkhhlEtnHh10ABAAD2B ) : Addr: $0080E6BF
syg_rsp.exe: 00001418: 17:39:28 [127.0.0.1]:EUniSessionException : Invalid session or session Timeout. (Session not found: xkhhlEtnHh10ABAAD2B ) : Addr: $0080E6BF
syg_rsp.exe: 0000306C: 17:46:31 [TUniServerModule]:Shutting Down Server.
syg_rsp.exe: 0000306C: 17:46:31 [TUniServerModule]:Stopping HTTP Server.
syg_rsp.exe: 0000306C: 17:46:32 [TUniServerModule]:HTTP Server Stopped.
syg_rsp.exe: 0000306C: 17:46:32 [TUniGUISessionManager]:Terminating Session manager.
syg_rsp.exe: 0000306C: 17:46:32 [TUniGUISessionManager]:Stopping Cache Eraser...
syg_rsp.exe: 0000306C: 17:46:32 [TUniGUISessionManager]:Cache Eraser Stopped.
syg_rsp.exe: 0000306C: 17:46:32 [TUniGUISessionManager]:Destroying Worker Threads.
syg_rsp.exe: 0000306C: 17:46:32 [TUniGUISessionManager]:Session manager terminated.
syg_rsp.exe: 0000306C: 17:46:32 [TUniServerModule]:Server Shutdown Completed.
syg_rsp.exe: 0000306C: 17:46:32 []:<-------------------------------------------------------------->
syg_rsp.exe: 0000306C: 17:46:32 [Terminated]:Exit Code: 0
syg_rsp.exe: 00001AA8: 17:46:43 []:>--------------------------------------------------------------<
syg_rsp.exe: 00001AA8: 17:46:43 [TUniServerModule]:Server First Init.
syg_rsp.exe: 00001AA8: 17:46:43 [TUniServerModule]:Start Path = D:\dev\syg_rsp\src\Win32\Debug\
syg_rsp.exe: 00001AA8: 17:46:43 [TUniGUISessionManager]:Cache erase job created, Folder count: [1]
syg_rsp.exe: 00001AA8: 17:46:43 [TUniServerModule]:Starting HTTP Server on Port: 8077...
syg_rsp.exe: 00001AA8: 17:46:43 [TUniServerModule]:HTTP Server Started on Port: 8077
syg_rsp.exe: 00002884: 17:46:46 [127.0.0.1]:EUniSessionException : Invalid session or session Timeout. (Session not found: wQRA7aB8l710ABAAD8A ) : Addr: $0080E6BF
