syg_rsp.exe: 00004C64: 07:24:47 [127.0.0.1]:EUniSessionException : Invalid session or session Timeout. (Session not found: Eq9DuGN7dT10B97F296 ) : Addr: $0082D9FE
syg_rsp.exe: 00002210: 07:33:05 [TUniServerModule]:Shutting Down Server.
syg_rsp.exe: 00002210: 07:33:05 [TUniServerModule]:Stopping HTTP Server.
syg_rsp.exe: 00002210: 07:33:06 [TUniServerModule]:HTTP Server Stopped.
syg_rsp.exe: 00002210: 07:33:06 [TUniGUISessionManager]:Terminating Session manager.
syg_rsp.exe: 00002210: 07:33:06 [TUniGUISessionManager]:Stopping Cache Eraser...
syg_rsp.exe: 00002210: 07:33:06 [TUniGUISessionManager]:Cache Eraser Stopped.
syg_rsp.exe: 00002210: 07:33:06 [TUniGUISessionManager]:Destroying Worker Threads.
syg_rsp.exe: 00002210: 07:33:06 [TUniGUISessionManager]:Session manager terminated.
syg_rsp.exe: 00002210: 07:33:06 [TUniServerModule]:Server Shutdown Completed.
syg_rsp.exe: 00002210: 07:33:06 []:<-------------------------------------------------------------->
syg_rsp.exe: 00002210: 07:33:06 [Terminated]:Exit Code: 0
syg_rsp.exe: 00001C1C: 07:33:19 []:>--------------------------------------------------------------<
syg_rsp.exe: 00001C1C: 07:33:19 [TUniServerModule]:Server First Init.
syg_rsp.exe: 00001C1C: 07:33:19 [TUniServerModule]:Starting HTTP Server on Port: 8077...
syg_rsp.exe: 00001C1C: 07:33:19 [TUniServerModule]:HTTP Server Started on Port: 8077
syg_rsp.exe: 000024A4: 07:33:45 [127.0.0.1]:EUniSessionException : Invalid session or session Timeout. (Session not found: mpryv8S2KH10B98CFA3 ) : Addr: $0082D9FE
syg_rsp.exe: 00004E54: 07:33:45 [127.0.0.1]:EUniSessionException : Invalid session or session Timeout. (Session not found: mpryv8S2KH10B98CFA3 ) : Addr: $0082D9FE
syg_rsp.exe: 00001C1C: 08:16:51 [TUniServerModule]:Shutting Down Server.
syg_rsp.exe: 00001C1C: 08:16:51 [TUniServerModule]:Stopping HTTP Server.
syg_rsp.exe: 00001C1C: 08:16:51 [TUniServerModule]:HTTP Server Stopped.
syg_rsp.exe: 00001C1C: 08:16:51 [TUniGUISessionManager]:Terminating Session manager.
syg_rsp.exe: 00001C1C: 08:16:51 [TUniGUISessionManager]:Stopping Cache Eraser...
syg_rsp.exe: 00001C1C: 08:16:51 [TUniGUISessionManager]:Cache Eraser Stopped.
syg_rsp.exe: 00001C1C: 08:16:51 [TUniGUISessionManager]:Destroying Worker Threads.
syg_rsp.exe: 00001C1C: 08:16:51 [TUniGUISessionManager]:Session manager terminated.
syg_rsp.exe: 00001C1C: 08:16:52 [TUniServerModule]:Server Shutdown Completed.
syg_rsp.exe: 00001C1C: 08:16:52 []:<-------------------------------------------------------------->
syg_rsp.exe: 00001C1C: 08:16:52 [Terminated]:Exit Code: 0
syg_rsp.exe: 00000A2C: 08:16:56 []:>--------------------------------------------------------------<
syg_rsp.exe: 00000A2C: 08:16:56 [TUniServerModule]:Server First Init.
syg_rsp.exe: 00000A2C: 08:16:56 [TUniServerModule]:Starting HTTP Server on Port: 8077...
syg_rsp.exe: 00000A2C: 08:16:56 [TUniServerModule]:HTTP Server Started on Port: 8077
syg_rsp.exe: 00002DA4: 08:16:57 [127.0.0.1]:EUniSessionException : Invalid session or session Timeout. (Session not found: 71nCbh9Gfx10B98D077 ) : Addr: $0082D9FE
syg_rsp.exe: 00001CB8: 08:16:57 [127.0.0.1]:EUniSessionException : Invalid session or session Timeout. (Session not found: 71nCbh9Gfx10B98D077 ) : Addr: $0082D9FE
syg_rsp.exe: 00000A2C: 08:23:12 [TUniServerModule]:Shutting Down Server.
syg_rsp.exe: 00000A2C: 08:23:12 [TUniServerModule]:Stopping HTTP Server.
syg_rsp.exe: 00000A2C: 08:23:12 [TUniServerModule]:HTTP Server Stopped.
syg_rsp.exe: 00000A2C: 08:23:12 [TUniGUISessionManager]:Terminating Session manager.
syg_rsp.exe: 00000A2C: 08:23:12 [TUniGUISessionManager]:Stopping Cache Eraser...
syg_rsp.exe: 00000A2C: 08:23:12 [TUniGUISessionManager]:Cache Eraser Stopped.
syg_rsp.exe: 00000A2C: 08:23:12 [TUniGUISessionManager]:Destroying Worker Threads.
syg_rsp.exe: 00000A2C: 08:23:12 [TUniGUISessionManager]:Session manager terminated.
syg_rsp.exe: 00000A2C: 08:23:12 [TUniServerModule]:Server Shutdown Completed.
syg_rsp.exe: 00000A2C: 08:23:12 []:<-------------------------------------------------------------->
syg_rsp.exe: 00000A2C: 08:23:12 [Terminated]:Exit Code: 0
syg_rsp.exe: 00004A20: 08:23:17 []:>--------------------------------------------------------------<
syg_rsp.exe: 00004A20: 08:23:17 [TUniServerModule]:Server First Init.
syg_rsp.exe: 00004A20: 08:23:17 [TUniServerModule]:Starting HTTP Server on Port: 8077...
syg_rsp.exe: 00004A20: 08:23:17 [TUniServerModule]:HTTP Server Started on Port: 8077
syg_rsp.exe: 00003BAC: 08:23:20 [127.0.0.1]:EUniSessionException : Invalid session or session Timeout. (Session not found: Mt7OvCiuML10B98DC2F ) : Addr: $0082D9FE
syg_rsp.exe: 000051E0: 08:23:20 [127.0.0.1]:EUniSessionException : Invalid session or session Timeout. (Session not found: Mt7OvCiuML10B98DC2F ) : Addr: $0082D9FE
syg_rsp.exe: 000021BC: 08:37:10 [127.0.0.1]:EUniSessionException : Invalid session or session Timeout. (Session not found: BklXWNRvra10B98DDEA ) : Addr: $0082D9FE
syg_rsp.exe: 00001E14: 09:38:48 [127.0.0.1]:EUniSessionException : Invalid session or session Timeout. (Session not found: 1Zj6toQ3uT10B98E1AD ) : Addr: $0082D9FE
syg_rsp.exe: 00004A20: 09:45:10 [TUniServerModule]:Shutting Down Server.
syg_rsp.exe: 00004A20: 09:45:10 [TUniServerModule]:Stopping HTTP Server.
syg_rsp.exe: 00004A20: 09:45:10 [TUniServerModule]:HTTP Server Stopped.
syg_rsp.exe: 00004A20: 09:45:10 [TUniGUISessionManager]:Terminating Session manager.
syg_rsp.exe: 00004A20: 09:45:10 [TUniGUISessionManager]:Stopping Cache Eraser...
syg_rsp.exe: 00004A20: 09:45:10 [TUniGUISessionManager]:Cache Eraser Stopped.
syg_rsp.exe: 00004A20: 09:45:10 [TUniGUISessionManager]:Destroying Worker Threads.
syg_rsp.exe: 00004A20: 09:45:10 [TUniGUISessionManager]:Session manager terminated.
syg_rsp.exe: 00004A20: 09:45:10 [TUniServerModule]:Server Shutdown Completed.
syg_rsp.exe: 00004A20: 09:45:10 []:<-------------------------------------------------------------->
syg_rsp.exe: 00004A20: 09:45:10 [Terminated]:Exit Code: 0
syg_rsp.exe: 0000181C: 10:03:46 []:>--------------------------------------------------------------<
syg_rsp.exe: 0000181C: 10:03:46 [TUniServerModule]:Server First Init.
syg_rsp.exe: 0000181C: 10:03:46 [TUniServerModule]:Starting HTTP Server on Port: 8077...
syg_rsp.exe: 0000181C: 10:03:46 [TUniServerModule]:HTTP Server Started on Port: 8077
syg_rsp.exe: 000036A8: 10:03:47 [127.0.0.1]:EUniSessionException : Invalid session or session Timeout. (Session not found: MEo3hZFiGC10B98F265 ) : Addr: $0082D9FE
syg_rsp.exe: 0000181C: 10:08:22 [TUniServerModule]:Shutting Down Server.
syg_rsp.exe: 0000181C: 10:08:22 [TUniServerModule]:Stopping HTTP Server.
syg_rsp.exe: 0000181C: 10:08:23 [TUniServerModule]:HTTP Server Stopped.
syg_rsp.exe: 0000181C: 10:08:23 [TUniGUISessionManager]:Terminating Session manager.
syg_rsp.exe: 0000181C: 10:08:23 [TUniGUISessionManager]:Stopping Cache Eraser...
syg_rsp.exe: 0000181C: 10:08:23 [TUniGUISessionManager]:Cache Eraser Stopped.
syg_rsp.exe: 0000181C: 10:08:23 [TUniGUISessionManager]:Destroying Worker Threads.
syg_rsp.exe: 0000181C: 10:08:23 [TUniGUISessionManager]:Session manager terminated.
syg_rsp.exe: 0000181C: 10:08:23 [TUniServerModule]:Server Shutdown Completed.
syg_rsp.exe: 0000181C: 10:08:23 []:<-------------------------------------------------------------->
syg_rsp.exe: 0000181C: 10:08:23 [Terminated]:Exit Code: 0
syg_rsp.exe: 00004D84: 10:08:27 []:>--------------------------------------------------------------<
syg_rsp.exe: 00004D84: 10:08:27 [TUniServerModule]:Server First Init.
syg_rsp.exe: 00004D84: 10:08:27 [TUniServerModule]:Starting HTTP Server on Port: 8077...
syg_rsp.exe: 00004D84: 10:08:27 [TUniServerModule]:HTTP Server Started on Port: 8077
syg_rsp.exe: 00002F94: 10:11:38 [127.0.0.1]:EUniSessionException : Invalid session or session Timeout. (Session not found: adUg1NPS4m10B98FA32 ) : Addr: $0082D9FE
syg_rsp.exe: 000048BC: 11:20:14 [127.0.0.1]:EUniSessionException : Invalid session or session Timeout. (Session not found: eEXF2m9fdW10B98FB4D ) : Addr: $0082D9FE
syg_rsp.exe: 00004210: 11:20:14 [127.0.0.1]:EUniSessionException : Invalid session or session Timeout. (Session not found: eEXF2m9fdW10B98FB4D ) : Addr: $0082D9FE
syg_rsp.exe: 00002780: 15:11:29 [127.0.0.1]:EUniSessionException : Invalid session or session Timeout. (Session not found: 4P7MFvP96910B990DE7 ) : Addr: $0082D9FE
syg_rsp.exe: 00004D84: 15:34:08 [TUniServerModule]:Shutting Down Server.
syg_rsp.exe: 00004D84: 15:34:08 [TUniServerModule]:Stopping HTTP Server.
syg_rsp.exe: 00004D84: 15:34:09 [TUniServerModule]:HTTP Server Stopped.
syg_rsp.exe: 00004D84: 15:34:09 [TUniGUISessionManager]:Terminating Session manager.
syg_rsp.exe: 00004D84: 15:34:09 [TUniGUISessionManager]:Stopping Cache Eraser...
syg_rsp.exe: 00004D84: 15:34:09 [TUniGUISessionManager]:Cache Eraser Stopped.
syg_rsp.exe: 00004D84: 15:34:09 [TUniGUISessionManager]:Destroying Worker Threads.
syg_rsp.exe: 00004D84: 15:34:09 [TUniGUISessionManager]:Session manager terminated.
syg_rsp.exe: 00004D84: 15:34:09 [TUniServerModule]:Server Shutdown Completed.
syg_rsp.exe: 00004D84: 15:34:09 []:<-------------------------------------------------------------->
syg_rsp.exe: 00004D84: 15:34:09 [Terminated]:Exit Code: 0
syg_rsp.exe: 00004A80: 15:57:55 []:>--------------------------------------------------------------<
syg_rsp.exe: 00004A80: 15:57:55 [TUniServerModule]:Server First Init.
syg_rsp.exe: 00004A80: 15:57:55 [TUniServerModule]:Starting HTTP Server on Port: 8077...
syg_rsp.exe: 00004A80: 15:57:55 [TUniServerModule]:HTTP Server Started on Port: 8077
syg_rsp.exe: 000052B8: 15:57:56 [127.0.0.1]:EUniSessionException : Invalid session or session Timeout. (Session not found: cuckL7WLl510B994CA3 ) : Addr: $0082D9FE
syg_rsp.exe: 000025D0: 15:57:56 [127.0.0.1]:EUniSessionException : Invalid session or session Timeout. (Session not found: cuckL7WLl510B994CA3 ) : Addr: $0082D9FE
syg_rsp.exe: 00004A80: 16:08:15 [TUniServerModule]:Shutting Down Server.
syg_rsp.exe: 00004A80: 16:08:16 [TUniServerModule]:Stopping HTTP Server.
syg_rsp.exe: 00004A80: 16:08:16 [TUniServerModule]:HTTP Server Stopped.
syg_rsp.exe: 00004A80: 16:08:16 [TUniGUISessionManager]:Terminating Session manager.
syg_rsp.exe: 00004A80: 16:08:16 [TUniGUISessionManager]:Stopping Cache Eraser...
syg_rsp.exe: 00004A80: 16:08:16 [TUniGUISessionManager]:Cache Eraser Stopped.
syg_rsp.exe: 00004A80: 16:08:16 [TUniGUISessionManager]:Destroying Worker Threads.
syg_rsp.exe: 00004A80: 16:08:16 [TUniGUISessionManager]:Session manager terminated.
syg_rsp.exe: 00004A80: 16:08:16 [TUniServerModule]:Server Shutdown Completed.
syg_rsp.exe: 00004A80: 16:08:16 []:<-------------------------------------------------------------->
syg_rsp.exe: 00004A80: 16:08:16 [Terminated]:Exit Code: 0
syg_rsp.exe: 00003A08: 16:08:24 []:>--------------------------------------------------------------<
syg_rsp.exe: 00003A08: 16:08:24 [TUniServerModule]:Server First Init.
syg_rsp.exe: 00003A08: 16:08:24 [TUniServerModule]:Starting HTTP Server on Port: 8077...
syg_rsp.exe: 00003A08: 16:08:24 [TUniServerModule]:HTTP Server Started on Port: 8077
syg_rsp.exe: 00001098: 16:08:25 [127.0.0.1]:EUniSessionException : Invalid session or session Timeout. (Session not found: nKFQwFKLzX10B99593B ) : Addr: $0082D9FE
syg_rsp.exe: 00004BB0: 16:08:25 [127.0.0.1]:EUniSessionException : Invalid session or session Timeout. (Session not found: nKFQwFKLzX10B99593B ) : Addr: $0082D9FE
syg_rsp.exe: 00003A08: 16:13:16 [TUniServerModule]:Shutting Down Server.
syg_rsp.exe: 00003A08: 16:13:16 [TUniServerModule]:Stopping HTTP Server.
syg_rsp.exe: 00003A08: 16:13:17 [TUniServerModule]:HTTP Server Stopped.
syg_rsp.exe: 00003A08: 16:13:17 [TUniGUISessionManager]:Terminating Session manager.
syg_rsp.exe: 00003A08: 16:13:17 [TUniGUISessionManager]:Stopping Cache Eraser...
syg_rsp.exe: 00003A08: 16:13:17 [TUniGUISessionManager]:Cache Eraser Stopped.
syg_rsp.exe: 00003A08: 16:13:17 [TUniGUISessionManager]:Destroying Worker Threads.
syg_rsp.exe: 00003A08: 16:13:17 [TUniGUISessionManager]:Session manager terminated.
syg_rsp.exe: 00003A08: 16:13:17 [TUniServerModule]:Server Shutdown Completed.
syg_rsp.exe: 00003A08: 16:13:17 []:<-------------------------------------------------------------->
syg_rsp.exe: 00003A08: 16:13:17 [Terminated]:Exit Code: 0
syg_rsp.exe: 00001838: 16:14:24 []:>--------------------------------------------------------------<
syg_rsp.exe: 00001838: 16:14:24 [TUniServerModule]:Server First Init.
syg_rsp.exe: 00001838: 16:14:24 [TUniServerModule]:Starting HTTP Server on Port: 8077...
syg_rsp.exe: 00001838: 16:14:24 [TUniServerModule]:HTTP Server Started on Port: 8077
syg_rsp.exe: 00001770: 16:14:26 [127.0.0.1]:EUniSessionException : Invalid session or session Timeout. (Session not found: 1FSJPBVxde10B995C14 ) : Addr: $0082D9FE
syg_rsp.exe: 00001770: 16:14:26 [127.0.0.1]:EUniSessionException : Invalid session or session Timeout. (Session not found: 1FSJPBVxde10B995C14 ) : Addr: $0082D9FE
