syg_rsp.exe: 00001690: 01:51:04 []:>--------------------------------------------------------------<
syg_rsp.exe: 00001690: 01:51:04 [TUniServerModule]:Server First Init.
syg_rsp.exe: 00001690: 01:51:04 [TUniServerModule]:Global Cache Folder Erased. <44> Files deleted.
syg_rsp.exe: 00001690: 01:51:04 [TUniServerModule]:Starting HTTP Server on Port: 8077...
syg_rsp.exe: 00001690: 01:51:04 [TUniServerModule]:HTTP Server Started on Port: 8077
syg_rsp.exe: 00001690: 01:52:15 [TUniServerModule]:Shutting Down Server.
syg_rsp.exe: 00001690: 01:52:15 [TUniServerModule]:Stopping HTTP Server.
syg_rsp.exe: 00001690: 01:52:16 [TUniServerModule]:HTTP Server Stopped.
syg_rsp.exe: 00001690: 01:52:16 [TUniGUISessionManager]:Terminating Session manager.
syg_rsp.exe: 00001690: 01:52:16 [TUniGUISessionManager]:Stopping Cache Eraser...
syg_rsp.exe: 00001690: 01:52:16 [TUniGUISessionManager]:Cache Eraser Stopped.
syg_rsp.exe: 00001690: 01:52:16 [TUniGUISessionManager]:Destroying Worker Threads.
syg_rsp.exe: 00001690: 01:52:16 [TUniGUISessionManager]:Session manager terminated.
syg_rsp.exe: 00001690: 01:52:16 [TUniServerModule]:Server Shutdown Completed.
syg_rsp.exe: 00001690: 01:52:16 []:<-------------------------------------------------------------->
syg_rsp.exe: 00001690: 01:52:16 [Terminated]:Exit Code: 0
syg_rsp.exe: 00003A08: 01:52:19 []:>--------------------------------------------------------------<
syg_rsp.exe: 00003A08: 01:52:19 [TUniServerModule]:Server First Init.
syg_rsp.exe: 00003A08: 01:52:19 [TUniServerModule]:Starting HTTP Server on Port: 8077...
syg_rsp.exe: 00003A08: 01:52:19 [TUniServerModule]:HTTP Server Started on Port: 8077
syg_rsp.exe: 00002F64: 01:52:22 [127.0.0.1]:EUniSessionException : Invalid session or session Timeout. (Session not found: NnrSWjkFTG10BAF570A ) : Addr: $0082D9FE
syg_rsp.exe: 0000452C: 01:52:22 [127.0.0.1]:EUniSessionException : Invalid session or session Timeout. (Session not found: NnrSWjkFTG10BAF570A ) : Addr: $0082D9FE
syg_rsp.exe: 00003A08: 01:55:09 [TUniServerModule]:Shutting Down Server.
syg_rsp.exe: 00003A08: 01:55:09 [TUniServerModule]:Stopping HTTP Server.
syg_rsp.exe: 00003A08: 01:55:10 [TUniServerModule]:HTTP Server Stopped.
syg_rsp.exe: 00003A08: 01:55:10 [TUniGUISessionManager]:Terminating Session manager.
syg_rsp.exe: 00003A08: 01:55:10 [TUniGUISessionManager]:Stopping Cache Eraser...
syg_rsp.exe: 00003A08: 01:55:10 [TUniGUISessionManager]:Cache Eraser Stopped.
syg_rsp.exe: 00003A08: 01:55:10 [TUniGUISessionManager]:Destroying Worker Threads.
syg_rsp.exe: 00003A08: 01:55:10 [TUniGUISessionManager]:Session manager terminated.
syg_rsp.exe: 00003A08: 01:55:10 [TUniServerModule]:Server Shutdown Completed.
syg_rsp.exe: 00003A08: 01:55:10 []:<-------------------------------------------------------------->
syg_rsp.exe: 00003A08: 01:55:10 [Terminated]:Exit Code: 0
syg_rsp.exe: 000040F4: 01:55:18 []:>--------------------------------------------------------------<
syg_rsp.exe: 000040F4: 01:55:18 [TUniServerModule]:Server First Init.
syg_rsp.exe: 000040F4: 01:55:18 [TUniServerModule]:Starting HTTP Server on Port: 8077...
syg_rsp.exe: 000040F4: 01:55:18 [TUniServerModule]:HTTP Server Started on Port: 8077
syg_rsp.exe: 000045F0: 01:55:19 [127.0.0.1]:EUniSessionException : Invalid session or session Timeout. (Session not found: CMG2BDEMkl10BAF573B ) : Addr: $0082D9FE
syg_rsp.exe: 00004394: 01:55:19 [127.0.0.1]:EUniSessionException : Invalid session or session Timeout. (Session not found: CMG2BDEMkl10BAF573B ) : Addr: $0082D9FE
syg_rsp.exe: 00004394: 01:56:06 [127.0.0.1]:EAccessViolation : Violation d'accès à l'adresse 00A9C258 dans le module 'syg_rsp.exe'. Lecture de l'adresse 0000026C : Addr: $00A9C258
syg_rsp.exe: 000040F4: 03:22:20 [TUniServerModule]:Shutting Down Server.
syg_rsp.exe: 000040F4: 03:22:20 [TUniServerModule]:Stopping HTTP Server.
syg_rsp.exe: 000040F4: 03:22:21 [TUniServerModule]:HTTP Server Stopped.
syg_rsp.exe: 000040F4: 03:22:21 [TUniGUISessionManager]:Terminating Session manager.
syg_rsp.exe: 000040F4: 03:22:21 [TUniGUISessionManager]:Stopping Cache Eraser...
syg_rsp.exe: 000040F4: 03:22:21 [TUniGUISessionManager]:Cache Eraser Stopped.
syg_rsp.exe: 000040F4: 03:22:21 [TUniGUISessionManager]:Destroying Worker Threads.
syg_rsp.exe: 000040F4: 03:22:21 [TUniGUISessionManager]:Session manager terminated.
syg_rsp.exe: 000040F4: 03:22:21 [TUniServerModule]:Server Shutdown Completed.
syg_rsp.exe: 000040F4: 03:22:21 []:<-------------------------------------------------------------->
syg_rsp.exe: 000040F4: 03:22:21 [Terminated]:Exit Code: 0
syg_rsp.exe: 00003C48: 03:22:26 []:>--------------------------------------------------------------<
syg_rsp.exe: 00003C48: 03:22:26 [TUniServerModule]:Server First Init.
syg_rsp.exe: 00003C48: 03:22:26 [TUniServerModule]:Starting HTTP Server on Port: 8077...
syg_rsp.exe: 00003C48: 03:22:26 [TUniServerModule]:HTTP Server Started on Port: 8077
syg_rsp.exe: 00003A08: 03:22:29 [127.0.0.1]:EUniSessionException : Invalid session or session Timeout. (Session not found: v7TMOnnfXJ10BAF5809 ) : Addr: $0082D9FE
syg_rsp.exe: 00004544: 03:22:29 [127.0.0.1]:EUniSessionException : Invalid session or session Timeout. (Session not found: v7TMOnnfXJ10BAF5809 ) : Addr: $0082D9FE
syg_rsp.exe: 00004544: 03:22:50 [127.0.0.1]:EAccessViolation : Violation d'accès à l'adresse 00A9C258 dans le module 'syg_rsp.exe'. Lecture de l'adresse 0000026C : Addr: $00A9C258
syg_rsp.exe: 00004544: 03:22:56 [127.0.0.1]:EAccessViolation : Violation d'accès à l'adresse 00A9C258 dans le module 'syg_rsp.exe'. Lecture de l'adresse 0000026C : Addr: $00A9C258
syg_rsp.exe: 00003C48: 03:30:54 [TUniServerModule]:Shutting Down Server.
syg_rsp.exe: 00003C48: 03:30:54 [TUniServerModule]:Stopping HTTP Server.
syg_rsp.exe: 00003C48: 03:30:55 [TUniServerModule]:HTTP Server Stopped.
syg_rsp.exe: 00003C48: 03:30:55 [TUniGUISessionManager]:Terminating Session manager.
syg_rsp.exe: 00003C48: 03:30:55 [TUniGUISessionManager]:Stopping Cache Eraser...
syg_rsp.exe: 00003C48: 03:30:55 [TUniGUISessionManager]:Cache Eraser Stopped.
syg_rsp.exe: 00003C48: 03:30:55 [TUniGUISessionManager]:Destroying Worker Threads.
syg_rsp.exe: 00003C48: 03:30:55 [TUniGUISessionManager]:Session manager terminated.
syg_rsp.exe: 00003C48: 03:30:55 [TUniServerModule]:Server Shutdown Completed.
syg_rsp.exe: 00003C48: 03:30:55 []:<-------------------------------------------------------------->
syg_rsp.exe: 00003C48: 03:30:55 [Terminated]:Exit Code: 0
syg_rsp.exe: 00003C28: 03:30:59 []:>--------------------------------------------------------------<
syg_rsp.exe: 00003C28: 03:30:59 [TUniServerModule]:Server First Init.
syg_rsp.exe: 00003C28: 03:30:59 [TUniServerModule]:Starting HTTP Server on Port: 8077...
syg_rsp.exe: 00003C28: 03:30:59 [TUniServerModule]:HTTP Server Started on Port: 8077
syg_rsp.exe: 00000020: 03:31:00 [127.0.0.1]:EUniSessionException : Invalid session or session Timeout. (Session not found: RMEU6fj7fj10BAF6FAE ) : Addr: $0082D9FE
syg_rsp.exe: 00001364: 03:31:00 [127.0.0.1]:EUniSessionException : Invalid session or session Timeout. (Session not found: RMEU6fj7fj10BAF6FAE ) : Addr: $0082D9FE
syg_rsp.exe: 00001364: 03:31:25 [127.0.0.1]:EAccessViolation : Violation d'accès à l'adresse 00A9C258 dans le module 'syg_rsp.exe'. Lecture de l'adresse 0000026C : Addr: $00A9C258
syg_rsp.exe: 00003C28: 03:37:53 [TUniServerModule]:Shutting Down Server.
syg_rsp.exe: 00003C28: 03:37:53 [TUniServerModule]:Stopping HTTP Server.
syg_rsp.exe: 00003C28: 03:37:54 [TUniServerModule]:HTTP Server Stopped.
syg_rsp.exe: 00003C28: 03:37:54 [TUniGUISessionManager]:Terminating Session manager.
syg_rsp.exe: 00003C28: 03:37:54 [TUniGUISessionManager]:Stopping Cache Eraser...
syg_rsp.exe: 00003C28: 03:37:54 [TUniGUISessionManager]:Cache Eraser Stopped.
syg_rsp.exe: 00003C28: 03:37:54 [TUniGUISessionManager]:Destroying Worker Threads.
syg_rsp.exe: 00003C28: 03:37:54 [TUniGUISessionManager]:Session manager terminated.
syg_rsp.exe: 00003C28: 03:37:54 [TUniServerModule]:Server Shutdown Completed.
syg_rsp.exe: 00003C28: 03:37:54 []:<-------------------------------------------------------------->
syg_rsp.exe: 00003C28: 03:37:54 [Terminated]:Exit Code: 0
syg_rsp.exe: 00004260: 03:37:58 []:>--------------------------------------------------------------<
syg_rsp.exe: 00004260: 03:37:58 [TUniServerModule]:Server First Init.
syg_rsp.exe: 00004260: 03:37:58 [TUniServerModule]:Starting HTTP Server on Port: 8077...
syg_rsp.exe: 00004260: 03:37:58 [TUniServerModule]:HTTP Server Started on Port: 8077
syg_rsp.exe: 00000510: 03:38:00 [127.0.0.1]:EUniSessionException : Invalid session or session Timeout. (Session not found: 4DthnBqucT10BAF71FD ) : Addr: $0082D9FE
syg_rsp.exe: 00000510: 03:38:00 [127.0.0.1]:EUniSessionException : Invalid session or session Timeout. (Session not found: 4DthnBqucT10BAF71FD ) : Addr: $0082D9FE
syg_rsp.exe: 0000409C: 03:38:26 [127.0.0.1]:EOleException : [MySQL][ODBC 8.0(a) Driver][mysqld-8.0.29]You have an error in your SQL syntax; check the manual that corresponds to your MySQL server version for the right syntax to use near ', COUNT(id_factures_pal) AS nb_fact FROM (   SELECT F.id_factures_pal, F.ref_fa' at line 1 : Addr: $0084214F
syg_rsp.exe: 0000409C: 03:39:44 [127.0.0.1]:EOleException : [MySQL][ODBC 8.0(a) Driver][mysqld-8.0.29]You have an error in your SQL syntax; check the manual that corresponds to your MySQL server version for the right syntax to use near 'AND (DATE(L.date_emise_facture_pal) between '2022-01-01 00:00:00'and '2022-12-31' at line 1 : Addr: $0084214F
syg_rsp.exe: 00004260: 03:44:13 [TUniServerModule]:Shutting Down Server.
syg_rsp.exe: 00004260: 03:44:13 [TUniServerModule]:Stopping HTTP Server.
syg_rsp.exe: 00004260: 03:44:14 [TUniServerModule]:HTTP Server Stopped.
syg_rsp.exe: 00004260: 03:44:14 [TUniGUISessionManager]:Terminating Session manager.
syg_rsp.exe: 00004260: 03:44:14 [TUniGUISessionManager]:Stopping Cache Eraser...
syg_rsp.exe: 00004260: 03:44:14 [TUniGUISessionManager]:Cache Eraser Stopped.
syg_rsp.exe: 00004260: 03:44:14 [TUniGUISessionManager]:Destroying Worker Threads.
syg_rsp.exe: 00004260: 03:44:14 [TUniGUISessionManager]:Session manager terminated.
syg_rsp.exe: 00004260: 03:44:14 [TUniServerModule]:Server Shutdown Completed.
syg_rsp.exe: 00004260: 03:44:14 []:<-------------------------------------------------------------->
syg_rsp.exe: 00004260: 03:44:14 [Terminated]:Exit Code: 0
syg_rsp.exe: 000021C0: 03:44:19 []:>--------------------------------------------------------------<
syg_rsp.exe: 000021C0: 03:44:19 [TUniServerModule]:Server First Init.
syg_rsp.exe: 000021C0: 03:44:19 [TUniServerModule]:Starting HTTP Server on Port: 8077...
syg_rsp.exe: 000021C0: 03:44:19 [TUniServerModule]:HTTP Server Started on Port: 8077
syg_rsp.exe: 00003ADC: 03:44:21 [127.0.0.1]:EUniSessionException : Invalid session or session Timeout. (Session not found: VQ8RBpEmtb10BAF73E4 ) : Addr: $0082D9FE
syg_rsp.exe: 00004B00: 03:44:21 [127.0.0.1]:EUniSessionException : Invalid session or session Timeout. (Session not found: VQ8RBpEmtb10BAF73E4 ) : Addr: $0082D9FE
syg_rsp.exe: 00004B00: 03:44:38 [127.0.0.1]:EOleException : [MySQL][ODBC 8.0(a) Driver][mysqld-8.0.29]You have an error in your SQL syntax; check the manual that corresponds to your MySQL server version for the right syntax to use near ', COUNT(id_factures_pal) AS nb_fact FROM (   SELECT F.id_factures_pal, F.ref_fa' at line 1 : Addr: $0084214F
syg_rsp.exe: 00004B00: 03:45:49 [127.0.0.1]:EOleException : [MySQL][ODBC 8.0(a) Driver][mysqld-8.0.29]You have an error in your SQL syntax; check the manual that corresponds to your MySQL server version for the right syntax to use near ', COUNT(id_factures_pal) AS nb_fact FROM (   SELECT F.id_factures_pal, F.ref_fa' at line 1 : Addr: $0084214F
syg_rsp.exe: 000021C0: 03:51:36 [TUniServerModule]:Shutting Down Server.
syg_rsp.exe: 000021C0: 03:51:36 [TUniServerModule]:Stopping HTTP Server.
syg_rsp.exe: 000021C0: 03:51:37 [TUniServerModule]:HTTP Server Stopped.
syg_rsp.exe: 000021C0: 03:51:37 [TUniGUISessionManager]:Terminating Session manager.
syg_rsp.exe: 000021C0: 03:51:37 [TUniGUISessionManager]:Stopping Cache Eraser...
syg_rsp.exe: 000021C0: 03:51:37 [TUniGUISessionManager]:Cache Eraser Stopped.
syg_rsp.exe: 000021C0: 03:51:37 [TUniGUISessionManager]:Destroying Worker Threads.
syg_rsp.exe: 000021C0: 03:51:37 [TUniGUISessionManager]:Session manager terminated.
syg_rsp.exe: 000021C0: 03:51:37 [TUniServerModule]:Server Shutdown Completed.
syg_rsp.exe: 000021C0: 03:51:37 []:<-------------------------------------------------------------->
syg_rsp.exe: 000021C0: 03:51:37 [Terminated]:Exit Code: 0
syg_rsp.exe: 00000564: 03:51:41 []:>--------------------------------------------------------------<
syg_rsp.exe: 00000564: 03:51:41 [TUniServerModule]:Server First Init.
syg_rsp.exe: 00000564: 03:51:41 [TUniServerModule]:Starting HTTP Server on Port: 8077...
syg_rsp.exe: 00000564: 03:51:41 [TUniServerModule]:HTTP Server Started on Port: 8077
syg_rsp.exe: 00003D64: 03:51:44 [127.0.0.1]:EUniSessionException : Invalid session or session Timeout. (Session not found: PFy1VwqIoP10BAF759C ) : Addr: $0082D9FE
syg_rsp.exe: 00003F74: 03:52:06 [127.0.0.1]:EOleException : [MySQL][ODBC 8.0(a) Driver][mysqld-8.0.29]You have an error in your SQL syntax; check the manual that corresponds to your MySQL server version for the right syntax to use near ', COUNT(id_factures_pal) AS nb_fact FROM (   SELECT F.id_factures_pal, F.ref_fa' at line 1 : Addr: $0084214F
syg_rsp.exe: 00000564: 03:54:28 [TUniServerModule]:Shutting Down Server.
syg_rsp.exe: 00000564: 03:54:28 [TUniServerModule]:Stopping HTTP Server.
syg_rsp.exe: 00000564: 03:54:28 [TUniServerModule]:HTTP Server Stopped.
syg_rsp.exe: 00000564: 03:54:28 [TUniGUISessionManager]:Terminating Session manager.
syg_rsp.exe: 00000564: 03:54:28 [TUniGUISessionManager]:Stopping Cache Eraser...
syg_rsp.exe: 00000564: 03:54:28 [TUniGUISessionManager]:Cache Eraser Stopped.
syg_rsp.exe: 00000564: 03:54:28 [TUniGUISessionManager]:Destroying Worker Threads.
syg_rsp.exe: 00000564: 03:54:28 [TUniGUISessionManager]:Session manager terminated.
syg_rsp.exe: 00000564: 03:54:29 [TUniServerModule]:Server Shutdown Completed.
syg_rsp.exe: 00000564: 03:54:29 []:<-------------------------------------------------------------->
syg_rsp.exe: 00000564: 03:54:29 [Terminated]:Exit Code: 0
syg_rsp.exe: 0000086C: 04:05:13 []:>--------------------------------------------------------------<
syg_rsp.exe: 0000086C: 04:05:13 [TUniServerModule]:Server First Init.
syg_rsp.exe: 0000086C: 04:05:13 [TUniServerModule]:Starting HTTP Server on Port: 8077...
syg_rsp.exe: 0000086C: 04:05:13 [TUniServerModule]:HTTP Server Started on Port: 8077
syg_rsp.exe: 00000020: 04:05:16 [127.0.0.1]:EUniSessionException : Invalid session or session Timeout. (Session not found: c2Asipdmpx10BAF779F ) : Addr: $0082D9FE
syg_rsp.exe: 0000086C: 04:25:03 [Exit]:Unexpected attempt to terminate server application with Exit Code: 0
syg_rsp.exe: 00003A18: 07:36:42 []:>--------------------------------------------------------------<
syg_rsp.exe: 00003A18: 07:36:42 [TUniServerModule]:Server First Init.
syg_rsp.exe: 00003A18: 07:36:42 [TUniServerModule]:Global Cache Folder Erased. <44> Files deleted.
syg_rsp.exe: 00003A18: 07:36:42 [TUniServerModule]:Starting HTTP Server on Port: 8077...
syg_rsp.exe: 00003A18: 07:36:42 [TUniServerModule]:HTTP Server Started on Port: 8077
syg_rsp.exe: 00003F84: 07:37:08 [127.0.0.1]:EOleException : [MySQL][ODBC 8.0(a) Driver][mysqld-8.0.29]You have an error in your SQL syntax; check the manual that corresponds to your MySQL server version for the right syntax to use near ', COUNT(id_factures_pal) AS nb_fact FROM (   SELECT F.id_factures_pal, F.ref_fa' at line 1 : Addr: $0084214F
syg_rsp.exe: 00003A18: 07:41:25 [TUniServerModule]:Shutting Down Server.
syg_rsp.exe: 00003A18: 07:41:25 [TUniServerModule]:Stopping HTTP Server.
syg_rsp.exe: 00003A18: 07:41:26 [TUniServerModule]:HTTP Server Stopped.
syg_rsp.exe: 00003A18: 07:41:26 [TUniGUISessionManager]:Terminating Session manager.
syg_rsp.exe: 00003A18: 07:41:26 [TUniGUISessionManager]:Stopping Cache Eraser...
syg_rsp.exe: 00003A18: 07:41:26 [TUniGUISessionManager]:Cache Eraser Stopped.
syg_rsp.exe: 00003A18: 07:41:26 [TUniGUISessionManager]:Destroying Worker Threads.
syg_rsp.exe: 00003A18: 07:41:26 [TUniGUISessionManager]:Session manager terminated.
syg_rsp.exe: 00003A18: 07:41:26 [TUniServerModule]:Server Shutdown Completed.
syg_rsp.exe: 00003A18: 07:41:26 []:<-------------------------------------------------------------->
syg_rsp.exe: 00003A18: 07:41:26 [Terminated]:Exit Code: 0
syg_rsp.exe: 00002AA4: 07:45:00 []:>--------------------------------------------------------------<
syg_rsp.exe: 00002AA4: 07:45:00 [TUniServerModule]:Server First Init.
syg_rsp.exe: 00002AA4: 07:45:00 [TUniServerModule]:Starting HTTP Server on Port: 8077...
syg_rsp.exe: 00002AA4: 07:45:00 [TUniServerModule]:HTTP Server Started on Port: 8077
syg_rsp.exe: 000029B0: 07:45:04 [127.0.0.1]:EUniSessionException : Invalid session or session Timeout. (Session not found: qNotorM5cR10BAFB4A9 ) : Addr: $0082D9FE
syg_rsp.exe: 000035C4: 07:45:27 [127.0.0.1]:EOleException : [MySQL][ODBC 8.0(a) Driver][mysqld-8.0.29]You have an error in your SQL syntax; check the manual that corresponds to your MySQL server version for the right syntax to use near ', COUNT(id_factures_pal) AS nb_fact FROM (   SELECT F.id_factures_pal, F.ref_fa' at line 1 : Addr: $0084214F
syg_rsp.exe: 00002AA4: 07:46:38 [TUniServerModule]:Shutting Down Server.
syg_rsp.exe: 00002AA4: 07:46:38 [TUniServerModule]:Stopping HTTP Server.
syg_rsp.exe: 00002AA4: 07:46:39 [TUniServerModule]:HTTP Server Stopped.
syg_rsp.exe: 00002AA4: 07:46:39 [TUniGUISessionManager]:Terminating Session manager.
syg_rsp.exe: 00002AA4: 07:46:39 [TUniGUISessionManager]:Stopping Cache Eraser...
syg_rsp.exe: 00002AA4: 07:46:39 [TUniGUISessionManager]:Cache Eraser Stopped.
syg_rsp.exe: 00002AA4: 07:46:39 [TUniGUISessionManager]:Destroying Worker Threads.
syg_rsp.exe: 00002AA4: 07:46:39 [TUniGUISessionManager]:Session manager terminated.
syg_rsp.exe: 00002AA4: 07:46:39 [TUniServerModule]:Server Shutdown Completed.
syg_rsp.exe: 00002AA4: 07:46:39 []:<-------------------------------------------------------------->
syg_rsp.exe: 00002AA4: 07:46:39 [Terminated]:Exit Code: 0
syg_rsp.exe: 000036FC: 07:48:24 []:>--------------------------------------------------------------<
syg_rsp.exe: 000036FC: 07:48:24 [TUniServerModule]:Server First Init.
syg_rsp.exe: 000036FC: 07:48:24 [TUniServerModule]:Starting HTTP Server on Port: 8077...
syg_rsp.exe: 000036FC: 07:48:24 [TUniServerModule]:HTTP Server Started on Port: 8077
syg_rsp.exe: 00001664: 07:48:26 [127.0.0.1]:EUniSessionException : Invalid session or session Timeout. (Session not found: gePW4Hyfxx10BAFB6EA ) : Addr: $0082D9FE
syg_rsp.exe: 000036B8: 07:48:26 [127.0.0.1]:EUniSessionException : Invalid session or session Timeout. (Session not found: gePW4Hyfxx10BAFB6EA ) : Addr: $0082D9FE
syg_rsp.exe: 000036B8: 07:48:45 [127.0.0.1]:EOleException : [MySQL][ODBC 8.0(a) Driver][mysqld-8.0.29]You have an error in your SQL syntax; check the manual that corresponds to your MySQL server version for the right syntax to use near ', COUNT(id_factures_pal) AS nb_fact FROM (   SELECT F.id_factures_pal, F.ref_fa' at line 1 : Addr: $0084214F
syg_rsp.exe: 000036FC: 07:51:03 [TUniServerModule]:Shutting Down Server.
syg_rsp.exe: 000036FC: 07:51:03 [TUniServerModule]:Stopping HTTP Server.
syg_rsp.exe: 000036FC: 07:51:03 [TUniServerModule]:HTTP Server Stopped.
syg_rsp.exe: 000036FC: 07:51:03 [TUniGUISessionManager]:Terminating Session manager.
syg_rsp.exe: 000036FC: 07:51:03 [TUniGUISessionManager]:Stopping Cache Eraser...
syg_rsp.exe: 000036FC: 07:51:03 [TUniGUISessionManager]:Cache Eraser Stopped.
syg_rsp.exe: 000036FC: 07:51:03 [TUniGUISessionManager]:Destroying Worker Threads.
syg_rsp.exe: 000036FC: 07:51:03 [TUniGUISessionManager]:Session manager terminated.
syg_rsp.exe: 000036FC: 07:51:03 [TUniServerModule]:Server Shutdown Completed.
syg_rsp.exe: 000036FC: 07:51:03 []:<-------------------------------------------------------------->
syg_rsp.exe: 000036FC: 07:51:03 [Terminated]:Exit Code: 0
syg_rsp.exe: 00001F90: 07:51:16 []:>--------------------------------------------------------------<
syg_rsp.exe: 00001F90: 07:51:16 [TUniServerModule]:Server First Init.
syg_rsp.exe: 00001F90: 07:51:16 [TUniServerModule]:Starting HTTP Server on Port: 8077...
syg_rsp.exe: 00001F90: 07:51:16 [TUniServerModule]:HTTP Server Started on Port: 8077
syg_rsp.exe: 0000091C: 07:51:21 [127.0.0.1]:EUniSessionException : Invalid session or session Timeout. (Session not found: MRJQeqteLt10BAFB7D3 ) : Addr: $0082D9FE
syg_rsp.exe: 00003530: 07:51:21 [127.0.0.1]:EUniSessionException : Invalid session or session Timeout. (Session not found: MRJQeqteLt10BAFB7D3 ) : Addr: $0082D9FE
syg_rsp.exe: 00003530: 07:51:42 [127.0.0.1]:EOleException : [MySQL][ODBC 8.0(a) Driver][mysqld-8.0.29]You have an error in your SQL syntax; check the manual that corresponds to your MySQL server version for the right syntax to use near ', COUNT(id_factures_pal) AS nb_fact FROM ( 
  SELECT F.id_factures_pal, F.ref_f' at line 1 : Addr: $0084214F
syg_rsp.exe: 00001F90: 08:00:11 [TUniServerModule]:Shutting Down Server.
syg_rsp.exe: 00001F90: 08:00:11 [TUniServerModule]:Stopping HTTP Server.
syg_rsp.exe: 00001F90: 08:00:11 [TUniServerModule]:HTTP Server Stopped.
syg_rsp.exe: 00001F90: 08:00:11 [TUniGUISessionManager]:Terminating Session manager.
syg_rsp.exe: 00001F90: 08:00:11 [TUniGUISessionManager]:Stopping Cache Eraser...
syg_rsp.exe: 00001F90: 08:00:11 [TUniGUISessionManager]:Cache Eraser Stopped.
syg_rsp.exe: 00001F90: 08:00:11 [TUniGUISessionManager]:Destroying Worker Threads.
syg_rsp.exe: 00001F90: 08:00:11 [TUniGUISessionManager]:Session manager terminated.
syg_rsp.exe: 00001F90: 08:00:11 [TUniServerModule]:Server Shutdown Completed.
syg_rsp.exe: 00001F90: 08:00:11 []:<-------------------------------------------------------------->
syg_rsp.exe: 00001F90: 08:00:11 [Terminated]:Exit Code: 0
syg_rsp.exe: 00001B08: 08:00:16 []:>--------------------------------------------------------------<
syg_rsp.exe: 00001B08: 08:00:16 [TUniServerModule]:Server First Init.
syg_rsp.exe: 00001B08: 08:00:16 [TUniServerModule]:Starting HTTP Server on Port: 8077...
syg_rsp.exe: 00001B08: 08:00:16 [TUniServerModule]:HTTP Server Started on Port: 8077
syg_rsp.exe: 00001B94: 08:00:19 [127.0.0.1]:EUniSessionException : Invalid session or session Timeout. (Session not found: VCTMZknNkH10BAFB89D ) : Addr: $0082D9FE
syg_rsp.exe: 00002944: 08:00:19 [127.0.0.1]:EUniSessionException : Invalid session or session Timeout. (Session not found: VCTMZknNkH10BAFB89D ) : Addr: $0082D9FE
syg_rsp.exe: 00002944: 08:00:39 [127.0.0.1]:EOleException : [MySQL][ODBC 8.0(a) Driver][mysqld-8.0.29]You have an error in your SQL syntax; check the manual that corresponds to your MySQL server version for the right syntax to use near ', COUNT(id_factures_pal) AS nb_fact FROM ( 
  SELECT F.id_factures_pal, F.ref_f' at line 1 : Addr: $0084214F
syg_rsp.exe: 00002944: 08:01:54 [127.0.0.1]:EOleException : [MySQL][ODBC 8.0(a) Driver][mysqld-8.0.29]Unknown column 'id_type_facture' in 'order clause' : Addr: $0084214F
syg_rsp.exe: 00001B08: 08:03:05 [TUniServerModule]:Shutting Down Server.
syg_rsp.exe: 00001B08: 08:03:05 [TUniServerModule]:Stopping HTTP Server.
syg_rsp.exe: 00001B08: 08:03:06 [TUniServerModule]:HTTP Server Stopped.
syg_rsp.exe: 00001B08: 08:03:06 [TUniGUISessionManager]:Terminating Session manager.
syg_rsp.exe: 00001B08: 08:03:06 [TUniGUISessionManager]:Stopping Cache Eraser...
syg_rsp.exe: 00001B08: 08:03:07 [TUniGUISessionManager]:Cache Eraser Stopped.
syg_rsp.exe: 00001B08: 08:03:07 [TUniGUISessionManager]:Destroying Worker Threads.
syg_rsp.exe: 00001B08: 08:03:07 [TUniGUISessionManager]:Session manager terminated.
syg_rsp.exe: 00001B08: 08:03:07 [TUniServerModule]:Server Shutdown Completed.
syg_rsp.exe: 00001B08: 08:03:07 []:<-------------------------------------------------------------->
syg_rsp.exe: 00001B08: 08:03:07 [Terminated]:Exit Code: 0
syg_rsp.exe: 000029AC: 08:03:13 []:>--------------------------------------------------------------<
syg_rsp.exe: 000029AC: 08:03:13 [TUniServerModule]:Server First Init.
syg_rsp.exe: 000029AC: 08:03:13 [TUniServerModule]:Starting HTTP Server on Port: 8077...
syg_rsp.exe: 000029AC: 08:03:13 [TUniServerModule]:HTTP Server Started on Port: 8077
syg_rsp.exe: 00002040: 08:03:18 [127.0.0.1]:EUniSessionException : Invalid session or session Timeout. (Session not found: Pwu7nEoaue10BAFBB0C ) : Addr: $0082D9FE
syg_rsp.exe: 00003E84: 08:03:18 [127.0.0.1]:EUniSessionException : Invalid session or session Timeout. (Session not found: Pwu7nEoaue10BAFBB0C ) : Addr: $0082D9FE
syg_rsp.exe: 00003E84: 08:03:36 [127.0.0.1]:EOleException : [MySQL][ODBC 8.0(a) Driver][mysqld-8.0.29]You have an error in your SQL syntax; check the manual that corresponds to your MySQL server version for the right syntax to use near ', COUNT(id_factures_pal) AS nb_fact FROM ( 
  SELECT F.id_factures_pal, F.ref_f' at line 1 : Addr: $0084214F
syg_rsp.exe: 000029AC: 08:06:37 [TUniServerModule]:Shutting Down Server.
syg_rsp.exe: 000029AC: 08:06:37 [TUniServerModule]:Stopping HTTP Server.
syg_rsp.exe: 000029AC: 08:06:38 [TUniServerModule]:HTTP Server Stopped.
syg_rsp.exe: 000029AC: 08:06:38 [TUniGUISessionManager]:Terminating Session manager.
syg_rsp.exe: 000029AC: 08:06:38 [TUniGUISessionManager]:Stopping Cache Eraser...
syg_rsp.exe: 000029AC: 08:06:38 [TUniGUISessionManager]:Cache Eraser Stopped.
syg_rsp.exe: 000029AC: 08:06:38 [TUniGUISessionManager]:Destroying Worker Threads.
syg_rsp.exe: 000029AC: 08:06:38 [TUniGUISessionManager]:Session manager terminated.
syg_rsp.exe: 000029AC: 08:06:38 [TUniServerModule]:Server Shutdown Completed.
syg_rsp.exe: 000029AC: 08:06:38 []:<-------------------------------------------------------------->
syg_rsp.exe: 000029AC: 08:06:38 [Terminated]:Exit Code: 0
syg_rsp.exe: 00001668: 08:06:41 []:>--------------------------------------------------------------<
syg_rsp.exe: 00001668: 08:06:41 [TUniServerModule]:Server First Init.
syg_rsp.exe: 00001668: 08:06:41 [TUniServerModule]:Starting HTTP Server on Port: 8077...
syg_rsp.exe: 00001668: 08:06:41 [TUniServerModule]:HTTP Server Started on Port: 8077
syg_rsp.exe: 00001668: 08:06:52 [TUniServerModule]:Shutting Down Server.
syg_rsp.exe: 00001668: 08:06:52 [TUniServerModule]:Stopping HTTP Server.
syg_rsp.exe: 00001668: 08:06:52 [TUniServerModule]:HTTP Server Stopped.
syg_rsp.exe: 00001668: 08:06:52 [TUniGUISessionManager]:Terminating Session manager.
syg_rsp.exe: 00001668: 08:06:52 [TUniGUISessionManager]:Stopping Cache Eraser...
syg_rsp.exe: 00001668: 08:06:52 [TUniGUISessionManager]:Cache Eraser Stopped.
syg_rsp.exe: 00001668: 08:06:52 [TUniGUISessionManager]:Destroying Worker Threads.
syg_rsp.exe: 00001668: 08:06:52 [TUniGUISessionManager]:Session manager terminated.
syg_rsp.exe: 00001668: 08:06:52 [TUniServerModule]:Server Shutdown Completed.
syg_rsp.exe: 00001668: 08:06:52 []:<-------------------------------------------------------------->
syg_rsp.exe: 00001668: 08:06:52 [Terminated]:Exit Code: 0
syg_rsp.exe: 00001AFC: 08:08:00 []:>--------------------------------------------------------------<
syg_rsp.exe: 00001AFC: 08:08:00 [TUniServerModule]:Server First Init.
syg_rsp.exe: 00001AFC: 08:08:00 [TUniServerModule]:Starting HTTP Server on Port: 8077...
syg_rsp.exe: 00001AFC: 08:08:00 [TUniServerModule]:HTTP Server Started on Port: 8077
syg_rsp.exe: 00003D74: 08:08:02 [127.0.0.1]:EUniSessionException : Invalid session or session Timeout. (Session not found: sdDn1jWshb10BAFBBDB ) : Addr: $0082D9FE
syg_rsp.exe: 00001D70: 08:08:02 [127.0.0.1]:EUniSessionException : Invalid session or session Timeout. (Session not found: sdDn1jWshb10BAFBBDB ) : Addr: $0082D9FE
syg_rsp.exe: 00001D70: 08:08:19 [127.0.0.1]:EOleException : [MySQL][ODBC 8.0(a) Driver][mysqld-8.0.29]You have an error in your SQL syntax; check the manual that corresponds to your MySQL server version for the right syntax to use near ', COUNT(id_factures_pal) AS nb_fact FROM ( 
  SELECT F.id_factures_pal, F.ref_f' at line 1 : Addr: $0084214F
syg_rsp.exe: 000000D4: 09:09:23 [127.0.0.1]:EUniSessionException : Invalid session or session Timeout. (Session not found: EFopEqtbBG10BAFBF65 ) : Addr: $0082D9FE
syg_rsp.exe: 000020AC: 09:09:23 [127.0.0.1]:EUniSessionException : Invalid session or session Timeout. (Session not found: EFopEqtbBG10BAFBF65 ) : Addr: $0082D9FE
syg_rsp.exe: 00001AFC: 09:10:22 [TUniServerModule]:Shutting Down Server.
syg_rsp.exe: 00001AFC: 09:10:22 [TUniServerModule]:Stopping HTTP Server.
syg_rsp.exe: 00001AFC: 09:10:23 [TUniServerModule]:HTTP Server Stopped.
syg_rsp.exe: 00001AFC: 09:10:23 [TUniGUISessionManager]:Terminating Session manager.
syg_rsp.exe: 00001AFC: 09:10:23 [TUniGUISessionManager]:Stopping Cache Eraser...
syg_rsp.exe: 00001AFC: 09:10:23 [TUniGUISessionManager]:Cache Eraser Stopped.
syg_rsp.exe: 00001AFC: 09:10:23 [TUniGUISessionManager]:Destroying Worker Threads.
syg_rsp.exe: 00001AFC: 09:10:23 [TUniGUISessionManager]:Session manager terminated.
syg_rsp.exe: 00001AFC: 09:10:23 [TUniServerModule]:Server Shutdown Completed.
syg_rsp.exe: 00001AFC: 09:10:23 []:<-------------------------------------------------------------->
syg_rsp.exe: 00001AFC: 09:10:23 [Terminated]:Exit Code: 0
syg_rsp.exe: 00000CC4: 09:10:27 []:>--------------------------------------------------------------<
syg_rsp.exe: 00000CC4: 09:10:27 [TUniServerModule]:Server First Init.
syg_rsp.exe: 00000CC4: 09:10:27 [TUniServerModule]:Starting HTTP Server on Port: 8077...
syg_rsp.exe: 00000CC4: 09:10:27 [TUniServerModule]:HTTP Server Started on Port: 8077
syg_rsp.exe: 000037BC: 09:10:30 [127.0.0.1]:EUniSessionException : Invalid session or session Timeout. (Session not found: hYRWEMJy9710BAFCDC9 ) : Addr: $0082D9FE
syg_rsp.exe: 00003DEC: 09:10:53 [127.0.0.1]:EOleException : [MySQL][ODBC 8.0(a) Driver][mysqld-8.0.29]You have an error in your SQL syntax; check the manual that corresponds to your MySQL server version for the right syntax to use near ', COUNT(id_factures_pal) AS nb_fact FROM ( 
  SELECT F.id_factures_pal, F.ref_f' at line 1 : Addr: $0084214F
syg_rsp.exe: 00003DEC: 09:11:03 [127.0.0.1]:EOleException : [MySQL][ODBC 8.0(a) Driver][mysqld-8.0.29]You have an error in your SQL syntax; check the manual that corresponds to your MySQL server version for the right syntax to use near ', COUNT(id_factures_pal) AS nb_fact FROM ( 
  SELECT F.id_factures_pal, F.ref_f' at line 1 : Addr: $0084214F
syg_rsp.exe: 00003DEC: 09:12:14 [127.0.0.1]:EOleException : [MySQL][ODBC 8.0(a) Driver][mysqld-8.0.29]You have an error in your SQL syntax; check the manual that corresponds to your MySQL server version for the right syntax to use near ', COUNT(id_factures_pal) AS nb_fact FROM ( 
  SELECT F.id_factures_pal, F.ref_f' at line 1 : Addr: $0084214F
syg_rsp.exe: 00000CC4: 09:22:03 [TUniServerModule]:Shutting Down Server.
syg_rsp.exe: 00000CC4: 09:22:03 [TUniServerModule]:Stopping HTTP Server.
syg_rsp.exe: 00000CC4: 09:22:04 [TUniServerModule]:HTTP Server Stopped.
syg_rsp.exe: 00000CC4: 09:22:04 [TUniGUISessionManager]:Terminating Session manager.
syg_rsp.exe: 00000CC4: 09:22:04 [TUniGUISessionManager]:Stopping Cache Eraser...
syg_rsp.exe: 00000CC4: 09:22:04 [TUniGUISessionManager]:Cache Eraser Stopped.
syg_rsp.exe: 00000CC4: 09:22:04 [TUniGUISessionManager]:Destroying Worker Threads.
syg_rsp.exe: 00000CC4: 09:22:04 [TUniGUISessionManager]:Session manager terminated.
syg_rsp.exe: 00000CC4: 09:22:04 [TUniServerModule]:Server Shutdown Completed.
syg_rsp.exe: 00000CC4: 09:22:04 []:<-------------------------------------------------------------->
syg_rsp.exe: 00000CC4: 09:22:04 [Terminated]:Exit Code: 0
syg_rsp.exe: 00003D1C: 09:22:11 []:>--------------------------------------------------------------<
syg_rsp.exe: 00003D1C: 09:22:11 [TUniServerModule]:Server First Init.
syg_rsp.exe: 00003D1C: 09:22:11 [TUniServerModule]:Starting HTTP Server on Port: 8077...
syg_rsp.exe: 00003D1C: 09:22:11 [TUniServerModule]:HTTP Server Started on Port: 8077
syg_rsp.exe: 0000086C: 09:22:14 [127.0.0.1]:EUniSessionException : Invalid session or session Timeout. (Session not found: hqMknjNFTM10BAFCE17 ) : Addr: $0082D9FE
syg_rsp.exe: 000033A4: 09:22:14 [127.0.0.1]:EUniSessionException : Invalid session or session Timeout. (Session not found: hqMknjNFTM10BAFCE17 ) : Addr: $0082D9FE
syg_rsp.exe: 000033A4: 09:22:43 [127.0.0.1]:EOleException : [MySQL][ODBC 8.0(a) Driver][mysqld-8.0.29]You have an error in your SQL syntax; check the manual that corresponds to your MySQL server version for the right syntax to use near ', COUNT(id_factures_pal) AS nb_fact FROM ( 
  SELECT F.id_factures_pal, F.ref_f' at line 1 : Addr: $0084214F
syg_rsp.exe: 00003D1C: 09:26:52 [TUniServerModule]:Shutting Down Server.
syg_rsp.exe: 00003D1C: 09:26:52 [TUniServerModule]:Stopping HTTP Server.
syg_rsp.exe: 00003D1C: 09:26:53 [TUniServerModule]:HTTP Server Stopped.
syg_rsp.exe: 00003D1C: 09:26:53 [TUniGUISessionManager]:Terminating Session manager.
syg_rsp.exe: 00003D1C: 09:26:53 [TUniGUISessionManager]:Stopping Cache Eraser...
syg_rsp.exe: 00003D1C: 09:26:53 [TUniGUISessionManager]:Cache Eraser Stopped.
syg_rsp.exe: 00003D1C: 09:26:53 [TUniGUISessionManager]:Destroying Worker Threads.
syg_rsp.exe: 00003D1C: 09:26:53 [TUniGUISessionManager]:Session manager terminated.
syg_rsp.exe: 00003D1C: 09:26:53 [TUniServerModule]:Server Shutdown Completed.
syg_rsp.exe: 00003D1C: 09:26:53 []:<-------------------------------------------------------------->
syg_rsp.exe: 00003D1C: 09:26:53 [Terminated]:Exit Code: 0
syg_rsp.exe: 000039A4: 09:26:56 []:>--------------------------------------------------------------<
syg_rsp.exe: 000039A4: 09:26:56 [TUniServerModule]:Server First Init.
syg_rsp.exe: 000039A4: 09:26:56 [TUniServerModule]:Starting HTTP Server on Port: 8077...
syg_rsp.exe: 000039A4: 09:26:56 [TUniServerModule]:HTTP Server Started on Port: 8077
syg_rsp.exe: 00000EEC: 09:26:58 [127.0.0.1]:EUniSessionException : Invalid session or session Timeout. (Session not found: CIb3WbNYFt10BAFD145 ) : Addr: $0082D9FE
syg_rsp.exe: 00000CBC: 09:26:58 [127.0.0.1]:EUniSessionException : Invalid session or session Timeout. (Session not found: CIb3WbNYFt10BAFD145 ) : Addr: $0082D9FE
syg_rsp.exe: 00000CBC: 09:27:24 [127.0.0.1]:EOleException : [MySQL][ODBC 8.0(a) Driver][mysqld-8.0.29]You have an error in your SQL syntax; check the manual that corresponds to your MySQL server version for the right syntax to use near ', COUNT(id_factures_pal) AS nb_fact FROM ( 
  SELECT F.id_factures_pal, F.ref_f' at line 1 : Addr: $0084214F
syg_rsp.exe: 00000CBC: 09:27:38 [127.0.0.1]:EOleException : [MySQL][ODBC 8.0(a) Driver][mysqld-8.0.29]You have an error in your SQL syntax; check the manual that corresponds to your MySQL server version for the right syntax to use near ', COUNT(id_factures_pal) AS nb_fact FROM ( 
  SELECT F.id_factures_pal, F.ref_f' at line 1 : Addr: $0084214F
syg_rsp.exe: 000039A4: 09:35:36 [TUniServerModule]:Shutting Down Server.
syg_rsp.exe: 000039A4: 09:35:36 [TUniServerModule]:Stopping HTTP Server.
syg_rsp.exe: 000039A4: 09:35:37 [TUniServerModule]:HTTP Server Stopped.
syg_rsp.exe: 000039A4: 09:35:37 [TUniGUISessionManager]:Terminating Session manager.
syg_rsp.exe: 000039A4: 09:35:37 [TUniGUISessionManager]:Stopping Cache Eraser...
syg_rsp.exe: 000039A4: 09:35:37 [TUniGUISessionManager]:Cache Eraser Stopped.
syg_rsp.exe: 000039A4: 09:35:37 [TUniGUISessionManager]:Destroying Worker Threads.
syg_rsp.exe: 000039A4: 09:35:37 [TUniGUISessionManager]:Session manager terminated.
syg_rsp.exe: 000039A4: 09:35:37 [TUniServerModule]:Server Shutdown Completed.
syg_rsp.exe: 000039A4: 09:35:37 []:<-------------------------------------------------------------->
syg_rsp.exe: 000039A4: 09:35:37 [Terminated]:Exit Code: 0
syg_rsp.exe: 00003A44: 10:49:13 []:>--------------------------------------------------------------<
syg_rsp.exe: 00003A44: 10:49:13 [TUniServerModule]:Server First Init.
syg_rsp.exe: 00003A44: 10:49:14 [TUniServerModule]:Starting HTTP Server on Port: 8077...
syg_rsp.exe: 00003A44: 10:49:14 [TUniServerModule]:HTTP Server Started on Port: 8077
syg_rsp.exe: 00003474: 10:49:14 [127.0.0.1]:EUniSessionException : Invalid session or session Timeout. (Session not found: ha2MGyp9vv10BAFD28D ) : Addr: $0082D9FE
syg_rsp.exe: 00001D30: 10:49:14 [127.0.0.1]:EUniSessionException : Invalid session or session Timeout. (Session not found: ha2MGyp9vv10BAFD28D ) : Addr: $0082D9FE
syg_rsp.exe: 00001D30: 10:49:33 [127.0.0.1]:EOleException : [MySQL][ODBC 8.0(a) Driver][mysqld-8.0.29]You have an error in your SQL syntax; check the manual that corresponds to your MySQL server version for the right syntax to use near ', COUNT(id_factures_pal) AS nb_fact FROM ( 
  SELECT F.id_factures_pal, F.ref_f' at line 1 : Addr: $0084214F
syg_rsp.exe: 00003A44: 11:08:29 [TUniServerModule]:Shutting Down Server.
syg_rsp.exe: 00003A44: 11:08:29 [TUniServerModule]:Stopping HTTP Server.
syg_rsp.exe: 00003A44: 11:08:30 [TUniServerModule]:HTTP Server Stopped.
syg_rsp.exe: 00003A44: 11:08:30 [TUniGUISessionManager]:Terminating Session manager.
syg_rsp.exe: 00003A44: 11:08:30 [TUniGUISessionManager]:Stopping Cache Eraser...
syg_rsp.exe: 00003A44: 11:08:30 [TUniGUISessionManager]:Cache Eraser Stopped.
syg_rsp.exe: 00003A44: 11:08:30 [TUniGUISessionManager]:Destroying Worker Threads.
syg_rsp.exe: 00003A44: 11:08:30 [TUniGUISessionManager]:Session manager terminated.
syg_rsp.exe: 00003A44: 11:08:30 [TUniServerModule]:Server Shutdown Completed.
syg_rsp.exe: 00003A44: 11:08:30 []:<-------------------------------------------------------------->
syg_rsp.exe: 00003A44: 11:08:30 [Terminated]:Exit Code: 0
syg_rsp.exe: 00000BC0: 11:08:36 []:>--------------------------------------------------------------<
syg_rsp.exe: 00000BC0: 11:08:36 [TUniServerModule]:Server First Init.
syg_rsp.exe: 00000BC0: 11:08:36 [TUniServerModule]:Starting HTTP Server on Port: 8077...
syg_rsp.exe: 00000BC0: 11:08:36 [TUniServerModule]:HTTP Server Started on Port: 8077
syg_rsp.exe: 00003ED8: 11:08:36 [127.0.0.1]:EUniSessionException : Invalid session or session Timeout. (Session not found: gS9pVzRwod10BAFE8DE ) : Addr: $0082D9FE
syg_rsp.exe: 00001044: 11:08:59 [127.0.0.1]:EOleException : [MySQL][ODBC 8.0(a) Driver][mysqld-8.0.29]You have an error in your SQL syntax; check the manual that corresponds to your MySQL server version for the right syntax to use near ', COUNT(id_factures_pal) AS nb_fact FROM ( 
  SELECT F.id_factures_pal, F.ref_f' at line 1 : Addr: $0084214F
syg_rsp.exe: 00000BC0: 11:10:35 [TUniServerModule]:Shutting Down Server.
syg_rsp.exe: 00000BC0: 11:10:35 [TUniServerModule]:Stopping HTTP Server.
syg_rsp.exe: 00000BC0: 11:10:36 [TUniServerModule]:HTTP Server Stopped.
syg_rsp.exe: 00000BC0: 11:10:36 [TUniGUISessionManager]:Terminating Session manager.
syg_rsp.exe: 00000BC0: 11:10:36 [TUniGUISessionManager]:Stopping Cache Eraser...
syg_rsp.exe: 00000BC0: 11:10:36 [TUniGUISessionManager]:Cache Eraser Stopped.
syg_rsp.exe: 00000BC0: 11:10:36 [TUniGUISessionManager]:Destroying Worker Threads.
syg_rsp.exe: 00000BC0: 11:10:36 [TUniGUISessionManager]:Session manager terminated.
syg_rsp.exe: 00000BC0: 11:10:36 [TUniServerModule]:Server Shutdown Completed.
syg_rsp.exe: 00000BC0: 11:10:36 []:<-------------------------------------------------------------->
syg_rsp.exe: 00000BC0: 11:10:36 [Terminated]:Exit Code: 0
syg_rsp.exe: 00000E50: 11:10:38 []:>--------------------------------------------------------------<
syg_rsp.exe: 00000E50: 11:10:38 [TUniServerModule]:Server First Init.
syg_rsp.exe: 00000E50: 11:10:38 [TUniServerModule]:Starting HTTP Server on Port: 8077...
syg_rsp.exe: 00000E50: 11:10:38 [TUniServerModule]:HTTP Server Started on Port: 8077
syg_rsp.exe: 00000600: 11:10:40 [127.0.0.1]:EUniSessionException : Invalid session or session Timeout. (Session not found: oWneRiG2MG10BAFEE21 ) : Addr: $0082D9FE
syg_rsp.exe: 000027B0: 11:10:40 [127.0.0.1]:EUniSessionException : Invalid session or session Timeout. (Session not found: oWneRiG2MG10BAFEE21 ) : Addr: $0082D9FE
syg_rsp.exe: 00000E50: 11:12:51 [TUniServerModule]:Shutting Down Server.
syg_rsp.exe: 00000E50: 11:12:51 [TUniServerModule]:Stopping HTTP Server.
syg_rsp.exe: 00000E50: 11:12:52 [TUniServerModule]:HTTP Server Stopped.
syg_rsp.exe: 00000E50: 11:12:52 [TUniGUISessionManager]:Terminating Session manager.
syg_rsp.exe: 00000E50: 11:12:52 [TUniGUISessionManager]:Stopping Cache Eraser...
syg_rsp.exe: 00000E50: 11:12:52 [TUniGUISessionManager]:Cache Eraser Stopped.
syg_rsp.exe: 00000E50: 11:12:52 [TUniGUISessionManager]:Destroying Worker Threads.
syg_rsp.exe: 00000E50: 11:12:52 [TUniGUISessionManager]:Session manager terminated.
syg_rsp.exe: 00000E50: 11:12:52 [TUniServerModule]:Server Shutdown Completed.
syg_rsp.exe: 00000E50: 11:12:52 []:<-------------------------------------------------------------->
syg_rsp.exe: 00000E50: 11:12:52 [Terminated]:Exit Code: 0
syg_rsp.exe: 00001D28: 11:12:55 []:>--------------------------------------------------------------<
syg_rsp.exe: 00001D28: 11:12:55 [TUniServerModule]:Server First Init.
syg_rsp.exe: 00001D28: 11:12:55 [TUniServerModule]:Starting HTTP Server on Port: 8077...
syg_rsp.exe: 00001D28: 11:12:55 [TUniServerModule]:HTTP Server Started on Port: 8077
syg_rsp.exe: 00001C74: 11:12:55 [127.0.0.1]:EUniSessionException : Invalid session or session Timeout. (Session not found: j5s41jvKeL10BAFEEAE ) : Addr: $0082D9FE
syg_rsp.exe: 00002650: 11:12:55 [127.0.0.1]:EUniSessionException : Invalid session or session Timeout. (Session not found: j5s41jvKeL10BAFEEAE ) : Addr: $0082D9FE
syg_rsp.exe: 00001D28: 11:19:50 [TUniServerModule]:Shutting Down Server.
syg_rsp.exe: 00001D28: 11:19:50 [TUniServerModule]:Stopping HTTP Server.
syg_rsp.exe: 00001D28: 11:19:51 [TUniServerModule]:HTTP Server Stopped.
syg_rsp.exe: 00001D28: 11:19:51 [TUniGUISessionManager]:Terminating Session manager.
syg_rsp.exe: 00001D28: 11:19:51 [TUniGUISessionManager]:Stopping Cache Eraser...
syg_rsp.exe: 00001D28: 11:19:51 [TUniGUISessionManager]:Cache Eraser Stopped.
syg_rsp.exe: 00001D28: 11:19:51 [TUniGUISessionManager]:Destroying Worker Threads.
syg_rsp.exe: 00001D28: 11:19:51 [TUniGUISessionManager]:Session manager terminated.
syg_rsp.exe: 00001D28: 11:19:51 [TUniServerModule]:Server Shutdown Completed.
syg_rsp.exe: 00001D28: 11:19:51 []:<-------------------------------------------------------------->
syg_rsp.exe: 00001D28: 11:19:51 [Terminated]:Exit Code: 0
syg_rsp.exe: 00002918: 11:19:54 []:>--------------------------------------------------------------<
syg_rsp.exe: 00002918: 11:19:54 [TUniServerModule]:Server First Init.
syg_rsp.exe: 00002918: 11:19:54 [TUniServerModule]:Starting HTTP Server on Port: 8077...
syg_rsp.exe: 00002918: 11:19:54 [TUniServerModule]:HTTP Server Started on Port: 8077
syg_rsp.exe: 00002B24: 11:21:40 [127.0.0.1]:EUniSessionException : Invalid session or session Timeout. (Session not found: Xps569FV3910BAFEF4B ) : Addr: $0082D9FE
syg_rsp.exe: 00002918: 11:27:04 [TUniServerModule]:Shutting Down Server.
syg_rsp.exe: 00002918: 11:27:04 [TUniServerModule]:Stopping HTTP Server.
syg_rsp.exe: 00002918: 11:27:05 [TUniServerModule]:HTTP Server Stopped.
syg_rsp.exe: 00002918: 11:27:05 [TUniGUISessionManager]:Terminating Session manager.
syg_rsp.exe: 00002918: 11:27:05 [TUniGUISessionManager]:Stopping Cache Eraser...
syg_rsp.exe: 00002918: 11:27:05 [TUniGUISessionManager]:Cache Eraser Stopped.
syg_rsp.exe: 00002918: 11:27:05 [TUniGUISessionManager]:Destroying Worker Threads.
syg_rsp.exe: 00002918: 11:27:05 [TUniGUISessionManager]:Session manager terminated.
syg_rsp.exe: 00002918: 11:27:05 [TUniServerModule]:Server Shutdown Completed.
syg_rsp.exe: 00002918: 11:27:05 []:<-------------------------------------------------------------->
syg_rsp.exe: 00002918: 11:27:05 [Terminated]:Exit Code: 0
syg_rsp.exe: 000028F8: 11:27:13 []:>--------------------------------------------------------------<
syg_rsp.exe: 000028F8: 11:27:13 [TUniServerModule]:Server First Init.
syg_rsp.exe: 000028F8: 11:27:13 [TUniServerModule]:Starting HTTP Server on Port: 8077...
syg_rsp.exe: 000028F8: 11:27:13 [TUniServerModule]:HTTP Server Started on Port: 8077
syg_rsp.exe: 00003ABC: 11:27:15 [127.0.0.1]:EUniSessionException : Invalid session or session Timeout. (Session not found: LJXl6lUngA10BAFF1AC ) : Addr: $0082D9FE
syg_rsp.exe: 00000EF8: 11:27:15 [127.0.0.1]:EUniSessionException : Invalid session or session Timeout. (Session not found: LJXl6lUngA10BAFF1AC ) : Addr: $0082D9FE
syg_rsp.exe: 00002628: 11:30:44 [127.0.0.1]:EOleException : [MySQL][ODBC 8.0(a) Driver][mysqld-8.0.29]You have an error in your SQL syntax; check the manual that corresponds to your MySQL server version for the right syntax to use near ', COUNT(id_factures_pal) AS nb_fact FROM ( 
  SELECT F.id_factures_pal, F.ref_f' at line 1 : Addr: $0084214F
syg_rsp.exe: 000028F8: 11:32:59 [TUniServerModule]:Shutting Down Server.
syg_rsp.exe: 000028F8: 11:32:59 [TUniServerModule]:Stopping HTTP Server.
syg_rsp.exe: 000028F8: 11:33:00 [TUniServerModule]:HTTP Server Stopped.
syg_rsp.exe: 000028F8: 11:33:00 [TUniGUISessionManager]:Terminating Session manager.
syg_rsp.exe: 000028F8: 11:33:00 [TUniGUISessionManager]:Stopping Cache Eraser...
syg_rsp.exe: 000028F8: 11:33:00 [TUniGUISessionManager]:Cache Eraser Stopped.
syg_rsp.exe: 000028F8: 11:33:00 [TUniGUISessionManager]:Destroying Worker Threads.
syg_rsp.exe: 000028F8: 11:33:00 [TUniGUISessionManager]:Session manager terminated.
syg_rsp.exe: 000028F8: 11:33:00 [TUniServerModule]:Server Shutdown Completed.
syg_rsp.exe: 000028F8: 11:33:00 []:<-------------------------------------------------------------->
syg_rsp.exe: 000028F8: 11:33:00 [Terminated]:Exit Code: 0
syg_rsp.exe: 00002A9C: 11:33:34 []:>--------------------------------------------------------------<
syg_rsp.exe: 00002A9C: 11:33:34 [TUniServerModule]:Server First Init.
syg_rsp.exe: 00002A9C: 11:33:34 [TUniServerModule]:Starting HTTP Server on Port: 8077...
syg_rsp.exe: 00002A9C: 11:33:34 [TUniServerModule]:HTTP Server Started on Port: 8077
syg_rsp.exe: 000009CC: 11:33:35 [127.0.0.1]:EUniSessionException : Invalid session or session Timeout. (Session not found: wvD4BVNuC910BAFF32E ) : Addr: $0082D9FE
syg_rsp.exe: 00002F04: 11:33:35 [127.0.0.1]:EUniSessionException : Invalid session or session Timeout. (Session not found: wvD4BVNuC910BAFF32E ) : Addr: $0082D9FE
syg_rsp.exe: 000028DC: 11:37:03 [127.0.0.1]:EOleException : [MySQL][ODBC 8.0(a) Driver][mysqld-8.0.29]Unknown column 'F.statut_facture_pal' in 'field list' : Addr: $0084214F
syg_rsp.exe: 000028DC: 11:37:10 [127.0.0.1]:EOleException : [MySQL][ODBC 8.0(a) Driver][mysqld-8.0.29]Unknown column 'F.statut_facture_pal' in 'field list' : Addr: $0084214F
syg_rsp.exe: 00002A9C: 11:50:12 [TUniServerModule]:Shutting Down Server.
syg_rsp.exe: 00002A9C: 11:50:12 [TUniServerModule]:Stopping HTTP Server.
syg_rsp.exe: 00002A9C: 11:50:12 [TUniServerModule]:HTTP Server Stopped.
syg_rsp.exe: 00002A9C: 11:50:12 [TUniGUISessionManager]:Terminating Session manager.
syg_rsp.exe: 00002A9C: 11:50:12 [TUniGUISessionManager]:Stopping Cache Eraser...
syg_rsp.exe: 00002A9C: 11:50:12 [TUniGUISessionManager]:Cache Eraser Stopped.
syg_rsp.exe: 00002A9C: 11:50:12 [TUniGUISessionManager]:Destroying Worker Threads.
syg_rsp.exe: 00002A9C: 11:50:12 [TUniGUISessionManager]:Session manager terminated.
syg_rsp.exe: 00002A9C: 11:50:12 [TUniServerModule]:Server Shutdown Completed.
syg_rsp.exe: 00002A9C: 11:50:12 []:<-------------------------------------------------------------->
syg_rsp.exe: 00002A9C: 11:50:12 [Terminated]:Exit Code: 0
syg_rsp.exe: 000018E8: 11:50:55 []:>--------------------------------------------------------------<
syg_rsp.exe: 000018E8: 11:50:55 [TUniServerModule]:Server First Init.
syg_rsp.exe: 000018E8: 11:50:55 [TUniServerModule]:Starting HTTP Server on Port: 8077...
syg_rsp.exe: 000018E8: 11:50:55 [TUniServerModule]:HTTP Server Started on Port: 8077
syg_rsp.exe: 000033C4: 11:50:56 [127.0.0.1]:EUniSessionException : Invalid session or session Timeout. (Session not found: cANLwtxt9z10BAFF4E6 ) : Addr: $0082D9FE
syg_rsp.exe: 00002098: 11:50:56 [127.0.0.1]:EUniSessionException : Invalid session or session Timeout. (Session not found: cANLwtxt9z10BAFF4E6 ) : Addr: $0082D9FE
syg_rsp.exe: 000018E8: 11:52:06 [TUniServerModule]:Shutting Down Server.
syg_rsp.exe: 000018E8: 11:52:06 [TUniServerModule]:Stopping HTTP Server.
syg_rsp.exe: 000018E8: 11:52:07 [TUniServerModule]:HTTP Server Stopped.
syg_rsp.exe: 000018E8: 11:52:07 [TUniGUISessionManager]:Terminating Session manager.
syg_rsp.exe: 000018E8: 11:52:07 [TUniGUISessionManager]:Stopping Cache Eraser...
syg_rsp.exe: 000018E8: 11:52:07 [TUniGUISessionManager]:Cache Eraser Stopped.
syg_rsp.exe: 000018E8: 11:52:07 [TUniGUISessionManager]:Destroying Worker Threads.
syg_rsp.exe: 000018E8: 11:52:07 [TUniGUISessionManager]:Session manager terminated.
syg_rsp.exe: 000018E8: 11:52:07 [TUniServerModule]:Server Shutdown Completed.
syg_rsp.exe: 000018E8: 11:52:07 []:<-------------------------------------------------------------->
syg_rsp.exe: 000018E8: 11:52:07 [Terminated]:Exit Code: 0
syg_rsp.exe: 000037E4: 11:52:11 []:>--------------------------------------------------------------<
syg_rsp.exe: 000037E4: 11:52:11 [TUniServerModule]:Server First Init.
syg_rsp.exe: 000037E4: 11:52:11 [TUniServerModule]:Starting HTTP Server on Port: 8077...
syg_rsp.exe: 000037E4: 11:52:11 [TUniServerModule]:HTTP Server Started on Port: 8077
syg_rsp.exe: 00003A68: 11:52:13 [127.0.0.1]:EUniSessionException : Invalid session or session Timeout. (Session not found: IJAsLMmk4O10BAFF99B ) : Addr: $0082D9FE
syg_rsp.exe: 00001F64: 11:52:13 [127.0.0.1]:EUniSessionException : Invalid session or session Timeout. (Session not found: IJAsLMmk4O10BAFF99B ) : Addr: $0082D9FE
syg_rsp.exe: 000037E4: 11:55:05 [TUniServerModule]:Shutting Down Server.
syg_rsp.exe: 000037E4: 11:55:05 [TUniServerModule]:Stopping HTTP Server.
syg_rsp.exe: 000037E4: 11:55:06 [TUniServerModule]:HTTP Server Stopped.
syg_rsp.exe: 000037E4: 11:55:06 [TUniGUISessionManager]:Terminating Session manager.
syg_rsp.exe: 000037E4: 11:55:06 [TUniGUISessionManager]:Stopping Cache Eraser...
syg_rsp.exe: 000037E4: 11:55:06 [TUniGUISessionManager]:Cache Eraser Stopped.
syg_rsp.exe: 000037E4: 11:55:06 [TUniGUISessionManager]:Destroying Worker Threads.
syg_rsp.exe: 000037E4: 11:55:06 [TUniGUISessionManager]:Session manager terminated.
syg_rsp.exe: 000037E4: 11:55:06 [TUniServerModule]:Server Shutdown Completed.
syg_rsp.exe: 000037E4: 11:55:06 []:<-------------------------------------------------------------->
syg_rsp.exe: 000037E4: 11:55:06 [Terminated]:Exit Code: 0
syg_rsp.exe: 00001FBC: 11:55:09 []:>--------------------------------------------------------------<
syg_rsp.exe: 00001FBC: 11:55:09 [TUniServerModule]:Server First Init.
syg_rsp.exe: 00001FBC: 11:55:09 [TUniServerModule]:Starting HTTP Server on Port: 8077...
syg_rsp.exe: 00001FBC: 11:55:09 [TUniServerModule]:HTTP Server Started on Port: 8077
syg_rsp.exe: 00002C0C: 11:55:11 [127.0.0.1]:EUniSessionException : Invalid session or session Timeout. (Session not found: qhmSNhr8eU10BAFF9F4 ) : Addr: $0082D9FE
syg_rsp.exe: 00000608: 11:55:11 [127.0.0.1]:EUniSessionException : Invalid session or session Timeout. (Session not found: qhmSNhr8eU10BAFF9F4 ) : Addr: $0082D9FE
syg_rsp.exe: 00001FBC: 11:57:09 [TUniServerModule]:Shutting Down Server.
syg_rsp.exe: 00001FBC: 11:57:09 [TUniServerModule]:Stopping HTTP Server.
syg_rsp.exe: 00001FBC: 11:57:10 [TUniServerModule]:HTTP Server Stopped.
syg_rsp.exe: 00001FBC: 11:57:10 [TUniGUISessionManager]:Terminating Session manager.
syg_rsp.exe: 00001FBC: 11:57:10 [TUniGUISessionManager]:Stopping Cache Eraser...
syg_rsp.exe: 00001FBC: 11:57:10 [TUniGUISessionManager]:Cache Eraser Stopped.
syg_rsp.exe: 00001FBC: 11:57:10 [TUniGUISessionManager]:Destroying Worker Threads.
syg_rsp.exe: 00001FBC: 11:57:10 [TUniGUISessionManager]:Session manager terminated.
syg_rsp.exe: 00001FBC: 11:57:10 [TUniServerModule]:Server Shutdown Completed.
syg_rsp.exe: 00001FBC: 11:57:10 []:<-------------------------------------------------------------->
syg_rsp.exe: 00001FBC: 11:57:10 [Terminated]:Exit Code: 0
syg_rsp.exe: 000017E4: 11:57:12 []:>--------------------------------------------------------------<
syg_rsp.exe: 000017E4: 11:57:12 [TUniServerModule]:Server First Init.
syg_rsp.exe: 000017E4: 11:57:12 [TUniServerModule]:Starting HTTP Server on Port: 8077...
syg_rsp.exe: 000017E4: 11:57:12 [TUniServerModule]:HTTP Server Started on Port: 8077
syg_rsp.exe: 000016B8: 11:57:12 [127.0.0.1]:EUniSessionException : Invalid session or session Timeout. (Session not found: 68TggS2Did10BAFFAC2 ) : Addr: $0082D9FE
syg_rsp.exe: 000018D0: 11:57:12 [127.0.0.1]:EUniSessionException : Invalid session or session Timeout. (Session not found: 68TggS2Did10BAFFAC2 ) : Addr: $0082D9FE
syg_rsp.exe: 000017E4: 11:59:01 [TUniServerModule]:Shutting Down Server.
syg_rsp.exe: 000017E4: 11:59:01 [TUniServerModule]:Stopping HTTP Server.
syg_rsp.exe: 000017E4: 11:59:02 [TUniServerModule]:HTTP Server Stopped.
syg_rsp.exe: 000017E4: 11:59:02 [TUniGUISessionManager]:Terminating Session manager.
syg_rsp.exe: 000017E4: 11:59:02 [TUniGUISessionManager]:Stopping Cache Eraser...
syg_rsp.exe: 000017E4: 11:59:02 [TUniGUISessionManager]:Cache Eraser Stopped.
syg_rsp.exe: 000017E4: 11:59:03 [TUniGUISessionManager]:Destroying Worker Threads.
syg_rsp.exe: 000017E4: 11:59:03 [TUniGUISessionManager]:Session manager terminated.
syg_rsp.exe: 000017E4: 11:59:03 [TUniServerModule]:Server Shutdown Completed.
syg_rsp.exe: 000017E4: 11:59:03 []:<-------------------------------------------------------------->
syg_rsp.exe: 000017E4: 11:59:03 [Terminated]:Exit Code: 0
syg_rsp.exe: 0000191C: 12:01:02 []:>--------------------------------------------------------------<
syg_rsp.exe: 0000191C: 12:01:02 [TUniServerModule]:Server First Init.
syg_rsp.exe: 0000191C: 12:01:02 [TUniServerModule]:Starting HTTP Server on Port: 8077...
syg_rsp.exe: 0000191C: 12:01:02 [TUniServerModule]:HTTP Server Started on Port: 8077
syg_rsp.exe: 00003344: 12:01:05 [127.0.0.1]:EUniSessionException : Invalid session or session Timeout. (Session not found: Nx6exjEEKc10BAFFB4E ) : Addr: $0082D9FE
syg_rsp.exe: 00003AA4: 12:01:05 [127.0.0.1]:EUniSessionException : Invalid session or session Timeout. (Session not found: Nx6exjEEKc10BAFFB4E ) : Addr: $0082D9FE
syg_rsp.exe: 0000105C: 13:54:49 [127.0.0.1]:EUniSessionException : Invalid session or session Timeout. (Session not found: opafTi11nr10BAFFC5C ) : Addr: $0082D9FE
syg_rsp.exe: 0000191C: 14:17:25 [TUniServerModule]:Shutting Down Server.
syg_rsp.exe: 0000191C: 14:17:25 [TUniServerModule]:Stopping HTTP Server.
syg_rsp.exe: 0000191C: 14:17:26 [TUniServerModule]:HTTP Server Stopped.
syg_rsp.exe: 0000191C: 14:17:26 [TUniGUISessionManager]:Terminating Session manager.
syg_rsp.exe: 0000191C: 14:17:26 [TUniGUISessionManager]:Stopping Cache Eraser...
syg_rsp.exe: 0000191C: 14:17:26 [TUniGUISessionManager]:Cache Eraser Stopped.
syg_rsp.exe: 0000191C: 14:17:26 [TUniGUISessionManager]:Destroying Worker Threads.
syg_rsp.exe: 0000191C: 14:17:26 [TUniGUISessionManager]:Session manager terminated.
syg_rsp.exe: 0000191C: 14:17:26 [TUniServerModule]:Server Shutdown Completed.
syg_rsp.exe: 0000191C: 14:17:26 []:<-------------------------------------------------------------->
syg_rsp.exe: 0000191C: 14:17:26 [Terminated]:Exit Code: 0
syg_rsp.exe: 00001910: 14:17:39 []:>--------------------------------------------------------------<
syg_rsp.exe: 00001910: 14:17:39 [TUniServerModule]:Server First Init.
syg_rsp.exe: 00001910: 14:17:39 [TUniServerModule]:Starting HTTP Server on Port: 8077...
syg_rsp.exe: 00001910: 14:17:39 [TUniServerModule]:HTTP Server Started on Port: 8077
syg_rsp.exe: 00001F9C: 14:22:45 [127.0.0.1]:EUniSessionException : Invalid session or session Timeout. (Session not found: rAlnxJLC8K10BB01B38 ) : Addr: $0082D9FE
syg_rsp.exe: 00003AD0: 14:22:45 [127.0.0.1]:EUniSessionException : Invalid session or session Timeout. (Session not found: rAlnxJLC8K10BB01B38 ) : Addr: $0082D9FE
syg_rsp.exe: 00001910: 14:34:33 [TUniServerModule]:Shutting Down Server.
syg_rsp.exe: 00001910: 14:34:33 [TUniServerModule]:Stopping HTTP Server.
syg_rsp.exe: 00001910: 14:34:34 [TUniServerModule]:HTTP Server Stopped.
syg_rsp.exe: 00001910: 14:34:34 [TUniGUISessionManager]:Terminating Session manager.
syg_rsp.exe: 00001910: 14:34:34 [TUniGUISessionManager]:Stopping Cache Eraser...
syg_rsp.exe: 00001910: 14:34:34 [TUniGUISessionManager]:Cache Eraser Stopped.
syg_rsp.exe: 00001910: 14:34:34 [TUniGUISessionManager]:Destroying Worker Threads.
syg_rsp.exe: 00001910: 14:34:34 [TUniGUISessionManager]:Session manager terminated.
syg_rsp.exe: 00001910: 14:34:34 [TUniServerModule]:Server Shutdown Completed.
syg_rsp.exe: 00001910: 14:34:34 []:<-------------------------------------------------------------->
syg_rsp.exe: 00001910: 14:34:34 [Terminated]:Exit Code: 0
syg_rsp.exe: 00000718: 14:34:44 []:>--------------------------------------------------------------<
syg_rsp.exe: 00000718: 14:34:44 [TUniServerModule]:Server First Init.
syg_rsp.exe: 00000718: 14:34:44 [TUniServerModule]:Starting HTTP Server on Port: 8077...
syg_rsp.exe: 00000718: 14:34:44 [TUniServerModule]:HTTP Server Started on Port: 8077
syg_rsp.exe: 00000718: 14:51:15 [TUniServerModule]:Shutting Down Server.
syg_rsp.exe: 00000718: 14:51:15 [TUniServerModule]:Stopping HTTP Server.
syg_rsp.exe: 00000718: 14:51:15 [TUniServerModule]:HTTP Server Stopped.
syg_rsp.exe: 00000718: 14:51:15 [TUniGUISessionManager]:Terminating Session manager.
syg_rsp.exe: 00000718: 14:51:15 [TUniGUISessionManager]:Stopping Cache Eraser...
syg_rsp.exe: 00000718: 14:51:15 [TUniGUISessionManager]:Cache Eraser Stopped.
syg_rsp.exe: 00000718: 14:51:15 [TUniGUISessionManager]:Destroying Worker Threads.
syg_rsp.exe: 00000718: 14:51:15 [TUniGUISessionManager]:Session manager terminated.
syg_rsp.exe: 00000718: 14:51:15 [TUniServerModule]:Server Shutdown Completed.
syg_rsp.exe: 00000718: 14:51:15 []:<-------------------------------------------------------------->
syg_rsp.exe: 00000718: 14:51:15 [Terminated]:Exit Code: 0
syg_rsp.exe: 00004790: 14:51:22 []:>--------------------------------------------------------------<
syg_rsp.exe: 00004790: 14:51:22 [TUniServerModule]:Server First Init.
syg_rsp.exe: 00004790: 14:51:22 [TUniServerModule]:Starting HTTP Server on Port: 8077...
syg_rsp.exe: 00004790: 14:51:22 [TUniServerModule]:HTTP Server Started on Port: 8077
syg_rsp.exe: 00004790: 14:56:50 [TUniServerModule]:Shutting Down Server.
syg_rsp.exe: 00004790: 14:56:50 [TUniServerModule]:Stopping HTTP Server.
syg_rsp.exe: 00004790: 14:56:50 [TUniServerModule]:HTTP Server Stopped.
syg_rsp.exe: 00004790: 14:56:50 [TUniGUISessionManager]:Terminating Session manager.
syg_rsp.exe: 00004790: 14:56:50 [TUniGUISessionManager]:Stopping Cache Eraser...
syg_rsp.exe: 00004790: 14:56:50 [TUniGUISessionManager]:Cache Eraser Stopped.
syg_rsp.exe: 00004790: 14:56:50 [TUniGUISessionManager]:Destroying Worker Threads.
syg_rsp.exe: 00004790: 14:56:50 [TUniGUISessionManager]:Session manager terminated.
syg_rsp.exe: 00004790: 14:56:50 [TUniServerModule]:Server Shutdown Completed.
syg_rsp.exe: 00004790: 14:56:50 []:<-------------------------------------------------------------->
syg_rsp.exe: 00004790: 14:56:50 [Terminated]:Exit Code: 0
syg_rsp.exe: 00004B2C: 15:04:03 []:>--------------------------------------------------------------<
syg_rsp.exe: 00004B2C: 15:04:03 [TUniServerModule]:Server First Init.
syg_rsp.exe: 00004B2C: 15:04:03 [TUniServerModule]:Starting HTTP Server on Port: 8077...
syg_rsp.exe: 00004B2C: 15:04:03 [TUniServerModule]:HTTP Server Started on Port: 8077
syg_rsp.exe: 00000FC4: 15:04:08 [127.0.0.1]:EUniSessionException : Invalid session or session Timeout. (Session not found: ugtIyOmxbA10BB02A90 ) : Addr: $0082D9FE
syg_rsp.exe: 00002094: 15:04:08 [127.0.0.1]:EUniSessionException : Invalid session or session Timeout. (Session not found: ugtIyOmxbA10BB02A90 ) : Addr: $0082D9FE
syg_rsp.exe: 000046AC: 16:37:14 [127.0.0.1]:EUniSessionException : Invalid session or session Timeout. (Session not found: leFvPr1kME10BB02E03 ) : Addr: $0082D9FE
syg_rsp.exe: 00000B74: 17:43:43 [127.0.0.1]:EUniSessionException : Invalid session or session Timeout. (Session not found: KVELRAXxJl10BB04746 ) : Addr: $0082D9FE
syg_rsp.exe: 000004FC: 17:43:43 [127.0.0.1]:EUniSessionException : Invalid session or session Timeout. (Session not found: KVELRAXxJl10BB04746 ) : Addr: $0082D9FE
syg_rsp.exe: 00004540: 17:50:02 [127.0.0.1]:EOleException : [MySQL][ODBC 8.0(a) Driver][mysqld-8.0.29]Unknown column 'facturable_obs' in 'field list' : Addr: $0084140A
