syg_rsp.exe: 00002168: 16:35:26 [127.0.0.1]:EUniSessionException : Invalid session or session Timeout. (Session not found: G5ownnXBhA10BA38C8E ) : Addr: $0082D9FE
syg_rsp.exe: 00000ADC: 16:43:13 [TUniServerModule]:Shutting Down Server.
syg_rsp.exe: 00000ADC: 16:43:13 [TUniServerModule]:Stopping HTTP Server.
syg_rsp.exe: 00000ADC: 16:43:14 [TUniServerModule]:HTTP Server Stopped.
syg_rsp.exe: 00000ADC: 16:43:14 [TUniGUISessionManager]:Terminating Session manager.
syg_rsp.exe: 00000ADC: 16:43:14 [TUniGUISessionManager]:Stopping Cache Eraser...
syg_rsp.exe: 00000ADC: 16:43:14 [TUniGUISessionManager]:Cache Eraser Stopped.
syg_rsp.exe: 00000ADC: 16:43:14 [TUniGUISessionManager]:Destroying Worker Threads.
syg_rsp.exe: 00000ADC: 16:43:14 [TUniGUISessionManager]:Session manager terminated.
syg_rsp.exe: 00000ADC: 16:43:14 [TUniServerModule]:Server Shutdown Completed.
syg_rsp.exe: 00000ADC: 16:43:14 []:<-------------------------------------------------------------->
syg_rsp.exe: 00000ADC: 16:43:14 [Terminated]:Exit Code: 0
syg_rsp.exe: 00002664: 16:43:22 []:>--------------------------------------------------------------<
syg_rsp.exe: 00002664: 16:43:22 [TUniServerModule]:Server First Init.
syg_rsp.exe: 00002664: 16:43:22 [TUniServerModule]:Starting HTTP Server on Port: 8077...
syg_rsp.exe: 00002664: 16:43:22 [TUniServerModule]:HTTP Server Started on Port: 8077
syg_rsp.exe: 00004B7C: 16:43:22 [127.0.0.1]:EUniSessionException : Invalid session or session Timeout. (Session not found: nsLayjIruI10BA413DE ) : Addr: $0082D9FE
syg_rsp.exe: 00005E3C: 16:43:22 [127.0.0.1]:EUniSessionException : Invalid session or session Timeout. (Session not found: nsLayjIruI10BA413DE ) : Addr: $0082D9FE
syg_rsp.exe: 00002664: 16:44:41 [TUniServerModule]:Shutting Down Server.
syg_rsp.exe: 00002664: 16:44:41 [TUniServerModule]:Stopping HTTP Server.
syg_rsp.exe: 00002664: 16:44:42 [TUniServerModule]:HTTP Server Stopped.
syg_rsp.exe: 00002664: 16:44:42 [TUniGUISessionManager]:Terminating Session manager.
syg_rsp.exe: 00002664: 16:44:42 [TUniGUISessionManager]:Stopping Cache Eraser...
syg_rsp.exe: 00002664: 16:44:42 [TUniGUISessionManager]:Cache Eraser Stopped.
syg_rsp.exe: 00002664: 16:44:42 [TUniGUISessionManager]:Destroying Worker Threads.
syg_rsp.exe: 00002664: 16:44:42 [TUniGUISessionManager]:Session manager terminated.
syg_rsp.exe: 00002664: 16:44:42 [TUniServerModule]:Server Shutdown Completed.
syg_rsp.exe: 00002664: 16:44:42 []:<-------------------------------------------------------------->
syg_rsp.exe: 00002664: 16:44:42 [Terminated]:Exit Code: 0
syg_rsp.exe: 00002E3C: 16:44:45 []:>--------------------------------------------------------------<
syg_rsp.exe: 00002E3C: 16:44:45 [TUniServerModule]:Server First Init.
syg_rsp.exe: 00002E3C: 16:44:45 [TUniServerModule]:Starting HTTP Server on Port: 8077...
syg_rsp.exe: 00002E3C: 16:44:45 [TUniServerModule]:HTTP Server Started on Port: 8077
syg_rsp.exe: 00005C08: 16:44:47 [127.0.0.1]:EUniSessionException : Invalid session or session Timeout. (Session not found: fnVx9VR4Qt10BA413EF ) : Addr: $0082D9FE
syg_rsp.exe: 00005C08: 16:44:47 [127.0.0.1]:EUniSessionException : Invalid session or session Timeout. (Session not found: fnVx9VR4Qt10BA413EF ) : Addr: $0082D9FE
syg_rsp.exe: 00002E3C: 16:45:17 [TUniServerModule]:Shutting Down Server.
syg_rsp.exe: 00002E3C: 16:45:17 [TUniServerModule]:Stopping HTTP Server.
syg_rsp.exe: 00002E3C: 16:45:18 [TUniServerModule]:HTTP Server Stopped.
syg_rsp.exe: 00002E3C: 16:45:18 [TUniGUISessionManager]:Terminating Session manager.
syg_rsp.exe: 00002E3C: 16:45:18 [TUniGUISessionManager]:Stopping Cache Eraser...
syg_rsp.exe: 00002E3C: 16:45:18 [TUniGUISessionManager]:Cache Eraser Stopped.
syg_rsp.exe: 00002E3C: 16:45:18 [TUniGUISessionManager]:Destroying Worker Threads.
syg_rsp.exe: 00002E3C: 16:45:18 [TUniGUISessionManager]:Session manager terminated.
syg_rsp.exe: 00002E3C: 16:45:18 [TUniServerModule]:Server Shutdown Completed.
syg_rsp.exe: 00002E3C: 16:45:18 []:<-------------------------------------------------------------->
syg_rsp.exe: 00002E3C: 16:45:18 [Terminated]:Exit Code: 0
syg_rsp.exe: 00004678: 16:45:20 []:>--------------------------------------------------------------<
syg_rsp.exe: 00004678: 16:45:20 [TUniServerModule]:Server First Init.
syg_rsp.exe: 00004678: 16:45:20 [TUniServerModule]:Starting HTTP Server on Port: 8077...
syg_rsp.exe: 00004678: 16:45:20 [TUniServerModule]:HTTP Server Started on Port: 8077
syg_rsp.exe: 00003E1C: 16:45:22 [127.0.0.1]:EUniSessionException : Invalid session or session Timeout. (Session not found: rV9nKapmZA10BA41451 ) : Addr: $0082D9FE
syg_rsp.exe: 000007D8: 16:45:22 [127.0.0.1]:EUniSessionException : Invalid session or session Timeout. (Session not found: rV9nKapmZA10BA41451 ) : Addr: $0082D9FE
syg_rsp.exe: 00004678: 16:54:30 [TUniServerModule]:Shutting Down Server.
syg_rsp.exe: 00004678: 16:54:30 [TUniServerModule]:Stopping HTTP Server.
syg_rsp.exe: 00004678: 16:54:30 [TUniServerModule]:HTTP Server Stopped.
syg_rsp.exe: 00004678: 16:54:30 [TUniGUISessionManager]:Terminating Session manager.
syg_rsp.exe: 00004678: 16:54:30 [TUniGUISessionManager]:Stopping Cache Eraser...
syg_rsp.exe: 00004678: 16:54:30 [TUniGUISessionManager]:Cache Eraser Stopped.
syg_rsp.exe: 00004678: 16:54:30 [TUniGUISessionManager]:Destroying Worker Threads.
syg_rsp.exe: 00004678: 16:54:30 [TUniGUISessionManager]:Session manager terminated.
syg_rsp.exe: 00004678: 16:54:30 [TUniServerModule]:Server Shutdown Completed.
syg_rsp.exe: 00004678: 16:54:30 []:<-------------------------------------------------------------->
syg_rsp.exe: 00004678: 16:54:30 [Terminated]:Exit Code: 0
syg_rsp.exe: 00004FAC: 16:54:36 []:>--------------------------------------------------------------<
syg_rsp.exe: 00004FAC: 16:54:36 [TUniServerModule]:Server First Init.
syg_rsp.exe: 00004FAC: 16:54:36 [TUniServerModule]:Starting HTTP Server on Port: 8077...
syg_rsp.exe: 00004FAC: 16:54:36 [TUniServerModule]:HTTP Server Started on Port: 8077
syg_rsp.exe: 00004B84: 16:54:37 [127.0.0.1]:EUniSessionException : Invalid session or session Timeout. (Session not found: EFn262UOD910BA4147A ) : Addr: $0082D9FE
syg_rsp.exe: 00005CAC: 16:54:37 [127.0.0.1]:EUniSessionException : Invalid session or session Timeout. (Session not found: EFn262UOD910BA4147A ) : Addr: $0082D9FE
syg_rsp.exe: 00004900: 17:25:51 [127.0.0.1]:EUniSessionException : Invalid session or session Timeout. (Session not found: iHqxUf6P4F10BA4172A ) : Addr: $0082D9FE
syg_rsp.exe: 00004FAC: 17:41:14 [TUniServerModule]:Shutting Down Server.
syg_rsp.exe: 00004FAC: 17:41:14 [TUniServerModule]:Stopping HTTP Server.
syg_rsp.exe: 00004FAC: 17:41:15 [TUniServerModule]:HTTP Server Stopped.
syg_rsp.exe: 00004FAC: 17:41:15 [TUniGUISessionManager]:Terminating Session manager.
syg_rsp.exe: 00004FAC: 17:41:15 [TUniGUISessionManager]:Stopping Cache Eraser...
syg_rsp.exe: 00004FAC: 17:41:15 [TUniGUISessionManager]:Cache Eraser Stopped.
syg_rsp.exe: 00004FAC: 17:41:15 [TUniGUISessionManager]:Destroying Worker Threads.
syg_rsp.exe: 00004FAC: 17:41:15 [TUniGUISessionManager]:Session manager terminated.
syg_rsp.exe: 00004FAC: 17:41:15 [TUniServerModule]:Server Shutdown Completed.
syg_rsp.exe: 00004FAC: 17:41:15 []:<-------------------------------------------------------------->
syg_rsp.exe: 00004FAC: 17:41:15 [Terminated]:Exit Code: 0
syg_rsp.exe: 000041B0: 17:43:06 []:>--------------------------------------------------------------<
syg_rsp.exe: 000041B0: 17:43:06 [TUniServerModule]:Server First Init.
syg_rsp.exe: 000041B0: 17:43:06 [TUniServerModule]:Starting HTTP Server on Port: 8077...
syg_rsp.exe: 000041B0: 17:43:06 [TUniServerModule]:HTTP Server Started on Port: 8077
syg_rsp.exe: 00004A38: 17:43:06 [127.0.0.1]:EUniSessionException : Invalid session or session Timeout. (Session not found: GleJuGpImI10BA41F77 ) : Addr: $0082D9FE
syg_rsp.exe: 00004A38: 17:43:06 [127.0.0.1]:EUniSessionException : Invalid session or session Timeout. (Session not found: GleJuGpImI10BA41F77 ) : Addr: $0082D9FE
syg_rsp.exe: 000041B0: 17:44:30 [TUniServerModule]:Shutting Down Server.
syg_rsp.exe: 000041B0: 17:44:30 [TUniServerModule]:Stopping HTTP Server.
syg_rsp.exe: 000041B0: 17:44:31 [TUniServerModule]:HTTP Server Stopped.
syg_rsp.exe: 000041B0: 17:44:31 [TUniGUISessionManager]:Terminating Session manager.
syg_rsp.exe: 000041B0: 17:44:31 [TUniGUISessionManager]:Stopping Cache Eraser...
syg_rsp.exe: 000041B0: 17:44:31 [TUniGUISessionManager]:Cache Eraser Stopped.
syg_rsp.exe: 000041B0: 17:44:31 [TUniGUISessionManager]:Destroying Worker Threads.
syg_rsp.exe: 000041B0: 17:44:31 [TUniGUISessionManager]:Session manager terminated.
syg_rsp.exe: 000041B0: 17:44:31 [TUniServerModule]:Server Shutdown Completed.
syg_rsp.exe: 000041B0: 17:44:31 []:<-------------------------------------------------------------->
syg_rsp.exe: 000041B0: 17:44:31 [Terminated]:Exit Code: 0
syg_rsp.exe: 00005D5C: 17:44:35 []:>--------------------------------------------------------------<
syg_rsp.exe: 00005D5C: 17:44:35 [TUniServerModule]:Server First Init.
syg_rsp.exe: 00005D5C: 17:44:35 [TUniServerModule]:Starting HTTP Server on Port: 8077...
syg_rsp.exe: 00005D5C: 17:44:35 [TUniServerModule]:HTTP Server Started on Port: 8077
syg_rsp.exe: 00003C20: 17:45:03 [127.0.0.1]:EUniSessionException : Invalid session or session Timeout. (Session not found: 18jkVilnnP10BA42425 ) : Addr: $0082D9FE
syg_rsp.exe: 00004F30: 17:45:03 [127.0.0.1]:EUniSessionException : Invalid session or session Timeout. (Session not found: 18jkVilnnP10BA42425 ) : Addr: $0082D9FE
syg_rsp.exe: 00003674: 18:03:29 [127.0.0.1]:EUniSessionException : Invalid session or session Timeout. (Session not found: ZgDnrVchX110BA424AA ) : Addr: $0082D9FE
