syg_rsp.exe: 00005244: 07:50:43 [TUniServerModule]:Shutting Down Server.
syg_rsp.exe: 00005244: 07:50:43 [TUniServerModule]:Stopping HTTP Server.
syg_rsp.exe: 00005244: 07:50:44 [TUniServerModule]:HTTP Server Stopped.
syg_rsp.exe: 00005244: 07:50:44 [TUniGUISessionManager]:Terminating Session manager.
syg_rsp.exe: 00005244: 07:50:44 [TUniGUISessionManager]:Stopping Cache Eraser...
syg_rsp.exe: 00005244: 07:50:44 [TUniGUISessionManager]:Cache Eraser Stopped.
syg_rsp.exe: 00005244: 07:50:44 [TUniGUISessionManager]:Destroying Worker Threads.
syg_rsp.exe: 00005244: 07:50:44 [TUniGUISessionManager]:Session manager terminated.
syg_rsp.exe: 00005244: 07:50:44 [TUniServerModule]:Server Shutdown Completed.
syg_rsp.exe: 00005244: 07:50:44 []:<-------------------------------------------------------------->
syg_rsp.exe: 00005244: 07:50:44 [Terminated]:Exit Code: 0
syg_rsp.exe: 00004BC8: 09:55:28 []:>--------------------------------------------------------------<
syg_rsp.exe: 00004BC8: 09:55:28 [TUniServerModule]:Server First Init.
syg_rsp.exe: 00004BC8: 09:55:28 [TUniServerModule]:Starting HTTP Server on Port: 8077...
syg_rsp.exe: 00004BC8: 09:55:28 [TUniServerModule]:HTTP Server Started on Port: 8077
syg_rsp.exe: 00001D08: 09:55:28 [127.0.0.1]:EUniSessionException : Invalid session or session Timeout. (Session not found: oalEb7w45u10BD0682F ) : Addr: $0082D9FE
syg_rsp.exe: 00004BC8: 09:59:39 [TUniServerModule]:Shutting Down Server.
syg_rsp.exe: 00004BC8: 09:59:39 [TUniServerModule]:Stopping HTTP Server.
syg_rsp.exe: 00004BC8: 09:59:39 [TUniServerModule]:HTTP Server Stopped.
syg_rsp.exe: 00004BC8: 09:59:39 [TUniGUISessionManager]:Terminating Session manager.
syg_rsp.exe: 00004BC8: 09:59:39 [TUniGUISessionManager]:Stopping Cache Eraser...
syg_rsp.exe: 00004BC8: 09:59:39 [TUniGUISessionManager]:Cache Eraser Stopped.
syg_rsp.exe: 00004BC8: 09:59:39 [TUniGUISessionManager]:Destroying Worker Threads.
syg_rsp.exe: 00004BC8: 09:59:39 [TUniGUISessionManager]:Session manager terminated.
syg_rsp.exe: 00004BC8: 09:59:39 [TUniServerModule]:Server Shutdown Completed.
syg_rsp.exe: 00004BC8: 09:59:39 []:<-------------------------------------------------------------->
syg_rsp.exe: 00004BC8: 09:59:39 [Terminated]:Exit Code: 0
syg_rsp.exe: 00003C10: 09:59:43 []:>--------------------------------------------------------------<
syg_rsp.exe: 00003C10: 09:59:43 [TUniServerModule]:Server First Init.
syg_rsp.exe: 00003C10: 09:59:43 [TUniServerModule]:Starting HTTP Server on Port: 8077...
syg_rsp.exe: 00003C10: 09:59:43 [TUniServerModule]:HTTP Server Started on Port: 8077
syg_rsp.exe: 0000550C: 09:59:45 [127.0.0.1]:EUniSessionException : Invalid session or session Timeout. (Session not found: eE6bWxRH6q10BD16C0F ) : Addr: $0082D9FE
syg_rsp.exe: 00003DC8: 09:59:45 [127.0.0.1]:EUniSessionException : Invalid session or session Timeout. (Session not found: eE6bWxRH6q10BD16C0F ) : Addr: $0082D9FE
syg_rsp.exe: 00003C10: 10:07:17 [TUniServerModule]:Shutting Down Server.
syg_rsp.exe: 00003C10: 10:07:17 [TUniServerModule]:Stopping HTTP Server.
syg_rsp.exe: 00003C10: 10:07:17 [TUniServerModule]:HTTP Server Stopped.
syg_rsp.exe: 00003C10: 10:07:17 [TUniGUISessionManager]:Terminating Session manager.
syg_rsp.exe: 00003C10: 10:07:17 [TUniGUISessionManager]:Stopping Cache Eraser...
syg_rsp.exe: 00003C10: 10:07:17 [TUniGUISessionManager]:Cache Eraser Stopped.
syg_rsp.exe: 00003C10: 10:07:17 [TUniGUISessionManager]:Destroying Worker Threads.
syg_rsp.exe: 00003C10: 10:07:17 [TUniGUISessionManager]:Session manager terminated.
syg_rsp.exe: 00003C10: 10:07:17 [TUniServerModule]:Server Shutdown Completed.
syg_rsp.exe: 00003C10: 10:07:17 []:<-------------------------------------------------------------->
syg_rsp.exe: 00003C10: 10:07:17 [Terminated]:Exit Code: 0
syg_rsp.exe: 00002E9C: 10:07:24 []:>--------------------------------------------------------------<
syg_rsp.exe: 00002E9C: 10:07:24 [TUniServerModule]:Server First Init.
syg_rsp.exe: 00002E9C: 10:07:24 [TUniServerModule]:Starting HTTP Server on Port: 8077...
syg_rsp.exe: 00002E9C: 10:07:24 [TUniServerModule]:HTTP Server Started on Port: 8077
syg_rsp.exe: 00004864: 10:07:31 [127.0.0.1]:EUniSessionException : Invalid session or session Timeout. (Session not found: gynQ6uSGbK10BD16D32 ) : Addr: $0082D9FE
syg_rsp.exe: 00000E28: 10:07:31 [127.0.0.1]:EUniSessionException : Invalid session or session Timeout. (Session not found: gynQ6uSGbK10BD16D32 ) : Addr: $0082D9FE
syg_rsp.exe: 00002E9C: 10:09:10 [TUniServerModule]:Shutting Down Server.
syg_rsp.exe: 00002E9C: 10:09:10 [TUniServerModule]:Stopping HTTP Server.
syg_rsp.exe: 00002E9C: 10:09:11 [TUniServerModule]:HTTP Server Stopped.
syg_rsp.exe: 00002E9C: 10:09:11 [TUniGUISessionManager]:Terminating Session manager.
syg_rsp.exe: 00002E9C: 10:09:11 [TUniGUISessionManager]:Stopping Cache Eraser...
syg_rsp.exe: 00002E9C: 10:09:11 [TUniGUISessionManager]:Cache Eraser Stopped.
syg_rsp.exe: 00002E9C: 10:09:11 [TUniGUISessionManager]:Destroying Worker Threads.
syg_rsp.exe: 00002E9C: 10:09:11 [TUniGUISessionManager]:Session manager terminated.
syg_rsp.exe: 00002E9C: 10:09:11 [TUniServerModule]:Server Shutdown Completed.
syg_rsp.exe: 00002E9C: 10:09:11 []:<-------------------------------------------------------------->
syg_rsp.exe: 00002E9C: 10:09:11 [Terminated]:Exit Code: 0
syg_rsp.exe: 000017CC: 10:09:13 []:>--------------------------------------------------------------<
syg_rsp.exe: 000017CC: 10:09:13 [TUniServerModule]:Server First Init.
syg_rsp.exe: 000017CC: 10:09:13 [TUniServerModule]:Starting HTTP Server on Port: 8077...
syg_rsp.exe: 000017CC: 10:09:13 [TUniServerModule]:HTTP Server Started on Port: 8077
syg_rsp.exe: 00004AEC: 10:09:22 [127.0.0.1]:EUniSessionException : Invalid session or session Timeout. (Session not found: 9f4cW26pEP10BD16F4C ) : Addr: $0082D9FE
syg_rsp.exe: 00004AEC: 10:09:22 [127.0.0.1]:EUniSessionException : Invalid session or session Timeout. (Session not found: 9f4cW26pEP10BD16F4C ) : Addr: $0082D9FE
syg_rsp.exe: 000017CC: 10:10:23 [TUniServerModule]:Shutting Down Server.
syg_rsp.exe: 000017CC: 10:10:23 [TUniServerModule]:Stopping HTTP Server.
syg_rsp.exe: 000017CC: 10:10:24 [TUniServerModule]:HTTP Server Stopped.
syg_rsp.exe: 000017CC: 10:10:24 [TUniGUISessionManager]:Terminating Session manager.
syg_rsp.exe: 000017CC: 10:10:24 [TUniGUISessionManager]:Stopping Cache Eraser...
syg_rsp.exe: 000017CC: 10:10:24 [TUniGUISessionManager]:Cache Eraser Stopped.
syg_rsp.exe: 000017CC: 10:10:25 [TUniGUISessionManager]:Destroying Worker Threads.
syg_rsp.exe: 000017CC: 10:10:25 [TUniGUISessionManager]:Session manager terminated.
syg_rsp.exe: 000017CC: 10:10:25 [TUniServerModule]:Server Shutdown Completed.
syg_rsp.exe: 000017CC: 10:10:25 []:<-------------------------------------------------------------->
syg_rsp.exe: 000017CC: 10:10:25 [Terminated]:Exit Code: 0
syg_rsp.exe: 000044A0: 10:10:27 []:>--------------------------------------------------------------<
syg_rsp.exe: 000044A0: 10:10:27 [TUniServerModule]:Server First Init.
syg_rsp.exe: 000044A0: 10:10:27 [TUniServerModule]:Starting HTTP Server on Port: 8077...
syg_rsp.exe: 000044A0: 10:10:27 [TUniServerModule]:HTTP Server Started on Port: 8077
syg_rsp.exe: 000052C8: 10:10:29 [127.0.0.1]:EUniSessionException : Invalid session or session Timeout. (Session not found: YZeinYbQKo10BD16FCD ) : Addr: $0082D9FE
syg_rsp.exe: 000049E0: 10:10:29 [127.0.0.1]:EUniSessionException : Invalid session or session Timeout. (Session not found: YZeinYbQKo10BD16FCD ) : Addr: $0082D9FE
syg_rsp.exe: 000044A0: 10:11:43 [TUniServerModule]:Shutting Down Server.
syg_rsp.exe: 000044A0: 10:11:43 [TUniServerModule]:Stopping HTTP Server.
syg_rsp.exe: 000044A0: 10:11:45 [TUniServerModule]:HTTP Server Stopped.
syg_rsp.exe: 000044A0: 10:11:45 [TUniGUISessionManager]:Terminating Session manager.
syg_rsp.exe: 000044A0: 10:11:45 [TUniGUISessionManager]:Stopping Cache Eraser...
syg_rsp.exe: 000044A0: 10:11:45 [TUniGUISessionManager]:Cache Eraser Stopped.
syg_rsp.exe: 000044A0: 10:11:45 [TUniGUISessionManager]:Destroying Worker Threads.
syg_rsp.exe: 000044A0: 10:11:45 [TUniGUISessionManager]:Session manager terminated.
syg_rsp.exe: 000044A0: 10:11:45 [TUniServerModule]:Server Shutdown Completed.
syg_rsp.exe: 000044A0: 10:11:45 []:<-------------------------------------------------------------->
syg_rsp.exe: 000044A0: 10:11:45 [Terminated]:Exit Code: 0
syg_rsp.exe: 00002C10: 10:11:48 []:>--------------------------------------------------------------<
syg_rsp.exe: 00002C10: 10:11:48 [TUniServerModule]:Server First Init.
syg_rsp.exe: 00002C10: 10:11:48 [TUniServerModule]:Starting HTTP Server on Port: 8077...
syg_rsp.exe: 00002C10: 10:11:48 [TUniServerModule]:HTTP Server Started on Port: 8077
syg_rsp.exe: 00003468: 10:11:49 [127.0.0.1]:EUniSessionException : Invalid session or session Timeout. (Session not found: UFbjTbjZHP10BD1701B ) : Addr: $0082D9FE
syg_rsp.exe: 00003EF8: 10:11:49 [127.0.0.1]:EUniSessionException : Invalid session or session Timeout. (Session not found: UFbjTbjZHP10BD1701B ) : Addr: $0082D9FE
syg_rsp.exe: 00002C10: 10:13:30 [TUniServerModule]:Shutting Down Server.
syg_rsp.exe: 00002C10: 10:13:30 [TUniServerModule]:Stopping HTTP Server.
syg_rsp.exe: 00002C10: 10:13:31 [TUniServerModule]:HTTP Server Stopped.
syg_rsp.exe: 00002C10: 10:13:31 [TUniGUISessionManager]:Terminating Session manager.
syg_rsp.exe: 00002C10: 10:13:31 [TUniGUISessionManager]:Stopping Cache Eraser...
syg_rsp.exe: 00002C10: 10:13:31 [TUniGUISessionManager]:Cache Eraser Stopped.
syg_rsp.exe: 00002C10: 10:13:31 [TUniGUISessionManager]:Destroying Worker Threads.
syg_rsp.exe: 00002C10: 10:13:31 [TUniGUISessionManager]:Session manager terminated.
syg_rsp.exe: 00002C10: 10:13:31 [TUniServerModule]:Server Shutdown Completed.
syg_rsp.exe: 00002C10: 10:13:31 []:<-------------------------------------------------------------->
syg_rsp.exe: 00002C10: 10:13:31 [Terminated]:Exit Code: 0
syg_rsp.exe: 00003B44: 10:13:33 []:>--------------------------------------------------------------<
syg_rsp.exe: 00003B44: 10:13:33 [TUniServerModule]:Server First Init.
syg_rsp.exe: 00003B44: 10:13:33 [TUniServerModule]:Starting HTTP Server on Port: 8077...
syg_rsp.exe: 00003B44: 10:13:33 [TUniServerModule]:HTTP Server Started on Port: 8077
syg_rsp.exe: 000057C4: 10:13:35 [127.0.0.1]:EUniSessionException : Invalid session or session Timeout. (Session not found: Txij1wcbPf10BD17078 ) : Addr: $0082D9FE
syg_rsp.exe: 00002D58: 10:13:35 [127.0.0.1]:EUniSessionException : Invalid session or session Timeout. (Session not found: Txij1wcbPf10BD17078 ) : Addr: $0082D9FE
syg_rsp.exe: 00003B44: 10:17:53 [TUniServerModule]:Shutting Down Server.
syg_rsp.exe: 00003B44: 10:17:53 [TUniServerModule]:Stopping HTTP Server.
syg_rsp.exe: 00003B44: 10:17:53 [TUniServerModule]:HTTP Server Stopped.
syg_rsp.exe: 00003B44: 10:17:53 [TUniGUISessionManager]:Terminating Session manager.
syg_rsp.exe: 00003B44: 10:17:53 [TUniGUISessionManager]:Stopping Cache Eraser...
syg_rsp.exe: 00003B44: 10:17:53 [TUniGUISessionManager]:Cache Eraser Stopped.
syg_rsp.exe: 00003B44: 10:17:53 [TUniGUISessionManager]:Destroying Worker Threads.
syg_rsp.exe: 00003B44: 10:17:53 [TUniGUISessionManager]:Session manager terminated.
syg_rsp.exe: 00003B44: 10:17:53 [TUniServerModule]:Server Shutdown Completed.
syg_rsp.exe: 00003B44: 10:17:53 []:<-------------------------------------------------------------->
syg_rsp.exe: 00003B44: 10:17:53 [Terminated]:Exit Code: 0
syg_rsp.exe: 0000288C: 10:17:57 []:>--------------------------------------------------------------<
syg_rsp.exe: 0000288C: 10:17:57 [TUniServerModule]:Server First Init.
syg_rsp.exe: 0000288C: 10:17:58 [TUniServerModule]:Starting HTTP Server on Port: 8077...
syg_rsp.exe: 0000288C: 10:17:58 [TUniServerModule]:HTTP Server Started on Port: 8077
syg_rsp.exe: 000014C8: 10:18:00 [127.0.0.1]:EUniSessionException : Invalid session or session Timeout. (Session not found: AmQWArzIPK10BD170F2 ) : Addr: $0082D9FE
syg_rsp.exe: 00004C2C: 10:18:00 [127.0.0.1]:EUniSessionException : Invalid session or session Timeout. (Session not found: AmQWArzIPK10BD170F2 ) : Addr: $0082D9FE
syg_rsp.exe: 0000288C: 10:27:26 [TUniServerModule]:Shutting Down Server.
syg_rsp.exe: 0000288C: 10:27:26 [TUniServerModule]:Stopping HTTP Server.
syg_rsp.exe: 0000288C: 10:27:26 [TUniServerModule]:HTTP Server Stopped.
syg_rsp.exe: 0000288C: 10:27:26 [TUniGUISessionManager]:Terminating Session manager.
syg_rsp.exe: 0000288C: 10:27:26 [TUniGUISessionManager]:Stopping Cache Eraser...
syg_rsp.exe: 0000288C: 10:27:26 [TUniGUISessionManager]:Cache Eraser Stopped.
syg_rsp.exe: 0000288C: 10:27:26 [TUniGUISessionManager]:Destroying Worker Threads.
syg_rsp.exe: 0000288C: 10:27:26 [TUniGUISessionManager]:Session manager terminated.
syg_rsp.exe: 0000288C: 10:27:26 [TUniServerModule]:Server Shutdown Completed.
syg_rsp.exe: 0000288C: 10:27:26 []:<-------------------------------------------------------------->
syg_rsp.exe: 0000288C: 10:27:26 [Terminated]:Exit Code: 0
syg_rsp.exe: 00005374: 10:27:30 []:>--------------------------------------------------------------<
syg_rsp.exe: 00005374: 10:27:30 [TUniServerModule]:Server First Init.
syg_rsp.exe: 00005374: 10:27:30 [TUniServerModule]:Starting HTTP Server on Port: 8077...
syg_rsp.exe: 00005374: 10:27:30 [TUniServerModule]:HTTP Server Started on Port: 8077
syg_rsp.exe: 00003D40: 10:27:34 [127.0.0.1]:EUniSessionException : Invalid session or session Timeout. (Session not found: l3kOpoM8U610BD17225 ) : Addr: $0082D9FE
syg_rsp.exe: 000038E0: 10:27:34 [127.0.0.1]:EUniSessionException : Invalid session or session Timeout. (Session not found: l3kOpoM8U610BD17225 ) : Addr: $0082D9FE
syg_rsp.exe: 00005374: 11:39:05 [TUniServerModule]:Shutting Down Server.
syg_rsp.exe: 00005374: 11:39:05 [TUniServerModule]:Stopping HTTP Server.
syg_rsp.exe: 00005374: 11:39:06 [TUniServerModule]:HTTP Server Stopped.
syg_rsp.exe: 00005374: 11:39:06 [TUniGUISessionManager]:Terminating Session manager.
syg_rsp.exe: 00005374: 11:39:06 [TUniGUISessionManager]:Stopping Cache Eraser...
syg_rsp.exe: 00005374: 11:39:06 [TUniGUISessionManager]:Cache Eraser Stopped.
syg_rsp.exe: 00005374: 11:39:06 [TUniGUISessionManager]:Destroying Worker Threads.
syg_rsp.exe: 00005374: 11:39:06 [TUniGUISessionManager]:Session manager terminated.
syg_rsp.exe: 00005374: 11:39:06 [TUniServerModule]:Server Shutdown Completed.
syg_rsp.exe: 00005374: 11:39:06 []:<-------------------------------------------------------------->
syg_rsp.exe: 00005374: 11:39:06 [Terminated]:Exit Code: 0
syg_rsp.exe: 000015B4: 11:39:12 []:>--------------------------------------------------------------<
syg_rsp.exe: 000015B4: 11:39:12 [TUniServerModule]:Server First Init.
syg_rsp.exe: 000015B4: 11:39:12 [TUniServerModule]:Starting HTTP Server on Port: 8077...
syg_rsp.exe: 000015B4: 11:39:12 [TUniServerModule]:HTTP Server Started on Port: 8077
syg_rsp.exe: 00002328: 11:39:16 [127.0.0.1]:EUniSessionException : Invalid session or session Timeout. (Session not found: W1rY95iAxM10BD174BD ) : Addr: $0082D9FE
syg_rsp.exe: 00004EE0: 11:39:16 [127.0.0.1]:EUniSessionException : Invalid session or session Timeout. (Session not found: W1rY95iAxM10BD174BD ) : Addr: $0082D9FE
syg_rsp.exe: 000015B4: 11:47:15 [TUniServerModule]:Shutting Down Server.
syg_rsp.exe: 000015B4: 11:47:15 [TUniServerModule]:Stopping HTTP Server.
syg_rsp.exe: 000015B4: 11:47:15 [TUniServerModule]:HTTP Server Stopped.
syg_rsp.exe: 000015B4: 11:47:15 [TUniGUISessionManager]:Terminating Session manager.
syg_rsp.exe: 000015B4: 11:47:15 [TUniGUISessionManager]:Stopping Cache Eraser...
syg_rsp.exe: 000015B4: 11:47:15 [TUniGUISessionManager]:Cache Eraser Stopped.
syg_rsp.exe: 000015B4: 11:47:15 [TUniGUISessionManager]:Destroying Worker Threads.
syg_rsp.exe: 000015B4: 11:47:15 [TUniGUISessionManager]:Session manager terminated.
syg_rsp.exe: 000015B4: 11:47:15 [TUniServerModule]:Server Shutdown Completed.
syg_rsp.exe: 000015B4: 11:47:15 []:<-------------------------------------------------------------->
syg_rsp.exe: 000015B4: 11:47:15 [Terminated]:Exit Code: 0
syg_rsp.exe: 000056A4: 11:47:47 []:>--------------------------------------------------------------<
syg_rsp.exe: 000056A4: 11:47:47 [TUniServerModule]:Server First Init.
syg_rsp.exe: 000056A4: 11:47:47 [TUniServerModule]:Starting HTTP Server on Port: 8077...
syg_rsp.exe: 000056A4: 11:47:47 [TUniServerModule]:HTTP Server Started on Port: 8077
syg_rsp.exe: 0000281C: 11:47:53 [127.0.0.1]:EUniSessionException : Invalid session or session Timeout. (Session not found: zxweK2bxiM10BD18831 ) : Addr: $0082D9FE
syg_rsp.exe: 0000281C: 11:47:53 [127.0.0.1]:EUniSessionException : Invalid session or session Timeout. (Session not found: zxweK2bxiM10BD18831 ) : Addr: $0082D9FE
syg_rsp.exe: 000056A4: 11:53:09 [TUniServerModule]:Shutting Down Server.
syg_rsp.exe: 000056A4: 11:53:09 [TUniServerModule]:Stopping HTTP Server.
syg_rsp.exe: 000056A4: 11:53:09 [TUniServerModule]:HTTP Server Stopped.
syg_rsp.exe: 000056A4: 11:53:09 [TUniGUISessionManager]:Terminating Session manager.
syg_rsp.exe: 000056A4: 11:53:09 [TUniGUISessionManager]:Stopping Cache Eraser...
syg_rsp.exe: 000056A4: 11:53:09 [TUniGUISessionManager]:Cache Eraser Stopped.
syg_rsp.exe: 000056A4: 11:53:09 [TUniGUISessionManager]:Destroying Worker Threads.
syg_rsp.exe: 000056A4: 11:53:09 [TUniGUISessionManager]:Session manager terminated.
syg_rsp.exe: 000056A4: 11:53:09 [TUniServerModule]:Server Shutdown Completed.
syg_rsp.exe: 000056A4: 11:53:09 []:<-------------------------------------------------------------->
syg_rsp.exe: 000056A4: 11:53:09 [Terminated]:Exit Code: 0
syg_rsp.exe: 00001750: 11:53:16 []:>--------------------------------------------------------------<
syg_rsp.exe: 00001750: 11:53:16 [TUniServerModule]:Server First Init.
syg_rsp.exe: 00001750: 11:53:16 [TUniServerModule]:Starting HTTP Server on Port: 8077...
syg_rsp.exe: 00001750: 11:53:16 [TUniServerModule]:HTTP Server Started on Port: 8077
syg_rsp.exe: 00001194: 11:53:20 [127.0.0.1]:EUniSessionException : Invalid session or session Timeout. (Session not found: W2NPke7vXb10BD18A87 ) : Addr: $0082D9FE
syg_rsp.exe: 00004A40: 11:53:20 [127.0.0.1]:EUniSessionException : Invalid session or session Timeout. (Session not found: W2NPke7vXb10BD18A87 ) : Addr: $0082D9FE
syg_rsp.exe: 00001750: 11:56:29 [TUniServerModule]:Shutting Down Server.
syg_rsp.exe: 00001750: 11:56:29 [TUniServerModule]:Stopping HTTP Server.
syg_rsp.exe: 00001750: 11:56:30 [TUniServerModule]:HTTP Server Stopped.
syg_rsp.exe: 00001750: 11:56:30 [TUniGUISessionManager]:Terminating Session manager.
syg_rsp.exe: 00001750: 11:56:30 [TUniGUISessionManager]:Stopping Cache Eraser...
syg_rsp.exe: 00001750: 11:56:30 [TUniGUISessionManager]:Cache Eraser Stopped.
syg_rsp.exe: 00001750: 11:56:31 [TUniGUISessionManager]:Destroying Worker Threads.
syg_rsp.exe: 00001750: 11:56:31 [TUniGUISessionManager]:Session manager terminated.
syg_rsp.exe: 00001750: 11:56:31 [TUniServerModule]:Server Shutdown Completed.
syg_rsp.exe: 00001750: 11:56:31 []:<-------------------------------------------------------------->
syg_rsp.exe: 00001750: 11:56:31 [Terminated]:Exit Code: 0
syg_rsp.exe: 000042F8: 11:57:06 []:>--------------------------------------------------------------<
syg_rsp.exe: 000042F8: 11:57:06 [TUniServerModule]:Server First Init.
syg_rsp.exe: 000042F8: 11:57:06 [TUniServerModule]:Starting HTTP Server on Port: 8077...
syg_rsp.exe: 000042F8: 11:57:06 [TUniServerModule]:HTTP Server Started on Port: 8077
syg_rsp.exe: 00000860: 11:57:08 [127.0.0.1]:EUniSessionException : Invalid session or session Timeout. (Session not found: hTocXmnMAA10BD18C01 ) : Addr: $0082D9FE
syg_rsp.exe: 000039AC: 11:57:08 [127.0.0.1]:EUniSessionException : Invalid session or session Timeout. (Session not found: hTocXmnMAA10BD18C01 ) : Addr: $0082D9FE
syg_rsp.exe: 000042F8: 11:59:02 [TUniServerModule]:Shutting Down Server.
syg_rsp.exe: 000042F8: 11:59:02 [TUniServerModule]:Stopping HTTP Server.
syg_rsp.exe: 000042F8: 11:59:03 [TUniServerModule]:HTTP Server Stopped.
syg_rsp.exe: 000042F8: 11:59:03 [TUniGUISessionManager]:Terminating Session manager.
syg_rsp.exe: 000042F8: 11:59:03 [TUniGUISessionManager]:Stopping Cache Eraser...
syg_rsp.exe: 000042F8: 11:59:03 [TUniGUISessionManager]:Cache Eraser Stopped.
syg_rsp.exe: 000042F8: 11:59:03 [TUniGUISessionManager]:Destroying Worker Threads.
syg_rsp.exe: 000042F8: 11:59:03 [TUniGUISessionManager]:Session manager terminated.
syg_rsp.exe: 000042F8: 11:59:03 [TUniServerModule]:Server Shutdown Completed.
syg_rsp.exe: 000042F8: 11:59:03 []:<-------------------------------------------------------------->
syg_rsp.exe: 000042F8: 11:59:03 [Terminated]:Exit Code: 0
syg_rsp.exe: 00004098: 11:59:14 []:>--------------------------------------------------------------<
syg_rsp.exe: 00004098: 11:59:14 [TUniServerModule]:Server First Init.
syg_rsp.exe: 00004098: 11:59:14 [TUniServerModule]:Starting HTTP Server on Port: 8077...
syg_rsp.exe: 00004098: 11:59:14 [TUniServerModule]:HTTP Server Started on Port: 8077
syg_rsp.exe: 00003AFC: 11:59:17 [127.0.0.1]:EUniSessionException : Invalid session or session Timeout. (Session not found: ol4NXfvLsx10BD18D09 ) : Addr: $0082D9FE
syg_rsp.exe: 00004098: 12:09:00 [TUniServerModule]:Shutting Down Server.
syg_rsp.exe: 00004098: 12:09:00 [TUniServerModule]:Stopping HTTP Server.
syg_rsp.exe: 00004098: 12:09:01 [TUniServerModule]:HTTP Server Stopped.
syg_rsp.exe: 00004098: 12:09:01 [TUniGUISessionManager]:Terminating Session manager.
syg_rsp.exe: 00004098: 12:09:01 [TUniGUISessionManager]:Stopping Cache Eraser...
syg_rsp.exe: 00004098: 12:09:01 [TUniGUISessionManager]:Cache Eraser Stopped.
syg_rsp.exe: 00004098: 12:09:01 [TUniGUISessionManager]:Destroying Worker Threads.
syg_rsp.exe: 00004098: 12:09:01 [TUniGUISessionManager]:Session manager terminated.
syg_rsp.exe: 00004098: 12:09:01 [TUniServerModule]:Server Shutdown Completed.
syg_rsp.exe: 00004098: 12:09:01 []:<-------------------------------------------------------------->
syg_rsp.exe: 00004098: 12:09:01 [Terminated]:Exit Code: 0
syg_rsp.exe: 00001480: 12:09:05 []:>--------------------------------------------------------------<
syg_rsp.exe: 00001480: 12:09:05 [TUniServerModule]:Server First Init.
syg_rsp.exe: 00001480: 12:09:05 [TUniServerModule]:Starting HTTP Server on Port: 8077...
syg_rsp.exe: 00001480: 12:09:05 [TUniServerModule]:HTTP Server Started on Port: 8077
syg_rsp.exe: 00003C68: 12:09:08 [127.0.0.1]:EUniSessionException : Invalid session or session Timeout. (Session not found: GFiRSyaT4610BD18DA1 ) : Addr: $0082D9FE
syg_rsp.exe: 00003F78: 12:09:08 [127.0.0.1]:EUniSessionException : Invalid session or session Timeout. (Session not found: GFiRSyaT4610BD18DA1 ) : Addr: $0082D9FE
syg_rsp.exe: 00001480: 12:11:22 [TUniServerModule]:Shutting Down Server.
syg_rsp.exe: 00001480: 12:11:22 [TUniServerModule]:Stopping HTTP Server.
syg_rsp.exe: 00001480: 12:11:23 [TUniServerModule]:HTTP Server Stopped.
syg_rsp.exe: 00001480: 12:11:23 [TUniGUISessionManager]:Terminating Session manager.
syg_rsp.exe: 00001480: 12:11:23 [TUniGUISessionManager]:Stopping Cache Eraser...
syg_rsp.exe: 00001480: 12:11:23 [TUniGUISessionManager]:Cache Eraser Stopped.
syg_rsp.exe: 00001480: 12:11:23 [TUniGUISessionManager]:Destroying Worker Threads.
syg_rsp.exe: 00001480: 12:11:23 [TUniGUISessionManager]:Session manager terminated.
syg_rsp.exe: 00001480: 12:11:23 [TUniServerModule]:Server Shutdown Completed.
syg_rsp.exe: 00001480: 12:11:23 []:<-------------------------------------------------------------->
syg_rsp.exe: 00001480: 12:11:23 [Terminated]:Exit Code: 0
syg_rsp.exe: 00002F08: 12:11:26 []:>--------------------------------------------------------------<
syg_rsp.exe: 00002F08: 12:11:26 [TUniServerModule]:Server First Init.
syg_rsp.exe: 00002F08: 12:11:27 [TUniServerModule]:Starting HTTP Server on Port: 8077...
syg_rsp.exe: 00002F08: 12:11:27 [TUniServerModule]:HTTP Server Started on Port: 8077
syg_rsp.exe: 000045FC: 12:11:28 [127.0.0.1]:EUniSessionException : Invalid session or session Timeout. (Session not found: QV2XkxGpJU10BD1904B ) : Addr: $0082D9FE
syg_rsp.exe: 00004ABC: 12:11:28 [127.0.0.1]:EUniSessionException : Invalid session or session Timeout. (Session not found: QV2XkxGpJU10BD1904B ) : Addr: $0082D9FE
syg_rsp.exe: 00002F08: 12:12:39 [TUniServerModule]:Shutting Down Server.
syg_rsp.exe: 00002F08: 12:12:39 [TUniServerModule]:Stopping HTTP Server.
syg_rsp.exe: 00002F08: 12:12:40 [TUniServerModule]:HTTP Server Stopped.
syg_rsp.exe: 00002F08: 12:12:40 [TUniGUISessionManager]:Terminating Session manager.
syg_rsp.exe: 00002F08: 12:12:40 [TUniGUISessionManager]:Stopping Cache Eraser...
syg_rsp.exe: 00002F08: 12:12:40 [TUniGUISessionManager]:Cache Eraser Stopped.
syg_rsp.exe: 00002F08: 12:12:40 [TUniGUISessionManager]:Destroying Worker Threads.
syg_rsp.exe: 00002F08: 12:12:40 [TUniGUISessionManager]:Session manager terminated.
syg_rsp.exe: 00002F08: 12:12:40 [TUniServerModule]:Server Shutdown Completed.
syg_rsp.exe: 00002F08: 12:12:40 []:<-------------------------------------------------------------->
syg_rsp.exe: 00002F08: 12:12:40 [Terminated]:Exit Code: 0
syg_rsp.exe: 000019AC: 12:12:43 []:>--------------------------------------------------------------<
syg_rsp.exe: 000019AC: 12:12:43 [TUniServerModule]:Server First Init.
syg_rsp.exe: 000019AC: 12:12:43 [TUniServerModule]:Starting HTTP Server on Port: 8077...
syg_rsp.exe: 000019AC: 12:12:43 [TUniServerModule]:HTTP Server Started on Port: 8077
syg_rsp.exe: 00003864: 12:12:47 [127.0.0.1]:EUniSessionException : Invalid session or session Timeout. (Session not found: 5QOXMH4Jep10BD190ED ) : Addr: $0082D9FE
syg_rsp.exe: 0000042C: 12:12:47 [127.0.0.1]:EUniSessionException : Invalid session or session Timeout. (Session not found: 5QOXMH4Jep10BD190ED ) : Addr: $0082D9FE
syg_rsp.exe: 00003C34: 14:31:31 [127.0.0.1]:EUniSessionException : Invalid session or session Timeout. (Session not found: ctPoB7WBQb10BD19148 ) : Addr: $0082D9FE
syg_rsp.exe: 000044A0: 14:31:31 [127.0.0.1]:EUniSessionException : Invalid session or session Timeout. (Session not found: ctPoB7WBQb10BD19148 ) : Addr: $0082D9FE
syg_rsp.exe: 000019AC: 14:34:24 [TUniServerModule]:Shutting Down Server.
syg_rsp.exe: 000019AC: 14:34:24 [TUniServerModule]:Stopping HTTP Server.
syg_rsp.exe: 000019AC: 14:34:25 [TUniServerModule]:HTTP Server Stopped.
syg_rsp.exe: 000019AC: 14:34:25 [TUniGUISessionManager]:Terminating Session manager.
syg_rsp.exe: 000019AC: 14:34:25 [TUniGUISessionManager]:Stopping Cache Eraser...
syg_rsp.exe: 000019AC: 14:34:25 [TUniGUISessionManager]:Cache Eraser Stopped.
syg_rsp.exe: 000019AC: 14:34:25 [TUniGUISessionManager]:Destroying Worker Threads.
syg_rsp.exe: 000019AC: 14:34:25 [TUniGUISessionManager]:Session manager terminated.
syg_rsp.exe: 000019AC: 14:34:25 [TUniServerModule]:Server Shutdown Completed.
syg_rsp.exe: 000019AC: 14:34:25 []:<-------------------------------------------------------------->
syg_rsp.exe: 000019AC: 14:34:25 [Terminated]:Exit Code: 0
syg_rsp.exe: 00003AFC: 14:34:28 []:>--------------------------------------------------------------<
syg_rsp.exe: 00003AFC: 14:34:28 [TUniServerModule]:Server First Init.
syg_rsp.exe: 00003AFC: 14:34:28 [TUniServerModule]:Starting HTTP Server on Port: 8077...
syg_rsp.exe: 00003AFC: 14:34:28 [TUniServerModule]:HTTP Server Started on Port: 8077
syg_rsp.exe: 000048E0: 14:34:32 [127.0.0.1]:EUniSessionException : Invalid session or session Timeout. (Session not found: s4AZKieL7r10BD1B6EB ) : Addr: $0082D9FE
syg_rsp.exe: 00002ABC: 14:34:32 [127.0.0.1]:EUniSessionException : Invalid session or session Timeout. (Session not found: s4AZKieL7r10BD1B6EB ) : Addr: $0082D9FE
syg_rsp.exe: 00003AFC: 14:38:09 [TUniServerModule]:Shutting Down Server.
syg_rsp.exe: 00003AFC: 14:38:09 [TUniServerModule]:Stopping HTTP Server.
syg_rsp.exe: 00003AFC: 14:38:10 [TUniServerModule]:HTTP Server Stopped.
syg_rsp.exe: 00003AFC: 14:38:10 [TUniGUISessionManager]:Terminating Session manager.
syg_rsp.exe: 00003AFC: 14:38:10 [TUniGUISessionManager]:Stopping Cache Eraser...
syg_rsp.exe: 00003AFC: 14:38:10 [TUniGUISessionManager]:Cache Eraser Stopped.
syg_rsp.exe: 00003AFC: 14:38:10 [TUniGUISessionManager]:Destroying Worker Threads.
syg_rsp.exe: 00003AFC: 14:38:10 [TUniGUISessionManager]:Session manager terminated.
syg_rsp.exe: 00003AFC: 14:38:10 [TUniServerModule]:Server Shutdown Completed.
syg_rsp.exe: 00003AFC: 14:38:10 []:<-------------------------------------------------------------->
syg_rsp.exe: 00003AFC: 14:38:10 [Terminated]:Exit Code: 0
syg_rsp.exe: 00000EBC: 14:38:15 []:>--------------------------------------------------------------<
syg_rsp.exe: 00000EBC: 14:38:15 [TUniServerModule]:Server First Init.
syg_rsp.exe: 00000EBC: 14:38:15 [TUniServerModule]:Starting HTTP Server on Port: 8077...
syg_rsp.exe: 00000EBC: 14:38:15 [TUniServerModule]:HTTP Server Started on Port: 8077
syg_rsp.exe: 00002980: 14:38:15 [127.0.0.1]:EUniSessionException : Invalid session or session Timeout. (Session not found: XOqWF35gk110BD1B7BC ) : Addr: $0082D9FE
syg_rsp.exe: 00000708: 14:38:15 [127.0.0.1]:EUniSessionException : Invalid session or session Timeout. (Session not found: XOqWF35gk110BD1B7BC ) : Addr: $0082D9FE
syg_rsp.exe: 000012D0: 14:40:26 [127.0.0.1]:EOleException : [MySQL][ODBC 8.0(a) Driver][mysqld-8.0.29]Unknown column 'R.navire' in 'where clause' : Addr: $0084214F
syg_rsp.exe: 00000EBC: 14:41:47 [TUniServerModule]:Shutting Down Server.
syg_rsp.exe: 00000EBC: 14:41:47 [TUniServerModule]:Stopping HTTP Server.
syg_rsp.exe: 00000EBC: 14:41:48 [TUniServerModule]:HTTP Server Stopped.
syg_rsp.exe: 00000EBC: 14:41:48 [TUniGUISessionManager]:Terminating Session manager.
syg_rsp.exe: 00000EBC: 14:41:48 [TUniGUISessionManager]:Stopping Cache Eraser...
syg_rsp.exe: 00000EBC: 14:41:48 [TUniGUISessionManager]:Cache Eraser Stopped.
syg_rsp.exe: 00000EBC: 14:41:48 [TUniGUISessionManager]:Destroying Worker Threads.
syg_rsp.exe: 00000EBC: 14:41:48 [TUniGUISessionManager]:Session manager terminated.
syg_rsp.exe: 00000EBC: 14:41:48 [TUniServerModule]:Server Shutdown Completed.
syg_rsp.exe: 00000EBC: 14:41:48 []:<-------------------------------------------------------------->
syg_rsp.exe: 00000EBC: 14:41:48 [Terminated]:Exit Code: 0
syg_rsp.exe: 00002C08: 14:41:51 []:>--------------------------------------------------------------<
syg_rsp.exe: 00002C08: 14:41:51 [TUniServerModule]:Server First Init.
syg_rsp.exe: 00002C08: 14:41:51 [TUniServerModule]:Starting HTTP Server on Port: 8077...
syg_rsp.exe: 00002C08: 14:41:51 [TUniServerModule]:HTTP Server Started on Port: 8077
syg_rsp.exe: 000048F8: 14:41:53 [127.0.0.1]:EUniSessionException : Invalid session or session Timeout. (Session not found: Ktln25Hjfp10BD1B8BE ) : Addr: $0082D9FE
syg_rsp.exe: 00002820: 14:41:53 [127.0.0.1]:EUniSessionException : Invalid session or session Timeout. (Session not found: Ktln25Hjfp10BD1B8BE ) : Addr: $0082D9FE
syg_rsp.exe: 00002C08: 14:59:05 [TUniServerModule]:Shutting Down Server.
syg_rsp.exe: 00002C08: 14:59:05 [TUniServerModule]:Stopping HTTP Server.
syg_rsp.exe: 00002C08: 14:59:06 [TUniServerModule]:HTTP Server Stopped.
syg_rsp.exe: 00002C08: 14:59:06 [TUniGUISessionManager]:Terminating Session manager.
syg_rsp.exe: 00002C08: 14:59:06 [TUniGUISessionManager]:Stopping Cache Eraser...
syg_rsp.exe: 00002C08: 14:59:06 [TUniGUISessionManager]:Cache Eraser Stopped.
syg_rsp.exe: 00002C08: 14:59:06 [TUniGUISessionManager]:Destroying Worker Threads.
syg_rsp.exe: 00002C08: 14:59:06 [TUniGUISessionManager]:Session manager terminated.
syg_rsp.exe: 00002C08: 14:59:06 [TUniServerModule]:Server Shutdown Completed.
syg_rsp.exe: 00002C08: 14:59:06 []:<-------------------------------------------------------------->
syg_rsp.exe: 00002C08: 14:59:06 [Terminated]:Exit Code: 0
syg_rsp.exe: 00001220: 14:59:09 []:>--------------------------------------------------------------<
syg_rsp.exe: 00001220: 14:59:09 [TUniServerModule]:Server First Init.
syg_rsp.exe: 00001220: 14:59:09 [TUniServerModule]:Starting HTTP Server on Port: 8077...
syg_rsp.exe: 00001220: 14:59:09 [TUniServerModule]:HTTP Server Started on Port: 8077
syg_rsp.exe: 000057C8: 14:59:14 [127.0.0.1]:EUniSessionException : Invalid session or session Timeout. (Session not found: lZLVzu8lWO10BD1B9BB ) : Addr: $0082D9FE
syg_rsp.exe: 000021B0: 14:59:14 [127.0.0.1]:EUniSessionException : Invalid session or session Timeout. (Session not found: lZLVzu8lWO10BD1B9BB ) : Addr: $0082D9FE
syg_rsp.exe: 00001220: 15:06:22 [TUniServerModule]:Shutting Down Server.
syg_rsp.exe: 00001220: 15:06:22 [TUniServerModule]:Stopping HTTP Server.
syg_rsp.exe: 00001220: 15:06:23 [TUniServerModule]:HTTP Server Stopped.
syg_rsp.exe: 00001220: 15:06:23 [TUniGUISessionManager]:Terminating Session manager.
syg_rsp.exe: 00001220: 15:06:23 [TUniGUISessionManager]:Stopping Cache Eraser...
syg_rsp.exe: 00001220: 15:06:23 [TUniGUISessionManager]:Cache Eraser Stopped.
syg_rsp.exe: 00001220: 15:06:23 [TUniGUISessionManager]:Destroying Worker Threads.
syg_rsp.exe: 00001220: 15:06:23 [TUniGUISessionManager]:Session manager terminated.
syg_rsp.exe: 00001220: 15:06:23 [TUniServerModule]:Server Shutdown Completed.
syg_rsp.exe: 00001220: 15:06:23 []:<-------------------------------------------------------------->
syg_rsp.exe: 00001220: 15:06:23 [Terminated]:Exit Code: 0
syg_rsp.exe: 000018B8: 15:06:26 []:>--------------------------------------------------------------<
syg_rsp.exe: 000018B8: 15:06:26 [TUniServerModule]:Server First Init.
syg_rsp.exe: 000018B8: 15:06:26 [TUniServerModule]:Starting HTTP Server on Port: 8077...
syg_rsp.exe: 000018B8: 15:06:26 [TUniServerModule]:HTTP Server Started on Port: 8077
syg_rsp.exe: 00004A94: 15:07:17 [127.0.0.1]:EUniSessionException : Invalid session or session Timeout. (Session not found: UDOTbjxiFc10BD1BE6F ) : Addr: $0082D9FE
syg_rsp.exe: 000018B8: 15:11:33 [TUniServerModule]:Shutting Down Server.
syg_rsp.exe: 000018B8: 15:11:33 [TUniServerModule]:Stopping HTTP Server.
syg_rsp.exe: 000018B8: 15:11:34 [TUniServerModule]:HTTP Server Stopped.
syg_rsp.exe: 000018B8: 15:11:34 [TUniGUISessionManager]:Terminating Session manager.
syg_rsp.exe: 000018B8: 15:11:34 [TUniGUISessionManager]:Stopping Cache Eraser...
syg_rsp.exe: 000018B8: 15:11:34 [TUniGUISessionManager]:Cache Eraser Stopped.
syg_rsp.exe: 000018B8: 15:11:34 [TUniGUISessionManager]:Destroying Worker Threads.
syg_rsp.exe: 000018B8: 15:11:34 [TUniGUISessionManager]:Session manager terminated.
syg_rsp.exe: 000018B8: 15:11:34 [TUniServerModule]:Server Shutdown Completed.
syg_rsp.exe: 000018B8: 15:11:34 []:<-------------------------------------------------------------->
syg_rsp.exe: 000018B8: 15:11:34 [Terminated]:Exit Code: 0
syg_rsp.exe: 00002354: 15:11:37 []:>--------------------------------------------------------------<
syg_rsp.exe: 00002354: 15:11:37 [TUniServerModule]:Server First Init.
syg_rsp.exe: 00002354: 15:11:37 [TUniServerModule]:Starting HTTP Server on Port: 8077...
syg_rsp.exe: 00002354: 15:11:37 [TUniServerModule]:HTTP Server Started on Port: 8077
syg_rsp.exe: 00002710: 15:11:44 [127.0.0.1]:EUniSessionException : Invalid session or session Timeout. (Session not found: 7o4qYzSlhP10BD1C0A0 ) : Addr: $0082D9FE
syg_rsp.exe: 00002A88: 15:11:44 [127.0.0.1]:EUniSessionException : Invalid session or session Timeout. (Session not found: 7o4qYzSlhP10BD1C0A0 ) : Addr: $0082D9FE
syg_rsp.exe: 00002354: 15:14:40 [TUniServerModule]:Shutting Down Server.
syg_rsp.exe: 00002354: 15:14:40 [TUniServerModule]:Stopping HTTP Server.
syg_rsp.exe: 00002354: 15:14:41 [TUniServerModule]:HTTP Server Stopped.
syg_rsp.exe: 00002354: 15:14:41 [TUniGUISessionManager]:Terminating Session manager.
syg_rsp.exe: 00002354: 15:14:41 [TUniGUISessionManager]:Stopping Cache Eraser...
syg_rsp.exe: 00002354: 15:14:41 [TUniGUISessionManager]:Cache Eraser Stopped.
syg_rsp.exe: 00002354: 15:14:41 [TUniGUISessionManager]:Destroying Worker Threads.
syg_rsp.exe: 00002354: 15:14:41 [TUniGUISessionManager]:Session manager terminated.
syg_rsp.exe: 00002354: 15:14:41 [TUniServerModule]:Server Shutdown Completed.
syg_rsp.exe: 00002354: 15:14:41 []:<-------------------------------------------------------------->
syg_rsp.exe: 00002354: 15:14:41 [Terminated]:Exit Code: 0
syg_rsp.exe: 0000170C: 15:14:44 []:>--------------------------------------------------------------<
syg_rsp.exe: 0000170C: 15:14:44 [TUniServerModule]:Server First Init.
syg_rsp.exe: 0000170C: 15:14:44 [TUniServerModule]:Starting HTTP Server on Port: 8077...
syg_rsp.exe: 0000170C: 15:14:44 [TUniServerModule]:HTTP Server Started on Port: 8077
syg_rsp.exe: 00003EF0: 15:14:47 [127.0.0.1]:EUniSessionException : Invalid session or session Timeout. (Session not found: THRzCBwXK210BD1C1D3 ) : Addr: $0082D9FE
syg_rsp.exe: 000030A8: 15:14:47 [127.0.0.1]:EUniSessionException : Invalid session or session Timeout. (Session not found: THRzCBwXK210BD1C1D3 ) : Addr: $0082D9FE
syg_rsp.exe: 0000170C: 15:20:23 [TUniServerModule]:Shutting Down Server.
syg_rsp.exe: 0000170C: 15:20:23 [TUniServerModule]:Stopping HTTP Server.
syg_rsp.exe: 0000170C: 15:20:24 [TUniServerModule]:HTTP Server Stopped.
syg_rsp.exe: 0000170C: 15:20:24 [TUniGUISessionManager]:Terminating Session manager.
syg_rsp.exe: 0000170C: 15:20:24 [TUniGUISessionManager]:Stopping Cache Eraser...
syg_rsp.exe: 0000170C: 15:20:24 [TUniGUISessionManager]:Cache Eraser Stopped.
syg_rsp.exe: 0000170C: 15:20:24 [TUniGUISessionManager]:Destroying Worker Threads.
syg_rsp.exe: 0000170C: 15:20:24 [TUniGUISessionManager]:Session manager terminated.
syg_rsp.exe: 0000170C: 15:20:24 [TUniServerModule]:Server Shutdown Completed.
syg_rsp.exe: 0000170C: 15:20:24 []:<-------------------------------------------------------------->
syg_rsp.exe: 0000170C: 15:20:24 [Terminated]:Exit Code: 0
syg_rsp.exe: 000026A8: 15:25:02 []:>--------------------------------------------------------------<
syg_rsp.exe: 000026A8: 15:25:02 [TUniServerModule]:Server First Init.
syg_rsp.exe: 000026A8: 15:25:02 [TUniServerModule]:Starting HTTP Server on Port: 8077...
syg_rsp.exe: 000026A8: 15:25:02 [TUniServerModule]:HTTP Server Started on Port: 8077
syg_rsp.exe: 000015CC: 15:25:08 [127.0.0.1]:EUniSessionException : Invalid session or session Timeout. (Session not found: rs3r5luaJJ10BD1C2A7 ) : Addr: $0082D9FE
syg_rsp.exe: 00002B68: 15:25:08 [127.0.0.1]:EUniSessionException : Invalid session or session Timeout. (Session not found: rs3r5luaJJ10BD1C2A7 ) : Addr: $0082D9FE
syg_rsp.exe: 000026A8: 15:26:57 [TUniServerModule]:Shutting Down Server.
syg_rsp.exe: 000026A8: 15:26:57 [TUniServerModule]:Stopping HTTP Server.
syg_rsp.exe: 000026A8: 15:26:58 [TUniServerModule]:HTTP Server Stopped.
syg_rsp.exe: 000026A8: 15:26:58 [TUniGUISessionManager]:Terminating Session manager.
syg_rsp.exe: 000026A8: 15:26:58 [TUniGUISessionManager]:Stopping Cache Eraser...
syg_rsp.exe: 000026A8: 15:26:58 [TUniGUISessionManager]:Cache Eraser Stopped.
syg_rsp.exe: 000026A8: 15:26:58 [TUniGUISessionManager]:Destroying Worker Threads.
syg_rsp.exe: 000026A8: 15:26:58 [TUniGUISessionManager]:Session manager terminated.
syg_rsp.exe: 000026A8: 15:26:58 [TUniServerModule]:Server Shutdown Completed.
syg_rsp.exe: 000026A8: 15:26:58 []:<-------------------------------------------------------------->
syg_rsp.exe: 000026A8: 15:26:58 [Terminated]:Exit Code: 0
syg_rsp.exe: 0000497C: 15:33:51 []:>--------------------------------------------------------------<
syg_rsp.exe: 0000497C: 15:33:51 [TUniServerModule]:Server First Init.
syg_rsp.exe: 0000497C: 15:33:52 [TUniServerModule]:Starting HTTP Server on Port: 8077...
syg_rsp.exe: 0000497C: 15:33:52 [TUniServerModule]:HTTP Server Started on Port: 8077
syg_rsp.exe: 000056F4: 15:33:54 [127.0.0.1]:EUniSessionException : Invalid session or session Timeout. (Session not found: rkUHcHwCp510BD1C575 ) : Addr: $0082D9FE
syg_rsp.exe: 00001140: 15:33:54 [127.0.0.1]:EUniSessionException : Invalid session or session Timeout. (Session not found: rkUHcHwCp510BD1C575 ) : Addr: $0082D9FE
syg_rsp.exe: 0000497C: 15:41:46 [TUniServerModule]:Shutting Down Server.
syg_rsp.exe: 0000497C: 15:41:46 [TUniServerModule]:Stopping HTTP Server.
syg_rsp.exe: 0000497C: 15:41:46 [TUniServerModule]:HTTP Server Stopped.
syg_rsp.exe: 0000497C: 15:41:46 [TUniGUISessionManager]:Terminating Session manager.
syg_rsp.exe: 0000497C: 15:41:46 [TUniGUISessionManager]:Stopping Cache Eraser...
syg_rsp.exe: 0000497C: 15:41:46 [TUniGUISessionManager]:Cache Eraser Stopped.
syg_rsp.exe: 0000497C: 15:41:46 [TUniGUISessionManager]:Destroying Worker Threads.
syg_rsp.exe: 0000497C: 15:41:46 [TUniGUISessionManager]:Session manager terminated.
syg_rsp.exe: 0000497C: 15:41:46 [TUniServerModule]:Server Shutdown Completed.
syg_rsp.exe: 0000497C: 15:41:46 []:<-------------------------------------------------------------->
syg_rsp.exe: 0000497C: 15:41:46 [Terminated]:Exit Code: 0
syg_rsp.exe: 00005758: 15:41:50 []:>--------------------------------------------------------------<
syg_rsp.exe: 00005758: 15:41:50 [TUniServerModule]:Server First Init.
syg_rsp.exe: 00005758: 15:41:50 [TUniServerModule]:Starting HTTP Server on Port: 8077...
syg_rsp.exe: 00005758: 15:41:50 [TUniServerModule]:HTTP Server Started on Port: 8077
syg_rsp.exe: 0000224C: 15:41:52 [127.0.0.1]:EUniSessionException : Invalid session or session Timeout. (Session not found: LGL6K2azih10BD1C7D6 ) : Addr: $0082D9FE
syg_rsp.exe: 00005444: 15:41:52 [127.0.0.1]:EUniSessionException : Invalid session or session Timeout. (Session not found: LGL6K2azih10BD1C7D6 ) : Addr: $0082D9FE
syg_rsp.exe: 00005758: 15:44:09 [TUniServerModule]:Shutting Down Server.
syg_rsp.exe: 00005758: 15:44:09 [TUniServerModule]:Stopping HTTP Server.
syg_rsp.exe: 00005758: 15:44:10 [TUniServerModule]:HTTP Server Stopped.
syg_rsp.exe: 00005758: 15:44:10 [TUniGUISessionManager]:Terminating Session manager.
syg_rsp.exe: 00005758: 15:44:10 [TUniGUISessionManager]:Stopping Cache Eraser...
syg_rsp.exe: 00005758: 15:44:10 [TUniGUISessionManager]:Cache Eraser Stopped.
syg_rsp.exe: 00005758: 15:44:10 [TUniGUISessionManager]:Destroying Worker Threads.
syg_rsp.exe: 00005758: 15:44:10 [TUniGUISessionManager]:Session manager terminated.
syg_rsp.exe: 00005758: 15:44:10 [TUniServerModule]:Server Shutdown Completed.
syg_rsp.exe: 00005758: 15:44:10 []:<-------------------------------------------------------------->
syg_rsp.exe: 00005758: 15:44:10 [Terminated]:Exit Code: 0
syg_rsp.exe: 00001DF4: 15:44:15 []:>--------------------------------------------------------------<
syg_rsp.exe: 00001DF4: 15:44:15 [TUniServerModule]:Server First Init.
syg_rsp.exe: 00001DF4: 15:44:15 [TUniServerModule]:Starting HTTP Server on Port: 8077...
syg_rsp.exe: 00001DF4: 15:44:15 [TUniServerModule]:HTTP Server Started on Port: 8077
syg_rsp.exe: 00005558: 15:44:16 [127.0.0.1]:EUniSessionException : Invalid session or session Timeout. (Session not found: 5R8qAHjyxc10BD1C9FF ) : Addr: $0082D9FE
syg_rsp.exe: 00005310: 15:44:16 [127.0.0.1]:EUniSessionException : Invalid session or session Timeout. (Session not found: 5R8qAHjyxc10BD1C9FF ) : Addr: $0082D9FE
syg_rsp.exe: 00001DF4: 15:49:08 [TUniServerModule]:Shutting Down Server.
syg_rsp.exe: 00001DF4: 15:49:08 [TUniServerModule]:Stopping HTTP Server.
syg_rsp.exe: 00001DF4: 15:49:09 [TUniServerModule]:HTTP Server Stopped.
syg_rsp.exe: 00001DF4: 15:49:09 [TUniGUISessionManager]:Terminating Session manager.
syg_rsp.exe: 00001DF4: 15:49:09 [TUniGUISessionManager]:Stopping Cache Eraser...
syg_rsp.exe: 00001DF4: 15:49:09 [TUniGUISessionManager]:Cache Eraser Stopped.
syg_rsp.exe: 00001DF4: 15:49:09 [TUniGUISessionManager]:Destroying Worker Threads.
syg_rsp.exe: 00001DF4: 15:49:09 [TUniGUISessionManager]:Session manager terminated.
syg_rsp.exe: 00001DF4: 15:49:09 [TUniServerModule]:Server Shutdown Completed.
syg_rsp.exe: 00001DF4: 15:49:09 []:<-------------------------------------------------------------->
syg_rsp.exe: 00001DF4: 15:49:09 [Terminated]:Exit Code: 0
syg_rsp.exe: 00004F84: 15:49:12 []:>--------------------------------------------------------------<
syg_rsp.exe: 00004F84: 15:49:12 [TUniServerModule]:Server First Init.
syg_rsp.exe: 00004F84: 15:49:12 [TUniServerModule]:Starting HTTP Server on Port: 8077...
syg_rsp.exe: 00004F84: 15:49:12 [TUniServerModule]:HTTP Server Started on Port: 8077
syg_rsp.exe: 00001C80: 15:49:23 [127.0.0.1]:EUniSessionException : Invalid session or session Timeout. (Session not found: Eq2eeap48l10BD1CAA6 ) : Addr: $0082D9FE
syg_rsp.exe: 000049FC: 15:49:23 [127.0.0.1]:EUniSessionException : Invalid session or session Timeout. (Session not found: Eq2eeap48l10BD1CAA6 ) : Addr: $0082D9FE
syg_rsp.exe: 00004F84: 15:50:59 [TUniServerModule]:Shutting Down Server.
syg_rsp.exe: 00004F84: 15:50:59 [TUniServerModule]:Stopping HTTP Server.
syg_rsp.exe: 00004F84: 15:51:00 [TUniServerModule]:HTTP Server Stopped.
syg_rsp.exe: 00004F84: 15:51:00 [TUniGUISessionManager]:Terminating Session manager.
syg_rsp.exe: 00004F84: 15:51:00 [TUniGUISessionManager]:Stopping Cache Eraser...
syg_rsp.exe: 00004F84: 15:51:00 [TUniGUISessionManager]:Cache Eraser Stopped.
syg_rsp.exe: 00004F84: 15:51:00 [TUniGUISessionManager]:Destroying Worker Threads.
syg_rsp.exe: 00004F84: 15:51:00 [TUniGUISessionManager]:Session manager terminated.
syg_rsp.exe: 00004F84: 15:51:00 [TUniServerModule]:Server Shutdown Completed.
syg_rsp.exe: 00004F84: 15:51:00 []:<-------------------------------------------------------------->
syg_rsp.exe: 00004F84: 15:51:00 [Terminated]:Exit Code: 0
syg_rsp.exe: 00003FA4: 15:51:05 []:>--------------------------------------------------------------<
syg_rsp.exe: 00003FA4: 15:51:05 [TUniServerModule]:Server First Init.
syg_rsp.exe: 00003FA4: 15:51:05 [TUniServerModule]:Starting HTTP Server on Port: 8077...
syg_rsp.exe: 00003FA4: 15:51:05 [TUniServerModule]:HTTP Server Started on Port: 8077
syg_rsp.exe: 0000535C: 15:51:06 [127.0.0.1]:EUniSessionException : Invalid session or session Timeout. (Session not found: wb3dxp19Ok10BD1CC0A ) : Addr: $0082D9FE
syg_rsp.exe: 000044B0: 15:51:06 [127.0.0.1]:EUniSessionException : Invalid session or session Timeout. (Session not found: wb3dxp19Ok10BD1CC0A ) : Addr: $0082D9FE
syg_rsp.exe: 00003FA4: 15:55:35 [TUniServerModule]:Shutting Down Server.
syg_rsp.exe: 00003FA4: 15:55:35 [TUniServerModule]:Stopping HTTP Server.
syg_rsp.exe: 00003FA4: 15:55:36 [TUniServerModule]:HTTP Server Stopped.
syg_rsp.exe: 00003FA4: 15:55:36 [TUniGUISessionManager]:Terminating Session manager.
syg_rsp.exe: 00003FA4: 15:55:36 [TUniGUISessionManager]:Stopping Cache Eraser...
syg_rsp.exe: 00003FA4: 15:55:36 [TUniGUISessionManager]:Cache Eraser Stopped.
syg_rsp.exe: 00003FA4: 15:55:36 [TUniGUISessionManager]:Destroying Worker Threads.
syg_rsp.exe: 00003FA4: 15:55:36 [TUniGUISessionManager]:Session manager terminated.
syg_rsp.exe: 00003FA4: 15:55:36 [TUniServerModule]:Server Shutdown Completed.
syg_rsp.exe: 00003FA4: 15:55:36 []:<-------------------------------------------------------------->
syg_rsp.exe: 00003FA4: 15:55:36 [Terminated]:Exit Code: 0
syg_rsp.exe: 00001CEC: 15:55:39 []:>--------------------------------------------------------------<
syg_rsp.exe: 00001CEC: 15:55:39 [TUniServerModule]:Server First Init.
syg_rsp.exe: 00001CEC: 15:55:39 [TUniServerModule]:Starting HTTP Server on Port: 8077...
syg_rsp.exe: 00001CEC: 15:55:39 [TUniServerModule]:HTTP Server Started on Port: 8077
syg_rsp.exe: 00001C3C: 15:55:41 [127.0.0.1]:EUniSessionException : Invalid session or session Timeout. (Session not found: iny7rxANEE10BD1CC82 ) : Addr: $0082D9FE
syg_rsp.exe: 00000044: 15:55:41 [127.0.0.1]:EUniSessionException : Invalid session or session Timeout. (Session not found: iny7rxANEE10BD1CC82 ) : Addr: $0082D9FE
