syg_rsp.exe: 000050B8: 06:10:17 [127.0.0.1]:EUniSessionException : Invalid session or session Timeout. (Session not found: SbzivDwWPL10BD6A80B ) : Addr: $0082D9FE
syg_rsp.exe: 00004B30: 06:16:50 [TUniServerModule]:Shutting Down Server.
syg_rsp.exe: 00004B30: 06:16:50 [TUniServerModule]:Stopping HTTP Server.
syg_rsp.exe: 00004B30: 06:16:51 [TUniServerModule]:HTTP Server Stopped.
syg_rsp.exe: 00004B30: 06:16:51 [TUniGUISessionManager]:Terminating Session manager.
syg_rsp.exe: 00004B30: 06:16:51 [TUniGUISessionManager]:Stopping Cache Eraser...
syg_rsp.exe: 00004B30: 06:16:51 [TUniGUISessionManager]:Cache Eraser Stopped.
syg_rsp.exe: 00004B30: 06:16:51 [TUniGUISessionManager]:Destroying Worker Threads.
syg_rsp.exe: 00004B30: 06:16:51 [TUniGUISessionManager]:Session manager terminated.
syg_rsp.exe: 00004B30: 06:16:51 [TUniServerModule]:Server Shutdown Completed.
syg_rsp.exe: 00004B30: 06:16:51 []:<-------------------------------------------------------------->
syg_rsp.exe: 00004B30: 06:16:51 [Terminated]:Exit Code: 0
syg_rsp.exe: 00004DD4: 06:17:02 []:>--------------------------------------------------------------<
syg_rsp.exe: 00004DD4: 06:17:02 [TUniServerModule]:Server First Init.
syg_rsp.exe: 00004DD4: 06:17:02 [TUniServerModule]:Starting HTTP Server on Port: 8077...
syg_rsp.exe: 00004DD4: 06:17:02 [TUniServerModule]:HTTP Server Started on Port: 8077
syg_rsp.exe: 00002F00: 06:17:10 [127.0.0.1]:EUniSessionException : Invalid session or session Timeout. (Session not found: axNIXPN5tq10BD74974 ) : Addr: $0082D9FE
syg_rsp.exe: 00004B94: 06:17:10 [127.0.0.1]:EUniSessionException : Invalid session or session Timeout. (Session not found: axNIXPN5tq10BD74974 ) : Addr: $0082D9FE
syg_rsp.exe: 00004DD4: 06:18:45 [TUniServerModule]:Shutting Down Server.
syg_rsp.exe: 00004DD4: 06:18:45 [TUniServerModule]:Stopping HTTP Server.
syg_rsp.exe: 00004DD4: 06:18:46 [TUniServerModule]:HTTP Server Stopped.
syg_rsp.exe: 00004DD4: 06:18:46 [TUniGUISessionManager]:Terminating Session manager.
syg_rsp.exe: 00004DD4: 06:18:46 [TUniGUISessionManager]:Stopping Cache Eraser...
syg_rsp.exe: 00004DD4: 06:18:46 [TUniGUISessionManager]:Cache Eraser Stopped.
syg_rsp.exe: 00004DD4: 06:18:46 [TUniGUISessionManager]:Destroying Worker Threads.
syg_rsp.exe: 00004DD4: 06:18:46 [TUniGUISessionManager]:Session manager terminated.
syg_rsp.exe: 00004DD4: 06:18:46 [TUniServerModule]:Server Shutdown Completed.
syg_rsp.exe: 00004DD4: 06:18:46 []:<-------------------------------------------------------------->
syg_rsp.exe: 00004DD4: 06:18:46 [Terminated]:Exit Code: 0
syg_rsp.exe: 000030F0: 06:19:57 []:>--------------------------------------------------------------<
syg_rsp.exe: 000030F0: 06:19:57 [TUniServerModule]:Server First Init.
syg_rsp.exe: 000030F0: 06:19:57 [TUniServerModule]:Starting HTTP Server on Port: 8077...
syg_rsp.exe: 000030F0: 06:19:57 [TUniServerModule]:HTTP Server Started on Port: 8077
syg_rsp.exe: 00002850: 06:20:08 [127.0.0.1]:EUniSessionException : Invalid session or session Timeout. (Session not found: helXIWJlBQ10BD74B50 ) : Addr: $0082D9FE
syg_rsp.exe: 0000483C: 06:20:08 [127.0.0.1]:EUniSessionException : Invalid session or session Timeout. (Session not found: helXIWJlBQ10BD74B50 ) : Addr: $0082D9FE
syg_rsp.exe: 000030F0: 07:35:59 [TUniServerModule]:Shutting Down Server.
syg_rsp.exe: 000030F0: 07:35:59 [TUniServerModule]:Stopping HTTP Server.
syg_rsp.exe: 000030F0: 07:36:00 [TUniServerModule]:HTTP Server Stopped.
syg_rsp.exe: 000030F0: 07:36:00 [TUniGUISessionManager]:Terminating Session manager.
syg_rsp.exe: 000030F0: 07:36:00 [TUniGUISessionManager]:Stopping Cache Eraser...
syg_rsp.exe: 000030F0: 07:36:00 [TUniGUISessionManager]:Cache Eraser Stopped.
syg_rsp.exe: 000030F0: 07:36:00 [TUniGUISessionManager]:Destroying Worker Threads.
syg_rsp.exe: 000030F0: 07:36:00 [TUniGUISessionManager]:Session manager terminated.
syg_rsp.exe: 000030F0: 07:36:00 [TUniServerModule]:Server Shutdown Completed.
syg_rsp.exe: 000030F0: 07:36:00 []:<-------------------------------------------------------------->
syg_rsp.exe: 000030F0: 07:36:00 [Terminated]:Exit Code: 0
syg_rsp.exe: 00003730: 08:07:32 []:>--------------------------------------------------------------<
syg_rsp.exe: 00003730: 08:07:32 [TUniServerModule]:Server First Init.
syg_rsp.exe: 00003730: 08:07:32 [TUniServerModule]:Starting HTTP Server on Port: 8077...
syg_rsp.exe: 00003730: 08:07:32 [TUniServerModule]:HTTP Server Started on Port: 8077
syg_rsp.exe: 00003DD4: 08:07:32 [127.0.0.1]:EUniSessionException : Invalid session or session Timeout. (Session not found: YXYDc3RVeg10BD74C1E ) : Addr: $0082D9FE
syg_rsp.exe: 00003DD4: 08:07:33 [127.0.0.1]:EUniSessionException : Invalid session or session Timeout. (Session not found: YXYDc3RVeg10BD74C1E ) : Addr: $0082D9FE
syg_rsp.exe: 00003730: 08:09:35 [TUniServerModule]:Shutting Down Server.
syg_rsp.exe: 00003730: 08:09:35 [TUniServerModule]:Stopping HTTP Server.
syg_rsp.exe: 00003730: 08:09:36 [TUniServerModule]:HTTP Server Stopped.
syg_rsp.exe: 00003730: 08:09:36 [TUniGUISessionManager]:Terminating Session manager.
syg_rsp.exe: 00003730: 08:09:36 [TUniGUISessionManager]:Stopping Cache Eraser...
syg_rsp.exe: 00003730: 08:09:36 [TUniGUISessionManager]:Cache Eraser Stopped.
syg_rsp.exe: 00003730: 08:09:36 [TUniGUISessionManager]:Destroying Worker Threads.
syg_rsp.exe: 00003730: 08:09:36 [TUniGUISessionManager]:Session manager terminated.
syg_rsp.exe: 00003730: 08:09:36 [TUniServerModule]:Server Shutdown Completed.
syg_rsp.exe: 00003730: 08:09:36 []:<-------------------------------------------------------------->
syg_rsp.exe: 00003730: 08:09:36 [Terminated]:Exit Code: 0
syg_rsp.exe: 000026C8: 08:09:39 []:>--------------------------------------------------------------<
syg_rsp.exe: 000026C8: 08:09:39 [TUniServerModule]:Server First Init.
syg_rsp.exe: 000026C8: 08:09:39 [TUniServerModule]:Starting HTTP Server on Port: 8077...
syg_rsp.exe: 000026C8: 08:09:39 [TUniServerModule]:HTTP Server Started on Port: 8077
syg_rsp.exe: 00004CB4: 08:09:40 [127.0.0.1]:EUniSessionException : Invalid session or session Timeout. (Session not found: OM5JKzfhbd10BD76944 ) : Addr: $0082D9FE
syg_rsp.exe: 00001A48: 08:09:40 [127.0.0.1]:EUniSessionException : Invalid session or session Timeout. (Session not found: OM5JKzfhbd10BD76944 ) : Addr: $0082D9FE
syg_rsp.exe: 000026C8: 08:12:33 [TUniServerModule]:Shutting Down Server.
syg_rsp.exe: 000026C8: 08:12:33 [TUniServerModule]:Stopping HTTP Server.
syg_rsp.exe: 000026C8: 08:12:34 [TUniServerModule]:HTTP Server Stopped.
syg_rsp.exe: 000026C8: 08:12:34 [TUniGUISessionManager]:Terminating Session manager.
syg_rsp.exe: 000026C8: 08:12:34 [TUniGUISessionManager]:Stopping Cache Eraser...
syg_rsp.exe: 000026C8: 08:12:34 [TUniGUISessionManager]:Cache Eraser Stopped.
syg_rsp.exe: 000026C8: 08:12:34 [TUniGUISessionManager]:Destroying Worker Threads.
syg_rsp.exe: 000026C8: 08:12:34 [TUniGUISessionManager]:Session manager terminated.
syg_rsp.exe: 000026C8: 08:12:35 [TUniServerModule]:Server Shutdown Completed.
syg_rsp.exe: 000026C8: 08:12:35 []:<-------------------------------------------------------------->
syg_rsp.exe: 000026C8: 08:12:35 [Terminated]:Exit Code: 0
syg_rsp.exe: 00002698: 08:12:56 []:>--------------------------------------------------------------<
syg_rsp.exe: 00002698: 08:12:56 [TUniServerModule]:Server First Init.
syg_rsp.exe: 00002698: 08:12:56 [TUniServerModule]:Starting HTTP Server on Port: 8077...
syg_rsp.exe: 00002698: 08:12:56 [TUniServerModule]:HTTP Server Started on Port: 8077
syg_rsp.exe: 00000418: 08:12:57 [127.0.0.1]:EUniSessionException : Invalid session or session Timeout. (Session not found: 7PD6NXXOq110BD769D5 ) : Addr: $0082D9FE
syg_rsp.exe: 00002ED8: 08:12:57 [127.0.0.1]:EUniSessionException : Invalid session or session Timeout. (Session not found: 7PD6NXXOq110BD769D5 ) : Addr: $0082D9FE
syg_rsp.exe: 00002698: 08:13:28 [TUniServerModule]:Shutting Down Server.
syg_rsp.exe: 00002698: 08:13:28 [TUniServerModule]:Stopping HTTP Server.
syg_rsp.exe: 00002698: 08:13:29 [TUniServerModule]:HTTP Server Stopped.
syg_rsp.exe: 00002698: 08:13:29 [TUniGUISessionManager]:Terminating Session manager.
syg_rsp.exe: 00002698: 08:13:29 [TUniGUISessionManager]:Stopping Cache Eraser...
syg_rsp.exe: 00002698: 08:13:29 [TUniGUISessionManager]:Cache Eraser Stopped.
syg_rsp.exe: 00002698: 08:13:29 [TUniGUISessionManager]:Destroying Worker Threads.
syg_rsp.exe: 00002698: 08:13:29 [TUniGUISessionManager]:Session manager terminated.
syg_rsp.exe: 00002698: 08:13:30 [TUniServerModule]:Server Shutdown Completed.
syg_rsp.exe: 00002698: 08:13:30 []:<-------------------------------------------------------------->
syg_rsp.exe: 00002698: 08:13:30 [Terminated]:Exit Code: 0
syg_rsp.exe: 00003BF4: 08:13:32 []:>--------------------------------------------------------------<
syg_rsp.exe: 00003BF4: 08:13:32 [TUniServerModule]:Server First Init.
syg_rsp.exe: 00003BF4: 08:13:32 [TUniServerModule]:Starting HTTP Server on Port: 8077...
syg_rsp.exe: 00003BF4: 08:13:32 [TUniServerModule]:HTTP Server Started on Port: 8077
syg_rsp.exe: 00002C10: 08:13:35 [127.0.0.1]:EUniSessionException : Invalid session or session Timeout. (Session not found: 6hHuRwdbmD10BD76AB9 ) : Addr: $0082D9FE
syg_rsp.exe: 00003A9C: 08:13:35 [127.0.0.1]:EUniSessionException : Invalid session or session Timeout. (Session not found: 6hHuRwdbmD10BD76AB9 ) : Addr: $0082D9FE
syg_rsp.exe: 00003BF4: 08:20:08 [TUniServerModule]:Shutting Down Server.
syg_rsp.exe: 00003BF4: 08:20:08 [TUniServerModule]:Stopping HTTP Server.
syg_rsp.exe: 00003BF4: 08:20:09 [TUniServerModule]:HTTP Server Stopped.
syg_rsp.exe: 00003BF4: 08:20:09 [TUniGUISessionManager]:Terminating Session manager.
syg_rsp.exe: 00003BF4: 08:20:09 [TUniGUISessionManager]:Stopping Cache Eraser...
syg_rsp.exe: 00003BF4: 08:20:09 [TUniGUISessionManager]:Cache Eraser Stopped.
syg_rsp.exe: 00003BF4: 08:20:09 [TUniGUISessionManager]:Destroying Worker Threads.
syg_rsp.exe: 00003BF4: 08:20:09 [TUniGUISessionManager]:Session manager terminated.
syg_rsp.exe: 00003BF4: 08:20:09 [TUniServerModule]:Server Shutdown Completed.
syg_rsp.exe: 00003BF4: 08:20:09 []:<-------------------------------------------------------------->
syg_rsp.exe: 00003BF4: 08:20:09 [Terminated]:Exit Code: 0
syg_rsp.exe: 00003D9C: 08:20:18 []:>--------------------------------------------------------------<
syg_rsp.exe: 00003D9C: 08:20:18 [TUniServerModule]:Server First Init.
syg_rsp.exe: 00003D9C: 08:20:18 [TUniServerModule]:Starting HTTP Server on Port: 8077...
syg_rsp.exe: 00003D9C: 08:20:18 [TUniServerModule]:HTTP Server Started on Port: 8077
syg_rsp.exe: 0000285C: 08:20:19 [127.0.0.1]:EUniSessionException : Invalid session or session Timeout. (Session not found: WZ74vIgs2510BD76AE5 ) : Addr: $0082D9FE
syg_rsp.exe: 00003864: 08:20:19 [127.0.0.1]:EUniSessionException : Invalid session or session Timeout. (Session not found: WZ74vIgs2510BD76AE5 ) : Addr: $0082D9FE
syg_rsp.exe: 00003864: 08:20:49 [127.0.0.1]:EOleException : [MySQL][ODBC 8.0(a) Driver][mysqld-8.0.29]Unknown column 'type_nav_real' in 'field list' : Addr: $0084214F
syg_rsp.exe: 00003D9C: 08:25:39 [TUniServerModule]:Shutting Down Server.
syg_rsp.exe: 00003D9C: 08:25:39 [TUniServerModule]:Stopping HTTP Server.
syg_rsp.exe: 00003D9C: 08:25:40 [TUniServerModule]:HTTP Server Stopped.
syg_rsp.exe: 00003D9C: 08:25:40 [TUniGUISessionManager]:Terminating Session manager.
syg_rsp.exe: 00003D9C: 08:25:40 [TUniGUISessionManager]:Stopping Cache Eraser...
syg_rsp.exe: 00003D9C: 08:25:40 [TUniGUISessionManager]:Cache Eraser Stopped.
syg_rsp.exe: 00003D9C: 08:25:40 [TUniGUISessionManager]:Destroying Worker Threads.
syg_rsp.exe: 00003D9C: 08:25:40 [TUniGUISessionManager]:Session manager terminated.
syg_rsp.exe: 00003D9C: 08:25:40 [TUniServerModule]:Server Shutdown Completed.
syg_rsp.exe: 00003D9C: 08:25:40 []:<-------------------------------------------------------------->
syg_rsp.exe: 00003D9C: 08:25:40 [Terminated]:Exit Code: 0
syg_rsp.exe: 00001E24: 08:25:44 []:>--------------------------------------------------------------<
syg_rsp.exe: 00001E24: 08:25:44 [TUniServerModule]:Server First Init.
syg_rsp.exe: 00001E24: 08:25:44 [TUniServerModule]:Starting HTTP Server on Port: 8077...
syg_rsp.exe: 00001E24: 08:25:44 [TUniServerModule]:HTTP Server Started on Port: 8077
syg_rsp.exe: 0000493C: 08:25:47 [127.0.0.1]:EUniSessionException : Invalid session or session Timeout. (Session not found: uRqKAnHNFP10BD76CB9 ) : Addr: $0082D9FE
syg_rsp.exe: 00004744: 08:25:47 [127.0.0.1]:EUniSessionException : Invalid session or session Timeout. (Session not found: uRqKAnHNFP10BD76CB9 ) : Addr: $0082D9FE
syg_rsp.exe: 00001E24: 08:45:59 [TUniServerModule]:Shutting Down Server.
syg_rsp.exe: 00001E24: 08:45:59 [TUniServerModule]:Stopping HTTP Server.
syg_rsp.exe: 00001E24: 08:46:00 [TUniServerModule]:HTTP Server Stopped.
syg_rsp.exe: 00001E24: 08:46:00 [TUniGUISessionManager]:Terminating Session manager.
syg_rsp.exe: 00001E24: 08:46:00 [TUniGUISessionManager]:Stopping Cache Eraser...
syg_rsp.exe: 00001E24: 08:46:00 [TUniGUISessionManager]:Cache Eraser Stopped.
syg_rsp.exe: 00001E24: 08:46:00 [TUniGUISessionManager]:Destroying Worker Threads.
syg_rsp.exe: 00001E24: 08:46:00 [TUniGUISessionManager]:Session manager terminated.
syg_rsp.exe: 00001E24: 08:46:00 [TUniServerModule]:Server Shutdown Completed.
syg_rsp.exe: 00001E24: 08:46:00 []:<-------------------------------------------------------------->
syg_rsp.exe: 00001E24: 08:46:00 [Terminated]:Exit Code: 0
syg_rsp.exe: 0000159C: 08:46:07 []:>--------------------------------------------------------------<
syg_rsp.exe: 0000159C: 08:46:07 [TUniServerModule]:Server First Init.
syg_rsp.exe: 0000159C: 08:46:07 [TUniServerModule]:Starting HTTP Server on Port: 8077...
syg_rsp.exe: 0000159C: 08:46:07 [TUniServerModule]:HTTP Server Started on Port: 8077
syg_rsp.exe: 00004DE8: 08:46:09 [127.0.0.1]:EUniSessionException : Invalid session or session Timeout. (Session not found: EZNmoJLNbX10BD76E34 ) : Addr: $0082D9FE
syg_rsp.exe: 00003ADC: 08:46:09 [127.0.0.1]:EUniSessionException : Invalid session or session Timeout. (Session not found: EZNmoJLNbX10BD76E34 ) : Addr: $0082D9FE
syg_rsp.exe: 0000159C: 08:48:32 [TUniServerModule]:Shutting Down Server.
syg_rsp.exe: 0000159C: 08:48:32 [TUniServerModule]:Stopping HTTP Server.
syg_rsp.exe: 0000159C: 08:48:32 [TUniServerModule]:HTTP Server Stopped.
syg_rsp.exe: 0000159C: 08:48:32 [TUniGUISessionManager]:Terminating Session manager.
syg_rsp.exe: 0000159C: 08:48:32 [TUniGUISessionManager]:Stopping Cache Eraser...
syg_rsp.exe: 0000159C: 08:48:33 [TUniGUISessionManager]:Cache Eraser Stopped.
syg_rsp.exe: 0000159C: 08:48:33 [TUniGUISessionManager]:Destroying Worker Threads.
syg_rsp.exe: 0000159C: 08:48:33 [TUniGUISessionManager]:Session manager terminated.
syg_rsp.exe: 0000159C: 08:48:33 [TUniServerModule]:Server Shutdown Completed.
syg_rsp.exe: 0000159C: 08:48:33 []:<-------------------------------------------------------------->
syg_rsp.exe: 0000159C: 08:48:33 [Terminated]:Exit Code: 0
syg_rsp.exe: 00002A58: 08:48:35 []:>--------------------------------------------------------------<
syg_rsp.exe: 00002A58: 08:48:35 [TUniServerModule]:Server First Init.
syg_rsp.exe: 00002A58: 08:48:35 [TUniServerModule]:Starting HTTP Server on Port: 8077...
syg_rsp.exe: 00002A58: 08:48:36 [TUniServerModule]:HTTP Server Started on Port: 8077
syg_rsp.exe: 0000251C: 08:48:40 [127.0.0.1]:EUniSessionException : Invalid session or session Timeout. (Session not found: UGdEh1E4MT10BD773BA ) : Addr: $0082D9FE
syg_rsp.exe: 000020C0: 08:48:40 [127.0.0.1]:EUniSessionException : Invalid session or session Timeout. (Session not found: UGdEh1E4MT10BD773BA ) : Addr: $0082D9FE
syg_rsp.exe: 00002A58: 08:51:20 [TUniServerModule]:Shutting Down Server.
syg_rsp.exe: 00002A58: 08:51:20 [TUniServerModule]:Stopping HTTP Server.
syg_rsp.exe: 00002A58: 08:51:21 [TUniServerModule]:HTTP Server Stopped.
syg_rsp.exe: 00002A58: 08:51:21 [TUniGUISessionManager]:Terminating Session manager.
syg_rsp.exe: 00002A58: 08:51:21 [TUniGUISessionManager]:Stopping Cache Eraser...
syg_rsp.exe: 00002A58: 08:51:21 [TUniGUISessionManager]:Cache Eraser Stopped.
syg_rsp.exe: 00002A58: 08:51:21 [TUniGUISessionManager]:Destroying Worker Threads.
syg_rsp.exe: 00002A58: 08:51:21 [TUniGUISessionManager]:Session manager terminated.
syg_rsp.exe: 00002A58: 08:51:21 [TUniServerModule]:Server Shutdown Completed.
syg_rsp.exe: 00002A58: 08:51:21 []:<-------------------------------------------------------------->
syg_rsp.exe: 00002A58: 08:51:21 [Terminated]:Exit Code: 0
syg_rsp.exe: 00003CC8: 08:51:24 []:>--------------------------------------------------------------<
syg_rsp.exe: 00003CC8: 08:51:24 [TUniServerModule]:Server First Init.
syg_rsp.exe: 00003CC8: 08:51:24 [TUniServerModule]:Starting HTTP Server on Port: 8077...
syg_rsp.exe: 00003CC8: 08:51:24 [TUniServerModule]:HTTP Server Started on Port: 8077
syg_rsp.exe: 00003854: 08:51:26 [127.0.0.1]:EUniSessionException : Invalid session or session Timeout. (Session not found: QZVzt5Bog410BD7746A ) : Addr: $0082D9FE
syg_rsp.exe: 00002960: 08:51:26 [127.0.0.1]:EUniSessionException : Invalid session or session Timeout. (Session not found: QZVzt5Bog410BD7746A ) : Addr: $0082D9FE
syg_rsp.exe: 00003CC8: 08:53:51 [TUniServerModule]:Shutting Down Server.
syg_rsp.exe: 00003CC8: 08:53:51 [TUniServerModule]:Stopping HTTP Server.
syg_rsp.exe: 00003CC8: 08:53:52 [TUniServerModule]:HTTP Server Stopped.
syg_rsp.exe: 00003CC8: 08:53:52 [TUniGUISessionManager]:Terminating Session manager.
syg_rsp.exe: 00003CC8: 08:53:52 [TUniGUISessionManager]:Stopping Cache Eraser...
syg_rsp.exe: 00003CC8: 08:53:52 [TUniGUISessionManager]:Cache Eraser Stopped.
syg_rsp.exe: 00003CC8: 08:53:52 [TUniGUISessionManager]:Destroying Worker Threads.
syg_rsp.exe: 00003CC8: 08:53:52 [TUniGUISessionManager]:Session manager terminated.
syg_rsp.exe: 00003CC8: 08:53:52 [TUniServerModule]:Server Shutdown Completed.
syg_rsp.exe: 00003CC8: 08:53:52 []:<-------------------------------------------------------------->
syg_rsp.exe: 00003CC8: 08:53:52 [Terminated]:Exit Code: 0
syg_rsp.exe: 00003C0C: 08:53:55 []:>--------------------------------------------------------------<
syg_rsp.exe: 00003C0C: 08:53:55 [TUniServerModule]:Server First Init.
syg_rsp.exe: 00003C0C: 08:53:55 [TUniServerModule]:Starting HTTP Server on Port: 8077...
syg_rsp.exe: 00003C0C: 08:53:55 [TUniServerModule]:HTTP Server Started on Port: 8077
syg_rsp.exe: 000023F0: 08:53:57 [127.0.0.1]:EUniSessionException : Invalid session or session Timeout. (Session not found: HJW6Qh3vn310BD7752A ) : Addr: $0082D9FE
syg_rsp.exe: 000023F0: 08:53:57 [127.0.0.1]:EUniSessionException : Invalid session or session Timeout. (Session not found: HJW6Qh3vn310BD7752A ) : Addr: $0082D9FE
syg_rsp.exe: 00003C0C: 08:59:45 [TUniServerModule]:Shutting Down Server.
syg_rsp.exe: 00003C0C: 08:59:45 [TUniServerModule]:Stopping HTTP Server.
syg_rsp.exe: 00003C0C: 08:59:47 [TUniServerModule]:HTTP Server Stopped.
syg_rsp.exe: 00003C0C: 08:59:47 [TUniGUISessionManager]:Terminating Session manager.
syg_rsp.exe: 00003C0C: 08:59:47 [TUniGUISessionManager]:Stopping Cache Eraser...
syg_rsp.exe: 00003C0C: 08:59:47 [TUniGUISessionManager]:Cache Eraser Stopped.
syg_rsp.exe: 00003C0C: 08:59:47 [TUniGUISessionManager]:Destroying Worker Threads.
syg_rsp.exe: 00003C0C: 08:59:47 [TUniGUISessionManager]:Session manager terminated.
syg_rsp.exe: 00003C0C: 08:59:47 [TUniServerModule]:Server Shutdown Completed.
syg_rsp.exe: 00003C0C: 08:59:47 []:<-------------------------------------------------------------->
syg_rsp.exe: 00003C0C: 08:59:47 [Terminated]:Exit Code: 0
syg_rsp.exe: 000026B8: 08:59:50 []:>--------------------------------------------------------------<
syg_rsp.exe: 000026B8: 08:59:50 [TUniServerModule]:Server First Init.
syg_rsp.exe: 000026B8: 08:59:50 [TUniServerModule]:Starting HTTP Server on Port: 8077...
syg_rsp.exe: 000026B8: 08:59:50 [TUniServerModule]:HTTP Server Started on Port: 8077
syg_rsp.exe: 00001B98: 08:59:52 [127.0.0.1]:EUniSessionException : Invalid session or session Timeout. (Session not found: 1Zla2mjgmm10BD775D8 ) : Addr: $0082D9FE
syg_rsp.exe: 000024F8: 08:59:52 [127.0.0.1]:EUniSessionException : Invalid session or session Timeout. (Session not found: 1Zla2mjgmm10BD775D8 ) : Addr: $0082D9FE
syg_rsp.exe: 00002FA4: 09:25:47 [127.0.0.1]:EUniSessionException : Invalid session or session Timeout. (Session not found: 2NRGEXRfea10BD77773 ) : Addr: $0082D9FE
syg_rsp.exe: 000026B8: 09:46:46 [TUniServerModule]:Shutting Down Server.
syg_rsp.exe: 000026B8: 09:46:46 [TUniServerModule]:Stopping HTTP Server.
syg_rsp.exe: 000026B8: 09:46:46 [TUniServerModule]:HTTP Server Stopped.
syg_rsp.exe: 000026B8: 09:46:46 [TUniGUISessionManager]:Terminating Session manager.
syg_rsp.exe: 000026B8: 09:46:46 [TUniGUISessionManager]:Stopping Cache Eraser...
syg_rsp.exe: 000026B8: 09:46:46 [TUniGUISessionManager]:Cache Eraser Stopped.
syg_rsp.exe: 000026B8: 09:46:46 [TUniGUISessionManager]:Destroying Worker Threads.
syg_rsp.exe: 000026B8: 09:46:46 [TUniGUISessionManager]:Session manager terminated.
syg_rsp.exe: 000026B8: 09:46:46 [TUniServerModule]:Server Shutdown Completed.
syg_rsp.exe: 000026B8: 09:46:46 []:<-------------------------------------------------------------->
syg_rsp.exe: 000026B8: 09:46:46 [Terminated]:Exit Code: 0
syg_rsp.exe: 000043E8: 09:46:54 []:>--------------------------------------------------------------<
syg_rsp.exe: 000043E8: 09:46:54 [TUniServerModule]:Server First Init.
syg_rsp.exe: 000043E8: 09:46:54 [TUniServerModule]:Starting HTTP Server on Port: 8077...
syg_rsp.exe: 000043E8: 09:46:54 [TUniServerModule]:HTTP Server Started on Port: 8077
syg_rsp.exe: 00001200: 09:46:59 [127.0.0.1]:EUniSessionException : Invalid session or session Timeout. (Session not found: p8HFKSViaA10BD77E7D ) : Addr: $0082D9FE
syg_rsp.exe: 00003070: 09:46:59 [127.0.0.1]:EUniSessionException : Invalid session or session Timeout. (Session not found: p8HFKSViaA10BD77E7D ) : Addr: $0082D9FE
syg_rsp.exe: 00003070: 09:47:31 [127.0.0.1]:EOleException : [MySQL][ODBC 8.0(a) Driver][mysqld-8.0.29]Unknown column 'R.date_regle' in 'where clause' : Addr: $0084214F
syg_rsp.exe: 000043E8: 09:49:03 [TUniServerModule]:Shutting Down Server.
syg_rsp.exe: 000043E8: 09:49:03 [TUniServerModule]:Stopping HTTP Server.
syg_rsp.exe: 000043E8: 09:49:04 [TUniServerModule]:HTTP Server Stopped.
syg_rsp.exe: 000043E8: 09:49:04 [TUniGUISessionManager]:Terminating Session manager.
syg_rsp.exe: 000043E8: 09:49:04 [TUniGUISessionManager]:Stopping Cache Eraser...
syg_rsp.exe: 000043E8: 09:49:04 [TUniGUISessionManager]:Cache Eraser Stopped.
syg_rsp.exe: 000043E8: 09:49:04 [TUniGUISessionManager]:Destroying Worker Threads.
syg_rsp.exe: 000043E8: 09:49:04 [TUniGUISessionManager]:Session manager terminated.
syg_rsp.exe: 000043E8: 09:49:04 [TUniServerModule]:Server Shutdown Completed.
syg_rsp.exe: 000043E8: 09:49:04 []:<-------------------------------------------------------------->
syg_rsp.exe: 000043E8: 09:49:04 [Terminated]:Exit Code: 0
syg_rsp.exe: 00004F78: 09:49:07 []:>--------------------------------------------------------------<
syg_rsp.exe: 00004F78: 09:49:07 [TUniServerModule]:Server First Init.
syg_rsp.exe: 00004F78: 09:49:07 [TUniServerModule]:Starting HTTP Server on Port: 8077...
syg_rsp.exe: 00004F78: 09:49:07 [TUniServerModule]:HTTP Server Started on Port: 8077
syg_rsp.exe: 00003DA0: 09:49:08 [127.0.0.1]:EUniSessionException : Invalid session or session Timeout. (Session not found: MahIpmAOcq10BD7843B ) : Addr: $0082D9FE
syg_rsp.exe: 00001B98: 09:49:08 [127.0.0.1]:EUniSessionException : Invalid session or session Timeout. (Session not found: MahIpmAOcq10BD7843B ) : Addr: $0082D9FE
syg_rsp.exe: 00004F78: 09:58:05 [TUniServerModule]:Shutting Down Server.
syg_rsp.exe: 00004F78: 09:58:05 [TUniServerModule]:Stopping HTTP Server.
syg_rsp.exe: 00004F78: 09:58:05 [TUniServerModule]:HTTP Server Stopped.
syg_rsp.exe: 00004F78: 09:58:05 [TUniGUISessionManager]:Terminating Session manager.
syg_rsp.exe: 00004F78: 09:58:05 [TUniGUISessionManager]:Stopping Cache Eraser...
syg_rsp.exe: 00004F78: 09:58:05 [TUniGUISessionManager]:Cache Eraser Stopped.
syg_rsp.exe: 00004F78: 09:58:05 [TUniGUISessionManager]:Destroying Worker Threads.
syg_rsp.exe: 00004F78: 09:58:05 [TUniGUISessionManager]:Session manager terminated.
syg_rsp.exe: 00004F78: 09:58:05 [TUniServerModule]:Server Shutdown Completed.
syg_rsp.exe: 00004F78: 09:58:05 []:<-------------------------------------------------------------->
syg_rsp.exe: 00004F78: 09:58:05 [Terminated]:Exit Code: 0
syg_rsp.exe: 000052DC: 09:58:18 []:>--------------------------------------------------------------<
syg_rsp.exe: 000052DC: 09:58:18 [TUniServerModule]:Server First Init.
syg_rsp.exe: 000052DC: 09:58:18 [TUniServerModule]:Starting HTTP Server on Port: 8077...
syg_rsp.exe: 000052DC: 09:58:18 [TUniServerModule]:HTTP Server Started on Port: 8077
syg_rsp.exe: 000042D8: 09:58:18 [127.0.0.1]:EUniSessionException : Invalid session or session Timeout. (Session not found: vzGHicXIea10BD784D1 ) : Addr: $0082D9FE
syg_rsp.exe: 00000368: 09:58:18 [127.0.0.1]:EUniSessionException : Invalid session or session Timeout. (Session not found: vzGHicXIea10BD784D1 ) : Addr: $0082D9FE
syg_rsp.exe: 00000368: 09:58:47 [127.0.0.1]:EOleException : [MySQL][ODBC 8.0(a) Driver][mysqld-8.0.29]Unknown column 'P' in 'where clause' : Addr: $0084214F
syg_rsp.exe: 000052DC: 09:59:42 [TUniServerModule]:Shutting Down Server.
syg_rsp.exe: 000052DC: 09:59:42 [TUniServerModule]:Stopping HTTP Server.
syg_rsp.exe: 000052DC: 09:59:43 [TUniServerModule]:HTTP Server Stopped.
syg_rsp.exe: 000052DC: 09:59:43 [TUniGUISessionManager]:Terminating Session manager.
syg_rsp.exe: 000052DC: 09:59:43 [TUniGUISessionManager]:Stopping Cache Eraser...
syg_rsp.exe: 000052DC: 09:59:43 [TUniGUISessionManager]:Cache Eraser Stopped.
syg_rsp.exe: 000052DC: 09:59:43 [TUniGUISessionManager]:Destroying Worker Threads.
syg_rsp.exe: 000052DC: 09:59:43 [TUniGUISessionManager]:Session manager terminated.
syg_rsp.exe: 000052DC: 09:59:43 [TUniServerModule]:Server Shutdown Completed.
syg_rsp.exe: 000052DC: 09:59:43 []:<-------------------------------------------------------------->
syg_rsp.exe: 000052DC: 09:59:43 [Terminated]:Exit Code: 0
syg_rsp.exe: 00004A68: 09:59:45 []:>--------------------------------------------------------------<
syg_rsp.exe: 00004A68: 09:59:45 [TUniServerModule]:Server First Init.
syg_rsp.exe: 00004A68: 09:59:45 [TUniServerModule]:Starting HTTP Server on Port: 8077...
syg_rsp.exe: 00004A68: 09:59:45 [TUniServerModule]:HTTP Server Started on Port: 8077
syg_rsp.exe: 00004F18: 09:59:47 [127.0.0.1]:EUniSessionException : Invalid session or session Timeout. (Session not found: WtpLi7zkRr10BD7874D ) : Addr: $0082D9FE
syg_rsp.exe: 0000421C: 09:59:47 [127.0.0.1]:EUniSessionException : Invalid session or session Timeout. (Session not found: WtpLi7zkRr10BD7874D ) : Addr: $0082D9FE
syg_rsp.exe: 0000421C: 10:00:08 [127.0.0.1]:EOleException : [MySQL][ODBC 8.0(a) Driver][mysqld-8.0.29]Unknown column 'T' in 'where clause' : Addr: $0084214F
syg_rsp.exe: 000018D0: 10:23:00 [127.0.0.1]:EUniSessionException : Invalid session or session Timeout. (Session not found: w7iVAhvndh10BD787B4 ) : Addr: $0082D9FE
syg_rsp.exe: 00005658: 10:23:00 [127.0.0.1]:EUniSessionException : Invalid session or session Timeout. (Session not found: w7iVAhvndh10BD787B4 ) : Addr: $0082D9FE
syg_rsp.exe: 00004A68: 10:24:21 [TUniServerModule]:Shutting Down Server.
syg_rsp.exe: 00004A68: 10:24:21 [TUniServerModule]:Stopping HTTP Server.
syg_rsp.exe: 00004A68: 10:24:22 [TUniServerModule]:HTTP Server Stopped.
syg_rsp.exe: 00004A68: 10:24:22 [TUniGUISessionManager]:Terminating Session manager.
syg_rsp.exe: 00004A68: 10:24:22 [TUniGUISessionManager]:Stopping Cache Eraser...
syg_rsp.exe: 00004A68: 10:24:22 [TUniGUISessionManager]:Cache Eraser Stopped.
syg_rsp.exe: 00004A68: 10:24:22 [TUniGUISessionManager]:Destroying Worker Threads.
syg_rsp.exe: 00004A68: 10:24:22 [TUniGUISessionManager]:Session manager terminated.
syg_rsp.exe: 00004A68: 10:24:22 [TUniServerModule]:Server Shutdown Completed.
syg_rsp.exe: 00004A68: 10:24:22 []:<-------------------------------------------------------------->
syg_rsp.exe: 00004A68: 10:24:22 [Terminated]:Exit Code: 0
syg_rsp.exe: 00004FAC: 10:25:02 []:>--------------------------------------------------------------<
syg_rsp.exe: 00004FAC: 10:25:02 [TUniServerModule]:Server First Init.
syg_rsp.exe: 00004FAC: 10:25:03 [TUniServerModule]:Starting HTTP Server on Port: 8077...
syg_rsp.exe: 00004FAC: 10:25:03 [TUniServerModule]:HTTP Server Started on Port: 8077
syg_rsp.exe: 00004A28: 10:25:06 [127.0.0.1]:EUniSessionException : Invalid session or session Timeout. (Session not found: p1XhHMn6iK10BD78E01 ) : Addr: $0082D9FE
syg_rsp.exe: 000046D0: 10:25:06 [127.0.0.1]:EUniSessionException : Invalid session or session Timeout. (Session not found: p1XhHMn6iK10BD78E01 ) : Addr: $0082D9FE
syg_rsp.exe: 000046D0: 10:25:40 [127.0.0.1]:EOleException : [MySQL][ODBC 8.0(a) Driver][mysqld-8.0.29]Unknown column 'P' in 'where clause' : Addr: $0084214F
syg_rsp.exe: 00004FAC: 10:26:29 [TUniServerModule]:Shutting Down Server.
syg_rsp.exe: 00004FAC: 10:26:29 [TUniServerModule]:Stopping HTTP Server.
syg_rsp.exe: 00004FAC: 10:26:30 [TUniServerModule]:HTTP Server Stopped.
syg_rsp.exe: 00004FAC: 10:26:30 [TUniGUISessionManager]:Terminating Session manager.
syg_rsp.exe: 00004FAC: 10:26:30 [TUniGUISessionManager]:Stopping Cache Eraser...
syg_rsp.exe: 00004FAC: 10:26:30 [TUniGUISessionManager]:Cache Eraser Stopped.
syg_rsp.exe: 00004FAC: 10:26:30 [TUniGUISessionManager]:Destroying Worker Threads.
syg_rsp.exe: 00004FAC: 10:26:30 [TUniGUISessionManager]:Session manager terminated.
syg_rsp.exe: 00004FAC: 10:26:30 [TUniServerModule]:Server Shutdown Completed.
syg_rsp.exe: 00004FAC: 10:26:30 []:<-------------------------------------------------------------->
syg_rsp.exe: 00004FAC: 10:26:30 [Terminated]:Exit Code: 0
syg_rsp.exe: 000028AC: 10:26:35 []:>--------------------------------------------------------------<
syg_rsp.exe: 000028AC: 10:26:35 [TUniServerModule]:Server First Init.
syg_rsp.exe: 000028AC: 10:26:35 [TUniServerModule]:Starting HTTP Server on Port: 8077...
syg_rsp.exe: 000028AC: 10:26:35 [TUniServerModule]:HTTP Server Started on Port: 8077
syg_rsp.exe: 00001180: 10:26:37 [127.0.0.1]:EUniSessionException : Invalid session or session Timeout. (Session not found: juWGAvYxkV10BD78E92 ) : Addr: $0082D9FE
syg_rsp.exe: 00001180: 10:26:37 [127.0.0.1]:EUniSessionException : Invalid session or session Timeout. (Session not found: juWGAvYxkV10BD78E92 ) : Addr: $0082D9FE
syg_rsp.exe: 000036D8: 10:27:00 [127.0.0.1]:EOleException : [MySQL][ODBC 8.0(a) Driver][mysqld-8.0.29]Unknown column 'P' in 'where clause' : Addr: $0084214F
syg_rsp.exe: 000028AC: 11:33:58 [TUniServerModule]:Shutting Down Server.
syg_rsp.exe: 000028AC: 11:33:58 [TUniServerModule]:Stopping HTTP Server.
syg_rsp.exe: 000028AC: 11:33:59 [TUniServerModule]:HTTP Server Stopped.
syg_rsp.exe: 000028AC: 11:33:59 [TUniGUISessionManager]:Terminating Session manager.
syg_rsp.exe: 000028AC: 11:33:59 [TUniGUISessionManager]:Stopping Cache Eraser...
syg_rsp.exe: 000028AC: 11:33:59 [TUniGUISessionManager]:Cache Eraser Stopped.
syg_rsp.exe: 000028AC: 11:33:59 [TUniGUISessionManager]:Destroying Worker Threads.
syg_rsp.exe: 000028AC: 11:33:59 [TUniGUISessionManager]:Session manager terminated.
syg_rsp.exe: 000028AC: 11:33:59 [TUniServerModule]:Server Shutdown Completed.
syg_rsp.exe: 000028AC: 11:33:59 []:<-------------------------------------------------------------->
syg_rsp.exe: 000028AC: 11:33:59 [Terminated]:Exit Code: 0
syg_rsp.exe: 00003098: 11:34:03 []:>--------------------------------------------------------------<
syg_rsp.exe: 00003098: 11:34:03 [TUniServerModule]:Server First Init.
syg_rsp.exe: 00003098: 11:34:03 [TUniServerModule]:Starting HTTP Server on Port: 8077...
syg_rsp.exe: 00003098: 11:34:03 [TUniServerModule]:HTTP Server Started on Port: 8077
syg_rsp.exe: 00002C74: 11:34:05 [127.0.0.1]:EUniSessionException : Invalid session or session Timeout. (Session not found: vQYb4npIUX10BD78EFB ) : Addr: $0082D9FE
syg_rsp.exe: 0000360C: 11:34:05 [127.0.0.1]:EUniSessionException : Invalid session or session Timeout. (Session not found: vQYb4npIUX10BD78EFB ) : Addr: $0082D9FE
syg_rsp.exe: 00003098: 11:37:03 [TUniServerModule]:Shutting Down Server.
syg_rsp.exe: 00003098: 11:37:03 [TUniServerModule]:Stopping HTTP Server.
syg_rsp.exe: 00003098: 11:37:04 [TUniServerModule]:HTTP Server Stopped.
syg_rsp.exe: 00003098: 11:37:04 [TUniGUISessionManager]:Terminating Session manager.
syg_rsp.exe: 00003098: 11:37:04 [TUniGUISessionManager]:Stopping Cache Eraser...
syg_rsp.exe: 00003098: 11:37:04 [TUniGUISessionManager]:Cache Eraser Stopped.
syg_rsp.exe: 00003098: 11:37:04 [TUniGUISessionManager]:Destroying Worker Threads.
syg_rsp.exe: 00003098: 11:37:04 [TUniGUISessionManager]:Session manager terminated.
syg_rsp.exe: 00003098: 11:37:04 [TUniServerModule]:Server Shutdown Completed.
syg_rsp.exe: 00003098: 11:37:04 []:<-------------------------------------------------------------->
syg_rsp.exe: 00003098: 11:37:04 [Terminated]:Exit Code: 0
syg_rsp.exe: 00002AD4: 11:58:12 []:>--------------------------------------------------------------<
syg_rsp.exe: 00002AD4: 11:58:12 [TUniServerModule]:Server First Init.
syg_rsp.exe: 00002AD4: 11:58:12 [TUniServerModule]:Starting HTTP Server on Port: 8077...
syg_rsp.exe: 00002AD4: 11:58:12 [TUniServerModule]:HTTP Server Started on Port: 8077
syg_rsp.exe: 000054FC: 11:58:15 [127.0.0.1]:EUniSessionException : Invalid session or session Timeout. (Session not found: CnEUQ5AqkW10BD7A149 ) : Addr: $0082D9FE
syg_rsp.exe: 00004DA8: 11:58:15 [127.0.0.1]:EUniSessionException : Invalid session or session Timeout. (Session not found: CnEUQ5AqkW10BD7A149 ) : Addr: $0082D9FE
syg_rsp.exe: 00004DA8: 11:58:33 [127.0.0.1]:EOleException : [MySQL][ODBC 8.0(a) Driver][mysqld-8.0.29]Unknown column 'P' in 'where clause' : Addr: $0084214F
syg_rsp.exe: 00002AD4: 12:00:33 [TUniServerModule]:Shutting Down Server.
syg_rsp.exe: 00002AD4: 12:00:33 [TUniServerModule]:Stopping HTTP Server.
syg_rsp.exe: 00002AD4: 12:00:34 [TUniServerModule]:HTTP Server Stopped.
syg_rsp.exe: 00002AD4: 12:00:34 [TUniGUISessionManager]:Terminating Session manager.
syg_rsp.exe: 00002AD4: 12:00:34 [TUniGUISessionManager]:Stopping Cache Eraser...
syg_rsp.exe: 00002AD4: 12:00:34 [TUniGUISessionManager]:Cache Eraser Stopped.
syg_rsp.exe: 00002AD4: 12:00:34 [TUniGUISessionManager]:Destroying Worker Threads.
syg_rsp.exe: 00002AD4: 12:00:34 [TUniGUISessionManager]:Session manager terminated.
syg_rsp.exe: 00002AD4: 12:00:34 [TUniServerModule]:Server Shutdown Completed.
syg_rsp.exe: 00002AD4: 12:00:34 []:<-------------------------------------------------------------->
syg_rsp.exe: 00002AD4: 12:00:34 [Terminated]:Exit Code: 0
syg_rsp.exe: 00002908: 12:00:44 []:>--------------------------------------------------------------<
syg_rsp.exe: 00002908: 12:00:44 [TUniServerModule]:Server First Init.
syg_rsp.exe: 00002908: 12:00:44 [TUniServerModule]:Starting HTTP Server on Port: 8077...
syg_rsp.exe: 00002908: 12:00:44 [TUniServerModule]:HTTP Server Started on Port: 8077
syg_rsp.exe: 000056B0: 12:00:47 [127.0.0.1]:EUniSessionException : Invalid session or session Timeout. (Session not found: Mkl1D8XVht10BD7A7D7 ) : Addr: $0082D9FE
syg_rsp.exe: 00002A48: 12:00:47 [127.0.0.1]:EUniSessionException : Invalid session or session Timeout. (Session not found: Mkl1D8XVht10BD7A7D7 ) : Addr: $0082D9FE
syg_rsp.exe: 00002A48: 12:01:14 [127.0.0.1]:EOleException : [MySQL][ODBC 8.0(a) Driver][mysqld-8.0.29]Unknown column 'P' in 'where clause' : Addr: $0084214F
syg_rsp.exe: 00002908: 12:10:21 [TUniServerModule]:Shutting Down Server.
syg_rsp.exe: 00002908: 12:10:21 [TUniServerModule]:Stopping HTTP Server.
syg_rsp.exe: 00002908: 12:10:22 [TUniServerModule]:HTTP Server Stopped.
syg_rsp.exe: 00002908: 12:10:22 [TUniGUISessionManager]:Terminating Session manager.
syg_rsp.exe: 00002908: 12:10:22 [TUniGUISessionManager]:Stopping Cache Eraser...
syg_rsp.exe: 00002908: 12:10:22 [TUniGUISessionManager]:Cache Eraser Stopped.
syg_rsp.exe: 00002908: 12:10:22 [TUniGUISessionManager]:Destroying Worker Threads.
syg_rsp.exe: 00002908: 12:10:22 [TUniGUISessionManager]:Session manager terminated.
syg_rsp.exe: 00002908: 12:10:22 [TUniServerModule]:Server Shutdown Completed.
syg_rsp.exe: 00002908: 12:10:22 []:<-------------------------------------------------------------->
syg_rsp.exe: 00002908: 12:10:22 [Terminated]:Exit Code: 0
syg_rsp.exe: 000025A8: 12:10:24 []:>--------------------------------------------------------------<
syg_rsp.exe: 000025A8: 12:10:24 [TUniServerModule]:Server First Init.
syg_rsp.exe: 000025A8: 12:10:25 [TUniServerModule]:Starting HTTP Server on Port: 8077...
syg_rsp.exe: 000025A8: 12:10:25 [TUniServerModule]:HTTP Server Started on Port: 8077
syg_rsp.exe: 000000F4: 12:10:26 [127.0.0.1]:EUniSessionException : Invalid session or session Timeout. (Session not found: didyVtoMFp10BD7A886 ) : Addr: $0082D9FE
syg_rsp.exe: 00001EE4: 12:10:26 [127.0.0.1]:EUniSessionException : Invalid session or session Timeout. (Session not found: didyVtoMFp10BD7A886 ) : Addr: $0082D9FE
syg_rsp.exe: 00001EE4: 12:10:49 [127.0.0.1]:EOleException : [MySQL][ODBC 8.0(a) Driver][mysqld-8.0.29]Unknown column 'P' in 'where clause' : Addr: $0084214F
syg_rsp.exe: 000025A8: 12:11:33 [TUniServerModule]:Shutting Down Server.
syg_rsp.exe: 000025A8: 12:11:33 [TUniServerModule]:Stopping HTTP Server.
syg_rsp.exe: 000025A8: 12:11:34 [TUniServerModule]:HTTP Server Stopped.
syg_rsp.exe: 000025A8: 12:11:34 [TUniGUISessionManager]:Terminating Session manager.
syg_rsp.exe: 000025A8: 12:11:34 [TUniGUISessionManager]:Stopping Cache Eraser...
syg_rsp.exe: 000025A8: 12:11:34 [TUniGUISessionManager]:Cache Eraser Stopped.
syg_rsp.exe: 000025A8: 12:11:34 [TUniGUISessionManager]:Destroying Worker Threads.
syg_rsp.exe: 000025A8: 12:11:34 [TUniGUISessionManager]:Session manager terminated.
syg_rsp.exe: 000025A8: 12:11:34 [TUniServerModule]:Server Shutdown Completed.
syg_rsp.exe: 000025A8: 12:11:34 []:<-------------------------------------------------------------->
syg_rsp.exe: 000025A8: 12:11:34 [Terminated]:Exit Code: 0
syg_rsp.exe: 00004448: 12:11:37 []:>--------------------------------------------------------------<
syg_rsp.exe: 00004448: 12:11:37 [TUniServerModule]:Server First Init.
syg_rsp.exe: 00004448: 12:11:37 [TUniServerModule]:Starting HTTP Server on Port: 8077...
syg_rsp.exe: 00004448: 12:11:37 [TUniServerModule]:HTTP Server Started on Port: 8077
syg_rsp.exe: 00005290: 12:11:38 [127.0.0.1]:EUniSessionException : Invalid session or session Timeout. (Session not found: FlEVMrRx8J10BD7AB25 ) : Addr: $0082D9FE
syg_rsp.exe: 000005F8: 12:11:38 [127.0.0.1]:EUniSessionException : Invalid session or session Timeout. (Session not found: FlEVMrRx8J10BD7AB25 ) : Addr: $0082D9FE
syg_rsp.exe: 000005F8: 12:12:00 [127.0.0.1]:EOleException : [MySQL][ODBC 8.0(a) Driver][mysqld-8.0.29]Unknown column 'P' in 'where clause' : Addr: $0084214F
syg_rsp.exe: 00004448: 13:33:33 [TUniServerModule]:Shutting Down Server.
syg_rsp.exe: 00004448: 13:33:33 [TUniServerModule]:Stopping HTTP Server.
syg_rsp.exe: 00004448: 13:33:34 [TUniServerModule]:HTTP Server Stopped.
syg_rsp.exe: 00004448: 13:33:34 [TUniGUISessionManager]:Terminating Session manager.
syg_rsp.exe: 00004448: 13:33:34 [TUniGUISessionManager]:Stopping Cache Eraser...
syg_rsp.exe: 00004448: 13:33:34 [TUniGUISessionManager]:Cache Eraser Stopped.
syg_rsp.exe: 00004448: 13:33:34 [TUniGUISessionManager]:Destroying Worker Threads.
syg_rsp.exe: 00004448: 13:33:34 [TUniGUISessionManager]:Session manager terminated.
syg_rsp.exe: 00004448: 13:33:34 [TUniServerModule]:Server Shutdown Completed.
syg_rsp.exe: 00004448: 13:33:34 []:<-------------------------------------------------------------->
syg_rsp.exe: 00004448: 13:33:34 [Terminated]:Exit Code: 0
syg_rsp.exe: 0000410C: 13:33:38 []:>--------------------------------------------------------------<
syg_rsp.exe: 0000410C: 13:33:38 [TUniServerModule]:Server First Init.
syg_rsp.exe: 0000410C: 13:33:38 [TUniServerModule]:Starting HTTP Server on Port: 8077...
syg_rsp.exe: 0000410C: 13:33:38 [TUniServerModule]:HTTP Server Started on Port: 8077
syg_rsp.exe: 000045C0: 13:33:40 [127.0.0.1]:EUniSessionException : Invalid session or session Timeout. (Session not found: hAQUdOny9w10BD7AB78 ) : Addr: $0082D9FE
syg_rsp.exe: 00003CBC: 13:33:40 [127.0.0.1]:EUniSessionException : Invalid session or session Timeout. (Session not found: hAQUdOny9w10BD7AB78 ) : Addr: $0082D9FE
syg_rsp.exe: 0000410C: 13:35:15 [TUniServerModule]:Shutting Down Server.
syg_rsp.exe: 0000410C: 13:35:15 [TUniServerModule]:Stopping HTTP Server.
syg_rsp.exe: 0000410C: 13:35:16 [TUniServerModule]:HTTP Server Stopped.
syg_rsp.exe: 0000410C: 13:35:16 [TUniGUISessionManager]:Terminating Session manager.
syg_rsp.exe: 0000410C: 13:35:16 [TUniGUISessionManager]:Stopping Cache Eraser...
syg_rsp.exe: 0000410C: 13:35:16 [TUniGUISessionManager]:Cache Eraser Stopped.
syg_rsp.exe: 0000410C: 13:35:16 [TUniGUISessionManager]:Destroying Worker Threads.
syg_rsp.exe: 0000410C: 13:35:16 [TUniGUISessionManager]:Session manager terminated.
syg_rsp.exe: 0000410C: 13:35:16 [TUniServerModule]:Server Shutdown Completed.
syg_rsp.exe: 0000410C: 13:35:16 []:<-------------------------------------------------------------->
syg_rsp.exe: 0000410C: 13:35:16 [Terminated]:Exit Code: 0
syg_rsp.exe: 0000131C: 13:35:20 []:>--------------------------------------------------------------<
syg_rsp.exe: 0000131C: 13:35:20 [TUniServerModule]:Server First Init.
syg_rsp.exe: 0000131C: 13:35:20 [TUniServerModule]:Starting HTTP Server on Port: 8077...
syg_rsp.exe: 0000131C: 13:35:20 [TUniServerModule]:HTTP Server Started on Port: 8077
syg_rsp.exe: 00002CB8: 13:35:45 [127.0.0.1]:EUniSessionException : Invalid session or session Timeout. (Session not found: 73J4YwWMse10BD7C1B9 ) : Addr: $0082D9FE
syg_rsp.exe: 0000292C: 13:35:45 [127.0.0.1]:EUniSessionException : Invalid session or session Timeout. (Session not found: 73J4YwWMse10BD7C1B9 ) : Addr: $0082D9FE
syg_rsp.exe: 0000131C: 13:37:44 [TUniServerModule]:Shutting Down Server.
syg_rsp.exe: 0000131C: 13:37:44 [TUniServerModule]:Stopping HTTP Server.
syg_rsp.exe: 0000131C: 13:37:45 [TUniServerModule]:HTTP Server Stopped.
syg_rsp.exe: 0000131C: 13:37:45 [TUniGUISessionManager]:Terminating Session manager.
syg_rsp.exe: 0000131C: 13:37:45 [TUniGUISessionManager]:Stopping Cache Eraser...
syg_rsp.exe: 0000131C: 13:37:45 [TUniGUISessionManager]:Cache Eraser Stopped.
syg_rsp.exe: 0000131C: 13:37:45 [TUniGUISessionManager]:Destroying Worker Threads.
syg_rsp.exe: 0000131C: 13:37:45 [TUniGUISessionManager]:Session manager terminated.
syg_rsp.exe: 0000131C: 13:37:45 [TUniServerModule]:Server Shutdown Completed.
syg_rsp.exe: 0000131C: 13:37:45 []:<-------------------------------------------------------------->
syg_rsp.exe: 0000131C: 13:37:45 [Terminated]:Exit Code: 0
syg_rsp.exe: 00002238: 13:37:49 []:>--------------------------------------------------------------<
syg_rsp.exe: 00002238: 13:37:49 [TUniServerModule]:Server First Init.
syg_rsp.exe: 00002238: 13:37:50 [TUniServerModule]:Starting HTTP Server on Port: 8077...
syg_rsp.exe: 00002238: 13:37:50 [TUniServerModule]:HTTP Server Started on Port: 8077
syg_rsp.exe: 000005CC: 13:41:13 [127.0.0.1]:EUniSessionException : Invalid session or session Timeout. (Session not found: 3C9zkyV4A310BD7C249 ) : Addr: $0082D9FE
syg_rsp.exe: 00002238: 13:45:24 [TUniServerModule]:Shutting Down Server.
syg_rsp.exe: 00002238: 13:45:24 [TUniServerModule]:Stopping HTTP Server.
syg_rsp.exe: 00002238: 13:45:24 [TUniServerModule]:HTTP Server Stopped.
syg_rsp.exe: 00002238: 13:45:24 [TUniGUISessionManager]:Terminating Session manager.
syg_rsp.exe: 00002238: 13:45:24 [TUniGUISessionManager]:Stopping Cache Eraser...
syg_rsp.exe: 00002238: 13:45:24 [TUniGUISessionManager]:Cache Eraser Stopped.
syg_rsp.exe: 00002238: 13:45:24 [TUniGUISessionManager]:Destroying Worker Threads.
syg_rsp.exe: 00002238: 13:45:24 [TUniGUISessionManager]:Session manager terminated.
syg_rsp.exe: 00002238: 13:45:24 [TUniServerModule]:Server Shutdown Completed.
syg_rsp.exe: 00002238: 13:45:24 []:<-------------------------------------------------------------->
syg_rsp.exe: 00002238: 13:45:24 [Terminated]:Exit Code: 0
syg_rsp.exe: 000045A4: 13:45:30 []:>--------------------------------------------------------------<
syg_rsp.exe: 000045A4: 13:45:30 [TUniServerModule]:Server First Init.
syg_rsp.exe: 000045A4: 13:45:30 [TUniServerModule]:Starting HTTP Server on Port: 8077...
syg_rsp.exe: 000045A4: 13:45:30 [TUniServerModule]:HTTP Server Started on Port: 8077
syg_rsp.exe: 00003A68: 13:53:29 [[MySQL][ODBC 8.0(a) Driver][mysqld-8.0.29]Unknown column 'exercice' in 'where clause'-127.0.0.1]:EOleException : [MySQL][ODBC 8.0(a) Driver][mysqld-8.0.29]Unknown column 'exercice' in 'where clause' : Addr: $0084214F
syg_rsp.exe: 000045A4: 13:56:05 [TUniServerModule]:Shutting Down Server.
syg_rsp.exe: 000045A4: 13:56:05 [TUniServerModule]:Stopping HTTP Server.
syg_rsp.exe: 000045A4: 13:56:06 [TUniServerModule]:HTTP Server Stopped.
syg_rsp.exe: 000045A4: 13:56:06 [TUniGUISessionManager]:Terminating Session manager.
syg_rsp.exe: 000045A4: 13:56:06 [TUniGUISessionManager]:Stopping Cache Eraser...
syg_rsp.exe: 000045A4: 13:56:06 [TUniGUISessionManager]:Cache Eraser Stopped.
syg_rsp.exe: 000045A4: 13:56:06 [TUniGUISessionManager]:Destroying Worker Threads.
syg_rsp.exe: 000045A4: 13:56:06 [TUniGUISessionManager]:Session manager terminated.
syg_rsp.exe: 000045A4: 13:56:06 [TUniServerModule]:Server Shutdown Completed.
syg_rsp.exe: 000045A4: 13:56:06 []:<-------------------------------------------------------------->
syg_rsp.exe: 000045A4: 13:56:06 [Terminated]:Exit Code: 0
syg_rsp.exe: 000030A4: 13:56:11 []:>--------------------------------------------------------------<
syg_rsp.exe: 000030A4: 13:56:11 [TUniServerModule]:Server First Init.
syg_rsp.exe: 000030A4: 13:56:11 [TUniServerModule]:Starting HTTP Server on Port: 8077...
syg_rsp.exe: 000030A4: 13:56:11 [TUniServerModule]:HTTP Server Started on Port: 8077
syg_rsp.exe: 00004354: 13:56:13 [127.0.0.1]:EUniSessionException : Invalid session or session Timeout. (Session not found: Kw4nR6AX8S10BD7C711 ) : Addr: $0082D9FE
syg_rsp.exe: 000057D4: 13:56:14 [127.0.0.1]:EUniSessionException : Invalid session or session Timeout. (Session not found: Kw4nR6AX8S10BD7C711 ) : Addr: $0082D9FE
syg_rsp.exe: 000057D4: 13:56:26 [[MySQL][ODBC 8.0(a) Driver][mysqld-8.0.29]Unknown column 'exercice' in 'where clause'-127.0.0.1]:EOleException : [MySQL][ODBC 8.0(a) Driver][mysqld-8.0.29]Unknown column 'exercice' in 'where clause' : Addr: $0084214F
syg_rsp.exe: 000030A4: 13:57:34 [TUniServerModule]:Shutting Down Server.
syg_rsp.exe: 000030A4: 13:57:34 [TUniServerModule]:Stopping HTTP Server.
syg_rsp.exe: 000030A4: 13:57:35 [TUniServerModule]:HTTP Server Stopped.
syg_rsp.exe: 000030A4: 13:57:35 [TUniGUISessionManager]:Terminating Session manager.
syg_rsp.exe: 000030A4: 13:57:35 [TUniGUISessionManager]:Stopping Cache Eraser...
syg_rsp.exe: 000030A4: 13:57:35 [TUniGUISessionManager]:Cache Eraser Stopped.
syg_rsp.exe: 000030A4: 13:57:35 [TUniGUISessionManager]:Destroying Worker Threads.
syg_rsp.exe: 000030A4: 13:57:35 [TUniGUISessionManager]:Session manager terminated.
syg_rsp.exe: 000030A4: 13:57:35 [TUniServerModule]:Server Shutdown Completed.
syg_rsp.exe: 000030A4: 13:57:35 []:<-------------------------------------------------------------->
syg_rsp.exe: 000030A4: 13:57:35 [Terminated]:Exit Code: 0
syg_rsp.exe: 000046B4: 13:57:38 []:>--------------------------------------------------------------<
syg_rsp.exe: 000046B4: 13:57:38 [TUniServerModule]:Server First Init.
syg_rsp.exe: 000046B4: 13:57:38 [TUniServerModule]:Starting HTTP Server on Port: 8077...
syg_rsp.exe: 000046B4: 13:57:38 [TUniServerModule]:HTTP Server Started on Port: 8077
syg_rsp.exe: 00000A1C: 13:57:38 [127.0.0.1]:EUniSessionException : Invalid session or session Timeout. (Session not found: DqzxmovC9h10BD7C7D8 ) : Addr: $0082D9FE
syg_rsp.exe: 00000A1C: 13:57:38 [127.0.0.1]:EUniSessionException : Invalid session or session Timeout. (Session not found: DqzxmovC9h10BD7C7D8 ) : Addr: $0082D9FE
syg_rsp.exe: 00003E78: 13:57:38 [127.0.0.1]:EUniSessionException : Invalid session or session Timeout. (Session not found: DqzxmovC9h10BD7C7D8 ) : Addr: $0082D9FE
syg_rsp.exe: 000046B4: 14:13:59 [TUniServerModule]:Shutting Down Server.
syg_rsp.exe: 000046B4: 14:13:59 [TUniServerModule]:Stopping HTTP Server.
syg_rsp.exe: 000046B4: 14:13:59 [TUniServerModule]:HTTP Server Stopped.
syg_rsp.exe: 000046B4: 14:13:59 [TUniGUISessionManager]:Terminating Session manager.
syg_rsp.exe: 000046B4: 14:13:59 [TUniGUISessionManager]:Stopping Cache Eraser...
syg_rsp.exe: 000046B4: 14:13:59 [TUniGUISessionManager]:Cache Eraser Stopped.
syg_rsp.exe: 000046B4: 14:13:59 [TUniGUISessionManager]:Destroying Worker Threads.
syg_rsp.exe: 000046B4: 14:13:59 [TUniGUISessionManager]:Session manager terminated.
syg_rsp.exe: 000046B4: 14:14:00 [TUniServerModule]:Server Shutdown Completed.
syg_rsp.exe: 000046B4: 14:14:00 []:<-------------------------------------------------------------->
syg_rsp.exe: 000046B4: 14:14:00 [Terminated]:Exit Code: 0
syg_rsp.exe: 00004A64: 14:14:02 []:>--------------------------------------------------------------<
syg_rsp.exe: 00004A64: 14:14:02 [TUniServerModule]:Server First Init.
syg_rsp.exe: 00004A64: 14:14:02 [TUniServerModule]:Starting HTTP Server on Port: 8077...
syg_rsp.exe: 00004A64: 14:14:02 [TUniServerModule]:HTTP Server Started on Port: 8077
syg_rsp.exe: 00003114: 14:14:14 []:>--------------------------------------------------------------<
syg_rsp.exe: 00003114: 14:14:14 [TUniServerModule]:Server First Init.
syg_rsp.exe: 00003114: 14:14:14 [TUniServerModule]:Global Cache Folder Erased. <1> Files deleted.
syg_rsp.exe: 00003114: 14:14:14 [TUniServerModule]:Starting HTTP Server on Port: 8077...
syg_rsp.exe: 00003114: 14:14:14 [InitWebServer]:EIdCouldNotBindSocket : Could not bind socket. : Addr: $00725D17
syg_rsp.exe: 00003114: 14:14:20 [TUniServerModule]:Shutting Down Server.
syg_rsp.exe: 00003114: 14:14:20 [TUniServerModule]:Stopping HTTP Server.
syg_rsp.exe: 00003114: 14:14:20 [TUniServerModule]:HTTP Server Stopped.
syg_rsp.exe: 00003114: 14:14:20 [TUniGUISessionManager]:Terminating Session manager.
syg_rsp.exe: 00003114: 14:14:20 [TUniGUISessionManager]:Stopping Cache Eraser...
syg_rsp.exe: 00003114: 14:14:20 [TUniGUISessionManager]:Cache Eraser Stopped.
syg_rsp.exe: 00003114: 14:14:20 [TUniGUISessionManager]:Destroying Worker Threads.
syg_rsp.exe: 00003114: 14:14:20 [TUniGUISessionManager]:Session manager terminated.
syg_rsp.exe: 00003114: 14:14:20 [TUniServerModule]:Server Shutdown Completed.
syg_rsp.exe: 00003114: 14:14:20 []:<-------------------------------------------------------------->
syg_rsp.exe: 00003114: 14:14:20 [Terminated]:Exit Code: 0
syg_rsp.exe: 00004A64: 14:14:21 [TUniServerModule]:Shutting Down Server.
syg_rsp.exe: 00004A64: 14:14:21 [TUniServerModule]:Stopping HTTP Server.
syg_rsp.exe: 00004A64: 14:14:22 [TUniServerModule]:HTTP Server Stopped.
syg_rsp.exe: 00004A64: 14:14:22 [TUniGUISessionManager]:Terminating Session manager.
syg_rsp.exe: 00004A64: 14:14:22 [TUniGUISessionManager]:Stopping Cache Eraser...
syg_rsp.exe: 00004A64: 14:14:22 [TUniGUISessionManager]:Cache Eraser Stopped.
syg_rsp.exe: 00004A64: 14:14:22 [TUniGUISessionManager]:Destroying Worker Threads.
syg_rsp.exe: 00004A64: 14:14:22 [TUniGUISessionManager]:Session manager terminated.
syg_rsp.exe: 00004A64: 14:14:22 [TUniServerModule]:Server Shutdown Completed.
syg_rsp.exe: 00004A64: 14:14:22 []:<-------------------------------------------------------------->
syg_rsp.exe: 00004A64: 14:14:22 [Terminated]:Exit Code: 0
syg_rsp.exe: 00003818: 14:14:23 []:>--------------------------------------------------------------<
syg_rsp.exe: 00003818: 14:14:23 [TUniServerModule]:Server First Init.
syg_rsp.exe: 00003818: 14:14:23 [TUniServerModule]:Starting HTTP Server on Port: 8077...
syg_rsp.exe: 00003818: 14:14:23 [TUniServerModule]:HTTP Server Started on Port: 8077
syg_rsp.exe: 000028D4: 14:14:29 [127.0.0.1]:EUniSessionException : Invalid session or session Timeout. (Session not found: vY7WbLjdDr10BD7CA41 ) : Addr: $0082D9FE
syg_rsp.exe: 000028D4: 14:14:29 [127.0.0.1]:EUniSessionException : Invalid session or session Timeout. (Session not found: vY7WbLjdDr10BD7CA41 ) : Addr: $0082D9FE
syg_rsp.exe: 00003818: 14:29:55 [TUniServerModule]:Shutting Down Server.
syg_rsp.exe: 00003818: 14:29:55 [TUniServerModule]:Stopping HTTP Server.
syg_rsp.exe: 00003818: 14:29:56 [TUniServerModule]:HTTP Server Stopped.
syg_rsp.exe: 00003818: 14:29:56 [TUniGUISessionManager]:Terminating Session manager.
syg_rsp.exe: 00003818: 14:29:56 [TUniGUISessionManager]:Stopping Cache Eraser...
syg_rsp.exe: 00003818: 14:29:56 [TUniGUISessionManager]:Cache Eraser Stopped.
syg_rsp.exe: 00003818: 14:29:56 [TUniGUISessionManager]:Destroying Worker Threads.
syg_rsp.exe: 00003818: 14:29:56 [TUniGUISessionManager]:Session manager terminated.
syg_rsp.exe: 00003818: 14:29:56 [TUniServerModule]:Server Shutdown Completed.
syg_rsp.exe: 00003818: 14:29:56 []:<-------------------------------------------------------------->
syg_rsp.exe: 00003818: 14:29:56 [Terminated]:Exit Code: 0
syg_rsp.exe: 000008E0: 14:29:59 []:>--------------------------------------------------------------<
syg_rsp.exe: 000008E0: 14:29:59 [TUniServerModule]:Server First Init.
syg_rsp.exe: 000008E0: 14:29:59 [TUniServerModule]:Starting HTTP Server on Port: 8077...
syg_rsp.exe: 000008E0: 14:29:59 [TUniServerModule]:HTTP Server Started on Port: 8077
syg_rsp.exe: 00003204: 14:30:02 [127.0.0.1]:EUniSessionException : Invalid session or session Timeout. (Session not found: hKVWKaGRhZ10BD7CCCC ) : Addr: $0082D9FE
syg_rsp.exe: 00005544: 14:30:02 [127.0.0.1]:EUniSessionException : Invalid session or session Timeout. (Session not found: hKVWKaGRhZ10BD7CCCC ) : Addr: $0082D9FE
syg_rsp.exe: 000008E0: 14:48:31 [TUniServerModule]:Shutting Down Server.
syg_rsp.exe: 000008E0: 14:48:31 [TUniServerModule]:Stopping HTTP Server.
syg_rsp.exe: 000008E0: 14:48:31 [TUniServerModule]:HTTP Server Stopped.
syg_rsp.exe: 000008E0: 14:48:31 [TUniGUISessionManager]:Terminating Session manager.
syg_rsp.exe: 000008E0: 14:48:31 [TUniGUISessionManager]:Stopping Cache Eraser...
syg_rsp.exe: 000008E0: 14:48:31 [TUniGUISessionManager]:Cache Eraser Stopped.
syg_rsp.exe: 000008E0: 14:48:31 [TUniGUISessionManager]:Destroying Worker Threads.
syg_rsp.exe: 000008E0: 14:48:31 [TUniGUISessionManager]:Session manager terminated.
syg_rsp.exe: 000008E0: 14:48:31 [TUniServerModule]:Server Shutdown Completed.
syg_rsp.exe: 000008E0: 14:48:31 []:<-------------------------------------------------------------->
syg_rsp.exe: 000008E0: 14:48:31 [Terminated]:Exit Code: 0
syg_rsp.exe: 00004FA4: 14:48:35 []:>--------------------------------------------------------------<
syg_rsp.exe: 00004FA4: 14:48:35 [TUniServerModule]:Server First Init.
syg_rsp.exe: 00004FA4: 14:48:35 [TUniServerModule]:Starting HTTP Server on Port: 8077...
syg_rsp.exe: 00004FA4: 14:48:35 [TUniServerModule]:HTTP Server Started on Port: 8077
syg_rsp.exe: 00003B8C: 14:48:39 [127.0.0.1]:EUniSessionException : Invalid session or session Timeout. (Session not found: OWfDKIQ3Ac10BD7D2F7 ) : Addr: $0082D9FE
syg_rsp.exe: 00004AAC: 14:48:39 [127.0.0.1]:EUniSessionException : Invalid session or session Timeout. (Session not found: OWfDKIQ3Ac10BD7D2F7 ) : Addr: $0082D9FE
