syg_rsp.exe: 000040D8: 07:09:15 [127.0.0.1]:EUniSessionException : Invalid session or session Timeout. (Session not found: KAL699PNJg10B301C61 ) : Addr: $0080492E
syg_rsp.exe: 000027F4: 07:14:03 [TUniServerModule]:Shutting Down Server.
syg_rsp.exe: 000027F4: 07:14:03 [TUniServerModule]:Stopping HTTP Server.
syg_rsp.exe: 000027F4: 07:14:04 [TUniServerModule]:HTTP Server Stopped.
syg_rsp.exe: 000027F4: 07:14:04 [TUniGUISessionManager]:Terminating Session manager.
syg_rsp.exe: 000027F4: 07:14:04 [TUniGUISessionManager]:Stopping Cache Eraser...
syg_rsp.exe: 000027F4: 07:14:04 [TUniGUISessionManager]:Cache Eraser Stopped.
syg_rsp.exe: 000027F4: 07:14:04 [TUniGUISessionManager]:Destroying Worker Threads.
syg_rsp.exe: 000027F4: 07:14:04 [TUniGUISessionManager]:Session manager terminated.
syg_rsp.exe: 000027F4: 07:14:04 [TUniServerModule]:Server Shutdown Completed.
syg_rsp.exe: 000027F4: 07:14:04 []:<-------------------------------------------------------------->
syg_rsp.exe: 000027F4: 07:14:04 [Terminated]:Exit Code: 0
syg_rsp.exe: 00000DC0: 07:14:09 []:>--------------------------------------------------------------<
syg_rsp.exe: 00000DC0: 07:14:09 [TUniServerModule]:Server First Init.
syg_rsp.exe: 00000DC0: 07:14:10 [TUniServerModule]:Starting HTTP Server on Port: 8077...
syg_rsp.exe: 00000DC0: 07:14:10 [TUniServerModule]:HTTP Server Started on Port: 8077
syg_rsp.exe: 00000DC0: 07:16:08 [TUniServerModule]:Shutting Down Server.
syg_rsp.exe: 00000DC0: 07:16:08 [TUniServerModule]:Stopping HTTP Server.
syg_rsp.exe: 00000DC0: 07:16:09 [TUniServerModule]:HTTP Server Stopped.
syg_rsp.exe: 00000DC0: 07:16:09 [TUniGUISessionManager]:Terminating Session manager.
syg_rsp.exe: 00000DC0: 07:16:09 [TUniGUISessionManager]:Stopping Cache Eraser...
syg_rsp.exe: 00000DC0: 07:16:09 [TUniGUISessionManager]:Cache Eraser Stopped.
syg_rsp.exe: 00000DC0: 07:16:09 [TUniGUISessionManager]:Destroying Worker Threads.
syg_rsp.exe: 00000DC0: 07:16:09 [TUniGUISessionManager]:Session manager terminated.
syg_rsp.exe: 00000DC0: 07:16:09 [TUniServerModule]:Server Shutdown Completed.
syg_rsp.exe: 00000DC0: 07:16:09 []:<-------------------------------------------------------------->
syg_rsp.exe: 00000DC0: 07:16:09 [Terminated]:Exit Code: 0
syg_rsp.exe: 000032DC: 07:16:11 []:>--------------------------------------------------------------<
syg_rsp.exe: 000032DC: 07:16:11 [TUniServerModule]:Server First Init.
syg_rsp.exe: 000032DC: 07:16:11 [TUniServerModule]:Starting HTTP Server on Port: 8077...
syg_rsp.exe: 000032DC: 07:16:11 [TUniServerModule]:HTTP Server Started on Port: 8077
syg_rsp.exe: 00003DE0: 07:16:16 [127.0.0.1]:EUniSessionException : Invalid session or session Timeout. (Session not found: HzS3O76zWv10B3108A7 ) : Addr: $0080492E
syg_rsp.exe: 000032DC: 07:18:38 [TUniServerModule]:Shutting Down Server.
syg_rsp.exe: 000032DC: 07:18:38 [TUniServerModule]:Stopping HTTP Server.
syg_rsp.exe: 000032DC: 07:18:39 [TUniServerModule]:HTTP Server Stopped.
syg_rsp.exe: 000032DC: 07:18:39 [TUniGUISessionManager]:Terminating Session manager.
syg_rsp.exe: 000032DC: 07:18:39 [TUniGUISessionManager]:Stopping Cache Eraser...
syg_rsp.exe: 000032DC: 07:18:39 [TUniGUISessionManager]:Cache Eraser Stopped.
syg_rsp.exe: 000032DC: 07:18:39 [TUniGUISessionManager]:Destroying Worker Threads.
syg_rsp.exe: 000032DC: 07:18:39 [TUniGUISessionManager]:Session manager terminated.
syg_rsp.exe: 000032DC: 07:18:39 [TUniServerModule]:Server Shutdown Completed.
syg_rsp.exe: 000032DC: 07:18:39 []:<-------------------------------------------------------------->
syg_rsp.exe: 000032DC: 07:18:39 [Terminated]:Exit Code: 0
syg_rsp.exe: 000022D0: 07:18:46 []:>--------------------------------------------------------------<
syg_rsp.exe: 000022D0: 07:18:46 [TUniServerModule]:Server First Init.
syg_rsp.exe: 000022D0: 07:18:46 [TUniServerModule]:Starting HTTP Server on Port: 8077...
syg_rsp.exe: 000022D0: 07:18:46 [TUniServerModule]:HTTP Server Started on Port: 8077
syg_rsp.exe: 000027E0: 07:18:48 [127.0.0.1]:EUniSessionException : Invalid session or session Timeout. (Session not found: Foj91IE1M810B310939 ) : Addr: $0080492E
syg_rsp.exe: 000022D0: 07:35:40 [TUniServerModule]:Shutting Down Server.
syg_rsp.exe: 000022D0: 07:35:40 [TUniServerModule]:Stopping HTTP Server.
syg_rsp.exe: 000022D0: 07:35:41 [TUniServerModule]:HTTP Server Stopped.
syg_rsp.exe: 000022D0: 07:35:41 [TUniGUISessionManager]:Terminating Session manager.
syg_rsp.exe: 000022D0: 07:35:41 [TUniGUISessionManager]:Stopping Cache Eraser...
syg_rsp.exe: 000022D0: 07:35:41 [TUniGUISessionManager]:Cache Eraser Stopped.
syg_rsp.exe: 000022D0: 07:35:41 [TUniGUISessionManager]:Destroying Worker Threads.
syg_rsp.exe: 000022D0: 07:35:41 [TUniGUISessionManager]:Session manager terminated.
syg_rsp.exe: 000022D0: 07:35:41 [TUniServerModule]:Server Shutdown Completed.
syg_rsp.exe: 000022D0: 07:35:41 []:<-------------------------------------------------------------->
syg_rsp.exe: 000022D0: 07:35:41 [Terminated]:Exit Code: 0
syg_rsp.exe: 000020DC: 07:35:43 []:>--------------------------------------------------------------<
syg_rsp.exe: 000020DC: 07:35:43 [TUniServerModule]:Server First Init.
syg_rsp.exe: 000020DC: 07:35:43 [TUniServerModule]:Starting HTTP Server on Port: 8077...
syg_rsp.exe: 000020DC: 07:35:43 [TUniServerModule]:HTTP Server Started on Port: 8077
syg_rsp.exe: 00001564: 07:35:51 [127.0.0.1]:EUniSessionException : Invalid session or session Timeout. (Session not found: 1GxUIVaFOI10B310755 ) : Addr: $0080492E
syg_rsp.exe: 000020DC: 07:36:43 [TUniServerModule]:Shutting Down Server.
syg_rsp.exe: 000020DC: 07:36:43 [TUniServerModule]:Stopping HTTP Server.
syg_rsp.exe: 000020DC: 07:36:44 [TUniServerModule]:HTTP Server Stopped.
syg_rsp.exe: 000020DC: 07:36:44 [TUniGUISessionManager]:Terminating Session manager.
syg_rsp.exe: 000020DC: 07:36:44 [TUniGUISessionManager]:Stopping Cache Eraser...
syg_rsp.exe: 000020DC: 07:36:44 [TUniGUISessionManager]:Cache Eraser Stopped.
syg_rsp.exe: 000020DC: 07:36:44 [TUniGUISessionManager]:Destroying Worker Threads.
syg_rsp.exe: 000020DC: 07:36:44 [TUniGUISessionManager]:Session manager terminated.
syg_rsp.exe: 000020DC: 07:36:45 [TUniServerModule]:Server Shutdown Completed.
syg_rsp.exe: 000020DC: 07:36:45 []:<-------------------------------------------------------------->
syg_rsp.exe: 000020DC: 07:36:45 [Terminated]:Exit Code: 0
syg_rsp.exe: 0000220C: 07:36:49 []:>--------------------------------------------------------------<
syg_rsp.exe: 0000220C: 07:36:49 [TUniServerModule]:Server First Init.
syg_rsp.exe: 0000220C: 07:36:50 [TUniServerModule]:Starting HTTP Server on Port: 8077...
syg_rsp.exe: 0000220C: 07:36:50 [TUniServerModule]:HTTP Server Started on Port: 8077
syg_rsp.exe: 00000678: 07:36:50 [127.0.0.1]:EUniSessionException : Invalid session or session Timeout. (Session not found: pqzHpxO3hR10B310E8F ) : Addr: $0080492E
syg_rsp.exe: 0000220C: 07:38:28 [TUniServerModule]:Shutting Down Server.
syg_rsp.exe: 0000220C: 07:38:28 [TUniServerModule]:Stopping HTTP Server.
syg_rsp.exe: 0000220C: 07:38:29 [TUniServerModule]:HTTP Server Stopped.
syg_rsp.exe: 0000220C: 07:38:29 [TUniGUISessionManager]:Terminating Session manager.
syg_rsp.exe: 0000220C: 07:38:29 [TUniGUISessionManager]:Stopping Cache Eraser...
syg_rsp.exe: 0000220C: 07:38:29 [TUniGUISessionManager]:Cache Eraser Stopped.
syg_rsp.exe: 0000220C: 07:38:29 [TUniGUISessionManager]:Destroying Worker Threads.
syg_rsp.exe: 0000220C: 07:38:29 [TUniGUISessionManager]:Session manager terminated.
syg_rsp.exe: 0000220C: 07:38:29 [TUniServerModule]:Server Shutdown Completed.
syg_rsp.exe: 0000220C: 07:38:29 []:<-------------------------------------------------------------->
syg_rsp.exe: 0000220C: 07:38:29 [Terminated]:Exit Code: 0
syg_rsp.exe: 000003BC: 07:38:35 []:>--------------------------------------------------------------<
syg_rsp.exe: 000003BC: 07:38:35 [TUniServerModule]:Server First Init.
syg_rsp.exe: 000003BC: 07:38:35 [TUniServerModule]:Starting HTTP Server on Port: 8077...
syg_rsp.exe: 000003BC: 07:38:35 [TUniServerModule]:HTTP Server Started on Port: 8077
syg_rsp.exe: 000040A8: 07:38:36 [127.0.0.1]:EUniSessionException : Invalid session or session Timeout. (Session not found: RN7Rkx47mg10B310ECD ) : Addr: $0080492E
syg_rsp.exe: 00002EE8: 08:07:27 [127.0.0.1]:EUniSessionException : Invalid session or session Timeout. (Session not found: dWDde1Sw7510B310F48 ) : Addr: $0080492E
syg_rsp.exe: 000003BC: 08:08:12 [TUniServerModule]:Shutting Down Server.
syg_rsp.exe: 000003BC: 08:08:12 [TUniServerModule]:Stopping HTTP Server.
syg_rsp.exe: 000003BC: 08:08:13 [TUniServerModule]:HTTP Server Stopped.
syg_rsp.exe: 000003BC: 08:08:13 [TUniGUISessionManager]:Terminating Session manager.
syg_rsp.exe: 000003BC: 08:08:13 [TUniGUISessionManager]:Stopping Cache Eraser...
syg_rsp.exe: 000003BC: 08:08:13 [TUniGUISessionManager]:Cache Eraser Stopped.
syg_rsp.exe: 000003BC: 08:08:13 [TUniGUISessionManager]:Destroying Worker Threads.
syg_rsp.exe: 000003BC: 08:08:13 [TUniGUISessionManager]:Session manager terminated.
syg_rsp.exe: 000003BC: 08:08:13 [TUniServerModule]:Server Shutdown Completed.
syg_rsp.exe: 000003BC: 08:08:13 []:<-------------------------------------------------------------->
syg_rsp.exe: 000003BC: 08:08:13 [Terminated]:Exit Code: 0
syg_rsp.exe: 00001BC4: 08:08:16 []:>--------------------------------------------------------------<
syg_rsp.exe: 00001BC4: 08:08:16 [TUniServerModule]:Server First Init.
syg_rsp.exe: 00001BC4: 08:08:16 [TUniServerModule]:Starting HTTP Server on Port: 8077...
syg_rsp.exe: 00001BC4: 08:08:16 [TUniServerModule]:HTTP Server Started on Port: 8077
syg_rsp.exe: 000041AC: 08:08:47 [127.0.0.1]:EUniSessionException : Invalid session or session Timeout. (Session not found: CEAkJpoWyx10B31171B ) : Addr: $0080492E
syg_rsp.exe: 000041AC: 08:08:47 [127.0.0.1]:EUniSessionException : Invalid session or session Timeout. (Session not found: CEAkJpoWyx10B31171B ) : Addr: $0080492E
syg_rsp.exe: 00001BC4: 11:12:30 [TUniServerModule]:Shutting Down Server.
syg_rsp.exe: 00001BC4: 11:12:30 [TUniServerModule]:Stopping HTTP Server.
syg_rsp.exe: 00001BC4: 11:12:30 [TUniServerModule]:HTTP Server Stopped.
syg_rsp.exe: 00001BC4: 11:12:30 [TUniGUISessionManager]:Terminating Session manager.
syg_rsp.exe: 00001BC4: 11:12:30 [TUniGUISessionManager]:Stopping Cache Eraser...
syg_rsp.exe: 00001BC4: 11:12:30 [TUniGUISessionManager]:Cache Eraser Stopped.
syg_rsp.exe: 00001BC4: 11:12:30 [TUniGUISessionManager]:Destroying Worker Threads.
syg_rsp.exe: 00001BC4: 11:12:30 [TUniGUISessionManager]:Session manager terminated.
syg_rsp.exe: 00001BC4: 11:12:30 [TUniServerModule]:Server Shutdown Completed.
syg_rsp.exe: 00001BC4: 11:12:30 []:<-------------------------------------------------------------->
syg_rsp.exe: 00001BC4: 11:12:30 [Terminated]:Exit Code: 0
syg_rsp.exe: 000023DC: 11:16:29 []:>--------------------------------------------------------------<
syg_rsp.exe: 000023DC: 11:16:29 [TUniServerModule]:Server First Init.
syg_rsp.exe: 000023DC: 11:16:29 [TUniServerModule]:Starting HTTP Server on Port: 8077...
syg_rsp.exe: 000023DC: 11:16:29 [TUniServerModule]:HTTP Server Started on Port: 8077
syg_rsp.exe: 00003B70: 11:16:31 [127.0.0.1]:EUniSessionException : Invalid session or session Timeout. (Session not found: ONqBj9BGQb10B31177A ) : Addr: $0080492E
syg_rsp.exe: 000023DC: 11:28:33 [TUniServerModule]:Shutting Down Server.
syg_rsp.exe: 000023DC: 11:28:33 [TUniServerModule]:Stopping HTTP Server.
syg_rsp.exe: 000023DC: 11:28:34 [TUniServerModule]:HTTP Server Stopped.
syg_rsp.exe: 000023DC: 11:28:34 [TUniGUISessionManager]:Terminating Session manager.
syg_rsp.exe: 000023DC: 11:28:34 [TUniGUISessionManager]:Stopping Cache Eraser...
syg_rsp.exe: 000023DC: 11:28:34 [TUniGUISessionManager]:Cache Eraser Stopped.
syg_rsp.exe: 000023DC: 11:28:34 [TUniGUISessionManager]:Destroying Worker Threads.
syg_rsp.exe: 000023DC: 11:28:34 [TUniGUISessionManager]:Session manager terminated.
syg_rsp.exe: 000023DC: 11:28:34 [TUniServerModule]:Server Shutdown Completed.
syg_rsp.exe: 000023DC: 11:28:34 []:<-------------------------------------------------------------->
syg_rsp.exe: 000023DC: 11:28:34 [Terminated]:Exit Code: 0
syg_rsp.exe: 00003E04: 11:28:50 []:>--------------------------------------------------------------<
syg_rsp.exe: 00003E04: 11:28:50 [TUniServerModule]:Server First Init.
syg_rsp.exe: 00003E04: 11:28:50 [TUniServerModule]:Starting HTTP Server on Port: 8077...
syg_rsp.exe: 00003E04: 11:28:50 [TUniServerModule]:HTTP Server Started on Port: 8077
syg_rsp.exe: 00003640: 11:28:52 [127.0.0.1]:EUniSessionException : Invalid session or session Timeout. (Session not found: eXEizV5wga10B314A65 ) : Addr: $0080492E
syg_rsp.exe: 00003E04: 11:40:57 [TUniServerModule]:Shutting Down Server.
syg_rsp.exe: 00003E04: 11:40:57 [TUniServerModule]:Stopping HTTP Server.
syg_rsp.exe: 00003E04: 11:40:58 [TUniServerModule]:HTTP Server Stopped.
syg_rsp.exe: 00003E04: 11:40:58 [TUniGUISessionManager]:Terminating Session manager.
syg_rsp.exe: 00003E04: 11:40:58 [TUniGUISessionManager]:Stopping Cache Eraser...
syg_rsp.exe: 00003E04: 11:40:58 [TUniGUISessionManager]:Cache Eraser Stopped.
syg_rsp.exe: 00003E04: 11:40:58 [TUniGUISessionManager]:Destroying Worker Threads.
syg_rsp.exe: 00003E04: 11:40:58 [TUniGUISessionManager]:Session manager terminated.
syg_rsp.exe: 00003E04: 11:40:58 [TUniServerModule]:Server Shutdown Completed.
syg_rsp.exe: 00003E04: 11:40:58 []:<-------------------------------------------------------------->
syg_rsp.exe: 00003E04: 11:40:58 [Terminated]:Exit Code: 0
syg_rsp.exe: 00003B80: 11:40:59 []:>--------------------------------------------------------------<
syg_rsp.exe: 00003B80: 11:40:59 [TUniServerModule]:Server First Init.
syg_rsp.exe: 00003B80: 11:40:59 [TUniServerModule]:Starting HTTP Server on Port: 8077...
syg_rsp.exe: 00003B80: 11:40:59 [TUniServerModule]:HTTP Server Started on Port: 8077
syg_rsp.exe: 000027F4: 11:41:02 [127.0.0.1]:EUniSessionException : Invalid session or session Timeout. (Session not found: EI92uO5JKT10B314DBF ) : Addr: $0080492E
syg_rsp.exe: 00003B80: 11:42:45 [TUniServerModule]:Shutting Down Server.
syg_rsp.exe: 00003B80: 11:42:45 [TUniServerModule]:Stopping HTTP Server.
syg_rsp.exe: 00003B80: 11:42:46 [TUniServerModule]:HTTP Server Stopped.
syg_rsp.exe: 00003B80: 11:42:46 [TUniGUISessionManager]:Terminating Session manager.
syg_rsp.exe: 00003B80: 11:42:46 [TUniGUISessionManager]:Stopping Cache Eraser...
syg_rsp.exe: 00003B80: 11:42:46 [TUniGUISessionManager]:Cache Eraser Stopped.
syg_rsp.exe: 00003B80: 11:42:46 [TUniGUISessionManager]:Destroying Worker Threads.
syg_rsp.exe: 00003B80: 11:42:46 [TUniGUISessionManager]:Session manager terminated.
syg_rsp.exe: 00003B80: 11:42:46 [TUniServerModule]:Server Shutdown Completed.
syg_rsp.exe: 00003B80: 11:42:46 []:<-------------------------------------------------------------->
syg_rsp.exe: 00003B80: 11:42:46 [Terminated]:Exit Code: 0
syg_rsp.exe: 0000444C: 11:42:49 []:>--------------------------------------------------------------<
syg_rsp.exe: 0000444C: 11:42:49 [TUniServerModule]:Server First Init.
syg_rsp.exe: 0000444C: 11:42:49 [TUniServerModule]:Starting HTTP Server on Port: 8077...
syg_rsp.exe: 0000444C: 11:42:49 [TUniServerModule]:HTTP Server Started on Port: 8077
syg_rsp.exe: 00003F74: 11:42:51 [127.0.0.1]:EUniSessionException : Invalid session or session Timeout. (Session not found: dWwSF9E3EB10B31510B ) : Addr: $0080492E
syg_rsp.exe: 0000444C: 11:55:31 [TUniServerModule]:Shutting Down Server.
syg_rsp.exe: 0000444C: 11:55:31 [TUniServerModule]:Stopping HTTP Server.
syg_rsp.exe: 0000444C: 11:55:32 [TUniServerModule]:HTTP Server Stopped.
syg_rsp.exe: 0000444C: 11:55:32 [TUniGUISessionManager]:Terminating Session manager.
syg_rsp.exe: 0000444C: 11:55:32 [TUniGUISessionManager]:Stopping Cache Eraser...
syg_rsp.exe: 0000444C: 11:55:32 [TUniGUISessionManager]:Cache Eraser Stopped.
syg_rsp.exe: 0000444C: 11:55:32 [TUniGUISessionManager]:Destroying Worker Threads.
syg_rsp.exe: 0000444C: 11:55:32 [TUniGUISessionManager]:Session manager terminated.
syg_rsp.exe: 0000444C: 11:55:32 [TUniServerModule]:Server Shutdown Completed.
syg_rsp.exe: 0000444C: 11:55:32 []:<-------------------------------------------------------------->
syg_rsp.exe: 0000444C: 11:55:32 [Terminated]:Exit Code: 0
syg_rsp.exe: 00001A40: 11:55:49 []:>--------------------------------------------------------------<
syg_rsp.exe: 00001A40: 11:55:49 [TUniServerModule]:Server First Init.
syg_rsp.exe: 00001A40: 11:55:49 [TUniServerModule]:Starting HTTP Server on Port: 8077...
syg_rsp.exe: 00001A40: 11:55:49 [TUniServerModule]:HTTP Server Started on Port: 8077
syg_rsp.exe: 00002384: 11:55:52 [127.0.0.1]:EUniSessionException : Invalid session or session Timeout. (Session not found: QynzWxEbRI10B31518A ) : Addr: $0080492E
syg_rsp.exe: 0000450C: 17:39:56 [127.0.0.1]:EUniSessionException : Invalid session or session Timeout. (Session not found: uUKJfaxOjo10B315511 ) : Addr: $0080492E
syg_rsp.exe: 000009A8: 18:26:42 [127.0.0.1]:EUniSessionException : Invalid session or session Timeout. (Session not found: Xh6IItTu9X10B31B268 ) : Addr: $0080492E
syg_rsp.exe: 000009A8: 18:26:42 [127.0.0.1]:EUniSessionException : Invalid session or session Timeout. (Session not found: Xh6IItTu9X10B31B268 ) : Addr: $0080492E
syg_rsp.exe: 00002928: 18:26:42 [127.0.0.1]:EUniSessionException : Invalid session or session Timeout. (Session not found: Xh6IItTu9X10B31B268 ) : Addr: $0080492E
