syg_rsp.exe: 00007AB8: 10:41:40 []:>--------------------------------------------------------------<
syg_rsp.exe: 00007AB8: 10:41:40 [TUniServerModule]:Server First Init.
syg_rsp.exe: 00007AB8: 10:41:40 [TUniServerModule]:Start Path = D:\SYG-RSP\src\Win32\Debug\
syg_rsp.exe: 00007AB8: 10:41:40 [TUniServerModule]:Starting HTTP Server on Port: 8077...
syg_rsp.exe: 00007AB8: 10:41:40 [InitWebServer]:EIdCouldNotBindSocket : Could not bind socket. : Addr: $00729CAF
syg_rsp.exe: 000051C4: 11:52:16 [127.0.0.1]:EUniSessionException : Invalid session or session Timeout. (Session not found: R7mkvkZR2o10BF183BA ) : Addr: $00836E0B
syg_rsp.exe: 00007AB8: 14:28:34 [TUniServerModule]:Shutting Down Server.
syg_rsp.exe: 00007AB8: 14:28:34 [TUniServerModule]:Stopping HTTP Server.
syg_rsp.exe: 00007AB8: 14:28:34 [TUniServerModule]:HTTP Server Stopped.
syg_rsp.exe: 00007AB8: 14:28:34 [TUniGUISessionManager]:Terminating Session manager.
syg_rsp.exe: 00007AB8: 14:28:34 [TUniGUISessionManager]:Stopping Cache Eraser...
syg_rsp.exe: 00007AB8: 14:28:34 [TUniGUISessionManager]:Cache Eraser Stopped.
syg_rsp.exe: 00007AB8: 14:28:34 [TUniGUISessionManager]:Destroying Worker Threads.
syg_rsp.exe: 00007AB8: 14:28:34 [TUniGUISessionManager]:Session manager terminated.
syg_rsp.exe: 00007AB8: 14:28:34 [TUniServerModule]:Server Shutdown Completed.
syg_rsp.exe: 00007AB8: 14:28:34 []:<-------------------------------------------------------------->
syg_rsp.exe: 00007AB8: 14:28:34 [Terminated]:Exit Code: 0
syg_rsp.exe: 000001F0: 14:31:44 []:>--------------------------------------------------------------<
syg_rsp.exe: 000001F0: 14:31:44 [TUniServerModule]:Server First Init.
syg_rsp.exe: 000001F0: 14:31:44 [TUniServerModule]:Start Path = D:\SYG-RSP\src\Win32\Debug\
syg_rsp.exe: 000001F0: 14:31:44 [TUniGUISessionManager]:Cache erase job created, Folder count: [1]
syg_rsp.exe: 000001F0: 14:31:45 [TUniServerModule]:Starting HTTP Server on Port: 8077...
syg_rsp.exe: 000001F0: 14:31:45 [TUniServerModule]:HTTP Server Started on Port: 8077
syg_rsp.exe: 00008120: 14:31:48 [127.0.0.1]:EUniSessionException : Invalid session or session Timeout. (Session not found: RlshPtKz2410BF1C135 ) : Addr: $00836E0B
syg_rsp.exe: 000001F0: 14:39:38 [TUniServerModule]:Shutting Down Server.
syg_rsp.exe: 000001F0: 14:39:38 [TUniServerModule]:Stopping HTTP Server.
syg_rsp.exe: 000001F0: 14:39:39 [TUniServerModule]:HTTP Server Stopped.
syg_rsp.exe: 000001F0: 14:39:39 [TUniGUISessionManager]:Terminating Session manager.
syg_rsp.exe: 000001F0: 14:39:39 [TUniGUISessionManager]:Stopping Cache Eraser...
syg_rsp.exe: 000001F0: 14:39:39 [TUniGUISessionManager]:Cache Eraser Stopped.
syg_rsp.exe: 000001F0: 14:39:39 [TUniGUISessionManager]:Destroying Worker Threads.
syg_rsp.exe: 000001F0: 14:39:39 [TUniGUISessionManager]:Session manager terminated.
syg_rsp.exe: 000001F0: 14:39:39 [TUniServerModule]:Server Shutdown Completed.
syg_rsp.exe: 000001F0: 14:39:39 []:<-------------------------------------------------------------->
syg_rsp.exe: 000001F0: 14:39:39 [Terminated]:Exit Code: 0
syg_rsp.exe: 000081FC: 14:39:44 []:>--------------------------------------------------------------<
syg_rsp.exe: 000081FC: 14:39:44 [TUniServerModule]:Server First Init.
syg_rsp.exe: 000081FC: 14:39:44 [TUniServerModule]:Start Path = D:\SYG-RSP\src\Win32\Debug\
syg_rsp.exe: 000081FC: 14:39:44 [TUniGUISessionManager]:Cache erase job created, Folder count: [2]
syg_rsp.exe: 000081FC: 14:39:45 [TUniServerModule]:Starting HTTP Server on Port: 8077...
syg_rsp.exe: 000081FC: 14:39:45 [TUniServerModule]:HTTP Server Started on Port: 8077
syg_rsp.exe: 0000154C: 14:39:47 [127.0.0.1]:EUniSessionException : Invalid session or session Timeout. (Session not found: 9LeH5H8Pcu10BF1C355 ) : Addr: $00836E0B
syg_rsp.exe: 00008418: 14:39:47 [127.0.0.1]:EUniSessionException : Invalid session or session Timeout. (Session not found: 9LeH5H8Pcu10BF1C355 ) : Addr: $00836E0B
syg_rsp.exe: 000081FC: 15:05:36 [TUniServerModule]:Shutting Down Server.
syg_rsp.exe: 000081FC: 15:05:36 [TUniServerModule]:Stopping HTTP Server.
syg_rsp.exe: 000081FC: 15:05:36 [TUniServerModule]:HTTP Server Stopped.
syg_rsp.exe: 000081FC: 15:05:36 [TUniGUISessionManager]:Terminating Session manager.
syg_rsp.exe: 000081FC: 15:05:36 [TUniGUISessionManager]:Stopping Cache Eraser...
syg_rsp.exe: 000081FC: 15:05:36 [TUniGUISessionManager]:Cache Eraser Stopped.
syg_rsp.exe: 000081FC: 15:05:36 [TUniGUISessionManager]:Destroying Worker Threads.
syg_rsp.exe: 000081FC: 15:05:36 [TUniGUISessionManager]:Session manager terminated.
syg_rsp.exe: 000081FC: 15:05:37 [TUniServerModule]:Server Shutdown Completed.
syg_rsp.exe: 000081FC: 15:05:37 []:<-------------------------------------------------------------->
syg_rsp.exe: 000081FC: 15:05:37 [Terminated]:Exit Code: 0
syg_rsp.exe: 00000970: 15:05:41 []:>--------------------------------------------------------------<
syg_rsp.exe: 00000970: 15:05:41 [TUniServerModule]:Server First Init.
syg_rsp.exe: 00000970: 15:05:41 [TUniServerModule]:Start Path = D:\SYG-RSP\src\Win32\Debug\
syg_rsp.exe: 00000970: 15:05:41 [TUniServerModule]:Starting HTTP Server on Port: 8077...
syg_rsp.exe: 00000970: 15:05:41 [TUniServerModule]:HTTP Server Started on Port: 8077
syg_rsp.exe: 00007960: 15:05:45 [127.0.0.1]:EUniSessionException : Invalid session or session Timeout. (Session not found: yPhK1MQbMD10BF1C448 ) : Addr: $00836E0B
syg_rsp.exe: 00005E48: 15:05:45 [127.0.0.1]:EUniSessionException : Invalid session or session Timeout. (Session not found: yPhK1MQbMD10BF1C448 ) : Addr: $00836E0B
syg_rsp.exe: 00000970: 15:09:40 [TUniServerModule]:Shutting Down Server.
syg_rsp.exe: 00000970: 15:09:40 [TUniServerModule]:Stopping HTTP Server.
syg_rsp.exe: 00000970: 15:09:41 [TUniServerModule]:HTTP Server Stopped.
syg_rsp.exe: 00000970: 15:09:41 [TUniGUISessionManager]:Terminating Session manager.
syg_rsp.exe: 00000970: 15:09:41 [TUniGUISessionManager]:Stopping Cache Eraser...
syg_rsp.exe: 00000970: 15:09:41 [TUniGUISessionManager]:Cache Eraser Stopped.
syg_rsp.exe: 00000970: 15:09:41 [TUniGUISessionManager]:Destroying Worker Threads.
syg_rsp.exe: 00000970: 15:09:41 [TUniGUISessionManager]:Session manager terminated.
syg_rsp.exe: 00000970: 15:09:41 [TUniServerModule]:Server Shutdown Completed.
syg_rsp.exe: 00000970: 15:09:41 []:<-------------------------------------------------------------->
syg_rsp.exe: 00000970: 15:09:41 [Terminated]:Exit Code: 0
syg_rsp.exe: 00008578: 15:10:17 []:>--------------------------------------------------------------<
syg_rsp.exe: 00008578: 15:10:17 [TUniServerModule]:Server First Init.
syg_rsp.exe: 00008578: 15:10:17 [TUniServerModule]:Start Path = D:\SYG-RSP\src\Win32\Debug\
syg_rsp.exe: 00008578: 15:10:17 [TUniGUISessionManager]:Cache erase job created, Folder count: [1]
syg_rsp.exe: 00008578: 15:10:18 [TUniServerModule]:Starting HTTP Server on Port: 8077...
syg_rsp.exe: 00008578: 15:10:18 [TUniServerModule]:HTTP Server Started on Port: 8077
syg_rsp.exe: 00006764: 15:45:15 [127.0.0.1]:EUniSessionException : Invalid session or session Timeout. (Session not found: kmMxtzYkPl10BF1CC9B ) : Addr: $00836E0B
syg_rsp.exe: 00008578: 15:53:05 [TUniServerModule]:Shutting Down Server.
syg_rsp.exe: 00008578: 15:53:05 [TUniServerModule]:Stopping HTTP Server.
syg_rsp.exe: 00008578: 15:53:05 [TUniServerModule]:HTTP Server Stopped.
syg_rsp.exe: 00008578: 15:53:05 [TUniGUISessionManager]:Terminating Session manager.
syg_rsp.exe: 00008578: 15:53:05 [TUniGUISessionManager]:Stopping Cache Eraser...
syg_rsp.exe: 00008578: 15:53:05 [TUniGUISessionManager]:Cache Eraser Stopped.
syg_rsp.exe: 00008578: 15:53:05 [TUniGUISessionManager]:Destroying Worker Threads.
syg_rsp.exe: 00008578: 15:53:05 [TUniGUISessionManager]:Session manager terminated.
syg_rsp.exe: 00008578: 15:53:05 [TUniServerModule]:Server Shutdown Completed.
syg_rsp.exe: 00008578: 15:53:05 []:<-------------------------------------------------------------->
syg_rsp.exe: 00008578: 15:53:05 [Terminated]:Exit Code: 0
syg_rsp.exe: 0000751C: 15:53:57 []:>--------------------------------------------------------------<
syg_rsp.exe: 0000751C: 15:53:57 [TUniServerModule]:Server First Init.
syg_rsp.exe: 0000751C: 15:53:57 [TUniServerModule]:Start Path = D:\SYG-RSP\src\Win32\Debug\
syg_rsp.exe: 0000751C: 15:53:57 [TUniGUISessionManager]:Cache erase job created, Folder count: [1]
syg_rsp.exe: 0000751C: 15:53:58 [TUniServerModule]:Starting HTTP Server on Port: 8077...
syg_rsp.exe: 0000751C: 15:53:58 [TUniServerModule]:HTTP Server Started on Port: 8077
syg_rsp.exe: 00002BD4: 15:54:02 [127.0.0.1]:EUniSessionException : Invalid session or session Timeout. (Session not found: 6xMH6oOBPY10BF1D60C ) : Addr: $00836E0B
syg_rsp.exe: 00003050: 15:54:02 [127.0.0.1]:EUniSessionException : Invalid session or session Timeout. (Session not found: 6xMH6oOBPY10BF1D60C ) : Addr: $00836E0B
syg_rsp.exe: 0000751C: 16:09:39 [TUniServerModule]:Shutting Down Server.
syg_rsp.exe: 0000751C: 16:09:39 [TUniServerModule]:Stopping HTTP Server.
syg_rsp.exe: 0000751C: 16:09:39 [TUniServerModule]:HTTP Server Stopped.
syg_rsp.exe: 0000751C: 16:09:39 [TUniGUISessionManager]:Terminating Session manager.
syg_rsp.exe: 0000751C: 16:09:39 [TUniGUISessionManager]:Stopping Cache Eraser...
syg_rsp.exe: 0000751C: 16:09:39 [TUniGUISessionManager]:Cache Eraser Stopped.
syg_rsp.exe: 0000751C: 16:09:39 [TUniGUISessionManager]:Destroying Worker Threads.
syg_rsp.exe: 0000751C: 16:09:39 [TUniGUISessionManager]:Session manager terminated.
syg_rsp.exe: 0000751C: 16:09:39 [TUniServerModule]:Server Shutdown Completed.
syg_rsp.exe: 0000751C: 16:09:39 []:<-------------------------------------------------------------->
syg_rsp.exe: 0000751C: 16:09:39 [Terminated]:Exit Code: 0
syg_rsp.exe: 0000623C: 16:11:06 []:>--------------------------------------------------------------<
syg_rsp.exe: 0000623C: 16:11:06 [TUniServerModule]:Server First Init.
syg_rsp.exe: 0000623C: 16:11:06 [TUniServerModule]:Start Path = D:\SYG-RSP\src\Win32\Debug\
syg_rsp.exe: 0000623C: 16:11:06 [TUniGUISessionManager]:Cache erase job created, Folder count: [1]
syg_rsp.exe: 0000623C: 16:11:06 [TUniServerModule]:Starting HTTP Server on Port: 8077...
syg_rsp.exe: 0000623C: 16:11:06 [TUniServerModule]:HTTP Server Started on Port: 8077
syg_rsp.exe: 00007CC8: 16:11:11 [127.0.0.1]:EUniSessionException : Invalid session or session Timeout. (Session not found: 4OyALyAJtk10BF1D92C ) : Addr: $00836E0B
syg_rsp.exe: 0000623C: 16:16:36 [TUniServerModule]:Shutting Down Server.
syg_rsp.exe: 0000623C: 16:16:36 [TUniServerModule]:Stopping HTTP Server.
syg_rsp.exe: 0000623C: 16:16:37 [TUniServerModule]:HTTP Server Stopped.
syg_rsp.exe: 0000623C: 16:16:37 [TUniGUISessionManager]:Terminating Session manager.
syg_rsp.exe: 0000623C: 16:16:37 [TUniGUISessionManager]:Stopping Cache Eraser...
syg_rsp.exe: 0000623C: 16:16:37 [TUniGUISessionManager]:Cache Eraser Stopped.
syg_rsp.exe: 0000623C: 16:16:37 [TUniGUISessionManager]:Destroying Worker Threads.
syg_rsp.exe: 0000623C: 16:16:37 [TUniGUISessionManager]:Session manager terminated.
syg_rsp.exe: 0000623C: 16:16:37 [TUniServerModule]:Server Shutdown Completed.
syg_rsp.exe: 0000623C: 16:16:37 []:<-------------------------------------------------------------->
syg_rsp.exe: 0000623C: 16:16:37 [Terminated]:Exit Code: 0
syg_rsp.exe: 00001B10: 16:18:49 []:>--------------------------------------------------------------<
syg_rsp.exe: 00001B10: 16:18:49 [TUniServerModule]:Server First Init.
syg_rsp.exe: 00001B10: 16:18:49 [TUniServerModule]:Start Path = D:\SYG-RSP\src\Win32\Debug\
syg_rsp.exe: 00001B10: 16:18:49 [TUniGUISessionManager]:Cache erase job created, Folder count: [1]
syg_rsp.exe: 00001B10: 16:18:49 [TUniServerModule]:Starting HTTP Server on Port: 8077...
syg_rsp.exe: 00001B10: 16:18:49 [TUniServerModule]:HTTP Server Started on Port: 8077
syg_rsp.exe: 00002F80: 16:18:53 [127.0.0.1]:EUniSessionException : Invalid session or session Timeout. (Session not found: lnylz9bwTB10BF1C221 ) : Addr: $00836E0B
syg_rsp.exe: 00007C68: 16:19:35 [127.0.0.1]:EUniSessionException : Invalid session or session Timeout. (Session not found: P5bQbOIoFN10BF1DD16 ) : Addr: $00836E0B
syg_rsp.exe: 000044A4: 16:19:35 [127.0.0.1]:EUniSessionException : Invalid session or session Timeout. (Session not found: P5bQbOIoFN10BF1DD16 ) : Addr: $00836E0B
