syg_rsp.exe: 0000201C: 07:32:49 [127.0.0.1]:EUniSessionException : Invalid session or session Timeout. (Session not found: eQfZvdHaHS10B2EAB75 ) : Addr: $0080492E
syg_rsp.exe: 000023B0: 07:34:53 [TUniServerModule]:Shutting Down Server.
syg_rsp.exe: 000023B0: 07:34:53 [TUniServerModule]:Stopping HTTP Server.
syg_rsp.exe: 000023B0: 07:34:54 [TUniServerModule]:HTTP Server Stopped.
syg_rsp.exe: 000023B0: 07:34:54 [TUniGUISessionManager]:Terminating Session manager.
syg_rsp.exe: 000023B0: 07:34:54 [TUniGUISessionManager]:Stopping Cache Eraser...
syg_rsp.exe: 000023B0: 07:34:54 [TUniGUISessionManager]:Cache Eraser Stopped.
syg_rsp.exe: 000023B0: 07:34:54 [TUniGUISessionManager]:Destroying Worker Threads.
syg_rsp.exe: 000023B0: 07:34:54 [TUniGUISessionManager]:Session manager terminated.
syg_rsp.exe: 000023B0: 07:34:54 [TUniServerModule]:Server Shutdown Completed.
syg_rsp.exe: 000023B0: 07:34:54 []:<-------------------------------------------------------------->
syg_rsp.exe: 000023B0: 07:34:54 [Terminated]:Exit Code: 0
syg_rsp.exe: 00003B60: 07:35:04 []:>--------------------------------------------------------------<
syg_rsp.exe: 00003B60: 07:35:04 [TUniServerModule]:Server First Init.
syg_rsp.exe: 00003B60: 07:35:04 [TUniServerModule]:Starting HTTP Server on Port: 8077...
syg_rsp.exe: 00003B60: 07:35:04 [TUniServerModule]:HTTP Server Started on Port: 8077
syg_rsp.exe: 00003B60: 08:56:21 [TUniServerModule]:Shutting Down Server.
syg_rsp.exe: 00003B60: 08:56:21 [TUniServerModule]:Stopping HTTP Server.
syg_rsp.exe: 00003B60: 08:56:21 [TUniServerModule]:HTTP Server Stopped.
syg_rsp.exe: 00003B60: 08:56:21 [TUniGUISessionManager]:Terminating Session manager.
syg_rsp.exe: 00003B60: 08:56:21 [TUniGUISessionManager]:Stopping Cache Eraser...
syg_rsp.exe: 00003B60: 08:56:21 [TUniGUISessionManager]:Cache Eraser Stopped.
syg_rsp.exe: 00003B60: 08:56:21 [TUniGUISessionManager]:Destroying Worker Threads.
syg_rsp.exe: 00003B60: 08:56:21 [TUniGUISessionManager]:Session manager terminated.
syg_rsp.exe: 00003B60: 08:56:21 [TUniServerModule]:Server Shutdown Completed.
syg_rsp.exe: 00003B60: 08:56:21 []:<-------------------------------------------------------------->
syg_rsp.exe: 00003B60: 08:56:21 [Terminated]:Exit Code: 0
syg_rsp.exe: 000027F4: 08:56:30 []:>--------------------------------------------------------------<
syg_rsp.exe: 000027F4: 08:56:30 [TUniServerModule]:Server First Init.
syg_rsp.exe: 000027F4: 08:56:30 [TUniServerModule]:Starting HTTP Server on Port: 8077...
syg_rsp.exe: 000027F4: 08:56:30 [TUniServerModule]:HTTP Server Started on Port: 8077
syg_rsp.exe: 000012C8: 08:56:40 [127.0.0.1]:EUniSessionException : Invalid session or session Timeout. (Session not found: Xw1xeQfKvP10B2F8716 ) : Addr: $0080492E
