syg_rsp.exe: 000016FC: 08:15:19 []:>--------------------------------------------------------------<
syg_rsp.exe: 000016FC: 08:15:19 [TUniServerModule]:Server First Init.
syg_rsp.exe: 000016FC: 08:15:19 [TUniServerModule]:Starting HTTP Server on Port: 8077...
syg_rsp.exe: 000016FC: 08:15:19 [TUniServerModule]:HTTP Server Started on Port: 8077
syg_rsp.exe: 000016FC: 08:28:41 [TUniServerModule]:Shutting Down Server.
syg_rsp.exe: 000016FC: 08:28:41 [TUniServerModule]:Stopping HTTP Server.
syg_rsp.exe: 000016FC: 08:28:41 [TUniServerModule]:HTTP Server Stopped.
syg_rsp.exe: 000016FC: 08:28:41 [TUniGUISessionManager]:Terminating Session manager.
syg_rsp.exe: 000016FC: 08:28:41 [TUniGUISessionManager]:Stopping Cache Eraser...
syg_rsp.exe: 000016FC: 08:28:41 [TUniGUISessionManager]:Cache Eraser Stopped.
syg_rsp.exe: 000016FC: 08:28:41 [TUniGUISessionManager]:Destroying Worker Threads.
syg_rsp.exe: 000016FC: 08:28:41 [TUniGUISessionManager]:Session manager terminated.
syg_rsp.exe: 000016FC: 08:28:41 [TUniServerModule]:Server Shutdown Completed.
syg_rsp.exe: 000016FC: 08:28:41 []:<-------------------------------------------------------------->
syg_rsp.exe: 000016FC: 08:28:41 [Terminated]:Exit Code: 0
syg_rsp.exe: 000023B8: 08:28:45 []:>--------------------------------------------------------------<
syg_rsp.exe: 000023B8: 08:28:45 [TUniServerModule]:Server First Init.
syg_rsp.exe: 000023B8: 08:28:45 [TUniServerModule]:Starting HTTP Server on Port: 8077...
syg_rsp.exe: 000023B8: 08:28:45 [TUniServerModule]:HTTP Server Started on Port: 8077
syg_rsp.exe: 00003E18: 08:28:46 [127.0.0.1]:EUniSessionException : Invalid session or session Timeout. (Session not found: vvC9anxUKS10B8071D0 ) : Addr: $0082D9FE
syg_rsp.exe: 0000234C: 08:28:46 [127.0.0.1]:EUniSessionException : Invalid session or session Timeout. (Session not found: vvC9anxUKS10B8071D0 ) : Addr: $0082D9FE
syg_rsp.exe: 000023B8: 08:29:29 [TUniServerModule]:Shutting Down Server.
syg_rsp.exe: 000023B8: 08:29:29 [TUniServerModule]:Stopping HTTP Server.
syg_rsp.exe: 000023B8: 08:29:30 [TUniServerModule]:HTTP Server Stopped.
syg_rsp.exe: 000023B8: 08:29:30 [TUniGUISessionManager]:Terminating Session manager.
syg_rsp.exe: 000023B8: 08:29:30 [TUniGUISessionManager]:Stopping Cache Eraser...
syg_rsp.exe: 000023B8: 08:29:30 [TUniGUISessionManager]:Cache Eraser Stopped.
syg_rsp.exe: 000023B8: 08:29:30 [TUniGUISessionManager]:Destroying Worker Threads.
syg_rsp.exe: 000023B8: 08:29:30 [TUniGUISessionManager]:Session manager terminated.
syg_rsp.exe: 000023B8: 08:29:30 [TUniServerModule]:Server Shutdown Completed.
syg_rsp.exe: 000023B8: 08:29:30 []:<-------------------------------------------------------------->
syg_rsp.exe: 000023B8: 08:29:30 [Terminated]:Exit Code: 0
syg_rsp.exe: 000039BC: 08:29:33 []:>--------------------------------------------------------------<
syg_rsp.exe: 000039BC: 08:29:33 [TUniServerModule]:Server First Init.
syg_rsp.exe: 000039BC: 08:29:33 [TUniServerModule]:Starting HTTP Server on Port: 8077...
syg_rsp.exe: 000039BC: 08:29:33 [TUniServerModule]:HTTP Server Started on Port: 8077
syg_rsp.exe: 00003DAC: 08:29:33 [127.0.0.1]:EUniSessionException : Invalid session or session Timeout. (Session not found: iBbya3Rie710B807564 ) : Addr: $0082D9FE
syg_rsp.exe: 00004610: 08:29:33 [127.0.0.1]:EUniSessionException : Invalid session or session Timeout. (Session not found: iBbya3Rie710B807564 ) : Addr: $0082D9FE
syg_rsp.exe: 000039BC: 08:31:04 [TUniServerModule]:Shutting Down Server.
syg_rsp.exe: 000039BC: 08:31:04 [TUniServerModule]:Stopping HTTP Server.
syg_rsp.exe: 000039BC: 08:31:05 [TUniServerModule]:HTTP Server Stopped.
syg_rsp.exe: 000039BC: 08:31:05 [TUniGUISessionManager]:Terminating Session manager.
syg_rsp.exe: 000039BC: 08:31:05 [TUniGUISessionManager]:Stopping Cache Eraser...
syg_rsp.exe: 000039BC: 08:31:05 [TUniGUISessionManager]:Cache Eraser Stopped.
syg_rsp.exe: 000039BC: 08:31:05 [TUniGUISessionManager]:Destroying Worker Threads.
syg_rsp.exe: 000039BC: 08:31:05 [TUniGUISessionManager]:Session manager terminated.
syg_rsp.exe: 000039BC: 08:31:05 [TUniServerModule]:Server Shutdown Completed.
syg_rsp.exe: 000039BC: 08:31:05 []:<-------------------------------------------------------------->
syg_rsp.exe: 000039BC: 08:31:05 [Terminated]:Exit Code: 0
syg_rsp.exe: 00002A2C: 08:31:09 []:>--------------------------------------------------------------<
syg_rsp.exe: 00002A2C: 08:31:09 [TUniServerModule]:Server First Init.
syg_rsp.exe: 00002A2C: 08:31:09 [TUniServerModule]:Starting HTTP Server on Port: 8077...
syg_rsp.exe: 00002A2C: 08:31:09 [TUniServerModule]:HTTP Server Started on Port: 8077
syg_rsp.exe: 000049BC: 08:31:10 [127.0.0.1]:EUniSessionException : Invalid session or session Timeout. (Session not found: LjiQFckHiA10B80759A ) : Addr: $0082D9FE
syg_rsp.exe: 00004E58: 08:31:10 [127.0.0.1]:EUniSessionException : Invalid session or session Timeout. (Session not found: LjiQFckHiA10B80759A ) : Addr: $0082D9FE
syg_rsp.exe: 00002A2C: 08:31:34 [TUniServerModule]:Shutting Down Server.
syg_rsp.exe: 00002A2C: 08:31:34 [TUniServerModule]:Stopping HTTP Server.
syg_rsp.exe: 00002A2C: 08:31:35 [TUniServerModule]:HTTP Server Stopped.
syg_rsp.exe: 00002A2C: 08:31:35 [TUniGUISessionManager]:Terminating Session manager.
syg_rsp.exe: 00002A2C: 08:31:35 [TUniGUISessionManager]:Stopping Cache Eraser...
syg_rsp.exe: 00002A2C: 08:31:35 [TUniGUISessionManager]:Cache Eraser Stopped.
syg_rsp.exe: 00002A2C: 08:31:35 [TUniGUISessionManager]:Destroying Worker Threads.
syg_rsp.exe: 00002A2C: 08:31:35 [TUniGUISessionManager]:Session manager terminated.
syg_rsp.exe: 00002A2C: 08:31:35 [TUniServerModule]:Server Shutdown Completed.
syg_rsp.exe: 00002A2C: 08:31:35 []:<-------------------------------------------------------------->
syg_rsp.exe: 00002A2C: 08:31:35 [Terminated]:Exit Code: 0
syg_rsp.exe: 00004898: 08:31:39 []:>--------------------------------------------------------------<
syg_rsp.exe: 00004898: 08:31:39 [TUniServerModule]:Server First Init.
syg_rsp.exe: 00004898: 08:31:39 [TUniServerModule]:Starting HTTP Server on Port: 8077...
syg_rsp.exe: 00004898: 08:31:39 [TUniServerModule]:HTTP Server Started on Port: 8077
syg_rsp.exe: 000046A0: 08:31:41 [127.0.0.1]:EUniSessionException : Invalid session or session Timeout. (Session not found: EeVAUm9Xqi10B80760A ) : Addr: $0082D9FE
syg_rsp.exe: 00003818: 08:31:41 [127.0.0.1]:EUniSessionException : Invalid session or session Timeout. (Session not found: EeVAUm9Xqi10B80760A ) : Addr: $0082D9FE
syg_rsp.exe: 00004898: 08:31:59 [TUniServerModule]:Shutting Down Server.
syg_rsp.exe: 00004898: 08:31:59 [TUniServerModule]:Stopping HTTP Server.
syg_rsp.exe: 00004898: 08:32:00 [TUniServerModule]:HTTP Server Stopped.
syg_rsp.exe: 00004898: 08:32:00 [TUniGUISessionManager]:Terminating Session manager.
syg_rsp.exe: 00004898: 08:32:00 [TUniGUISessionManager]:Stopping Cache Eraser...
syg_rsp.exe: 00004898: 08:32:00 [TUniGUISessionManager]:Cache Eraser Stopped.
syg_rsp.exe: 00004898: 08:32:00 [TUniGUISessionManager]:Destroying Worker Threads.
syg_rsp.exe: 00004898: 08:32:00 [TUniGUISessionManager]:Session manager terminated.
syg_rsp.exe: 00004898: 08:32:00 [TUniServerModule]:Server Shutdown Completed.
syg_rsp.exe: 00004898: 08:32:00 []:<-------------------------------------------------------------->
syg_rsp.exe: 00004898: 08:32:00 [Terminated]:Exit Code: 0
syg_rsp.exe: 000022AC: 08:32:03 []:>--------------------------------------------------------------<
syg_rsp.exe: 000022AC: 08:32:03 [TUniServerModule]:Server First Init.
syg_rsp.exe: 000022AC: 08:32:03 [TUniServerModule]:Starting HTTP Server on Port: 8077...
syg_rsp.exe: 000022AC: 08:32:03 [TUniServerModule]:HTTP Server Started on Port: 8077
syg_rsp.exe: 00000E40: 08:32:04 [127.0.0.1]:EUniSessionException : Invalid session or session Timeout. (Session not found: TcwDTfr66y10B80762E ) : Addr: $0082D9FE
syg_rsp.exe: 000018F4: 08:32:04 [127.0.0.1]:EUniSessionException : Invalid session or session Timeout. (Session not found: TcwDTfr66y10B80762E ) : Addr: $0082D9FE
syg_rsp.exe: 000022AC: 08:32:43 [TUniServerModule]:Shutting Down Server.
syg_rsp.exe: 000022AC: 08:32:43 [TUniServerModule]:Stopping HTTP Server.
syg_rsp.exe: 000022AC: 08:32:44 [TUniServerModule]:HTTP Server Stopped.
syg_rsp.exe: 000022AC: 08:32:44 [TUniGUISessionManager]:Terminating Session manager.
syg_rsp.exe: 000022AC: 08:32:44 [TUniGUISessionManager]:Stopping Cache Eraser...
syg_rsp.exe: 000022AC: 08:32:44 [TUniGUISessionManager]:Cache Eraser Stopped.
syg_rsp.exe: 000022AC: 08:32:44 [TUniGUISessionManager]:Destroying Worker Threads.
syg_rsp.exe: 000022AC: 08:32:44 [TUniGUISessionManager]:Session manager terminated.
syg_rsp.exe: 000022AC: 08:32:44 [TUniServerModule]:Server Shutdown Completed.
syg_rsp.exe: 000022AC: 08:32:44 []:<-------------------------------------------------------------->
syg_rsp.exe: 000022AC: 08:32:44 [Terminated]:Exit Code: 0
syg_rsp.exe: 00002A88: 08:32:47 []:>--------------------------------------------------------------<
syg_rsp.exe: 00002A88: 08:32:47 [TUniServerModule]:Server First Init.
syg_rsp.exe: 00002A88: 08:32:47 [TUniServerModule]:Starting HTTP Server on Port: 8077...
syg_rsp.exe: 00002A88: 08:32:47 [TUniServerModule]:HTTP Server Started on Port: 8077
syg_rsp.exe: 00001FEC: 08:32:49 [127.0.0.1]:EUniSessionException : Invalid session or session Timeout. (Session not found: Q1PlHd5IhS10B807649 ) : Addr: $0082D9FE
syg_rsp.exe: 000029B0: 08:32:49 [127.0.0.1]:EUniSessionException : Invalid session or session Timeout. (Session not found: Q1PlHd5IhS10B807649 ) : Addr: $0082D9FE
syg_rsp.exe: 00002A88: 08:34:20 [TUniServerModule]:Shutting Down Server.
syg_rsp.exe: 00002A88: 08:34:20 [TUniServerModule]:Stopping HTTP Server.
syg_rsp.exe: 00002A88: 08:34:21 [TUniServerModule]:HTTP Server Stopped.
syg_rsp.exe: 00002A88: 08:34:21 [TUniGUISessionManager]:Terminating Session manager.
syg_rsp.exe: 00002A88: 08:34:21 [TUniGUISessionManager]:Stopping Cache Eraser...
syg_rsp.exe: 00002A88: 08:34:21 [TUniGUISessionManager]:Cache Eraser Stopped.
syg_rsp.exe: 00002A88: 08:34:21 [TUniGUISessionManager]:Destroying Worker Threads.
syg_rsp.exe: 00002A88: 08:34:21 [TUniGUISessionManager]:Session manager terminated.
syg_rsp.exe: 00002A88: 08:34:21 [TUniServerModule]:Server Shutdown Completed.
syg_rsp.exe: 00002A88: 08:34:21 []:<-------------------------------------------------------------->
syg_rsp.exe: 00002A88: 08:34:21 [Terminated]:Exit Code: 0
syg_rsp.exe: 00003BB0: 08:34:27 []:>--------------------------------------------------------------<
syg_rsp.exe: 00003BB0: 08:34:27 [TUniServerModule]:Server First Init.
syg_rsp.exe: 00003BB0: 08:34:27 [TUniServerModule]:Starting HTTP Server on Port: 8077...
syg_rsp.exe: 00003BB0: 08:34:27 [TUniServerModule]:HTTP Server Started on Port: 8077
syg_rsp.exe: 00001594: 08:34:29 [127.0.0.1]:EUniSessionException : Invalid session or session Timeout. (Session not found: PdnqHjrdag10B80767C ) : Addr: $0082D9FE
syg_rsp.exe: 0000488C: 08:34:29 [127.0.0.1]:EUniSessionException : Invalid session or session Timeout. (Session not found: PdnqHjrdag10B80767C ) : Addr: $0082D9FE
syg_rsp.exe: 00003BB0: 08:40:25 [TUniServerModule]:Shutting Down Server.
syg_rsp.exe: 00003BB0: 08:40:25 [TUniServerModule]:Stopping HTTP Server.
syg_rsp.exe: 00003BB0: 08:40:26 [TUniServerModule]:HTTP Server Stopped.
syg_rsp.exe: 00003BB0: 08:40:26 [TUniGUISessionManager]:Terminating Session manager.
syg_rsp.exe: 00003BB0: 08:40:26 [TUniGUISessionManager]:Stopping Cache Eraser...
syg_rsp.exe: 00003BB0: 08:40:26 [TUniGUISessionManager]:Cache Eraser Stopped.
syg_rsp.exe: 00003BB0: 08:40:26 [TUniGUISessionManager]:Destroying Worker Threads.
syg_rsp.exe: 00003BB0: 08:40:26 [TUniGUISessionManager]:Session manager terminated.
syg_rsp.exe: 00003BB0: 08:40:26 [TUniServerModule]:Server Shutdown Completed.
syg_rsp.exe: 00003BB0: 08:40:26 []:<-------------------------------------------------------------->
syg_rsp.exe: 00003BB0: 08:40:26 [Terminated]:Exit Code: 0
syg_rsp.exe: 00004CF8: 08:40:28 []:>--------------------------------------------------------------<
syg_rsp.exe: 00004CF8: 08:40:28 [TUniServerModule]:Server First Init.
syg_rsp.exe: 00004CF8: 08:40:28 [TUniServerModule]:Starting HTTP Server on Port: 8077...
syg_rsp.exe: 00004CF8: 08:40:28 [TUniServerModule]:HTTP Server Started on Port: 8077
syg_rsp.exe: 00002508: 08:40:29 [127.0.0.1]:EUniSessionException : Invalid session or session Timeout. (Session not found: UuBjPW64Zk10B8076F1 ) : Addr: $0082D9FE
syg_rsp.exe: 00002508: 08:40:29 [127.0.0.1]:EUniSessionException : Invalid session or session Timeout. (Session not found: UuBjPW64Zk10B8076F1 ) : Addr: $0082D9FE
syg_rsp.exe: 00004CF8: 08:42:00 [TUniServerModule]:Shutting Down Server.
syg_rsp.exe: 00004CF8: 08:42:00 [TUniServerModule]:Stopping HTTP Server.
syg_rsp.exe: 00004CF8: 08:42:01 [TUniServerModule]:HTTP Server Stopped.
syg_rsp.exe: 00004CF8: 08:42:01 [TUniGUISessionManager]:Terminating Session manager.
syg_rsp.exe: 00004CF8: 08:42:01 [TUniGUISessionManager]:Stopping Cache Eraser...
syg_rsp.exe: 00004CF8: 08:42:01 [TUniGUISessionManager]:Cache Eraser Stopped.
syg_rsp.exe: 00004CF8: 08:42:01 [TUniGUISessionManager]:Destroying Worker Threads.
syg_rsp.exe: 00004CF8: 08:42:01 [TUniGUISessionManager]:Session manager terminated.
syg_rsp.exe: 00004CF8: 08:42:01 [TUniServerModule]:Server Shutdown Completed.
syg_rsp.exe: 00004CF8: 08:42:01 []:<-------------------------------------------------------------->
syg_rsp.exe: 00004CF8: 08:42:01 [Terminated]:Exit Code: 0
syg_rsp.exe: 000040A4: 09:28:40 []:>--------------------------------------------------------------<
syg_rsp.exe: 000040A4: 09:28:40 [TUniServerModule]:Server First Init.
syg_rsp.exe: 000040A4: 09:28:40 [TUniServerModule]:Starting HTTP Server on Port: 8077...
syg_rsp.exe: 000040A4: 09:28:40 [TUniServerModule]:HTTP Server Started on Port: 8077
syg_rsp.exe: 00001724: 09:28:43 [127.0.0.1]:EUniSessionException : Invalid session or session Timeout. (Session not found: ZHVuK8tXBF10B807891 ) : Addr: $0082D9FE
syg_rsp.exe: 0000484C: 09:28:43 [127.0.0.1]:EUniSessionException : Invalid session or session Timeout. (Session not found: ZHVuK8tXBF10B807891 ) : Addr: $0082D9FE
syg_rsp.exe: 0000484C: 09:29:10 [127.0.0.1]:EOleException : [MySQL][ODBC 8.0(a) Driver][mysqld-8.0.29]Query was empty : Addr: $0084214F
syg_rsp.exe: 000040A4: 09:49:15 [TUniServerModule]:Shutting Down Server.
syg_rsp.exe: 000040A4: 09:49:15 [TUniServerModule]:Stopping HTTP Server.
syg_rsp.exe: 000040A4: 09:49:16 [TUniServerModule]:HTTP Server Stopped.
syg_rsp.exe: 000040A4: 09:49:16 [TUniGUISessionManager]:Terminating Session manager.
syg_rsp.exe: 000040A4: 09:49:16 [TUniGUISessionManager]:Stopping Cache Eraser...
syg_rsp.exe: 000040A4: 09:49:16 [TUniGUISessionManager]:Cache Eraser Stopped.
syg_rsp.exe: 000040A4: 09:49:16 [TUniGUISessionManager]:Destroying Worker Threads.
syg_rsp.exe: 000040A4: 09:49:16 [TUniGUISessionManager]:Session manager terminated.
syg_rsp.exe: 000040A4: 09:49:16 [TUniServerModule]:Server Shutdown Completed.
syg_rsp.exe: 000040A4: 09:49:16 []:<-------------------------------------------------------------->
syg_rsp.exe: 000040A4: 09:49:16 [Terminated]:Exit Code: 0
syg_rsp.exe: 00004424: 09:49:20 []:>--------------------------------------------------------------<
syg_rsp.exe: 00004424: 09:49:20 [TUniServerModule]:Server First Init.
syg_rsp.exe: 00004424: 09:49:20 [TUniServerModule]:Starting HTTP Server on Port: 8077...
syg_rsp.exe: 00004424: 09:49:20 [TUniServerModule]:HTTP Server Started on Port: 8077
syg_rsp.exe: 000027BC: 09:49:21 [127.0.0.1]:EUniSessionException : Invalid session or session Timeout. (Session not found: 3fRzgROpTn10B8085A6 ) : Addr: $0082D9FE
syg_rsp.exe: 0000362C: 09:49:21 [127.0.0.1]:EUniSessionException : Invalid session or session Timeout. (Session not found: 3fRzgROpTn10B8085A6 ) : Addr: $0082D9FE
syg_rsp.exe: 00004AE8: 10:13:00 [127.0.0.1]:EUniSessionException : Invalid session or session Timeout. (Session not found: TjTDinLKvQ10B808B40 ) : Addr: $0082D9FE
syg_rsp.exe: 00004424: 11:07:48 [TUniServerModule]:Shutting Down Server.
syg_rsp.exe: 00004424: 11:07:48 [TUniServerModule]:Stopping HTTP Server.
syg_rsp.exe: 00004424: 11:07:49 [TUniServerModule]:HTTP Server Stopped.
syg_rsp.exe: 00004424: 11:07:49 [TUniGUISessionManager]:Terminating Session manager.
syg_rsp.exe: 00004424: 11:07:49 [TUniGUISessionManager]:Stopping Cache Eraser...
syg_rsp.exe: 00004424: 11:07:49 [TUniGUISessionManager]:Cache Eraser Stopped.
syg_rsp.exe: 00004424: 11:07:49 [TUniGUISessionManager]:Destroying Worker Threads.
syg_rsp.exe: 00004424: 11:07:49 [TUniGUISessionManager]:Session manager terminated.
syg_rsp.exe: 00004424: 11:07:49 [TUniServerModule]:Server Shutdown Completed.
syg_rsp.exe: 00004424: 11:07:49 []:<-------------------------------------------------------------->
syg_rsp.exe: 00004424: 11:07:49 [Terminated]:Exit Code: 0
syg_rsp.exe: 00000B28: 11:08:26 []:>--------------------------------------------------------------<
syg_rsp.exe: 00000B28: 11:08:26 [TUniServerModule]:Server First Init.
syg_rsp.exe: 00000B28: 11:08:26 [TUniServerModule]:Starting HTTP Server on Port: 8077...
syg_rsp.exe: 00000B28: 11:08:26 [TUniServerModule]:HTTP Server Started on Port: 8077
syg_rsp.exe: 00004480: 11:09:32 [127.0.0.1]:EUniSessionException : Invalid session or session Timeout. (Session not found: CBEXxZZc1N10B8091AC ) : Addr: $0082D9FE
syg_rsp.exe: 000021E0: 15:30:09 [127.0.0.1]:EUniSessionException : Invalid session or session Timeout. (Session not found: Dww9O1g1OP10B80A101 ) : Addr: $0082D9FE
syg_rsp.exe: 00003888: 15:30:09 [127.0.0.1]:EUniSessionException : Invalid session or session Timeout. (Session not found: Dww9O1g1OP10B80A101 ) : Addr: $0082D9FE
syg_rsp.exe: 00000B28: 17:04:27 [TUniServerModule]:Shutting Down Server.
syg_rsp.exe: 00000B28: 17:04:27 [TUniServerModule]:Stopping HTTP Server.
syg_rsp.exe: 00000B28: 17:04:28 [TUniServerModule]:HTTP Server Stopped.
syg_rsp.exe: 00000B28: 17:04:28 [TUniGUISessionManager]:Terminating Session manager.
syg_rsp.exe: 00000B28: 17:04:28 [TUniGUISessionManager]:Stopping Cache Eraser...
syg_rsp.exe: 00000B28: 17:04:28 [TUniGUISessionManager]:Cache Eraser Stopped.
syg_rsp.exe: 00000B28: 17:04:28 [TUniGUISessionManager]:Destroying Worker Threads.
syg_rsp.exe: 00000B28: 17:04:28 [TUniGUISessionManager]:Session manager terminated.
syg_rsp.exe: 00000B28: 17:04:28 [TUniServerModule]:Server Shutdown Completed.
syg_rsp.exe: 00000B28: 17:04:28 []:<-------------------------------------------------------------->
syg_rsp.exe: 00000B28: 17:04:28 [Terminated]:Exit Code: 0
syg_rsp.exe: 00001738: 17:04:30 []:>--------------------------------------------------------------<
syg_rsp.exe: 00001738: 17:04:30 [TUniServerModule]:Server First Init.
syg_rsp.exe: 00001738: 17:04:30 [TUniServerModule]:Starting HTTP Server on Port: 8077...
syg_rsp.exe: 00001738: 17:04:30 [TUniServerModule]:HTTP Server Started on Port: 8077
syg_rsp.exe: 000046EC: 17:04:33 [127.0.0.1]:EUniSessionException : Invalid session or session Timeout. (Session not found: BQFQ2R5TPl10B80E7B2 ) : Addr: $0082D9FE
syg_rsp.exe: 00000AB8: 17:04:33 [127.0.0.1]:EUniSessionException : Invalid session or session Timeout. (Session not found: BQFQ2R5TPl10B80E7B2 ) : Addr: $0082D9FE
syg_rsp.exe: 00001738: 17:27:43 [TUniServerModule]:Shutting Down Server.
syg_rsp.exe: 00001738: 17:27:43 [TUniServerModule]:Stopping HTTP Server.
syg_rsp.exe: 00001738: 17:27:44 [TUniServerModule]:HTTP Server Stopped.
syg_rsp.exe: 00001738: 17:27:44 [TUniGUISessionManager]:Terminating Session manager.
syg_rsp.exe: 00001738: 17:27:44 [TUniGUISessionManager]:Stopping Cache Eraser...
syg_rsp.exe: 00001738: 17:27:44 [TUniGUISessionManager]:Cache Eraser Stopped.
syg_rsp.exe: 00001738: 17:27:44 [TUniGUISessionManager]:Destroying Worker Threads.
syg_rsp.exe: 00001738: 17:27:44 [TUniGUISessionManager]:Session manager terminated.
syg_rsp.exe: 00001738: 17:27:44 [TUniServerModule]:Server Shutdown Completed.
syg_rsp.exe: 00001738: 17:27:44 []:<-------------------------------------------------------------->
syg_rsp.exe: 00001738: 17:27:44 [Terminated]:Exit Code: 0
syg_rsp.exe: 00001480: 17:27:55 []:>--------------------------------------------------------------<
syg_rsp.exe: 00001480: 17:27:55 [TUniServerModule]:Server First Init.
syg_rsp.exe: 00001480: 17:27:55 [TUniServerModule]:Starting HTTP Server on Port: 8077...
syg_rsp.exe: 00001480: 17:27:55 [TUniServerModule]:HTTP Server Started on Port: 8077
syg_rsp.exe: 00003E10: 17:28:03 [127.0.0.1]:EUniSessionException : Invalid session or session Timeout. (Session not found: TBaclws4pg10B81014E ) : Addr: $0082D9FE
syg_rsp.exe: 000019C8: 17:28:03 [127.0.0.1]:EUniSessionException : Invalid session or session Timeout. (Session not found: TBaclws4pg10B81014E ) : Addr: $0082D9FE
syg_rsp.exe: 00001480: 17:30:01 [TUniServerModule]:Shutting Down Server.
syg_rsp.exe: 00001480: 17:30:01 [TUniServerModule]:Stopping HTTP Server.
syg_rsp.exe: 00001480: 17:30:02 [TUniServerModule]:HTTP Server Stopped.
syg_rsp.exe: 00001480: 17:30:02 [TUniGUISessionManager]:Terminating Session manager.
syg_rsp.exe: 00001480: 17:30:02 [TUniGUISessionManager]:Stopping Cache Eraser...
syg_rsp.exe: 00001480: 17:30:02 [TUniGUISessionManager]:Cache Eraser Stopped.
syg_rsp.exe: 00001480: 17:30:02 [TUniGUISessionManager]:Destroying Worker Threads.
syg_rsp.exe: 00001480: 17:30:02 [TUniGUISessionManager]:Session manager terminated.
syg_rsp.exe: 00001480: 17:30:02 [TUniServerModule]:Server Shutdown Completed.
syg_rsp.exe: 00001480: 17:30:02 []:<-------------------------------------------------------------->
syg_rsp.exe: 00001480: 17:30:02 [Terminated]:Exit Code: 0
syg_rsp.exe: 00004B90: 17:30:04 []:>--------------------------------------------------------------<
syg_rsp.exe: 00004B90: 17:30:04 [TUniServerModule]:Server First Init.
syg_rsp.exe: 00004B90: 17:30:05 [TUniServerModule]:Starting HTTP Server on Port: 8077...
syg_rsp.exe: 00004B90: 17:30:05 [TUniServerModule]:HTTP Server Started on Port: 8077
syg_rsp.exe: 00004A24: 17:30:10 [127.0.0.1]:EUniSessionException : Invalid session or session Timeout. (Session not found: Z94GXtUUu110B8107AE ) : Addr: $0082D9FE
syg_rsp.exe: 00000638: 17:30:10 [127.0.0.1]:EUniSessionException : Invalid session or session Timeout. (Session not found: Z94GXtUUu110B8107AE ) : Addr: $0082D9FE
syg_rsp.exe: 00004B90: 17:32:10 [TUniServerModule]:Shutting Down Server.
syg_rsp.exe: 00004B90: 17:32:10 [TUniServerModule]:Stopping HTTP Server.
syg_rsp.exe: 00004B90: 17:32:11 [TUniServerModule]:HTTP Server Stopped.
syg_rsp.exe: 00004B90: 17:32:11 [TUniGUISessionManager]:Terminating Session manager.
syg_rsp.exe: 00004B90: 17:32:11 [TUniGUISessionManager]:Stopping Cache Eraser...
syg_rsp.exe: 00004B90: 17:32:11 [TUniGUISessionManager]:Cache Eraser Stopped.
syg_rsp.exe: 00004B90: 17:32:11 [TUniGUISessionManager]:Destroying Worker Threads.
syg_rsp.exe: 00004B90: 17:32:11 [TUniGUISessionManager]:Session manager terminated.
syg_rsp.exe: 00004B90: 17:32:11 [TUniServerModule]:Server Shutdown Completed.
syg_rsp.exe: 00004B90: 17:32:11 []:<-------------------------------------------------------------->
syg_rsp.exe: 00004B90: 17:32:11 [Terminated]:Exit Code: 0
syg_rsp.exe: 00002A44: 17:32:21 []:>--------------------------------------------------------------<
syg_rsp.exe: 00002A44: 17:32:21 [TUniServerModule]:Server First Init.
syg_rsp.exe: 00002A44: 17:32:21 [TUniServerModule]:Starting HTTP Server on Port: 8077...
syg_rsp.exe: 00002A44: 17:32:21 [TUniServerModule]:HTTP Server Started on Port: 8077
syg_rsp.exe: 000037EC: 17:32:25 [127.0.0.1]:EUniSessionException : Invalid session or session Timeout. (Session not found: b3Lo51ZecN10B810841 ) : Addr: $0082D9FE
syg_rsp.exe: 00000FD8: 17:32:25 [127.0.0.1]:EUniSessionException : Invalid session or session Timeout. (Session not found: b3Lo51ZecN10B810841 ) : Addr: $0082D9FE
syg_rsp.exe: 00002A44: 17:34:30 [TUniServerModule]:Shutting Down Server.
syg_rsp.exe: 00002A44: 17:34:30 [TUniServerModule]:Stopping HTTP Server.
syg_rsp.exe: 00002A44: 17:34:31 [TUniServerModule]:HTTP Server Stopped.
syg_rsp.exe: 00002A44: 17:34:31 [TUniGUISessionManager]:Terminating Session manager.
syg_rsp.exe: 00002A44: 17:34:31 [TUniGUISessionManager]:Stopping Cache Eraser...
syg_rsp.exe: 00002A44: 17:34:31 [TUniGUISessionManager]:Cache Eraser Stopped.
syg_rsp.exe: 00002A44: 17:34:31 [TUniGUISessionManager]:Destroying Worker Threads.
syg_rsp.exe: 00002A44: 17:34:31 [TUniGUISessionManager]:Session manager terminated.
syg_rsp.exe: 00002A44: 17:34:31 [TUniServerModule]:Server Shutdown Completed.
syg_rsp.exe: 00002A44: 17:34:31 []:<-------------------------------------------------------------->
syg_rsp.exe: 00002A44: 17:34:31 [Terminated]:Exit Code: 0
syg_rsp.exe: 00002230: 17:34:33 []:>--------------------------------------------------------------<
syg_rsp.exe: 00002230: 17:34:33 [TUniServerModule]:Server First Init.
syg_rsp.exe: 00002230: 17:34:34 [TUniServerModule]:Starting HTTP Server on Port: 8077...
syg_rsp.exe: 00002230: 17:34:34 [TUniServerModule]:HTTP Server Started on Port: 8077
syg_rsp.exe: 000047BC: 17:34:38 [127.0.0.1]:EUniSessionException : Invalid session or session Timeout. (Session not found: iyC2RCewGv10B8108DD ) : Addr: $0082D9FE
syg_rsp.exe: 00004704: 17:34:38 [127.0.0.1]:EUniSessionException : Invalid session or session Timeout. (Session not found: iyC2RCewGv10B8108DD ) : Addr: $0082D9FE
syg_rsp.exe: 00002230: 17:38:03 [TUniServerModule]:Shutting Down Server.
syg_rsp.exe: 00002230: 17:38:03 [TUniServerModule]:Stopping HTTP Server.
syg_rsp.exe: 00002230: 17:38:03 [TUniServerModule]:HTTP Server Stopped.
syg_rsp.exe: 00002230: 17:38:03 [TUniGUISessionManager]:Terminating Session manager.
syg_rsp.exe: 00002230: 17:38:03 [TUniGUISessionManager]:Stopping Cache Eraser...
syg_rsp.exe: 00002230: 17:38:03 [TUniGUISessionManager]:Cache Eraser Stopped.
syg_rsp.exe: 00002230: 17:38:03 [TUniGUISessionManager]:Destroying Worker Threads.
syg_rsp.exe: 00002230: 17:38:03 [TUniGUISessionManager]:Session manager terminated.
syg_rsp.exe: 00002230: 17:38:03 [TUniServerModule]:Server Shutdown Completed.
syg_rsp.exe: 00002230: 17:38:03 []:<-------------------------------------------------------------->
syg_rsp.exe: 00002230: 17:38:03 [Terminated]:Exit Code: 0
syg_rsp.exe: 00003D00: 17:38:06 []:>--------------------------------------------------------------<
syg_rsp.exe: 00003D00: 17:38:06 [TUniServerModule]:Server First Init.
syg_rsp.exe: 00003D00: 17:38:07 [TUniServerModule]:Starting HTTP Server on Port: 8077...
syg_rsp.exe: 00003D00: 17:38:07 [TUniServerModule]:HTTP Server Started on Port: 8077
syg_rsp.exe: 00003D00: 17:38:17 [TUniServerModule]:Shutting Down Server.
syg_rsp.exe: 00003D00: 17:38:17 [TUniServerModule]:Stopping HTTP Server.
syg_rsp.exe: 00003D00: 17:38:18 [TUniServerModule]:HTTP Server Stopped.
syg_rsp.exe: 00003D00: 17:38:18 [TUniGUISessionManager]:Terminating Session manager.
syg_rsp.exe: 00003D00: 17:38:18 [TUniGUISessionManager]:Stopping Cache Eraser...
syg_rsp.exe: 00003D00: 17:38:18 [TUniGUISessionManager]:Cache Eraser Stopped.
syg_rsp.exe: 00003D00: 17:38:18 [TUniGUISessionManager]:Destroying Worker Threads.
syg_rsp.exe: 00003D00: 17:38:18 [TUniGUISessionManager]:Session manager terminated.
syg_rsp.exe: 00003D00: 17:38:18 [TUniServerModule]:Server Shutdown Completed.
syg_rsp.exe: 00003D00: 17:38:18 []:<-------------------------------------------------------------->
syg_rsp.exe: 00003D00: 17:38:18 [Terminated]:Exit Code: 0
syg_rsp.exe: 00003338: 17:38:19 []:>--------------------------------------------------------------<
syg_rsp.exe: 00003338: 17:38:19 [TUniServerModule]:Server First Init.
syg_rsp.exe: 00003338: 17:38:19 [TUniServerModule]:Starting HTTP Server on Port: 8077...
syg_rsp.exe: 00003338: 17:38:19 [TUniServerModule]:HTTP Server Started on Port: 8077
syg_rsp.exe: 00003328: 17:38:23 [127.0.0.1]:EUniSessionException : Invalid session or session Timeout. (Session not found: RIJIYDRIdi10B810977 ) : Addr: $0082D9FE
syg_rsp.exe: 000027DC: 17:38:23 [127.0.0.1]:EUniSessionException : Invalid session or session Timeout. (Session not found: RIJIYDRIdi10B810977 ) : Addr: $0082D9FE
syg_rsp.exe: 00003338: 17:41:28 [TUniServerModule]:Shutting Down Server.
syg_rsp.exe: 00003338: 17:41:28 [TUniServerModule]:Stopping HTTP Server.
syg_rsp.exe: 00003338: 17:41:28 [TUniServerModule]:HTTP Server Stopped.
syg_rsp.exe: 00003338: 17:41:28 [TUniGUISessionManager]:Terminating Session manager.
syg_rsp.exe: 00003338: 17:41:28 [TUniGUISessionManager]:Stopping Cache Eraser...
syg_rsp.exe: 00003338: 17:41:28 [TUniGUISessionManager]:Cache Eraser Stopped.
syg_rsp.exe: 00003338: 17:41:28 [TUniGUISessionManager]:Destroying Worker Threads.
syg_rsp.exe: 00003338: 17:41:28 [TUniGUISessionManager]:Session manager terminated.
syg_rsp.exe: 00003338: 17:41:28 [TUniServerModule]:Server Shutdown Completed.
syg_rsp.exe: 00003338: 17:41:28 []:<-------------------------------------------------------------->
syg_rsp.exe: 00003338: 17:41:28 [Terminated]:Exit Code: 0
syg_rsp.exe: 00003A30: 17:41:32 []:>--------------------------------------------------------------<
syg_rsp.exe: 00003A30: 17:41:32 [TUniServerModule]:Server First Init.
syg_rsp.exe: 00003A30: 17:41:32 [TUniServerModule]:Starting HTTP Server on Port: 8077...
syg_rsp.exe: 00003A30: 17:41:32 [TUniServerModule]:HTTP Server Started on Port: 8077
syg_rsp.exe: 00003CE4: 17:41:33 [127.0.0.1]:EUniSessionException : Invalid session or session Timeout. (Session not found: CbDPWQtje710B810A7B ) : Addr: $0082D9FE
syg_rsp.exe: 0000441C: 17:41:33 [127.0.0.1]:EUniSessionException : Invalid session or session Timeout. (Session not found: CbDPWQtje710B810A7B ) : Addr: $0082D9FE
syg_rsp.exe: 00003A30: 17:43:04 [TUniServerModule]:Shutting Down Server.
syg_rsp.exe: 00003A30: 17:43:04 [TUniServerModule]:Stopping HTTP Server.
syg_rsp.exe: 00003A30: 17:43:05 [TUniServerModule]:HTTP Server Stopped.
syg_rsp.exe: 00003A30: 17:43:05 [TUniGUISessionManager]:Terminating Session manager.
syg_rsp.exe: 00003A30: 17:43:05 [TUniGUISessionManager]:Stopping Cache Eraser...
syg_rsp.exe: 00003A30: 17:43:05 [TUniGUISessionManager]:Cache Eraser Stopped.
syg_rsp.exe: 00003A30: 17:43:05 [TUniGUISessionManager]:Destroying Worker Threads.
syg_rsp.exe: 00003A30: 17:43:05 [TUniGUISessionManager]:Session manager terminated.
syg_rsp.exe: 00003A30: 17:43:05 [TUniServerModule]:Server Shutdown Completed.
syg_rsp.exe: 00003A30: 17:43:05 []:<-------------------------------------------------------------->
syg_rsp.exe: 00003A30: 17:43:05 [Terminated]:Exit Code: 0
syg_rsp.exe: 00004C84: 17:43:08 []:>--------------------------------------------------------------<
syg_rsp.exe: 00004C84: 17:43:08 [TUniServerModule]:Server First Init.
syg_rsp.exe: 00004C84: 17:43:09 [TUniServerModule]:Starting HTTP Server on Port: 8077...
syg_rsp.exe: 00004C84: 17:43:09 [TUniServerModule]:HTTP Server Started on Port: 8077
syg_rsp.exe: 00002024: 17:43:09 [127.0.0.1]:EUniSessionException : Invalid session or session Timeout. (Session not found: 1OGRW9o5yY10B810B57 ) : Addr: $0082D9FE
syg_rsp.exe: 000049A4: 17:43:09 [127.0.0.1]:EUniSessionException : Invalid session or session Timeout. (Session not found: 1OGRW9o5yY10B810B57 ) : Addr: $0082D9FE
syg_rsp.exe: 00001BD4: 18:08:38 [127.0.0.1]:EUniSessionException : Invalid session or session Timeout. (Session not found: rw9FR6wrBs10B810BC7 ) : Addr: $0082D9FE
