syg_rsp.exe: 000058A0: 07:57:41 [127.0.0.1]:EUniSessionException : Invalid session or session Timeout. (Session not found: PXKUKWfIoT10BBB08CE ) : Addr: $0082D9FE
syg_rsp.exe: 000038D8: 08:05:31 [TUniServerModule]:Shutting Down Server.
syg_rsp.exe: 000038D8: 08:05:31 [TUniServerModule]:Stopping HTTP Server.
syg_rsp.exe: 000038D8: 08:05:32 [TUniServerModule]:HTTP Server Stopped.
syg_rsp.exe: 000038D8: 08:05:32 [TUniGUISessionManager]:Terminating Session manager.
syg_rsp.exe: 000038D8: 08:05:32 [TUniGUISessionManager]:Stopping Cache Eraser...
syg_rsp.exe: 000038D8: 08:05:32 [TUniGUISessionManager]:Cache Eraser Stopped.
syg_rsp.exe: 000038D8: 08:05:32 [TUniGUISessionManager]:Destroying Worker Threads.
syg_rsp.exe: 000038D8: 08:05:32 [TUniGUISessionManager]:Session manager terminated.
syg_rsp.exe: 000038D8: 08:05:32 [TUniServerModule]:Server Shutdown Completed.
syg_rsp.exe: 000038D8: 08:05:32 []:<-------------------------------------------------------------->
syg_rsp.exe: 000038D8: 08:05:32 [Terminated]:Exit Code: 0
syg_rsp.exe: 0000641C: 08:05:40 []:>--------------------------------------------------------------<
syg_rsp.exe: 0000641C: 08:05:40 [TUniServerModule]:Server First Init.
syg_rsp.exe: 0000641C: 08:05:40 [TUniServerModule]:Starting HTTP Server on Port: 8077...
syg_rsp.exe: 0000641C: 08:05:40 [TUniServerModule]:HTTP Server Started on Port: 8077
syg_rsp.exe: 00001F58: 08:05:43 [127.0.0.1]:EUniSessionException : Invalid session or session Timeout. (Session not found: MPAcAfxGCH10BBBEF63 ) : Addr: $0082D9FE
syg_rsp.exe: 00006678: 08:05:43 [127.0.0.1]:EUniSessionException : Invalid session or session Timeout. (Session not found: MPAcAfxGCH10BBBEF63 ) : Addr: $0082D9FE
syg_rsp.exe: 0000641C: 08:06:47 [TUniServerModule]:Shutting Down Server.
syg_rsp.exe: 0000641C: 08:06:47 [TUniServerModule]:Stopping HTTP Server.
syg_rsp.exe: 0000641C: 08:06:48 [TUniServerModule]:HTTP Server Stopped.
syg_rsp.exe: 0000641C: 08:06:48 [TUniGUISessionManager]:Terminating Session manager.
syg_rsp.exe: 0000641C: 08:06:48 [TUniGUISessionManager]:Stopping Cache Eraser...
syg_rsp.exe: 0000641C: 08:06:48 [TUniGUISessionManager]:Cache Eraser Stopped.
syg_rsp.exe: 0000641C: 08:06:48 [TUniGUISessionManager]:Destroying Worker Threads.
syg_rsp.exe: 0000641C: 08:06:48 [TUniGUISessionManager]:Session manager terminated.
syg_rsp.exe: 0000641C: 08:06:48 [TUniServerModule]:Server Shutdown Completed.
syg_rsp.exe: 0000641C: 08:06:48 []:<-------------------------------------------------------------->
syg_rsp.exe: 0000641C: 08:06:48 [Terminated]:Exit Code: 0
syg_rsp.exe: 000048EC: 08:06:52 []:>--------------------------------------------------------------<
syg_rsp.exe: 000048EC: 08:06:52 [TUniServerModule]:Server First Init.
syg_rsp.exe: 000048EC: 08:06:52 [TUniServerModule]:Starting HTTP Server on Port: 8077...
syg_rsp.exe: 000048EC: 08:06:52 [TUniServerModule]:HTTP Server Started on Port: 8077
syg_rsp.exe: 00004E30: 08:06:54 [127.0.0.1]:EUniSessionException : Invalid session or session Timeout. (Session not found: lFe9HVuYPR10BBBF182 ) : Addr: $0082D9FE
syg_rsp.exe: 00002E98: 08:06:54 [127.0.0.1]:EUniSessionException : Invalid session or session Timeout. (Session not found: lFe9HVuYPR10BBBF182 ) : Addr: $0082D9FE
syg_rsp.exe: 000048EC: 08:12:22 [TUniServerModule]:Shutting Down Server.
syg_rsp.exe: 000048EC: 08:12:22 [TUniServerModule]:Stopping HTTP Server.
syg_rsp.exe: 000048EC: 08:12:22 [TUniServerModule]:HTTP Server Stopped.
syg_rsp.exe: 000048EC: 08:12:22 [TUniGUISessionManager]:Terminating Session manager.
syg_rsp.exe: 000048EC: 08:12:22 [TUniGUISessionManager]:Stopping Cache Eraser...
syg_rsp.exe: 000048EC: 08:12:22 [TUniGUISessionManager]:Cache Eraser Stopped.
syg_rsp.exe: 000048EC: 08:12:22 [TUniGUISessionManager]:Destroying Worker Threads.
syg_rsp.exe: 000048EC: 08:12:23 [TUniGUISessionManager]:Session manager terminated.
syg_rsp.exe: 000048EC: 08:12:23 [TUniServerModule]:Server Shutdown Completed.
syg_rsp.exe: 000048EC: 08:12:23 []:<-------------------------------------------------------------->
syg_rsp.exe: 000048EC: 08:12:23 [Terminated]:Exit Code: 0
syg_rsp.exe: 000056E4: 08:12:31 []:>--------------------------------------------------------------<
syg_rsp.exe: 000056E4: 08:12:31 [TUniServerModule]:Server First Init.
syg_rsp.exe: 000056E4: 08:12:31 [TUniServerModule]:Starting HTTP Server on Port: 8077...
syg_rsp.exe: 000056E4: 08:12:31 [TUniServerModule]:HTTP Server Started on Port: 8077
syg_rsp.exe: 00001F34: 08:12:42 [127.0.0.1]:EUniSessionException : Invalid session or session Timeout. (Session not found: psTyZ2PPCU10BBBF1D4 ) : Addr: $0082D9FE
syg_rsp.exe: 00005E30: 08:12:42 [127.0.0.1]:EUniSessionException : Invalid session or session Timeout. (Session not found: psTyZ2PPCU10BBBF1D4 ) : Addr: $0082D9FE
syg_rsp.exe: 000056E4: 08:16:56 [TUniServerModule]:Shutting Down Server.
syg_rsp.exe: 000056E4: 08:16:56 [TUniServerModule]:Stopping HTTP Server.
syg_rsp.exe: 000056E4: 08:16:57 [TUniServerModule]:HTTP Server Stopped.
syg_rsp.exe: 000056E4: 08:16:57 [TUniGUISessionManager]:Terminating Session manager.
syg_rsp.exe: 000056E4: 08:16:57 [TUniGUISessionManager]:Stopping Cache Eraser...
syg_rsp.exe: 000056E4: 08:16:57 [TUniGUISessionManager]:Cache Eraser Stopped.
syg_rsp.exe: 000056E4: 08:16:57 [TUniGUISessionManager]:Destroying Worker Threads.
syg_rsp.exe: 000056E4: 08:16:57 [TUniGUISessionManager]:Session manager terminated.
syg_rsp.exe: 000056E4: 08:16:57 [TUniServerModule]:Server Shutdown Completed.
syg_rsp.exe: 000056E4: 08:16:57 []:<-------------------------------------------------------------->
syg_rsp.exe: 000056E4: 08:16:57 [Terminated]:Exit Code: 0
syg_rsp.exe: 000055B8: 08:17:45 []:>--------------------------------------------------------------<
syg_rsp.exe: 000055B8: 08:17:45 [TUniServerModule]:Server First Init.
syg_rsp.exe: 000055B8: 08:17:45 [TUniServerModule]:Starting HTTP Server on Port: 8077...
syg_rsp.exe: 000055B8: 08:17:45 [TUniServerModule]:HTTP Server Started on Port: 8077
syg_rsp.exe: 00005D7C: 08:17:52 [127.0.0.1]:EUniSessionException : Invalid session or session Timeout. (Session not found: mproqw8n6810BBBF367 ) : Addr: $0082D9FE
syg_rsp.exe: 0000364C: 08:17:52 [127.0.0.1]:EUniSessionException : Invalid session or session Timeout. (Session not found: mproqw8n6810BBBF367 ) : Addr: $0082D9FE
syg_rsp.exe: 000055B8: 08:22:06 [TUniServerModule]:Shutting Down Server.
syg_rsp.exe: 000055B8: 08:22:06 [TUniServerModule]:Stopping HTTP Server.
syg_rsp.exe: 000055B8: 08:22:07 [TUniServerModule]:HTTP Server Stopped.
syg_rsp.exe: 000055B8: 08:22:07 [TUniGUISessionManager]:Terminating Session manager.
syg_rsp.exe: 000055B8: 08:22:07 [TUniGUISessionManager]:Stopping Cache Eraser...
syg_rsp.exe: 000055B8: 08:22:07 [TUniGUISessionManager]:Cache Eraser Stopped.
syg_rsp.exe: 000055B8: 08:22:07 [TUniGUISessionManager]:Destroying Worker Threads.
syg_rsp.exe: 000055B8: 08:22:07 [TUniGUISessionManager]:Session manager terminated.
syg_rsp.exe: 000055B8: 08:22:07 [TUniServerModule]:Server Shutdown Completed.
syg_rsp.exe: 000055B8: 08:22:07 []:<-------------------------------------------------------------->
syg_rsp.exe: 000055B8: 08:22:07 [Terminated]:Exit Code: 0
syg_rsp.exe: 00004F34: 08:22:09 []:>--------------------------------------------------------------<
syg_rsp.exe: 00004F34: 08:22:09 [TUniServerModule]:Server First Init.
syg_rsp.exe: 00004F34: 08:22:09 [TUniServerModule]:Starting HTTP Server on Port: 8077...
syg_rsp.exe: 00004F34: 08:22:09 [TUniServerModule]:HTTP Server Started on Port: 8077
syg_rsp.exe: 0000129C: 08:22:10 [127.0.0.1]:EUniSessionException : Invalid session or session Timeout. (Session not found: P722HfJ2Z510BBBF5A0 ) : Addr: $0082D9FE
syg_rsp.exe: 0000129C: 08:22:10 [127.0.0.1]:EUniSessionException : Invalid session or session Timeout. (Session not found: P722HfJ2Z510BBBF5A0 ) : Addr: $0082D9FE
syg_rsp.exe: 0000154C: 15:10:22 [127.0.0.1]:EUniSessionException : Invalid session or session Timeout. (Session not found: IgjCplJXyJ10BBBF5F9 ) : Addr: $0082D9FE
syg_rsp.exe: 000040D0: 15:10:22 [127.0.0.1]:EUniSessionException : Invalid session or session Timeout. (Session not found: IgjCplJXyJ10BBBF5F9 ) : Addr: $0082D9FE
syg_rsp.exe: 00001040: 19:16:35 [127.0.0.1]:EUniSessionException : Invalid session or session Timeout. (Session not found: nbFA967x1L10BBC64B4 ) : Addr: $0082D9FE
syg_rsp.exe: 00004F34: 19:57:30 [TUniServerModule]:Shutting Down Server.
syg_rsp.exe: 00004F34: 19:57:30 [TUniServerModule]:Stopping HTTP Server.
syg_rsp.exe: 00004F34: 19:57:31 [TUniServerModule]:HTTP Server Stopped.
syg_rsp.exe: 00004F34: 19:57:31 [TUniGUISessionManager]:Terminating Session manager.
syg_rsp.exe: 00004F34: 19:57:31 [TUniGUISessionManager]:Stopping Cache Eraser...
syg_rsp.exe: 00004F34: 19:57:31 [TUniGUISessionManager]:Cache Eraser Stopped.
syg_rsp.exe: 00004F34: 19:57:31 [TUniGUISessionManager]:Destroying Worker Threads.
syg_rsp.exe: 00004F34: 19:57:31 [TUniGUISessionManager]:Session manager terminated.
syg_rsp.exe: 00004F34: 19:57:31 [TUniServerModule]:Server Shutdown Completed.
syg_rsp.exe: 00004F34: 19:57:31 []:<-------------------------------------------------------------->
syg_rsp.exe: 00004F34: 19:57:31 [Terminated]:Exit Code: 0
