syg_rsp.exe: 00005668: 02:56:45 [127.0.0.1]:EUniSessionException : Invalid session or session Timeout. (Session not found: Y7MKMW8zHD10BDC0DEB ) : Addr: $0082D9FE
syg_rsp.exe: 00004928: 02:56:59 [TUniServerModule]:Shutting Down Server.
syg_rsp.exe: 00004928: 02:56:59 [TUniServerModule]:Stopping HTTP Server.
syg_rsp.exe: 00004928: 02:57:00 [TUniServerModule]:HTTP Server Stopped.
syg_rsp.exe: 00004928: 02:57:00 [TUniGUISessionManager]:Terminating Session manager.
syg_rsp.exe: 00004928: 02:57:00 [TUniGUISessionManager]:Stopping Cache Eraser...
syg_rsp.exe: 00004928: 02:57:00 [TUniGUISessionManager]:Cache Eraser Stopped.
syg_rsp.exe: 00004928: 02:57:00 [TUniGUISessionManager]:Destroying Worker Threads.
syg_rsp.exe: 00004928: 02:57:00 [TUniGUISessionManager]:Session manager terminated.
syg_rsp.exe: 00004928: 02:57:00 [TUniServerModule]:Server Shutdown Completed.
syg_rsp.exe: 00004928: 02:57:00 []:<-------------------------------------------------------------->
syg_rsp.exe: 00004928: 02:57:00 [Terminated]:Exit Code: 0
syg_rsp.exe: 00002414: 03:02:19 []:>--------------------------------------------------------------<
syg_rsp.exe: 00002414: 03:02:19 [TUniServerModule]:Server First Init.
syg_rsp.exe: 00002414: 03:02:19 [TUniServerModule]:Starting HTTP Server on Port: 8077...
syg_rsp.exe: 00002414: 03:02:19 [TUniServerModule]:HTTP Server Started on Port: 8077
syg_rsp.exe: 00002414: 03:12:04 [TUniServerModule]:Shutting Down Server.
syg_rsp.exe: 00002414: 03:12:04 [TUniServerModule]:Stopping HTTP Server.
syg_rsp.exe: 00002414: 03:12:04 [TUniServerModule]:HTTP Server Stopped.
syg_rsp.exe: 00002414: 03:12:04 [TUniGUISessionManager]:Terminating Session manager.
syg_rsp.exe: 00002414: 03:12:04 [TUniGUISessionManager]:Stopping Cache Eraser...
syg_rsp.exe: 00002414: 03:12:04 [TUniGUISessionManager]:Cache Eraser Stopped.
syg_rsp.exe: 00002414: 03:12:04 [TUniGUISessionManager]:Destroying Worker Threads.
syg_rsp.exe: 00002414: 03:12:04 [TUniGUISessionManager]:Session manager terminated.
syg_rsp.exe: 00002414: 03:12:04 [TUniServerModule]:Server Shutdown Completed.
syg_rsp.exe: 00002414: 03:12:04 []:<-------------------------------------------------------------->
syg_rsp.exe: 00002414: 03:12:04 [Terminated]:Exit Code: 0
syg_rsp.exe: 00003450: 03:12:07 []:>--------------------------------------------------------------<
syg_rsp.exe: 00003450: 03:12:07 [TUniServerModule]:Server First Init.
syg_rsp.exe: 00003450: 03:12:08 [TUniServerModule]:Starting HTTP Server on Port: 8077...
syg_rsp.exe: 00003450: 03:12:08 [TUniServerModule]:HTTP Server Started on Port: 8077
syg_rsp.exe: 00005214: 03:12:09 [127.0.0.1]:EUniSessionException : Invalid session or session Timeout. (Session not found: y28lHoG9Xk10BDD30F6 ) : Addr: $0082D9FE
syg_rsp.exe: 00003C7C: 03:12:09 [127.0.0.1]:EUniSessionException : Invalid session or session Timeout. (Session not found: y28lHoG9Xk10BDD30F6 ) : Addr: $0082D9FE
syg_rsp.exe: 00003450: 04:05:49 [TUniServerModule]:Shutting Down Server.
syg_rsp.exe: 00003450: 04:05:49 [TUniServerModule]:Stopping HTTP Server.
syg_rsp.exe: 00003450: 04:05:50 [TUniServerModule]:HTTP Server Stopped.
syg_rsp.exe: 00003450: 04:05:50 [TUniGUISessionManager]:Terminating Session manager.
syg_rsp.exe: 00003450: 04:05:50 [TUniGUISessionManager]:Stopping Cache Eraser...
syg_rsp.exe: 00003450: 04:05:50 [TUniGUISessionManager]:Cache Eraser Stopped.
syg_rsp.exe: 00003450: 04:05:50 [TUniGUISessionManager]:Destroying Worker Threads.
syg_rsp.exe: 00003450: 04:05:50 [TUniGUISessionManager]:Session manager terminated.
syg_rsp.exe: 00003450: 04:05:50 [TUniServerModule]:Server Shutdown Completed.
syg_rsp.exe: 00003450: 04:05:50 []:<-------------------------------------------------------------->
syg_rsp.exe: 00003450: 04:05:50 [Terminated]:Exit Code: 0
syg_rsp.exe: 00004D80: 04:11:50 []:>--------------------------------------------------------------<
syg_rsp.exe: 00004D80: 04:11:50 [TUniServerModule]:Server First Init.
syg_rsp.exe: 00004D80: 04:11:50 [TUniServerModule]:Starting HTTP Server on Port: 8077...
syg_rsp.exe: 00004D80: 04:11:50 [TUniServerModule]:HTTP Server Started on Port: 8077
syg_rsp.exe: 000007C0: 04:11:52 [127.0.0.1]:EUniSessionException : Invalid session or session Timeout. (Session not found: s5Z2JjnMRv10BDD33A0 ) : Addr: $0082D9FE
syg_rsp.exe: 000059AC: 04:11:52 [127.0.0.1]:EUniSessionException : Invalid session or session Timeout. (Session not found: s5Z2JjnMRv10BDD33A0 ) : Addr: $0082D9FE
syg_rsp.exe: 00004D80: 06:53:22 [TUniServerModule]:Shutting Down Server.
syg_rsp.exe: 00004D80: 06:53:22 [TUniServerModule]:Stopping HTTP Server.
syg_rsp.exe: 00004D80: 06:53:23 [TUniServerModule]:HTTP Server Stopped.
syg_rsp.exe: 00004D80: 06:53:23 [TUniGUISessionManager]:Terminating Session manager.
syg_rsp.exe: 00004D80: 06:53:23 [TUniGUISessionManager]:Stopping Cache Eraser...
syg_rsp.exe: 00004D80: 06:53:23 [TUniGUISessionManager]:Cache Eraser Stopped.
syg_rsp.exe: 00004D80: 06:53:23 [TUniGUISessionManager]:Destroying Worker Threads.
syg_rsp.exe: 00004D80: 06:53:23 [TUniGUISessionManager]:Session manager terminated.
syg_rsp.exe: 00004D80: 06:53:23 [TUniServerModule]:Server Shutdown Completed.
syg_rsp.exe: 00004D80: 06:53:23 []:<-------------------------------------------------------------->
syg_rsp.exe: 00004D80: 06:53:23 [Terminated]:Exit Code: 0
syg_rsp.exe: 00002F00: 06:53:26 []:>--------------------------------------------------------------<
syg_rsp.exe: 00002F00: 06:53:26 [TUniServerModule]:Server First Init.
syg_rsp.exe: 00002F00: 06:53:26 [TUniServerModule]:Starting HTTP Server on Port: 8077...
syg_rsp.exe: 00002F00: 06:53:26 [TUniServerModule]:HTTP Server Started on Port: 8077
syg_rsp.exe: 00000848: 06:53:28 [127.0.0.1]:EUniSessionException : Invalid session or session Timeout. (Session not found: 1Z7PGpdaUo10BDD43D3 ) : Addr: $0082D9FE
syg_rsp.exe: 00005220: 06:53:28 [127.0.0.1]:EUniSessionException : Invalid session or session Timeout. (Session not found: 1Z7PGpdaUo10BDD43D3 ) : Addr: $0082D9FE
syg_rsp.exe: 00002F00: 07:05:20 [TUniServerModule]:Shutting Down Server.
syg_rsp.exe: 00002F00: 07:05:20 [TUniServerModule]:Stopping HTTP Server.
syg_rsp.exe: 00002F00: 07:05:21 [TUniServerModule]:HTTP Server Stopped.
syg_rsp.exe: 00002F00: 07:05:21 [TUniGUISessionManager]:Terminating Session manager.
syg_rsp.exe: 00002F00: 07:05:21 [TUniGUISessionManager]:Stopping Cache Eraser...
syg_rsp.exe: 00002F00: 07:05:21 [TUniGUISessionManager]:Cache Eraser Stopped.
syg_rsp.exe: 00002F00: 07:05:21 [TUniGUISessionManager]:Destroying Worker Threads.
syg_rsp.exe: 00002F00: 07:05:21 [TUniGUISessionManager]:Session manager terminated.
syg_rsp.exe: 00002F00: 07:05:21 [TUniServerModule]:Server Shutdown Completed.
syg_rsp.exe: 00002F00: 07:05:21 []:<-------------------------------------------------------------->
syg_rsp.exe: 00002F00: 07:05:21 [Terminated]:Exit Code: 0
syg_rsp.exe: 0000289C: 07:05:25 []:>--------------------------------------------------------------<
syg_rsp.exe: 0000289C: 07:05:25 [TUniServerModule]:Server First Init.
syg_rsp.exe: 0000289C: 07:05:25 [TUniServerModule]:Starting HTTP Server on Port: 8077...
syg_rsp.exe: 0000289C: 07:05:25 [TUniServerModule]:HTTP Server Started on Port: 8077
syg_rsp.exe: 00005398: 07:05:31 [127.0.0.1]:EUniSessionException : Invalid session or session Timeout. (Session not found: lgJnFCeHWl10BDD6FA9 ) : Addr: $0082D9FE
syg_rsp.exe: 00002FE4: 07:05:31 [127.0.0.1]:EUniSessionException : Invalid session or session Timeout. (Session not found: lgJnFCeHWl10BDD6FA9 ) : Addr: $0082D9FE
syg_rsp.exe: 0000289C: 07:16:08 [TUniServerModule]:Shutting Down Server.
syg_rsp.exe: 0000289C: 07:16:08 [TUniServerModule]:Stopping HTTP Server.
syg_rsp.exe: 0000289C: 07:16:09 [TUniServerModule]:HTTP Server Stopped.
syg_rsp.exe: 0000289C: 07:16:09 [TUniGUISessionManager]:Terminating Session manager.
syg_rsp.exe: 0000289C: 07:16:09 [TUniGUISessionManager]:Stopping Cache Eraser...
syg_rsp.exe: 0000289C: 07:16:09 [TUniGUISessionManager]:Cache Eraser Stopped.
syg_rsp.exe: 0000289C: 07:16:09 [TUniGUISessionManager]:Destroying Worker Threads.
syg_rsp.exe: 0000289C: 07:16:09 [TUniGUISessionManager]:Session manager terminated.
syg_rsp.exe: 0000289C: 07:16:09 [TUniServerModule]:Server Shutdown Completed.
syg_rsp.exe: 0000289C: 07:16:09 []:<-------------------------------------------------------------->
syg_rsp.exe: 0000289C: 07:16:09 [Terminated]:Exit Code: 0
syg_rsp.exe: 00003CB0: 07:16:16 []:>--------------------------------------------------------------<
syg_rsp.exe: 00003CB0: 07:16:16 [TUniServerModule]:Server First Init.
syg_rsp.exe: 00003CB0: 07:16:16 [TUniServerModule]:Starting HTTP Server on Port: 8077...
syg_rsp.exe: 00003CB0: 07:16:16 [TUniServerModule]:HTTP Server Started on Port: 8077
syg_rsp.exe: 000045FC: 07:16:18 [127.0.0.1]:EUniSessionException : Invalid session or session Timeout. (Session not found: SRETiXgWjN10BDD72EE ) : Addr: $0082D9FE
syg_rsp.exe: 0000155C: 07:16:18 [127.0.0.1]:EUniSessionException : Invalid session or session Timeout. (Session not found: SRETiXgWjN10BDD72EE ) : Addr: $0082D9FE
syg_rsp.exe: 00003CB0: 07:21:39 [TUniServerModule]:Shutting Down Server.
syg_rsp.exe: 00003CB0: 07:21:39 [TUniServerModule]:Stopping HTTP Server.
syg_rsp.exe: 00003CB0: 07:21:40 [TUniServerModule]:HTTP Server Stopped.
syg_rsp.exe: 00003CB0: 07:21:40 [TUniGUISessionManager]:Terminating Session manager.
syg_rsp.exe: 00003CB0: 07:21:40 [TUniGUISessionManager]:Stopping Cache Eraser...
syg_rsp.exe: 00003CB0: 07:21:40 [TUniGUISessionManager]:Cache Eraser Stopped.
syg_rsp.exe: 00003CB0: 07:21:40 [TUniGUISessionManager]:Destroying Worker Threads.
syg_rsp.exe: 00003CB0: 07:21:40 [TUniGUISessionManager]:Session manager terminated.
syg_rsp.exe: 00003CB0: 07:21:40 [TUniServerModule]:Server Shutdown Completed.
syg_rsp.exe: 00003CB0: 07:21:40 []:<-------------------------------------------------------------->
syg_rsp.exe: 00003CB0: 07:21:40 [Terminated]:Exit Code: 0
syg_rsp.exe: 00000868: 07:21:44 []:>--------------------------------------------------------------<
syg_rsp.exe: 00000868: 07:21:44 [TUniServerModule]:Server First Init.
syg_rsp.exe: 00000868: 07:21:44 [TUniServerModule]:Starting HTTP Server on Port: 8077...
syg_rsp.exe: 00000868: 07:21:44 [TUniServerModule]:HTTP Server Started on Port: 8077
syg_rsp.exe: 00005274: 07:21:47 [127.0.0.1]:EUniSessionException : Invalid session or session Timeout. (Session not found: bKgn21Obb710BDD75DA ) : Addr: $0082D9FE
syg_rsp.exe: 00003BD0: 07:21:47 [127.0.0.1]:EUniSessionException : Invalid session or session Timeout. (Session not found: bKgn21Obb710BDD75DA ) : Addr: $0082D9FE
