syg_rsp.exe: 0000272C: 04:15:14 [TUniServerModule]:Shutting Down Server.
syg_rsp.exe: 0000272C: 04:15:14 [TUniServerModule]:Stopping HTTP Server.
syg_rsp.exe: 0000272C: 04:15:14 [TUniServerModule]:HTTP Server Stopped.
syg_rsp.exe: 0000272C: 04:15:14 [TUniGUISessionManager]:Terminating Session manager.
syg_rsp.exe: 0000272C: 04:15:14 [TUniGUISessionManager]:Stopping Cache Eraser...
syg_rsp.exe: 0000272C: 04:15:14 [TUniGUISessionManager]:Cache Eraser Stopped.
syg_rsp.exe: 0000272C: 04:15:14 [TUniGUISessionManager]:Destroying Worker Threads.
syg_rsp.exe: 0000272C: 04:15:14 [TUniGUISessionManager]:Session manager terminated.
syg_rsp.exe: 0000272C: 04:15:14 [TUniServerModule]:Server Shutdown Completed.
syg_rsp.exe: 0000272C: 04:15:14 []:<-------------------------------------------------------------->
syg_rsp.exe: 0000272C: 04:15:14 [Terminated]:Exit Code: 0
syg_rsp.exe: 000026B8: 04:15:25 []:>--------------------------------------------------------------<
syg_rsp.exe: 000026B8: 04:15:25 [TUniServerModule]:Server First Init.
syg_rsp.exe: 000026B8: 04:15:25 [TUniServerModule]:Starting HTTP Server on Port: 8077...
syg_rsp.exe: 000026B8: 04:15:25 [TUniServerModule]:HTTP Server Started on Port: 8077
syg_rsp.exe: 00004028: 04:15:35 [127.0.0.1]:EUniSessionException : Invalid session or session Timeout. (Session not found: qRE8JoG7jv10BE3FE7B ) : Addr: $0082D9FE
syg_rsp.exe: 000049B8: 04:15:35 [127.0.0.1]:EUniSessionException : Invalid session or session Timeout. (Session not found: qRE8JoG7jv10BE3FE7B ) : Addr: $0082D9FE
syg_rsp.exe: 000026B8: 04:47:48 [TUniServerModule]:Shutting Down Server.
syg_rsp.exe: 000026B8: 04:47:48 [TUniServerModule]:Stopping HTTP Server.
syg_rsp.exe: 000026B8: 04:47:48 [TUniServerModule]:HTTP Server Stopped.
syg_rsp.exe: 000026B8: 04:47:48 [TUniGUISessionManager]:Terminating Session manager.
syg_rsp.exe: 000026B8: 04:47:48 [TUniGUISessionManager]:Stopping Cache Eraser...
syg_rsp.exe: 000026B8: 04:47:48 [TUniGUISessionManager]:Cache Eraser Stopped.
syg_rsp.exe: 000026B8: 04:47:48 [TUniGUISessionManager]:Destroying Worker Threads.
syg_rsp.exe: 000026B8: 04:47:48 [TUniGUISessionManager]:Session manager terminated.
syg_rsp.exe: 000026B8: 04:47:48 [TUniServerModule]:Server Shutdown Completed.
syg_rsp.exe: 000026B8: 04:47:48 []:<-------------------------------------------------------------->
syg_rsp.exe: 000026B8: 04:47:48 [Terminated]:Exit Code: 0
syg_rsp.exe: 00004DBC: 04:47:52 []:>--------------------------------------------------------------<
syg_rsp.exe: 00004DBC: 04:47:52 [TUniServerModule]:Server First Init.
syg_rsp.exe: 00004DBC: 04:47:52 [TUniServerModule]:Starting HTTP Server on Port: 8077...
syg_rsp.exe: 00004DBC: 04:47:52 [TUniServerModule]:HTTP Server Started on Port: 8077
syg_rsp.exe: 00004680: 04:47:53 [127.0.0.1]:EUniSessionException : Invalid session or session Timeout. (Session not found: CC2NJYq1JM10BE4E6E3 ) : Addr: $0082D9FE
syg_rsp.exe: 00004CBC: 04:47:53 [127.0.0.1]:EUniSessionException : Invalid session or session Timeout. (Session not found: CC2NJYq1JM10BE4E6E3 ) : Addr: $0082D9FE
syg_rsp.exe: 00004DBC: 05:41:52 [TUniServerModule]:Shutting Down Server.
syg_rsp.exe: 00004DBC: 05:41:52 [TUniServerModule]:Stopping HTTP Server.
syg_rsp.exe: 00004DBC: 05:41:52 [TUniServerModule]:HTTP Server Stopped.
syg_rsp.exe: 00004DBC: 05:41:52 [TUniGUISessionManager]:Terminating Session manager.
syg_rsp.exe: 00004DBC: 05:41:52 [TUniGUISessionManager]:Stopping Cache Eraser...
syg_rsp.exe: 00004DBC: 05:41:52 [TUniGUISessionManager]:Cache Eraser Stopped.
syg_rsp.exe: 00004DBC: 05:41:52 [TUniGUISessionManager]:Destroying Worker Threads.
syg_rsp.exe: 00004DBC: 05:41:53 [TUniGUISessionManager]:Session manager terminated.
syg_rsp.exe: 00004DBC: 05:41:53 [TUniServerModule]:Server Shutdown Completed.
syg_rsp.exe: 00004DBC: 05:41:53 []:<-------------------------------------------------------------->
syg_rsp.exe: 00004DBC: 05:41:53 [Terminated]:Exit Code: 0
syg_rsp.exe: 000042F0: 05:42:02 []:>--------------------------------------------------------------<
syg_rsp.exe: 000042F0: 05:42:02 [TUniServerModule]:Server First Init.
syg_rsp.exe: 000042F0: 05:42:02 [TUniServerModule]:Starting HTTP Server on Port: 8077...
syg_rsp.exe: 000042F0: 05:42:02 [TUniServerModule]:HTTP Server Started on Port: 8077
syg_rsp.exe: 000045A4: 05:42:27 [127.0.0.1]:EUniSessionException : Invalid session or session Timeout. (Session not found: 9TYzjcY1WS10BE4EEB8 ) : Addr: $0082D9FE
syg_rsp.exe: 00004290: 05:42:27 [127.0.0.1]:EUniSessionException : Invalid session or session Timeout. (Session not found: 9TYzjcY1WS10BE4EEB8 ) : Addr: $0082D9FE
syg_rsp.exe: 0000143C: 05:45:31 [127.0.0.1]:EUniSessionException : Invalid session or session Timeout. (Session not found: cdtFWyBbS110BE4E5F5 ) : Addr: $0082D9FE
syg_rsp.exe: 0000385C: 05:45:31 [127.0.0.1]:EUniSessionException : Invalid session or session Timeout. (Session not found: cdtFWyBbS110BE4E5F5 ) : Addr: $0082D9FE
syg_rsp.exe: 00003648: 07:32:36 [127.0.0.1]:EUniSessionException : Invalid session or session Timeout. (Session not found: jhNTr6p86W10BE4FD86 ) : Addr: $0082D9FE
syg_rsp.exe: 00002460: 08:07:56 [127.0.0.1]:EUniSessionException : Invalid session or session Timeout. (Session not found: Gol553ococ10BE4FE5A ) : Addr: $0082D9FE
syg_rsp.exe: 000042F0: 08:08:16 [TUniServerModule]:Shutting Down Server.
syg_rsp.exe: 000042F0: 08:08:16 [TUniServerModule]:Stopping HTTP Server.
syg_rsp.exe: 000042F0: 08:08:17 [TUniServerModule]:HTTP Server Stopped.
syg_rsp.exe: 000042F0: 08:08:17 [TUniGUISessionManager]:Terminating Session manager.
syg_rsp.exe: 000042F0: 08:08:17 [TUniGUISessionManager]:Stopping Cache Eraser...
syg_rsp.exe: 000042F0: 08:08:17 [TUniGUISessionManager]:Cache Eraser Stopped.
syg_rsp.exe: 000042F0: 08:08:17 [TUniGUISessionManager]:Destroying Worker Threads.
syg_rsp.exe: 000042F0: 08:08:17 [TUniGUISessionManager]:Session manager terminated.
syg_rsp.exe: 000042F0: 08:08:17 [TUniServerModule]:Server Shutdown Completed.
syg_rsp.exe: 000042F0: 08:08:17 []:<-------------------------------------------------------------->
syg_rsp.exe: 000042F0: 08:08:17 [Terminated]:Exit Code: 0
syg_rsp.exe: 00004EA4: 08:08:20 []:>--------------------------------------------------------------<
syg_rsp.exe: 00004EA4: 08:08:20 [TUniServerModule]:Server First Init.
syg_rsp.exe: 00004EA4: 08:08:20 [TUniServerModule]:Starting HTTP Server on Port: 8077...
syg_rsp.exe: 00004EA4: 08:08:20 [TUniServerModule]:HTTP Server Started on Port: 8077
syg_rsp.exe: 00004EA4: 10:09:26 [TUniServerModule]:Shutting Down Server.
syg_rsp.exe: 00004EA4: 10:09:26 [TUniServerModule]:Stopping HTTP Server.
syg_rsp.exe: 00004EA4: 10:09:27 [TUniServerModule]:HTTP Server Stopped.
syg_rsp.exe: 00004EA4: 10:09:27 [TUniGUISessionManager]:Terminating Session manager.
syg_rsp.exe: 00004EA4: 10:09:27 [TUniGUISessionManager]:Stopping Cache Eraser...
syg_rsp.exe: 00004EA4: 10:09:27 [TUniGUISessionManager]:Cache Eraser Stopped.
syg_rsp.exe: 00004EA4: 10:09:27 [TUniGUISessionManager]:Destroying Worker Threads.
syg_rsp.exe: 00004EA4: 10:09:27 [TUniGUISessionManager]:Session manager terminated.
syg_rsp.exe: 00004EA4: 10:09:27 [TUniServerModule]:Server Shutdown Completed.
syg_rsp.exe: 00004EA4: 10:09:27 []:<-------------------------------------------------------------->
syg_rsp.exe: 00004EA4: 10:09:27 [Terminated]:Exit Code: 0
syg_rsp.exe: 00002058: 10:09:35 []:>--------------------------------------------------------------<
syg_rsp.exe: 00002058: 10:09:35 [TUniServerModule]:Server First Init.
syg_rsp.exe: 00002058: 10:09:35 [TUniServerModule]:Starting HTTP Server on Port: 8077...
syg_rsp.exe: 00002058: 10:09:35 [TUniServerModule]:HTTP Server Started on Port: 8077
syg_rsp.exe: 000038A0: 10:35:27 [127.0.0.1]:EUniSessionException : Invalid session or session Timeout. (Session not found: TVXzsxTAhc10BE52536 ) : Addr: $0082D9FE
